000 (208216.000.000) 01/11 08:58:10 Job submitted from host: <130.207.91.92:9618?addrs=130.207.91.92-9618&noUDP&sock=1641_2b00_4>
...
022 (208216.000.000) 01/11 08:58:20 Job disconnected, attempting to reconnect
    Socket between submit and execute hosts closed unexpectedly
    Trying to reconnect to slot1_1@isye-hpc0202.isye.gatech.edu <130.207.90.226:9618?addrs=130.207.90.226-9618&noUDP&sock=1406_fa3f_3>
...
024 (208216.000.000) 01/11 08:58:20 Job reconnection failed
    Job not found at execution machine
    Can not reconnect to slot1_1@isye-hpc0202.isye.gatech.edu, rescheduling job
...
022 (208216.000.000) 01/11 08:58:46 Job disconnected, attempting to reconnect
    Socket between submit and execute hosts closed unexpectedly
    Trying to reconnect to slot1_1@isye-hpc0201.isye.gatech.ed <130.207.90.225:9618?addrs=130.207.90.225-9618&noUDP&sock=1711_2ea2_3>
...
024 (208216.000.000) 01/11 08:58:46 Job reconnection failed
    Job not found at execution machine
    Can not reconnect to slot1_1@isye-hpc0201.isye.gatech.ed, rescheduling job
...
022 (208216.000.000) 01/11 08:59:45 Job disconnected, attempting to reconnect
    Socket between submit and execute hosts closed unexpectedly
    Trying to reconnect to slot1_1@isye-hpc0201.isye.gatech.ed <130.207.90.225:9618?addrs=130.207.90.225-9618&noUDP&sock=1711_2ea2_3>
...
024 (208216.000.000) 01/11 08:59:45 Job reconnection failed
    Job not found at execution machine
    Can not reconnect to slot1_1@isye-hpc0201.isye.gatech.ed, rescheduling job
...
022 (208216.000.000) 01/11 09:00:47 Job disconnected, attempting to reconnect
    Socket between submit and execute hosts closed unexpectedly
    Trying to reconnect to slot1_1@isye-hpc0201.isye.gatech.ed <130.207.90.225:9618?addrs=130.207.90.225-9618&noUDP&sock=1711_2ea2_3>
...
024 (208216.000.000) 01/11 09:00:47 Job reconnection failed
    Job not found at execution machine
    Can not reconnect to slot1_1@isye-hpc0201.isye.gatech.ed, rescheduling job
...
022 (208216.000.000) 01/11 09:01:08 Job disconnected, attempting to reconnect
    Socket between submit and execute hosts closed unexpectedly
    Trying to reconnect to slot1_1@isye-hpc0201.isye.gatech.ed <130.207.90.225:9618?addrs=130.207.90.225-9618&noUDP&sock=1711_2ea2_3>
...
024 (208216.000.000) 01/11 09:01:08 Job reconnection failed
    Job not found at execution machine
    Can not reconnect to slot1_1@isye-hpc0201.isye.gatech.ed, rescheduling job
...
022 (208216.000.000) 01/11 09:02:07 Job disconnected, attempting to reconnect
    Socket between submit and execute hosts closed unexpectedly
    Trying to reconnect to slot1_1@isye-hpc0201.isye.gatech.ed <130.207.90.225:9618?addrs=130.207.90.225-9618&noUDP&sock=1711_2ea2_3>
...
024 (208216.000.000) 01/11 09:02:07 Job reconnection failed
    Job not found at execution machine
    Can not reconnect to slot1_1@isye-hpc0201.isye.gatech.ed, rescheduling job
...
022 (208216.000.000) 01/11 09:03:07 Job disconnected, attempting to reconnect
    Socket between submit and execute hosts closed unexpectedly
    Trying to reconnect to slot1_1@isye-hpc0201.isye.gatech.ed <130.207.90.225:9618?addrs=130.207.90.225-9618&noUDP&sock=1711_2ea2_3>
...
024 (208216.000.000) 01/11 09:03:07 Job reconnection failed
    Job not found at execution machine
    Can not reconnect to slot1_1@isye-hpc0201.isye.gatech.ed, rescheduling job
...
022 (208216.000.000) 01/11 09:03:56 Job disconnected, attempting to reconnect
    Socket between submit and execute hosts closed unexpectedly
    Trying to reconnect to slot1_1@isye-hpc0201.isye.gatech.ed <130.207.90.225:9618?addrs=130.207.90.225-9618&noUDP&sock=1711_2ea2_3>
...
024 (208216.000.000) 01/11 09:03:56 Job reconnection failed
    Job not found at execution machine
    Can not reconnect to slot1_1@isye-hpc0201.isye.gatech.ed, rescheduling job
...
022 (208216.000.000) 01/11 09:04:37 Job disconnected, attempting to reconnect
    Socket between submit and execute hosts closed unexpectedly
    Trying to reconnect to slot1_1@isye-hpc0201.isye.gatech.ed <130.207.90.225:9618?addrs=130.207.90.225-9618&noUDP&sock=1711_2ea2_3>
...
024 (208216.000.000) 01/11 09:04:37 Job reconnection failed
    Job not found at execution machine
    Can not reconnect to slot1_1@isye-hpc0201.isye.gatech.ed, rescheduling job
...
022 (208216.000.000) 01/11 09:05:21 Job disconnected, attempting to reconnect
    Socket between submit and execute hosts closed unexpectedly
    Trying to reconnect to slot1_1@isye-hpc0201.isye.gatech.ed <130.207.90.225:9618?addrs=130.207.90.225-9618&noUDP&sock=1711_2ea2_3>
...
024 (208216.000.000) 01/11 09:05:21 Job reconnection failed
    Job not found at execution machine
    Can not reconnect to slot1_1@isye-hpc0201.isye.gatech.ed, rescheduling job
...
022 (208216.000.000) 01/11 09:06:21 Job disconnected, attempting to reconnect
    Socket between submit and execute hosts closed unexpectedly
    Trying to reconnect to slot1_1@isye-hpc0201.isye.gatech.ed <130.207.90.225:9618?addrs=130.207.90.225-9618&noUDP&sock=1711_2ea2_3>
...
024 (208216.000.000) 01/11 09:06:21 Job reconnection failed
    Job not found at execution machine
    Can not reconnect to slot1_1@isye-hpc0201.isye.gatech.ed, rescheduling job
...
022 (208216.000.000) 01/11 09:07:22 Job disconnected, attempting to reconnect
    Socket between submit and execute hosts closed unexpectedly
    Trying to reconnect to slot1_1@isye-hpc0201.isye.gatech.ed <130.207.90.225:9618?addrs=130.207.90.225-9618&noUDP&sock=1711_2ea2_3>
...
024 (208216.000.000) 01/11 09:07:22 Job reconnection failed
    Job not found at execution machine
    Can not reconnect to slot1_1@isye-hpc0201.isye.gatech.ed, rescheduling job
...
022 (208216.000.000) 01/11 09:08:21 Job disconnected, attempting to reconnect
    Socket between submit and execute hosts closed unexpectedly
    Trying to reconnect to slot1_1@isye-hpc0201.isye.gatech.ed <130.207.90.225:9618?addrs=130.207.90.225-9618&noUDP&sock=1711_2ea2_3>
...
024 (208216.000.000) 01/11 09:08:21 Job reconnection failed
    Job not found at execution machine
    Can not reconnect to slot1_1@isye-hpc0201.isye.gatech.ed, rescheduling job
...
022 (208216.000.000) 01/11 09:09:22 Job disconnected, attempting to reconnect
    Socket between submit and execute hosts closed unexpectedly
    Trying to reconnect to slot1_1@isye-hpc0201.isye.gatech.ed <130.207.90.225:9618?addrs=130.207.90.225-9618&noUDP&sock=1711_2ea2_3>
...
024 (208216.000.000) 01/11 09:09:22 Job reconnection failed
    Job not found at execution machine
    Can not reconnect to slot1_1@isye-hpc0201.isye.gatech.ed, rescheduling job
...
022 (208216.000.000) 01/11 09:10:22 Job disconnected, attempting to reconnect
    Socket between submit and execute hosts closed unexpectedly
    Trying to reconnect to slot1_1@isye-hpc0201.isye.gatech.ed <130.207.90.225:9618?addrs=130.207.90.225-9618&noUDP&sock=1711_2ea2_3>
...
024 (208216.000.000) 01/11 09:10:22 Job reconnection failed
    Job not found at execution machine
    Can not reconnect to slot1_1@isye-hpc0201.isye.gatech.ed, rescheduling job
...
022 (208216.000.000) 01/11 09:11:22 Job disconnected, attempting to reconnect
    Socket between submit and execute hosts closed unexpectedly
    Trying to reconnect to slot1_1@isye-hpc0201.isye.gatech.ed <130.207.90.225:9618?addrs=130.207.90.225-9618&noUDP&sock=1711_2ea2_3>
...
024 (208216.000.000) 01/11 09:11:30 Job reconnection failed
    Job not found at execution machine
    Can not reconnect to slot1_1@isye-hpc0201.isye.gatech.ed, rescheduling job
...
022 (208216.000.000) 01/11 09:12:21 Job disconnected, attempting to reconnect
    Socket between submit and execute hosts closed unexpectedly
    Trying to reconnect to slot1_1@isye-hpc0201.isye.gatech.ed <130.207.90.225:9618?addrs=130.207.90.225-9618&noUDP&sock=1711_2ea2_3>
...
024 (208216.000.000) 01/11 09:12:29 Job reconnection failed
    Job not found at execution machine
    Can not reconnect to slot1_1@isye-hpc0201.isye.gatech.ed, rescheduling job
...
022 (208216.000.000) 01/11 09:13:40 Job disconnected, attempting to reconnect
    Socket between submit and execute hosts closed unexpectedly
    Trying to reconnect to slot1_1@isye-hpc0201.isye.gatech.ed <130.207.90.225:9618?addrs=130.207.90.225-9618&noUDP&sock=1711_2ea2_3>
...
024 (208216.000.000) 01/11 09:13:40 Job reconnection failed
    Job not found at execution machine
    Can not reconnect to slot1_1@isye-hpc0201.isye.gatech.ed, rescheduling job
...
022 (208216.000.000) 01/11 09:14:22 Job disconnected, attempting to reconnect
    Socket between submit and execute hosts closed unexpectedly
    Trying to reconnect to slot1_1@isye-hpc0201.isye.gatech.ed <130.207.90.225:9618?addrs=130.207.90.225-9618&noUDP&sock=1711_2ea2_3>
...
024 (208216.000.000) 01/11 09:14:22 Job reconnection failed
    Job not found at execution machine
    Can not reconnect to slot1_1@isye-hpc0201.isye.gatech.ed, rescheduling job
...
022 (208216.000.000) 01/11 09:15:22 Job disconnected, attempting to reconnect
    Socket between submit and execute hosts closed unexpectedly
    Trying to reconnect to slot1_1@isye-hpc0201.isye.gatech.ed <130.207.90.225:9618?addrs=130.207.90.225-9618&noUDP&sock=1711_2ea2_3>
...
024 (208216.000.000) 01/11 09:15:22 Job reconnection failed
    Job not found at execution machine
    Can not reconnect to slot1_1@isye-hpc0201.isye.gatech.ed, rescheduling job
...
022 (208216.000.000) 01/11 09:15:23 Job disconnected, attempting to reconnect
    Socket between submit and execute hosts closed unexpectedly
    Trying to reconnect to slot1_2@isye-hpc0200.isye.gatech.edu <130.207.90.224:9618?addrs=130.207.90.224-9618&noUDP&sock=1828_6f36_3>
...
024 (208216.000.000) 01/11 09:15:31 Job reconnection failed
    Job not found at execution machine
    Can not reconnect to slot1_2@isye-hpc0200.isye.gatech.edu, rescheduling job
...
022 (208216.000.000) 01/11 09:16:22 Job disconnected, attempting to reconnect
    Socket between submit and execute hosts closed unexpectedly
    Trying to reconnect to slot1_1@isye-hpc0201.isye.gatech.ed <130.207.90.225:9618?addrs=130.207.90.225-9618&noUDP&sock=1711_2ea2_3>
...
024 (208216.000.000) 01/11 09:16:22 Job reconnection failed
    Job not found at execution machine
    Can not reconnect to slot1_1@isye-hpc0201.isye.gatech.ed, rescheduling job
...
022 (208216.000.000) 01/11 09:17:22 Job disconnected, attempting to reconnect
    Socket between submit and execute hosts closed unexpectedly
    Trying to reconnect to slot1_1@isye-hpc0201.isye.gatech.ed <130.207.90.225:9618?addrs=130.207.90.225-9618&noUDP&sock=1711_2ea2_3>
...
024 (208216.000.000) 01/11 09:17:30 Job reconnection failed
    Job not found at execution machine
    Can not reconnect to slot1_1@isye-hpc0201.isye.gatech.ed, rescheduling job
...
022 (208216.000.000) 01/11 09:18:23 Job disconnected, attempting to reconnect
    Socket between submit and execute hosts closed unexpectedly
    Trying to reconnect to slot1_1@isye-hpc0201.isye.gatech.ed <130.207.90.225:9618?addrs=130.207.90.225-9618&noUDP&sock=1711_2ea2_3>
...
024 (208216.000.000) 01/11 09:18:23 Job reconnection failed
    Job not found at execution machine
    Can not reconnect to slot1_1@isye-hpc0201.isye.gatech.ed, rescheduling job
...
022 (208216.000.000) 01/11 09:19:21 Job disconnected, attempting to reconnect
    Socket between submit and execute hosts closed unexpectedly
    Trying to reconnect to slot1_1@isye-hpc0201.isye.gatech.ed <130.207.90.225:9618?addrs=130.207.90.225-9618&noUDP&sock=1711_2ea2_3>
...
024 (208216.000.000) 01/11 09:19:29 Job reconnection failed
    Job not found at execution machine
    Can not reconnect to slot1_1@isye-hpc0201.isye.gatech.ed, rescheduling job
...
022 (208216.000.000) 01/11 09:20:21 Job disconnected, attempting to reconnect
    Socket between submit and execute hosts closed unexpectedly
    Trying to reconnect to slot1_1@isye-hpc0201.isye.gatech.ed <130.207.90.225:9618?addrs=130.207.90.225-9618&noUDP&sock=1711_2ea2_3>
...
024 (208216.000.000) 01/11 09:20:21 Job reconnection failed
    Job not found at execution machine
    Can not reconnect to slot1_1@isye-hpc0201.isye.gatech.ed, rescheduling job
...
022 (208216.000.000) 01/11 09:21:22 Job disconnected, attempting to reconnect
    Socket between submit and execute hosts closed unexpectedly
    Trying to reconnect to slot1_1@isye-hpc0201.isye.gatech.ed <130.207.90.225:9618?addrs=130.207.90.225-9618&noUDP&sock=1711_2ea2_3>
...
024 (208216.000.000) 01/11 09:21:30 Job reconnection failed
    Job not found at execution machine
    Can not reconnect to slot1_1@isye-hpc0201.isye.gatech.ed, rescheduling job
...
022 (208216.000.000) 01/11 09:22:22 Job disconnected, attempting to reconnect
    Socket between submit and execute hosts closed unexpectedly
    Trying to reconnect to slot1_1@isye-hpc0201.isye.gatech.ed <130.207.90.225:9618?addrs=130.207.90.225-9618&noUDP&sock=1711_2ea2_3>
...
024 (208216.000.000) 01/11 09:22:22 Job reconnection failed
    Job not found at execution machine
    Can not reconnect to slot1_1@isye-hpc0201.isye.gatech.ed, rescheduling job
...
022 (208216.000.000) 01/11 09:22:22 Job disconnected, attempting to reconnect
    Socket between submit and execute hosts closed unexpectedly
    Trying to reconnect to slot1_2@isye-hpc0200.isye.gatech.edu <130.207.90.224:9618?addrs=130.207.90.224-9618&noUDP&sock=1828_6f36_3>
...
024 (208216.000.000) 01/11 09:22:30 Job reconnection failed
    Job not found at execution machine
    Can not reconnect to slot1_2@isye-hpc0200.isye.gatech.edu, rescheduling job
...
022 (208216.000.000) 01/11 09:23:21 Job disconnected, attempting to reconnect
    Socket between submit and execute hosts closed unexpectedly
    Trying to reconnect to slot1_1@isye-hpc0201.isye.gatech.ed <130.207.90.225:9618?addrs=130.207.90.225-9618&noUDP&sock=1711_2ea2_3>
...
024 (208216.000.000) 01/11 09:23:21 Job reconnection failed
    Job not found at execution machine
    Can not reconnect to slot1_1@isye-hpc0201.isye.gatech.ed, rescheduling job
...
022 (208216.000.000) 01/11 09:24:21 Job disconnected, attempting to reconnect
    Socket between submit and execute hosts closed unexpectedly
    Trying to reconnect to slot1_1@isye-hpc0201.isye.gatech.ed <130.207.90.225:9618?addrs=130.207.90.225-9618&noUDP&sock=1711_2ea2_3>
...
024 (208216.000.000) 01/11 09:24:21 Job reconnection failed
    Job not found at execution machine
    Can not reconnect to slot1_1@isye-hpc0201.isye.gatech.ed, rescheduling job
...
022 (208216.000.000) 01/11 09:25:22 Job disconnected, attempting to reconnect
    Socket between submit and execute hosts closed unexpectedly
    Trying to reconnect to slot1_1@isye-hpc0201.isye.gatech.ed <130.207.90.225:9618?addrs=130.207.90.225-9618&noUDP&sock=1711_2ea2_3>
...
024 (208216.000.000) 01/11 09:25:22 Job reconnection failed
    Job not found at execution machine
    Can not reconnect to slot1_1@isye-hpc0201.isye.gatech.ed, rescheduling job
...
022 (208216.000.000) 01/11 09:25:22 Job disconnected, attempting to reconnect
    Socket between submit and execute hosts closed unexpectedly
    Trying to reconnect to slot1_2@isye-hpc0200.isye.gatech.edu <130.207.90.224:9618?addrs=130.207.90.224-9618&noUDP&sock=1828_6f36_3>
...
024 (208216.000.000) 01/11 09:25:30 Job reconnection failed
    Job not found at execution machine
    Can not reconnect to slot1_2@isye-hpc0200.isye.gatech.edu, rescheduling job
...
022 (208216.000.000) 01/11 09:26:22 Job disconnected, attempting to reconnect
    Socket between submit and execute hosts closed unexpectedly
    Trying to reconnect to slot1_1@isye-hpc0201.isye.gatech.ed <130.207.90.225:9618?addrs=130.207.90.225-9618&noUDP&sock=1711_2ea2_3>
...
024 (208216.000.000) 01/11 09:26:22 Job reconnection failed
    Job not found at execution machine
    Can not reconnect to slot1_1@isye-hpc0201.isye.gatech.ed, rescheduling job
...
022 (208216.000.000) 01/11 09:27:22 Job disconnected, attempting to reconnect
    Socket between submit and execute hosts closed unexpectedly
    Trying to reconnect to slot1_1@isye-hpc0201.isye.gatech.ed <130.207.90.225:9618?addrs=130.207.90.225-9618&noUDP&sock=1711_2ea2_3>
...
024 (208216.000.000) 01/11 09:27:22 Job reconnection failed
    Job not found at execution machine
    Can not reconnect to slot1_1@isye-hpc0201.isye.gatech.ed, rescheduling job
...
022 (208216.000.000) 01/11 09:28:21 Job disconnected, attempting to reconnect
    Socket between submit and execute hosts closed unexpectedly
    Trying to reconnect to slot1_1@isye-hpc0201.isye.gatech.ed <130.207.90.225:9618?addrs=130.207.90.225-9618&noUDP&sock=1711_2ea2_3>
...
024 (208216.000.000) 01/11 09:28:21 Job reconnection failed
    Job not found at execution machine
    Can not reconnect to slot1_1@isye-hpc0201.isye.gatech.ed, rescheduling job
...
022 (208216.000.000) 01/11 09:29:22 Job disconnected, attempting to reconnect
    Socket between submit and execute hosts closed unexpectedly
    Trying to reconnect to slot1_1@isye-hpc0201.isye.gatech.ed <130.207.90.225:9618?addrs=130.207.90.225-9618&noUDP&sock=1711_2ea2_3>
...
024 (208216.000.000) 01/11 09:29:22 Job reconnection failed
    Job not found at execution machine
    Can not reconnect to slot1_1@isye-hpc0201.isye.gatech.ed, rescheduling job
...
022 (208216.000.000) 01/11 09:30:21 Job disconnected, attempting to reconnect
    Socket between submit and execute hosts closed unexpectedly
    Trying to reconnect to slot1_1@isye-hpc0201.isye.gatech.ed <130.207.90.225:9618?addrs=130.207.90.225-9618&noUDP&sock=1711_2ea2_3>
...
024 (208216.000.000) 01/11 09:30:21 Job reconnection failed
    Job not found at execution machine
    Can not reconnect to slot1_1@isye-hpc0201.isye.gatech.ed, rescheduling job
...
022 (208216.000.000) 01/11 09:30:22 Job disconnected, attempting to reconnect
    Socket between submit and execute hosts closed unexpectedly
    Trying to reconnect to slot1_2@isye-hpc0200.isye.gatech.edu <130.207.90.224:9618?addrs=130.207.90.224-9618&noUDP&sock=1828_6f36_3>
...
024 (208216.000.000) 01/11 09:30:22 Job reconnection failed
    Job not found at execution machine
    Can not reconnect to slot1_2@isye-hpc0200.isye.gatech.edu, rescheduling job
...
022 (208216.000.000) 01/11 09:31:22 Job disconnected, attempting to reconnect
    Socket between submit and execute hosts closed unexpectedly
    Trying to reconnect to slot1_1@isye-hpc0201.isye.gatech.ed <130.207.90.225:9618?addrs=130.207.90.225-9618&noUDP&sock=1711_2ea2_3>
...
024 (208216.000.000) 01/11 09:31:22 Job reconnection failed
    Job not found at execution machine
    Can not reconnect to slot1_1@isye-hpc0201.isye.gatech.ed, rescheduling job
...
022 (208216.000.000) 01/11 09:31:22 Job disconnected, attempting to reconnect
    Socket between submit and execute hosts closed unexpectedly
    Trying to reconnect to slot1_1@isye-hpc0201.isye.gatech.ed <130.207.90.225:9618?addrs=130.207.90.225-9618&noUDP&sock=1711_2ea2_3>
...
024 (208216.000.000) 01/11 09:31:22 Job reconnection failed
    Job not found at execution machine
    Can not reconnect to slot1_1@isye-hpc0201.isye.gatech.ed, rescheduling job
...
022 (208216.000.000) 01/11 09:32:22 Job disconnected, attempting to reconnect
    Socket between submit and execute hosts closed unexpectedly
    Trying to reconnect to slot1_1@isye-hpc0201.isye.gatech.ed <130.207.90.225:9618?addrs=130.207.90.225-9618&noUDP&sock=1711_2ea2_3>
...
024 (208216.000.000) 01/11 09:32:22 Job reconnection failed
    Job not found at execution machine
    Can not reconnect to slot1_1@isye-hpc0201.isye.gatech.ed, rescheduling job
...
022 (208216.000.000) 01/11 09:32:22 Job disconnected, attempting to reconnect
    Socket between submit and execute hosts closed unexpectedly
    Trying to reconnect to slot1_4@isye-hpc0200.isye.gatech.edu <130.207.90.224:9618?addrs=130.207.90.224-9618&noUDP&sock=1828_6f36_3>
...
024 (208216.000.000) 01/11 09:32:30 Job reconnection failed
    Job not found at execution machine
    Can not reconnect to slot1_4@isye-hpc0200.isye.gatech.edu, rescheduling job
...
022 (208216.000.000) 01/11 09:33:21 Job disconnected, attempting to reconnect
    Socket between submit and execute hosts closed unexpectedly
    Trying to reconnect to slot1_1@isye-hpc0201.isye.gatech.ed <130.207.90.225:9618?addrs=130.207.90.225-9618&noUDP&sock=1711_2ea2_3>
...
024 (208216.000.000) 01/11 09:33:21 Job reconnection failed
    Job not found at execution machine
    Can not reconnect to slot1_1@isye-hpc0201.isye.gatech.ed, rescheduling job
...
022 (208216.000.000) 01/11 09:34:21 Job disconnected, attempting to reconnect
    Socket between submit and execute hosts closed unexpectedly
    Trying to reconnect to slot1_1@isye-hpc0201.isye.gatech.ed <130.207.90.225:9618?addrs=130.207.90.225-9618&noUDP&sock=1711_2ea2_3>
...
024 (208216.000.000) 01/11 09:34:21 Job reconnection failed
    Job not found at execution machine
    Can not reconnect to slot1_1@isye-hpc0201.isye.gatech.ed, rescheduling job
...
022 (208216.000.000) 01/11 09:35:22 Job disconnected, attempting to reconnect
    Socket between submit and execute hosts closed unexpectedly
    Trying to reconnect to slot1_1@isye-hpc0201.isye.gatech.ed <130.207.90.225:9618?addrs=130.207.90.225-9618&noUDP&sock=1711_2ea2_3>
...
024 (208216.000.000) 01/11 09:35:22 Job reconnection failed
    Job not found at execution machine
    Can not reconnect to slot1_1@isye-hpc0201.isye.gatech.ed, rescheduling job
...
022 (208216.000.000) 01/11 09:36:21 Job disconnected, attempting to reconnect
    Socket between submit and execute hosts closed unexpectedly
    Trying to reconnect to slot1_1@isye-hpc0201.isye.gatech.ed <130.207.90.225:9618?addrs=130.207.90.225-9618&noUDP&sock=1711_2ea2_3>
...
024 (208216.000.000) 01/11 09:36:21 Job reconnection failed
    Job not found at execution machine
    Can not reconnect to slot1_1@isye-hpc0201.isye.gatech.ed, rescheduling job
...
022 (208216.000.000) 01/11 09:36:22 Job disconnected, attempting to reconnect
    Socket between submit and execute hosts closed unexpectedly
    Trying to reconnect to slot1_1@isye-hpc0201.isye.gatech.ed <130.207.90.225:9618?addrs=130.207.90.225-9618&noUDP&sock=1711_2ea2_3>
...
024 (208216.000.000) 01/11 09:36:30 Job reconnection failed
    Job not found at execution machine
    Can not reconnect to slot1_1@isye-hpc0201.isye.gatech.ed, rescheduling job
...
022 (208216.000.000) 01/11 09:36:31 Job disconnected, attempting to reconnect
    Socket between submit and execute hosts closed unexpectedly
    Trying to reconnect to slot1_4@isye-hpc0200.isye.gatech.edu <130.207.90.224:9618?addrs=130.207.90.224-9618&noUDP&sock=1828_6f36_3>
...
024 (208216.000.000) 01/11 09:36:39 Job reconnection failed
    Job not found at execution machine
    Can not reconnect to slot1_4@isye-hpc0200.isye.gatech.edu, rescheduling job
...
022 (208216.000.000) 01/11 09:37:21 Job disconnected, attempting to reconnect
    Socket between submit and execute hosts closed unexpectedly
    Trying to reconnect to slot1_1@isye-hpc0201.isye.gatech.ed <130.207.90.225:9618?addrs=130.207.90.225-9618&noUDP&sock=1711_2ea2_3>
...
024 (208216.000.000) 01/11 09:37:29 Job reconnection failed
    Job not found at execution machine
    Can not reconnect to slot1_1@isye-hpc0201.isye.gatech.ed, rescheduling job
...
022 (208216.000.000) 01/11 09:38:22 Job disconnected, attempting to reconnect
    Socket between submit and execute hosts closed unexpectedly
    Trying to reconnect to slot1_1@isye-hpc0201.isye.gatech.ed <130.207.90.225:9618?addrs=130.207.90.225-9618&noUDP&sock=1711_2ea2_3>
...
024 (208216.000.000) 01/11 09:38:22 Job reconnection failed
    Job not found at execution machine
    Can not reconnect to slot1_1@isye-hpc0201.isye.gatech.ed, rescheduling job
...
022 (208216.000.000) 01/11 09:38:22 Job disconnected, attempting to reconnect
    Socket between submit and execute hosts closed unexpectedly
    Trying to reconnect to slot1_1@isye-hpc0200.isye.gatech.edu <130.207.90.224:9618?addrs=130.207.90.224-9618&noUDP&sock=1828_6f36_3>
...
024 (208216.000.000) 01/11 09:38:30 Job reconnection failed
    Job not found at execution machine
    Can not reconnect to slot1_1@isye-hpc0200.isye.gatech.edu, rescheduling job
...
022 (208216.000.000) 01/11 09:39:21 Job disconnected, attempting to reconnect
    Socket between submit and execute hosts closed unexpectedly
    Trying to reconnect to slot1_1@isye-hpc0201.isye.gatech.ed <130.207.90.225:9618?addrs=130.207.90.225-9618&noUDP&sock=1711_2ea2_3>
...
024 (208216.000.000) 01/11 09:39:21 Job reconnection failed
    Job not found at execution machine
    Can not reconnect to slot1_1@isye-hpc0201.isye.gatech.ed, rescheduling job
...
022 (208216.000.000) 01/11 09:39:22 Job disconnected, attempting to reconnect
    Socket between submit and execute hosts closed unexpectedly
    Trying to reconnect to slot1_4@isye-hpc0200.isye.gatech.edu <130.207.90.224:9618?addrs=130.207.90.224-9618&noUDP&sock=1828_6f36_3>
...
024 (208216.000.000) 01/11 09:39:22 Job reconnection failed
    Job not found at execution machine
    Can not reconnect to slot1_4@isye-hpc0200.isye.gatech.edu, rescheduling job
...
022 (208216.000.000) 01/11 09:40:22 Job disconnected, attempting to reconnect
    Socket between submit and execute hosts closed unexpectedly
    Trying to reconnect to slot1_1@isye-hpc0200.isye.gatech.edu <130.207.90.224:9618?addrs=130.207.90.224-9618&noUDP&sock=1828_6f36_3>
...
024 (208216.000.000) 01/11 09:40:22 Job reconnection failed
    Job not found at execution machine
    Can not reconnect to slot1_1@isye-hpc0200.isye.gatech.edu, rescheduling job
...
001 (208216.000.000) 01/11 09:41:23 Job executing on host: <10.1.4.122:9618?addrs=10.1.4.122-9618&noUDP&sock=1960_f9b7_3>
...
006 (208216.000.000) 01/11 09:41:32 Image size of job updated: 277068
	56  -  MemoryUsage of job (MB)
	57084  -  ResidentSetSize of job (KB)
...
006 (208216.000.000) 01/11 09:46:33 Image size of job updated: 612908
	66  -  MemoryUsage of job (MB)
	67340  -  ResidentSetSize of job (KB)
...
006 (208216.000.000) 01/11 09:51:34 Image size of job updated: 617344
	71  -  MemoryUsage of job (MB)
	71960  -  ResidentSetSize of job (KB)
...
006 (208216.000.000) 01/11 09:56:34 Image size of job updated: 622592
	76  -  MemoryUsage of job (MB)
	76904  -  ResidentSetSize of job (KB)
...
006 (208216.000.000) 01/11 10:01:35 Image size of job updated: 624664
	78  -  MemoryUsage of job (MB)
	79036  -  ResidentSetSize of job (KB)
...
006 (208216.000.000) 01/11 10:06:36 Image size of job updated: 625952
	79  -  MemoryUsage of job (MB)
	80392  -  ResidentSetSize of job (KB)
...
006 (208216.000.000) 01/11 10:11:36 Image size of job updated: 626732
	80  -  MemoryUsage of job (MB)
	81116  -  ResidentSetSize of job (KB)
...
006 (208216.000.000) 01/11 10:16:37 Image size of job updated: 627404
	80  -  MemoryUsage of job (MB)
	81748  -  ResidentSetSize of job (KB)
...
006 (208216.000.000) 01/11 10:21:38 Image size of job updated: 628120
	81  -  MemoryUsage of job (MB)
	82552  -  ResidentSetSize of job (KB)
...
006 (208216.000.000) 01/11 10:26:38 Image size of job updated: 632880
	86  -  MemoryUsage of job (MB)
	87256  -  ResidentSetSize of job (KB)
...
006 (208216.000.000) 01/11 10:56:42 Image size of job updated: 687508
	86  -  MemoryUsage of job (MB)
	87256  -  ResidentSetSize of job (KB)
...
006 (208216.000.000) 01/11 11:01:43 Image size of job updated: 862972
	280  -  MemoryUsage of job (MB)
	285792  -  ResidentSetSize of job (KB)
...
006 (208216.000.000) 01/11 11:06:44 Image size of job updated: 1072520
	484  -  MemoryUsage of job (MB)
	495516  -  ResidentSetSize of job (KB)
...
006 (208216.000.000) 01/11 11:11:44 Image size of job updated: 1168252
	571  -  MemoryUsage of job (MB)
	583720  -  ResidentSetSize of job (KB)
...
006 (208216.000.000) 01/11 11:41:46 Image size of job updated: 1169316
	572  -  MemoryUsage of job (MB)
	584844  -  ResidentSetSize of job (KB)
...
006 (208216.000.000) 01/11 13:06:55 Image size of job updated: 1170528
	573  -  MemoryUsage of job (MB)
	585920  -  ResidentSetSize of job (KB)
...
005 (208216.000.000) 01/11 15:08:44 Job terminated.
	(1) Normal termination (return value 0)
		Usr 0 05:25:21, Sys 0 00:00:45  -  Run Remote Usage
		Usr 0 00:00:00, Sys 0 00:00:00  -  Run Local Usage
		Usr 0 05:25:21, Sys 0 00:00:45  -  Total Remote Usage
		Usr 0 00:00:00, Sys 0 00:00:00  -  Total Local Usage
	0  -  Run Bytes Sent By Job
	0  -  Run Bytes Received By Job
	0  -  Total Bytes Sent By Job
	0  -  Total Bytes Received By Job
	Partitionable Resources :    Usage  Request Allocated 
	   Cpus                 :     1.00        1         1 
	   Disk (KB)            : 15000       15000     41835 
	   Memory (MB)          :   573        5000      5120 
...
000 (208637.000.000) 01/24 16:26:54 Job submitted from host: <130.207.91.92:9618?addrs=130.207.91.92-9618&noUDP&sock=1641_2b00_4>
...
001 (208637.000.000) 01/24 16:28:47 Job executing on host: <10.1.4.120:9618?addrs=10.1.4.120-9618&noUDP&sock=5088_85f5_282>
...
006 (208637.000.000) 01/24 16:29:05 Image size of job updated: 69484
	1  -  MemoryUsage of job (MB)
	44  -  ResidentSetSize of job (KB)
...
006 (208637.000.000) 01/24 16:34:05 Image size of job updated: 126200
	2  -  MemoryUsage of job (MB)
	1732  -  ResidentSetSize of job (KB)
...
006 (208637.000.000) 01/24 16:39:06 Image size of job updated: 128088
	3  -  MemoryUsage of job (MB)
	2752  -  ResidentSetSize of job (KB)
...
006 (208637.000.000) 01/24 16:44:06 Image size of job updated: 131344
	5  -  MemoryUsage of job (MB)
	4740  -  ResidentSetSize of job (KB)
...
006 (208637.000.000) 01/24 16:49:06 Image size of job updated: 131600
	5  -  MemoryUsage of job (MB)
	4976  -  ResidentSetSize of job (KB)
...
006 (208637.000.000) 01/24 16:54:06 Image size of job updated: 134620
	6  -  MemoryUsage of job (MB)
	6100  -  ResidentSetSize of job (KB)
...
006 (208637.000.000) 01/24 16:59:07 Image size of job updated: 149872
	7  -  MemoryUsage of job (MB)
	6724  -  ResidentSetSize of job (KB)
...
006 (208637.000.000) 01/24 17:04:07 Image size of job updated: 154012
	7  -  MemoryUsage of job (MB)
	6748  -  ResidentSetSize of job (KB)
...
006 (208637.000.000) 01/24 17:14:07 Image size of job updated: 154012
	7  -  MemoryUsage of job (MB)
	6788  -  ResidentSetSize of job (KB)
...
006 (208637.000.000) 01/24 17:19:07 Image size of job updated: 156112
	7  -  MemoryUsage of job (MB)
	6844  -  ResidentSetSize of job (KB)
...
006 (208637.000.000) 01/24 17:24:08 Image size of job updated: 170588
	7  -  MemoryUsage of job (MB)
	6968  -  ResidentSetSize of job (KB)
...
006 (208637.000.000) 01/24 17:29:09 Image size of job updated: 190272
	8  -  MemoryUsage of job (MB)
	7432  -  ResidentSetSize of job (KB)
...
006 (208637.000.000) 01/24 17:34:09 Image size of job updated: 198692
	8  -  MemoryUsage of job (MB)
	7816  -  ResidentSetSize of job (KB)
...
006 (208637.000.000) 01/24 17:39:09 Image size of job updated: 199336
	9  -  MemoryUsage of job (MB)
	8244  -  ResidentSetSize of job (KB)
...
006 (208637.000.000) 01/24 17:44:10 Image size of job updated: 204040
	9  -  MemoryUsage of job (MB)
	8816  -  ResidentSetSize of job (KB)
...
006 (208637.000.000) 01/24 17:49:11 Image size of job updated: 246664
	10  -  MemoryUsage of job (MB)
	10220  -  ResidentSetSize of job (KB)
...
006 (208637.000.000) 01/24 17:54:11 Image size of job updated: 254952
	12  -  MemoryUsage of job (MB)
	12004  -  ResidentSetSize of job (KB)
...
006 (208637.000.000) 01/24 17:59:11 Image size of job updated: 263112
	14  -  MemoryUsage of job (MB)
	13644  -  ResidentSetSize of job (KB)
...
006 (208637.000.000) 01/24 18:04:13 Image size of job updated: 273004
	16  -  MemoryUsage of job (MB)
	16248  -  ResidentSetSize of job (KB)
...
006 (208637.000.000) 01/24 18:09:13 Image size of job updated: 279560
	20  -  MemoryUsage of job (MB)
	20028  -  ResidentSetSize of job (KB)
...
006 (208637.000.000) 01/24 18:14:13 Image size of job updated: 297384
	26  -  MemoryUsage of job (MB)
	25972  -  ResidentSetSize of job (KB)
...
006 (208637.000.000) 01/24 18:19:14 Image size of job updated: 314880
	27  -  MemoryUsage of job (MB)
	27556  -  ResidentSetSize of job (KB)
...
006 (208637.000.000) 01/24 18:24:15 Image size of job updated: 321456
	29  -  MemoryUsage of job (MB)
	29472  -  ResidentSetSize of job (KB)
...
006 (208637.000.000) 01/24 18:29:15 Image size of job updated: 326292
	32  -  MemoryUsage of job (MB)
	31940  -  ResidentSetSize of job (KB)
...
006 (208637.000.000) 01/24 18:34:16 Image size of job updated: 327344
	32  -  MemoryUsage of job (MB)
	31944  -  ResidentSetSize of job (KB)
...
006 (208637.000.000) 01/24 20:29:29 Image size of job updated: 330096
	32  -  MemoryUsage of job (MB)
	32204  -  ResidentSetSize of job (KB)
...
006 (208637.000.000) 01/24 20:34:30 Image size of job updated: 370980
	33  -  MemoryUsage of job (MB)
	33380  -  ResidentSetSize of job (KB)
...
006 (208637.000.000) 01/24 20:39:31 Image size of job updated: 379576
	34  -  MemoryUsage of job (MB)
	34488  -  ResidentSetSize of job (KB)
...
006 (208637.000.000) 01/24 20:44:31 Image size of job updated: 387468
	36  -  MemoryUsage of job (MB)
	36180  -  ResidentSetSize of job (KB)
...
006 (208637.000.000) 01/24 20:49:31 Image size of job updated: 403880
	39  -  MemoryUsage of job (MB)
	39416  -  ResidentSetSize of job (KB)
...
006 (208637.000.000) 01/24 20:54:32 Image size of job updated: 409060
	40  -  MemoryUsage of job (MB)
	40460  -  ResidentSetSize of job (KB)
...
006 (208637.000.000) 01/24 20:59:33 Image size of job updated: 418628
	43  -  MemoryUsage of job (MB)
	43024  -  ResidentSetSize of job (KB)
...
006 (208637.000.000) 01/24 21:04:33 Image size of job updated: 424284
	43  -  MemoryUsage of job (MB)
	43916  -  ResidentSetSize of job (KB)
...
006 (208637.000.000) 01/24 21:09:34 Image size of job updated: 434196
	44  -  MemoryUsage of job (MB)
	44740  -  ResidentSetSize of job (KB)
...
006 (208637.000.000) 01/24 21:14:35 Image size of job updated: 441940
	46  -  MemoryUsage of job (MB)
	46328  -  ResidentSetSize of job (KB)
...
006 (208637.000.000) 01/24 21:19:35 Image size of job updated: 455632
	47  -  MemoryUsage of job (MB)
	47632  -  ResidentSetSize of job (KB)
...
006 (208637.000.000) 01/24 21:24:35 Image size of job updated: 470436
	48  -  MemoryUsage of job (MB)
	48492  -  ResidentSetSize of job (KB)
...
006 (208637.000.000) 01/24 21:29:36 Image size of job updated: 495064
	49  -  MemoryUsage of job (MB)
	49800  -  ResidentSetSize of job (KB)
...
006 (208637.000.000) 01/24 21:34:36 Image size of job updated: 511748
	50  -  MemoryUsage of job (MB)
	50708  -  ResidentSetSize of job (KB)
...
006 (208637.000.000) 01/24 21:39:36 Image size of job updated: 516380
	50  -  MemoryUsage of job (MB)
	50932  -  ResidentSetSize of job (KB)
...
006 (208637.000.000) 01/24 21:44:37 Image size of job updated: 516528
	50  -  MemoryUsage of job (MB)
	51080  -  ResidentSetSize of job (KB)
...
006 (208637.000.000) 01/24 21:49:38 Image size of job updated: 518712
	50  -  MemoryUsage of job (MB)
	51164  -  ResidentSetSize of job (KB)
...
006 (208637.000.000) 01/24 21:54:38 Image size of job updated: 526808
	52  -  MemoryUsage of job (MB)
	52644  -  ResidentSetSize of job (KB)
...
006 (208637.000.000) 01/24 21:59:38 Image size of job updated: 531208
	52  -  MemoryUsage of job (MB)
	52848  -  ResidentSetSize of job (KB)
...
006 (208637.000.000) 01/24 22:04:39 Image size of job updated: 535896
	53  -  MemoryUsage of job (MB)
	53260  -  ResidentSetSize of job (KB)
...
006 (208637.000.000) 01/24 22:09:39 Image size of job updated: 535896
	53  -  MemoryUsage of job (MB)
	53344  -  ResidentSetSize of job (KB)
...
006 (208637.000.000) 01/24 22:14:39 Image size of job updated: 535896
	53  -  MemoryUsage of job (MB)
	53484  -  ResidentSetSize of job (KB)
...
006 (208637.000.000) 01/24 22:19:40 Image size of job updated: 544144
	53  -  MemoryUsage of job (MB)
	53900  -  ResidentSetSize of job (KB)
...
006 (208637.000.000) 01/24 22:24:41 Image size of job updated: 546448
	53  -  MemoryUsage of job (MB)
	54092  -  ResidentSetSize of job (KB)
...
006 (208637.000.000) 01/24 22:29:41 Image size of job updated: 554796
	54  -  MemoryUsage of job (MB)
	54380  -  ResidentSetSize of job (KB)
...
006 (208637.000.000) 01/24 22:34:42 Image size of job updated: 612964
	66  -  MemoryUsage of job (MB)
	67380  -  ResidentSetSize of job (KB)
...
006 (208637.000.000) 01/24 22:39:43 Image size of job updated: 618480
	72  -  MemoryUsage of job (MB)
	72888  -  ResidentSetSize of job (KB)
...
006 (208637.000.000) 01/24 22:46:18 Image size of job updated: 621736
	76  -  MemoryUsage of job (MB)
	77020  -  ResidentSetSize of job (KB)
...
006 (208637.000.000) 01/24 22:51:04 Image size of job updated: 624192
	77  -  MemoryUsage of job (MB)
	78728  -  ResidentSetSize of job (KB)
...
006 (208637.000.000) 01/24 22:56:06 Image size of job updated: 625748
	79  -  MemoryUsage of job (MB)
	80128  -  ResidentSetSize of job (KB)
...
006 (208637.000.000) 01/24 23:01:05 Image size of job updated: 627280
	80  -  MemoryUsage of job (MB)
	81884  -  ResidentSetSize of job (KB)
...
006 (208637.000.000) 01/24 23:06:06 Image size of job updated: 628344
	81  -  MemoryUsage of job (MB)
	82912  -  ResidentSetSize of job (KB)
...
006 (208637.000.000) 01/24 23:11:07 Image size of job updated: 630552
	81  -  MemoryUsage of job (MB)
	82912  -  ResidentSetSize of job (KB)
...
006 (208637.000.000) 01/24 23:36:09 Image size of job updated: 1407740
	89  -  MemoryUsage of job (MB)
	90180  -  ResidentSetSize of job (KB)
...
006 (208637.000.000) 01/24 23:41:10 Image size of job updated: 1572520
	270  -  MemoryUsage of job (MB)
	276480  -  ResidentSetSize of job (KB)
...
006 (208637.000.000) 01/24 23:46:11 Image size of job updated: 1866352
	556  -  MemoryUsage of job (MB)
	568576  -  ResidentSetSize of job (KB)
...
006 (208637.000.000) 01/24 23:51:11 Image size of job updated: 1888628
	571  -  MemoryUsage of job (MB)
	584020  -  ResidentSetSize of job (KB)
...
006 (208637.000.000) 01/25 01:26:21 Image size of job updated: 1889932
	572  -  MemoryUsage of job (MB)
	585448  -  ResidentSetSize of job (KB)
...
006 (208637.000.000) 01/25 01:31:22 Image size of job updated: 1890188
	572  -  MemoryUsage of job (MB)
	585448  -  ResidentSetSize of job (KB)
...
006 (208637.000.000) 01/25 02:26:28 Image size of job updated: 1890708
	573  -  MemoryUsage of job (MB)
	586180  -  ResidentSetSize of job (KB)
...
006 (208637.000.000) 01/25 03:11:31 Image size of job updated: 1891072
	573  -  MemoryUsage of job (MB)
	586460  -  ResidentSetSize of job (KB)
...
005 (208637.000.000) 01/25 04:31:59 Job terminated.
	(1) Normal termination (return value 0)
		Usr 0 05:41:26, Sys 0 00:01:02  -  Run Remote Usage
		Usr 0 00:00:00, Sys 0 00:00:00  -  Run Local Usage
		Usr 0 05:41:26, Sys 0 00:01:02  -  Total Remote Usage
		Usr 0 00:00:00, Sys 0 00:00:00  -  Total Local Usage
	0  -  Run Bytes Sent By Job
	0  -  Run Bytes Received By Job
	0  -  Total Bytes Sent By Job
	0  -  Total Bytes Received By Job
	Partitionable Resources :    Usage  Request Allocated 
	   Cpus                 :     0.00        1         1 
	   Disk (KB)            : 15000       15000     33979 
	   Memory (MB)          :   573        5000      5120 
...
000 (208737.000.000) 01/26 18:19:32 Job submitted from host: <130.207.91.92:9618?addrs=130.207.91.92-9618&noUDP&sock=1641_2b00_4>
...
001 (208737.000.000) 01/26 18:19:38 Job executing on host: <10.1.4.117:9618?addrs=10.1.4.117-9618&noUDP&sock=20561_b6db_3>
...
006 (208737.000.000) 01/26 18:19:46 Image size of job updated: 198944
	32  -  MemoryUsage of job (MB)
	31936  -  ResidentSetSize of job (KB)
...
006 (208737.000.000) 01/26 18:24:46 Image size of job updated: 610124
	64  -  MemoryUsage of job (MB)
	64548  -  ResidentSetSize of job (KB)
...
006 (208737.000.000) 01/26 18:29:46 Image size of job updated: 612480
	66  -  MemoryUsage of job (MB)
	67036  -  ResidentSetSize of job (KB)
...
006 (208737.000.000) 01/26 18:34:46 Image size of job updated: 613768
	67  -  MemoryUsage of job (MB)
	68196  -  ResidentSetSize of job (KB)
...
006 (208737.000.000) 01/26 18:39:47 Image size of job updated: 614156
	67  -  MemoryUsage of job (MB)
	68544  -  ResidentSetSize of job (KB)
...
006 (208737.000.000) 01/26 18:44:48 Image size of job updated: 614156
	68  -  MemoryUsage of job (MB)
	68752  -  ResidentSetSize of job (KB)
...
006 (208737.000.000) 01/26 18:49:48 Image size of job updated: 614716
	68  -  MemoryUsage of job (MB)
	69200  -  ResidentSetSize of job (KB)
...
006 (208737.000.000) 01/26 18:54:48 Image size of job updated: 619520
	73  -  MemoryUsage of job (MB)
	73972  -  ResidentSetSize of job (KB)
...
006 (208737.000.000) 01/26 18:59:49 Image size of job updated: 623364
	77  -  MemoryUsage of job (MB)
	77868  -  ResidentSetSize of job (KB)
...
006 (208737.000.000) 01/26 19:04:51 Image size of job updated: 623620
	77  -  MemoryUsage of job (MB)
	78144  -  ResidentSetSize of job (KB)
...
006 (208737.000.000) 01/26 19:14:51 Image size of job updated: 623788
	77  -  MemoryUsage of job (MB)
	78216  -  ResidentSetSize of job (KB)
...
006 (208737.000.000) 01/26 19:19:51 Image size of job updated: 624592
	78  -  MemoryUsage of job (MB)
	79064  -  ResidentSetSize of job (KB)
...
006 (208737.000.000) 01/26 19:24:52 Image size of job updated: 625236
	78  -  MemoryUsage of job (MB)
	79632  -  ResidentSetSize of job (KB)
...
006 (208737.000.000) 01/26 19:29:53 Image size of job updated: 625492
	79  -  MemoryUsage of job (MB)
	79912  -  ResidentSetSize of job (KB)
...
006 (208737.000.000) 01/26 19:34:54 Image size of job updated: 625636
	79  -  MemoryUsage of job (MB)
	80116  -  ResidentSetSize of job (KB)
...
006 (208737.000.000) 01/26 19:39:54 Image size of job updated: 625892
	79  -  MemoryUsage of job (MB)
	80332  -  ResidentSetSize of job (KB)
...
006 (208737.000.000) 01/26 19:44:54 Image size of job updated: 625892
	79  -  MemoryUsage of job (MB)
	80472  -  ResidentSetSize of job (KB)
...
006 (208737.000.000) 01/26 19:49:55 Image size of job updated: 626284
	79  -  MemoryUsage of job (MB)
	80680  -  ResidentSetSize of job (KB)
...
006 (208737.000.000) 01/26 19:54:56 Image size of job updated: 626284
	79  -  MemoryUsage of job (MB)
	80776  -  ResidentSetSize of job (KB)
...
006 (208737.000.000) 01/26 19:59:56 Image size of job updated: 626540
	80  -  MemoryUsage of job (MB)
	80924  -  ResidentSetSize of job (KB)
...
006 (208737.000.000) 01/26 20:04:56 Image size of job updated: 626540
	80  -  MemoryUsage of job (MB)
	81052  -  ResidentSetSize of job (KB)
...
006 (208737.000.000) 01/26 20:29:59 Image size of job updated: 1379880
	80  -  MemoryUsage of job (MB)
	81052  -  ResidentSetSize of job (KB)
...
006 (208737.000.000) 01/26 20:35:00 Image size of job updated: 1401088
	80  -  MemoryUsage of job (MB)
	81052  -  ResidentSetSize of job (KB)
...
006 (208737.000.000) 01/26 20:45:02 Image size of job updated: 1481988
	175  -  MemoryUsage of job (MB)
	178404  -  ResidentSetSize of job (KB)
...
006 (208737.000.000) 01/26 20:50:02 Image size of job updated: 1582332
	272  -  MemoryUsage of job (MB)
	278500  -  ResidentSetSize of job (KB)
...
006 (208737.000.000) 01/26 20:55:02 Image size of job updated: 1681616
	369  -  MemoryUsage of job (MB)
	377704  -  ResidentSetSize of job (KB)
...
006 (208737.000.000) 01/26 21:00:03 Image size of job updated: 1762608
	448  -  MemoryUsage of job (MB)
	458372  -  ResidentSetSize of job (KB)
...
006 (208737.000.000) 01/26 21:05:04 Image size of job updated: 1844980
	529  -  MemoryUsage of job (MB)
	541352  -  ResidentSetSize of job (KB)
...
006 (208737.000.000) 01/26 21:10:05 Image size of job updated: 1888696
	571  -  MemoryUsage of job (MB)
	584380  -  ResidentSetSize of job (KB)
...
006 (208737.000.000) 01/26 21:20:06 Image size of job updated: 1888696
	571  -  MemoryUsage of job (MB)
	584388  -  ResidentSetSize of job (KB)
...
006 (208737.000.000) 01/26 22:25:14 Image size of job updated: 1889660
	572  -  MemoryUsage of job (MB)
	585372  -  ResidentSetSize of job (KB)
...
006 (208737.000.000) 01/26 23:50:23 Image size of job updated: 1890168
	572  -  MemoryUsage of job (MB)
	585372  -  ResidentSetSize of job (KB)
...
006 (208737.000.000) 01/27 00:45:29 Image size of job updated: 1890552
	575  -  MemoryUsage of job (MB)
	588112  -  ResidentSetSize of job (KB)
...
006 (208737.000.000) 01/27 01:55:34 Image size of job updated: 1890732
	575  -  MemoryUsage of job (MB)
	588172  -  ResidentSetSize of job (KB)
...
005 (208737.000.000) 01/27 01:59:03 Job terminated.
	(1) Normal termination (return value 0)
		Usr 0 07:36:46, Sys 0 00:01:49  -  Run Remote Usage
		Usr 0 00:00:00, Sys 0 00:00:00  -  Run Local Usage
		Usr 0 07:36:46, Sys 0 00:01:49  -  Total Remote Usage
		Usr 0 00:00:00, Sys 0 00:00:00  -  Total Local Usage
	0  -  Run Bytes Sent By Job
	0  -  Run Bytes Received By Job
	0  -  Total Bytes Sent By Job
	0  -  Total Bytes Received By Job
	Partitionable Resources :    Usage  Request Allocated 
	   Cpus                 :     1.00        1         1 
	   Disk (KB)            : 15000       15000     43732 
	   Memory (MB)          :   575        5000      5120 
...
