000 (204438.000.000) 10/22 22:27:36 Job submitted from host: <130.207.91.92:9618?addrs=130.207.91.92-9618&noUDP&sock=1641_2b00_4>
...
001 (204438.000.000) 10/22 22:27:54 Job executing on host: <10.1.9.101:9618?addrs=10.1.9.101-9618&noUDP&sock=8769_6212_3>
...
006 (204438.000.000) 10/22 22:28:03 Image size of job updated: 56116
	55  -  MemoryUsage of job (MB)
	56112  -  ResidentSetSize of job (KB)
...
006 (204438.000.000) 10/22 22:33:04 Image size of job updated: 56196
	55  -  MemoryUsage of job (MB)
	56192  -  ResidentSetSize of job (KB)
...
006 (204438.000.000) 10/22 22:38:05 Image size of job updated: 58300
	57  -  MemoryUsage of job (MB)
	58296  -  ResidentSetSize of job (KB)
...
006 (204438.000.000) 10/22 22:43:05 Image size of job updated: 58340
	57  -  MemoryUsage of job (MB)
	58336  -  ResidentSetSize of job (KB)
...
006 (204438.000.000) 10/22 22:48:05 Image size of job updated: 130856
	128  -  MemoryUsage of job (MB)
	130852  -  ResidentSetSize of job (KB)
...
006 (204438.000.000) 10/22 22:53:06 Image size of job updated: 130864
	128  -  MemoryUsage of job (MB)
	130860  -  ResidentSetSize of job (KB)
...
006 (204438.000.000) 10/22 23:23:08 Image size of job updated: 131752
	129  -  MemoryUsage of job (MB)
	131748  -  ResidentSetSize of job (KB)
...
006 (204438.000.000) 10/23 00:08:13 Image size of job updated: 134032
	131  -  MemoryUsage of job (MB)
	134028  -  ResidentSetSize of job (KB)
...
006 (204438.000.000) 10/23 00:13:14 Image size of job updated: 136684
	134  -  MemoryUsage of job (MB)
	136680  -  ResidentSetSize of job (KB)
...
006 (204438.000.000) 10/23 00:18:15 Image size of job updated: 139332
	137  -  MemoryUsage of job (MB)
	139328  -  ResidentSetSize of job (KB)
...
006 (204438.000.000) 10/23 00:23:15 Image size of job updated: 144180
	141  -  MemoryUsage of job (MB)
	144176  -  ResidentSetSize of job (KB)
...
006 (204438.000.000) 10/23 00:28:15 Image size of job updated: 147136
	144  -  MemoryUsage of job (MB)
	147132  -  ResidentSetSize of job (KB)
...
006 (204438.000.000) 10/23 00:33:15 Image size of job updated: 153464
	150  -  MemoryUsage of job (MB)
	153460  -  ResidentSetSize of job (KB)
...
006 (204438.000.000) 10/23 00:38:16 Image size of job updated: 156428
	153  -  MemoryUsage of job (MB)
	156424  -  ResidentSetSize of job (KB)
...
006 (204438.000.000) 10/23 00:43:17 Image size of job updated: 163616
	160  -  MemoryUsage of job (MB)
	163612  -  ResidentSetSize of job (KB)
...
006 (204438.000.000) 10/23 00:48:17 Image size of job updated: 166864
	163  -  MemoryUsage of job (MB)
	166860  -  ResidentSetSize of job (KB)
...
006 (204438.000.000) 10/23 00:53:17 Image size of job updated: 170116
	167  -  MemoryUsage of job (MB)
	170112  -  ResidentSetSize of job (KB)
...
006 (204438.000.000) 10/23 00:58:17 Image size of job updated: 173368
	170  -  MemoryUsage of job (MB)
	173364  -  ResidentSetSize of job (KB)
...
006 (204438.000.000) 10/23 01:03:18 Image size of job updated: 176628
	173  -  MemoryUsage of job (MB)
	176624  -  ResidentSetSize of job (KB)
...
006 (204438.000.000) 10/23 01:08:19 Image size of job updated: 179880
	176  -  MemoryUsage of job (MB)
	179876  -  ResidentSetSize of job (KB)
...
006 (204438.000.000) 10/23 01:13:19 Image size of job updated: 183132
	179  -  MemoryUsage of job (MB)
	183128  -  ResidentSetSize of job (KB)
...
006 (204438.000.000) 10/23 01:18:19 Image size of job updated: 186384
	183  -  MemoryUsage of job (MB)
	186380  -  ResidentSetSize of job (KB)
...
006 (204438.000.000) 10/23 01:23:20 Image size of job updated: 189644
	186  -  MemoryUsage of job (MB)
	189640  -  ResidentSetSize of job (KB)
...
006 (204438.000.000) 10/23 01:28:21 Image size of job updated: 192896
	189  -  MemoryUsage of job (MB)
	192892  -  ResidentSetSize of job (KB)
...
006 (204438.000.000) 10/23 01:33:21 Image size of job updated: 196152
	192  -  MemoryUsage of job (MB)
	196148  -  ResidentSetSize of job (KB)
...
006 (204438.000.000) 10/23 01:38:21 Image size of job updated: 199404
	195  -  MemoryUsage of job (MB)
	199400  -  ResidentSetSize of job (KB)
...
006 (204438.000.000) 10/23 01:43:22 Image size of job updated: 202664
	198  -  MemoryUsage of job (MB)
	202660  -  ResidentSetSize of job (KB)
...
006 (204438.000.000) 10/23 01:48:23 Image size of job updated: 205916
	202  -  MemoryUsage of job (MB)
	205912  -  ResidentSetSize of job (KB)
...
006 (204438.000.000) 10/23 01:53:23 Image size of job updated: 209168
	205  -  MemoryUsage of job (MB)
	209164  -  ResidentSetSize of job (KB)
...
006 (204438.000.000) 10/23 01:58:23 Image size of job updated: 212420
	208  -  MemoryUsage of job (MB)
	212416  -  ResidentSetSize of job (KB)
...
006 (204438.000.000) 10/23 02:03:24 Image size of job updated: 215684
	211  -  MemoryUsage of job (MB)
	215680  -  ResidentSetSize of job (KB)
...
006 (204438.000.000) 10/23 02:08:25 Image size of job updated: 218932
	214  -  MemoryUsage of job (MB)
	218928  -  ResidentSetSize of job (KB)
...
006 (204438.000.000) 10/23 02:13:25 Image size of job updated: 222184
	217  -  MemoryUsage of job (MB)
	222180  -  ResidentSetSize of job (KB)
...
006 (204438.000.000) 10/23 02:18:25 Image size of job updated: 235212
	230  -  MemoryUsage of job (MB)
	235208  -  ResidentSetSize of job (KB)
...
006 (204438.000.000) 10/23 02:23:25 Image size of job updated: 238756
	234  -  MemoryUsage of job (MB)
	238752  -  ResidentSetSize of job (KB)
...
006 (204438.000.000) 10/23 02:28:26 Image size of job updated: 242312
	237  -  MemoryUsage of job (MB)
	242308  -  ResidentSetSize of job (KB)
...
006 (204438.000.000) 10/23 02:33:27 Image size of job updated: 245852
	241  -  MemoryUsage of job (MB)
	245848  -  ResidentSetSize of job (KB)
...
006 (204438.000.000) 10/23 02:38:27 Image size of job updated: 249404
	244  -  MemoryUsage of job (MB)
	249400  -  ResidentSetSize of job (KB)
...
006 (204438.000.000) 10/23 02:43:27 Image size of job updated: 252956
	248  -  MemoryUsage of job (MB)
	252952  -  ResidentSetSize of job (KB)
...
006 (204438.000.000) 10/23 02:48:28 Image size of job updated: 256524
	251  -  MemoryUsage of job (MB)
	256520  -  ResidentSetSize of job (KB)
...
006 (204438.000.000) 10/23 02:53:30 Image size of job updated: 260084
	254  -  MemoryUsage of job (MB)
	260080  -  ResidentSetSize of job (KB)
...
006 (204438.000.000) 10/23 02:58:30 Image size of job updated: 263636
	258  -  MemoryUsage of job (MB)
	263632  -  ResidentSetSize of job (KB)
...
006 (204438.000.000) 10/23 03:03:30 Image size of job updated: 267184
	261  -  MemoryUsage of job (MB)
	267180  -  ResidentSetSize of job (KB)
...
006 (204438.000.000) 10/23 03:08:31 Image size of job updated: 270756
	265  -  MemoryUsage of job (MB)
	270752  -  ResidentSetSize of job (KB)
...
006 (204438.000.000) 10/23 03:13:32 Image size of job updated: 274308
	268  -  MemoryUsage of job (MB)
	274304  -  ResidentSetSize of job (KB)
...
006 (204438.000.000) 10/23 03:18:32 Image size of job updated: 277860
	272  -  MemoryUsage of job (MB)
	277856  -  ResidentSetSize of job (KB)
...
006 (204438.000.000) 10/23 03:23:32 Image size of job updated: 281408
	275  -  MemoryUsage of job (MB)
	281404  -  ResidentSetSize of job (KB)
...
006 (204438.000.000) 10/23 03:28:33 Image size of job updated: 284980
	279  -  MemoryUsage of job (MB)
	284976  -  ResidentSetSize of job (KB)
...
006 (204438.000.000) 10/23 03:33:34 Image size of job updated: 288528
	282  -  MemoryUsage of job (MB)
	288524  -  ResidentSetSize of job (KB)
...
006 (204438.000.000) 10/23 03:38:34 Image size of job updated: 292080
	286  -  MemoryUsage of job (MB)
	292076  -  ResidentSetSize of job (KB)
...
006 (204438.000.000) 10/23 03:43:34 Image size of job updated: 295632
	289  -  MemoryUsage of job (MB)
	295628  -  ResidentSetSize of job (KB)
...
006 (204438.000.000) 10/23 03:48:35 Image size of job updated: 299192
	293  -  MemoryUsage of job (MB)
	299188  -  ResidentSetSize of job (KB)
...
006 (204438.000.000) 10/23 03:53:37 Image size of job updated: 302760
	296  -  MemoryUsage of job (MB)
	302756  -  ResidentSetSize of job (KB)
...
006 (204438.000.000) 10/23 03:58:37 Image size of job updated: 306312
	300  -  MemoryUsage of job (MB)
	306308  -  ResidentSetSize of job (KB)
...
006 (204438.000.000) 10/23 04:03:37 Image size of job updated: 309864
	303  -  MemoryUsage of job (MB)
	309860  -  ResidentSetSize of job (KB)
...
006 (204438.000.000) 10/23 04:08:37 Image size of job updated: 313416
	307  -  MemoryUsage of job (MB)
	313412  -  ResidentSetSize of job (KB)
...
006 (204438.000.000) 10/23 04:13:38 Image size of job updated: 316972
	310  -  MemoryUsage of job (MB)
	316968  -  ResidentSetSize of job (KB)
...
006 (204438.000.000) 10/23 04:18:39 Image size of job updated: 320536
	314  -  MemoryUsage of job (MB)
	320532  -  ResidentSetSize of job (KB)
...
006 (204438.000.000) 10/23 04:23:39 Image size of job updated: 324088
	317  -  MemoryUsage of job (MB)
	324084  -  ResidentSetSize of job (KB)
...
006 (204438.000.000) 10/23 04:28:39 Image size of job updated: 327640
	320  -  MemoryUsage of job (MB)
	327636  -  ResidentSetSize of job (KB)
...
006 (204438.000.000) 10/23 04:33:40 Image size of job updated: 331196
	324  -  MemoryUsage of job (MB)
	331192  -  ResidentSetSize of job (KB)
...
006 (204438.000.000) 10/23 04:38:42 Image size of job updated: 334768
	327  -  MemoryUsage of job (MB)
	334764  -  ResidentSetSize of job (KB)
...
006 (204438.000.000) 10/23 04:43:42 Image size of job updated: 338312
	331  -  MemoryUsage of job (MB)
	338308  -  ResidentSetSize of job (KB)
...
006 (204438.000.000) 10/23 04:48:42 Image size of job updated: 341868
	334  -  MemoryUsage of job (MB)
	341864  -  ResidentSetSize of job (KB)
...
006 (204438.000.000) 10/23 04:53:42 Image size of job updated: 345416
	338  -  MemoryUsage of job (MB)
	345412  -  ResidentSetSize of job (KB)
...
006 (204438.000.000) 10/23 04:58:43 Image size of job updated: 348976
	341  -  MemoryUsage of job (MB)
	348972  -  ResidentSetSize of job (KB)
...
006 (204438.000.000) 10/23 05:03:44 Image size of job updated: 352528
	345  -  MemoryUsage of job (MB)
	352524  -  ResidentSetSize of job (KB)
...
006 (204438.000.000) 10/23 05:08:44 Image size of job updated: 356072
	348  -  MemoryUsage of job (MB)
	356068  -  ResidentSetSize of job (KB)
...
006 (204438.000.000) 10/23 05:13:44 Image size of job updated: 359636
	352  -  MemoryUsage of job (MB)
	359632  -  ResidentSetSize of job (KB)
...
006 (204438.000.000) 10/23 05:18:45 Image size of job updated: 363192
	355  -  MemoryUsage of job (MB)
	363188  -  ResidentSetSize of job (KB)
...
006 (204438.000.000) 10/23 05:23:46 Image size of job updated: 366740
	359  -  MemoryUsage of job (MB)
	366736  -  ResidentSetSize of job (KB)
...
006 (204438.000.000) 10/23 05:28:46 Image size of job updated: 370288
	362  -  MemoryUsage of job (MB)
	370284  -  ResidentSetSize of job (KB)
...
006 (204438.000.000) 10/23 05:33:47 Image size of job updated: 373844
	366  -  MemoryUsage of job (MB)
	373840  -  ResidentSetSize of job (KB)
...
006 (204438.000.000) 10/23 05:38:48 Image size of job updated: 377392
	369  -  MemoryUsage of job (MB)
	377388  -  ResidentSetSize of job (KB)
...
006 (204438.000.000) 10/23 05:43:48 Image size of job updated: 380940
	373  -  MemoryUsage of job (MB)
	380936  -  ResidentSetSize of job (KB)
...
006 (204438.000.000) 10/23 05:48:48 Image size of job updated: 384488
	376  -  MemoryUsage of job (MB)
	384484  -  ResidentSetSize of job (KB)
...
006 (204438.000.000) 10/23 05:53:48 Image size of job updated: 388048
	379  -  MemoryUsage of job (MB)
	388044  -  ResidentSetSize of job (KB)
...
006 (204438.000.000) 10/23 05:58:49 Image size of job updated: 391604
	383  -  MemoryUsage of job (MB)
	391600  -  ResidentSetSize of job (KB)
...
006 (204438.000.000) 10/23 06:03:50 Image size of job updated: 395152
	386  -  MemoryUsage of job (MB)
	395148  -  ResidentSetSize of job (KB)
...
006 (204438.000.000) 10/23 06:08:50 Image size of job updated: 398700
	390  -  MemoryUsage of job (MB)
	398696  -  ResidentSetSize of job (KB)
...
006 (204438.000.000) 10/23 06:13:50 Image size of job updated: 402248
	393  -  MemoryUsage of job (MB)
	402244  -  ResidentSetSize of job (KB)
...
006 (204438.000.000) 10/23 06:18:51 Image size of job updated: 405804
	397  -  MemoryUsage of job (MB)
	405800  -  ResidentSetSize of job (KB)
...
006 (204438.000.000) 10/23 06:23:52 Image size of job updated: 409352
	400  -  MemoryUsage of job (MB)
	409348  -  ResidentSetSize of job (KB)
...
006 (204438.000.000) 10/23 06:28:52 Image size of job updated: 412900
	404  -  MemoryUsage of job (MB)
	412896  -  ResidentSetSize of job (KB)
...
006 (204438.000.000) 10/23 06:33:52 Image size of job updated: 416460
	407  -  MemoryUsage of job (MB)
	416456  -  ResidentSetSize of job (KB)
...
006 (204438.000.000) 10/23 06:38:53 Image size of job updated: 420020
	411  -  MemoryUsage of job (MB)
	420016  -  ResidentSetSize of job (KB)
...
006 (204438.000.000) 10/23 06:43:54 Image size of job updated: 423564
	414  -  MemoryUsage of job (MB)
	423560  -  ResidentSetSize of job (KB)
...
006 (204438.000.000) 10/23 06:48:55 Image size of job updated: 427100
	418  -  MemoryUsage of job (MB)
	427096  -  ResidentSetSize of job (KB)
...
006 (204438.000.000) 10/23 06:53:55 Image size of job updated: 430624
	421  -  MemoryUsage of job (MB)
	430620  -  ResidentSetSize of job (KB)
...
006 (204438.000.000) 10/23 06:58:55 Image size of job updated: 434160
	424  -  MemoryUsage of job (MB)
	434156  -  ResidentSetSize of job (KB)
...
006 (204438.000.000) 10/23 07:03:56 Image size of job updated: 437704
	428  -  MemoryUsage of job (MB)
	437700  -  ResidentSetSize of job (KB)
...
006 (204438.000.000) 10/23 07:08:57 Image size of job updated: 441244
	431  -  MemoryUsage of job (MB)
	441240  -  ResidentSetSize of job (KB)
...
006 (204438.000.000) 10/23 07:13:57 Image size of job updated: 444780
	435  -  MemoryUsage of job (MB)
	444776  -  ResidentSetSize of job (KB)
...
006 (204438.000.000) 10/23 07:18:58 Image size of job updated: 448324
	438  -  MemoryUsage of job (MB)
	448320  -  ResidentSetSize of job (KB)
...
006 (204438.000.000) 10/23 07:23:59 Image size of job updated: 451848
	442  -  MemoryUsage of job (MB)
	451844  -  ResidentSetSize of job (KB)
...
006 (204438.000.000) 10/23 07:28:59 Image size of job updated: 455384
	445  -  MemoryUsage of job (MB)
	455380  -  ResidentSetSize of job (KB)
...
006 (204438.000.000) 10/23 07:33:59 Image size of job updated: 458920
	449  -  MemoryUsage of job (MB)
	458916  -  ResidentSetSize of job (KB)
...
006 (204438.000.000) 10/23 07:39:00 Image size of job updated: 462464
	452  -  MemoryUsage of job (MB)
	462460  -  ResidentSetSize of job (KB)
...
006 (204438.000.000) 10/23 07:44:01 Image size of job updated: 465984
	456  -  MemoryUsage of job (MB)
	465980  -  ResidentSetSize of job (KB)
...
006 (204438.000.000) 10/23 07:49:01 Image size of job updated: 469520
	459  -  MemoryUsage of job (MB)
	469516  -  ResidentSetSize of job (KB)
...
006 (204438.000.000) 10/23 07:54:01 Image size of job updated: 473052
	462  -  MemoryUsage of job (MB)
	473048  -  ResidentSetSize of job (KB)
...
006 (204438.000.000) 10/23 07:59:02 Image size of job updated: 476592
	466  -  MemoryUsage of job (MB)
	476588  -  ResidentSetSize of job (KB)
...
006 (204438.000.000) 10/23 08:04:03 Image size of job updated: 480120
	469  -  MemoryUsage of job (MB)
	480116  -  ResidentSetSize of job (KB)
...
006 (204438.000.000) 10/23 08:09:04 Image size of job updated: 483656
	473  -  MemoryUsage of job (MB)
	483652  -  ResidentSetSize of job (KB)
...
006 (204438.000.000) 10/23 08:14:04 Image size of job updated: 487188
	476  -  MemoryUsage of job (MB)
	487184  -  ResidentSetSize of job (KB)
...
006 (204438.000.000) 10/23 08:19:04 Image size of job updated: 490708
	480  -  MemoryUsage of job (MB)
	490704  -  ResidentSetSize of job (KB)
...
006 (204438.000.000) 10/23 08:24:05 Image size of job updated: 494248
	483  -  MemoryUsage of job (MB)
	494244  -  ResidentSetSize of job (KB)
...
006 (204438.000.000) 10/23 08:29:07 Image size of job updated: 497792
	487  -  MemoryUsage of job (MB)
	497788  -  ResidentSetSize of job (KB)
...
006 (204438.000.000) 10/23 08:34:07 Image size of job updated: 501324
	490  -  MemoryUsage of job (MB)
	501320  -  ResidentSetSize of job (KB)
...
006 (204438.000.000) 10/23 08:39:07 Image size of job updated: 504844
	494  -  MemoryUsage of job (MB)
	504840  -  ResidentSetSize of job (KB)
...
006 (204438.000.000) 10/23 08:44:07 Image size of job updated: 508376
	497  -  MemoryUsage of job (MB)
	508372  -  ResidentSetSize of job (KB)
...
006 (204438.000.000) 10/23 08:49:08 Image size of job updated: 511912
	500  -  MemoryUsage of job (MB)
	511908  -  ResidentSetSize of job (KB)
...
006 (204438.000.000) 10/23 08:54:08 Image size of job updated: 515432
	504  -  MemoryUsage of job (MB)
	515428  -  ResidentSetSize of job (KB)
...
006 (204438.000.000) 10/23 08:59:08 Image size of job updated: 518960
	507  -  MemoryUsage of job (MB)
	518956  -  ResidentSetSize of job (KB)
...
006 (204438.000.000) 10/23 09:04:08 Image size of job updated: 522500
	511  -  MemoryUsage of job (MB)
	522496  -  ResidentSetSize of job (KB)
...
006 (204438.000.000) 10/23 09:09:09 Image size of job updated: 526040
	514  -  MemoryUsage of job (MB)
	526036  -  ResidentSetSize of job (KB)
...
006 (204438.000.000) 10/23 09:14:10 Image size of job updated: 529564
	518  -  MemoryUsage of job (MB)
	529560  -  ResidentSetSize of job (KB)
...
006 (204438.000.000) 10/23 09:19:10 Image size of job updated: 533100
	521  -  MemoryUsage of job (MB)
	533096  -  ResidentSetSize of job (KB)
...
006 (204438.000.000) 10/23 09:24:10 Image size of job updated: 536636
	525  -  MemoryUsage of job (MB)
	536632  -  ResidentSetSize of job (KB)
...
006 (204438.000.000) 10/23 09:29:11 Image size of job updated: 540180
	528  -  MemoryUsage of job (MB)
	540176  -  ResidentSetSize of job (KB)
...
006 (204438.000.000) 10/23 09:34:12 Image size of job updated: 543704
	531  -  MemoryUsage of job (MB)
	543700  -  ResidentSetSize of job (KB)
...
006 (204438.000.000) 10/23 09:39:12 Image size of job updated: 547240
	535  -  MemoryUsage of job (MB)
	547236  -  ResidentSetSize of job (KB)
...
006 (204438.000.000) 10/23 09:44:12 Image size of job updated: 550776
	538  -  MemoryUsage of job (MB)
	550772  -  ResidentSetSize of job (KB)
...
006 (204438.000.000) 10/23 09:49:13 Image size of job updated: 554320
	542  -  MemoryUsage of job (MB)
	554316  -  ResidentSetSize of job (KB)
...
006 (204438.000.000) 10/23 09:54:14 Image size of job updated: 557856
	545  -  MemoryUsage of job (MB)
	557852  -  ResidentSetSize of job (KB)
...
006 (204438.000.000) 10/23 09:59:14 Image size of job updated: 561380
	549  -  MemoryUsage of job (MB)
	561376  -  ResidentSetSize of job (KB)
...
006 (204438.000.000) 10/23 10:04:14 Image size of job updated: 564916
	552  -  MemoryUsage of job (MB)
	564912  -  ResidentSetSize of job (KB)
...
006 (204438.000.000) 10/23 10:09:15 Image size of job updated: 568460
	556  -  MemoryUsage of job (MB)
	568456  -  ResidentSetSize of job (KB)
...
006 (204438.000.000) 10/23 10:14:16 Image size of job updated: 571996
	559  -  MemoryUsage of job (MB)
	571992  -  ResidentSetSize of job (KB)
...
006 (204438.000.000) 10/23 10:19:16 Image size of job updated: 575532
	563  -  MemoryUsage of job (MB)
	575528  -  ResidentSetSize of job (KB)
...
006 (204438.000.000) 10/23 10:24:16 Image size of job updated: 579056
	566  -  MemoryUsage of job (MB)
	579052  -  ResidentSetSize of job (KB)
...
006 (204438.000.000) 10/23 10:29:17 Image size of job updated: 582604
	569  -  MemoryUsage of job (MB)
	582600  -  ResidentSetSize of job (KB)
...
006 (204438.000.000) 10/23 10:34:18 Image size of job updated: 586132
	573  -  MemoryUsage of job (MB)
	586128  -  ResidentSetSize of job (KB)
...
006 (204438.000.000) 10/23 10:39:18 Image size of job updated: 589652
	576  -  MemoryUsage of job (MB)
	589648  -  ResidentSetSize of job (KB)
...
006 (204438.000.000) 10/23 10:44:18 Image size of job updated: 593188
	580  -  MemoryUsage of job (MB)
	593184  -  ResidentSetSize of job (KB)
...
006 (204438.000.000) 10/23 10:49:19 Image size of job updated: 596736
	583  -  MemoryUsage of job (MB)
	596732  -  ResidentSetSize of job (KB)
...
006 (204438.000.000) 10/23 10:54:20 Image size of job updated: 600272
	587  -  MemoryUsage of job (MB)
	600268  -  ResidentSetSize of job (KB)
...
006 (204438.000.000) 10/23 10:59:20 Image size of job updated: 603808
	590  -  MemoryUsage of job (MB)
	603804  -  ResidentSetSize of job (KB)
...
006 (204438.000.000) 10/23 11:04:20 Image size of job updated: 607344
	594  -  MemoryUsage of job (MB)
	607340  -  ResidentSetSize of job (KB)
...
006 (204438.000.000) 10/23 11:09:21 Image size of job updated: 610892
	597  -  MemoryUsage of job (MB)
	610888  -  ResidentSetSize of job (KB)
...
006 (204438.000.000) 10/23 11:14:22 Image size of job updated: 614416
	601  -  MemoryUsage of job (MB)
	614412  -  ResidentSetSize of job (KB)
...
006 (204438.000.000) 10/23 11:19:22 Image size of job updated: 617956
	604  -  MemoryUsage of job (MB)
	617952  -  ResidentSetSize of job (KB)
...
006 (204438.000.000) 10/23 11:24:22 Image size of job updated: 621492
	607  -  MemoryUsage of job (MB)
	621488  -  ResidentSetSize of job (KB)
...
006 (204438.000.000) 10/23 11:29:23 Image size of job updated: 625036
	611  -  MemoryUsage of job (MB)
	625032  -  ResidentSetSize of job (KB)
...
006 (204438.000.000) 10/23 11:34:24 Image size of job updated: 628572
	614  -  MemoryUsage of job (MB)
	628568  -  ResidentSetSize of job (KB)
...
006 (204438.000.000) 10/23 11:39:24 Image size of job updated: 632100
	618  -  MemoryUsage of job (MB)
	632096  -  ResidentSetSize of job (KB)
...
006 (204438.000.000) 10/23 11:44:24 Image size of job updated: 635636
	621  -  MemoryUsage of job (MB)
	635632  -  ResidentSetSize of job (KB)
...
006 (204438.000.000) 10/23 11:49:25 Image size of job updated: 639184
	625  -  MemoryUsage of job (MB)
	639180  -  ResidentSetSize of job (KB)
...
006 (204438.000.000) 10/23 11:54:26 Image size of job updated: 642720
	628  -  MemoryUsage of job (MB)
	642716  -  ResidentSetSize of job (KB)
...
006 (204438.000.000) 10/23 11:59:26 Image size of job updated: 646256
	632  -  MemoryUsage of job (MB)
	646252  -  ResidentSetSize of job (KB)
...
006 (204438.000.000) 10/23 12:04:26 Image size of job updated: 649780
	635  -  MemoryUsage of job (MB)
	649776  -  ResidentSetSize of job (KB)
...
006 (204438.000.000) 10/23 12:09:27 Image size of job updated: 653328
	639  -  MemoryUsage of job (MB)
	653324  -  ResidentSetSize of job (KB)
...
006 (204438.000.000) 10/23 12:14:28 Image size of job updated: 656864
	642  -  MemoryUsage of job (MB)
	656860  -  ResidentSetSize of job (KB)
...
006 (204438.000.000) 10/23 12:19:28 Image size of job updated: 660400
	645  -  MemoryUsage of job (MB)
	660396  -  ResidentSetSize of job (KB)
...
006 (204438.000.000) 10/23 12:24:28 Image size of job updated: 663940
	649  -  MemoryUsage of job (MB)
	663936  -  ResidentSetSize of job (KB)
...
006 (204438.000.000) 10/23 12:29:30 Image size of job updated: 667484
	652  -  MemoryUsage of job (MB)
	667480  -  ResidentSetSize of job (KB)
...
006 (204438.000.000) 10/23 12:34:30 Image size of job updated: 671008
	656  -  MemoryUsage of job (MB)
	671004  -  ResidentSetSize of job (KB)
...
006 (204438.000.000) 10/23 12:39:30 Image size of job updated: 674544
	659  -  MemoryUsage of job (MB)
	674540  -  ResidentSetSize of job (KB)
...
006 (204438.000.000) 10/23 12:44:30 Image size of job updated: 678080
	663  -  MemoryUsage of job (MB)
	678076  -  ResidentSetSize of job (KB)
...
006 (204438.000.000) 10/23 12:49:31 Image size of job updated: 681628
	666  -  MemoryUsage of job (MB)
	681624  -  ResidentSetSize of job (KB)
...
006 (204438.000.000) 10/23 12:54:32 Image size of job updated: 685164
	670  -  MemoryUsage of job (MB)
	685160  -  ResidentSetSize of job (KB)
...
006 (204438.000.000) 10/23 12:59:32 Image size of job updated: 688688
	673  -  MemoryUsage of job (MB)
	688684  -  ResidentSetSize of job (KB)
...
006 (204438.000.000) 10/23 13:04:32 Image size of job updated: 692228
	676  -  MemoryUsage of job (MB)
	692224  -  ResidentSetSize of job (KB)
...
006 (204438.000.000) 10/23 13:07:51 Image size of job updated: 694560
	676  -  MemoryUsage of job (MB)
	692224  -  ResidentSetSize of job (KB)
...
004 (204438.000.000) 10/23 13:07:51 Job was evicted.
	(0) Job was not checkpointed.
		Usr 0 14:37:02, Sys 0 00:02:40  -  Run Remote Usage
		Usr 0 00:00:00, Sys 0 00:00:00  -  Run Local Usage
	0  -  Run Bytes Sent By Job
	0  -  Run Bytes Received By Job
	Partitionable Resources :    Usage  Request Allocated 
	   Cpus                 :     1.00        1         1 
	   Disk (KB)            : 15000       15000     44180 
	   Memory (MB)          :   676        5000      5120 
...
009 (204438.000.000) 10/23 13:07:52 Job was aborted by the user.
	via condor_rm (by user jmoondra3)
...
000 (204465.000.000) 10/23 13:08:26 Job submitted from host: <130.207.91.92:9618?addrs=130.207.91.92-9618&noUDP&sock=1641_2b00_4>
...
001 (204465.000.000) 10/23 13:08:27 Job executing on host: <10.1.7.202:9618?addrs=10.1.7.202-9618&noUDP&sock=23121_a94e_89>
...
006 (204465.000.000) 10/23 13:08:35 Image size of job updated: 110852
	55  -  MemoryUsage of job (MB)
	56000  -  ResidentSetSize of job (KB)
...
006 (204465.000.000) 10/23 13:13:35 Image size of job updated: 600152
	55  -  MemoryUsage of job (MB)
	56228  -  ResidentSetSize of job (KB)
...
006 (204465.000.000) 10/23 13:18:36 Image size of job updated: 621812
	57  -  MemoryUsage of job (MB)
	58024  -  ResidentSetSize of job (KB)
...
006 (204465.000.000) 10/23 13:23:36 Image size of job updated: 621812
	57  -  MemoryUsage of job (MB)
	58092  -  ResidentSetSize of job (KB)
...
006 (204465.000.000) 10/23 13:28:36 Image size of job updated: 691264
	128  -  MemoryUsage of job (MB)
	130496  -  ResidentSetSize of job (KB)
...
006 (204465.000.000) 10/23 13:33:37 Image size of job updated: 694168
	128  -  MemoryUsage of job (MB)
	130772  -  ResidentSetSize of job (KB)
...
006 (204465.000.000) 10/23 14:03:40 Image size of job updated: 695448
	129  -  MemoryUsage of job (MB)
	132012  -  ResidentSetSize of job (KB)
...
006 (204465.000.000) 10/23 14:08:40 Image size of job updated: 698264
	132  -  MemoryUsage of job (MB)
	134700  -  ResidentSetSize of job (KB)
...
006 (204465.000.000) 10/23 14:13:41 Image size of job updated: 700824
	135  -  MemoryUsage of job (MB)
	137400  -  ResidentSetSize of job (KB)
...
006 (204465.000.000) 10/23 14:18:41 Image size of job updated: 703640
	137  -  MemoryUsage of job (MB)
	140092  -  ResidentSetSize of job (KB)
...
006 (204465.000.000) 10/23 14:23:41 Image size of job updated: 706200
	140  -  MemoryUsage of job (MB)
	142792  -  ResidentSetSize of job (KB)
...
006 (204465.000.000) 10/23 14:28:16 Image size of job updated: 708760
	140  -  MemoryUsage of job (MB)
	142792  -  ResidentSetSize of job (KB)
...
004 (204465.000.000) 10/23 14:28:16 Job was evicted.
	(0) Job was not checkpointed.
		Usr 0 01:18:57, Sys 0 00:00:48  -  Run Remote Usage
		Usr 0 00:00:00, Sys 0 00:00:00  -  Run Local Usage
	0  -  Run Bytes Sent By Job
	0  -  Run Bytes Received By Job
	Partitionable Resources :    Usage  Request Allocated 
	   Cpus                 :     1.00        1         1 
	   Disk (KB)            : 15000       15000     45841 
	   Memory (MB)          :   140        5000      5120 
...
009 (204465.000.000) 10/23 14:28:17 Job was aborted by the user.
	via condor_rm (by user jmoondra3)
...
000 (204483.000.000) 10/23 14:28:58 Job submitted from host: <130.207.91.92:9618?addrs=130.207.91.92-9618&noUDP&sock=1641_2b00_4>
...
001 (204483.000.000) 10/23 14:28:59 Job executing on host: <10.1.4.119:9618?addrs=10.1.4.119-9618&noUDP&sock=9578_4a31_3>
...
006 (204483.000.000) 10/23 14:29:07 Image size of job updated: 56004
	55  -  MemoryUsage of job (MB)
	56000  -  ResidentSetSize of job (KB)
...
006 (204483.000.000) 10/23 14:34:07 Image size of job updated: 600036
	55  -  MemoryUsage of job (MB)
	56160  -  ResidentSetSize of job (KB)
...
006 (204483.000.000) 10/23 14:39:08 Image size of job updated: 621264
	57  -  MemoryUsage of job (MB)
	57944  -  ResidentSetSize of job (KB)
...
006 (204483.000.000) 10/23 14:44:10 Image size of job updated: 621264
	57  -  MemoryUsage of job (MB)
	58072  -  ResidentSetSize of job (KB)
...
006 (204483.000.000) 10/23 14:49:10 Image size of job updated: 648760
	87  -  MemoryUsage of job (MB)
	88636  -  ResidentSetSize of job (KB)
...
006 (204483.000.000) 10/23 14:54:10 Image size of job updated: 691412
	129  -  MemoryUsage of job (MB)
	131276  -  ResidentSetSize of job (KB)
...
006 (204483.000.000) 10/23 15:04:11 Image size of job updated: 695268
	129  -  MemoryUsage of job (MB)
	131976  -  ResidentSetSize of job (KB)
...
006 (204483.000.000) 10/23 15:29:13 Image size of job updated: 696036
	130  -  MemoryUsage of job (MB)
	132724  -  ResidentSetSize of job (KB)
...
005 (204483.000.000) 10/23 15:31:53 Job terminated.
	(1) Normal termination (return value 0)
		Usr 0 01:02:48, Sys 0 00:00:04  -  Run Remote Usage
		Usr 0 00:00:00, Sys 0 00:00:00  -  Run Local Usage
		Usr 0 01:02:48, Sys 0 00:00:04  -  Total Remote Usage
		Usr 0 00:00:00, Sys 0 00:00:00  -  Total Local Usage
	0  -  Run Bytes Sent By Job
	0  -  Run Bytes Received By Job
	0  -  Total Bytes Sent By Job
	0  -  Total Bytes Received By Job
	Partitionable Resources :    Usage  Request Allocated 
	   Cpus                 :     1.00        1         1 
	   Disk (KB)            : 15000       15000     41765 
	   Memory (MB)          :   130        5000      5120 
...
