000 (204485.000.000) 10/23 14:30:28 Job submitted from host: <130.207.91.92:9618?addrs=130.207.91.92-9618&noUDP&sock=1641_2b00_4>
...
001 (204485.000.000) 10/23 14:30:28 Job executing on host: <10.1.4.119:9618?addrs=10.1.4.119-9618&noUDP&sock=9578_4a31_3>
...
006 (204485.000.000) 10/23 14:30:37 Image size of job updated: 56012
	55  -  MemoryUsage of job (MB)
	56008  -  ResidentSetSize of job (KB)
...
006 (204485.000.000) 10/23 14:35:38 Image size of job updated: 600044
	55  -  MemoryUsage of job (MB)
	56172  -  ResidentSetSize of job (KB)
...
006 (204485.000.000) 10/23 14:40:39 Image size of job updated: 621276
	57  -  MemoryUsage of job (MB)
	57992  -  ResidentSetSize of job (KB)
...
006 (204485.000.000) 10/23 14:45:39 Image size of job updated: 621276
	57  -  MemoryUsage of job (MB)
	58076  -  ResidentSetSize of job (KB)
...
006 (204485.000.000) 10/23 14:50:39 Image size of job updated: 667312
	105  -  MemoryUsage of job (MB)
	107252  -  ResidentSetSize of job (KB)
...
006 (204485.000.000) 10/23 14:55:40 Image size of job updated: 690944
	128  -  MemoryUsage of job (MB)
	130772  -  ResidentSetSize of job (KB)
...
006 (204485.000.000) 10/23 15:00:40 Image size of job updated: 691200
	128  -  MemoryUsage of job (MB)
	131048  -  ResidentSetSize of job (KB)
...
