000 (204397.000.000) 10/22 15:29:04 Job submitted from host: <130.207.91.92:9618?addrs=130.207.91.92-9618&noUDP&sock=1641_2b00_4>
...
001 (204397.000.000) 10/22 15:29:04 Job executing on host: <10.1.9.101:9618?addrs=10.1.9.101-9618&noUDP&sock=8769_6212_3>
...
006 (204397.000.000) 10/22 15:29:13 Image size of job updated: 56100
	55  -  MemoryUsage of job (MB)
	56096  -  ResidentSetSize of job (KB)
...
006 (204397.000.000) 10/22 15:34:14 Image size of job updated: 57980
	57  -  MemoryUsage of job (MB)
	57976  -  ResidentSetSize of job (KB)
...
006 (204397.000.000) 10/22 15:39:14 Image size of job updated: 131104
	129  -  MemoryUsage of job (MB)
	131100  -  ResidentSetSize of job (KB)
...
006 (204397.000.000) 10/22 15:44:15 Image size of job updated: 131568
	129  -  MemoryUsage of job (MB)
	131564  -  ResidentSetSize of job (KB)
...
006 (204397.000.000) 10/22 15:59:17 Image size of job updated: 132960
	130  -  MemoryUsage of job (MB)
	132956  -  ResidentSetSize of job (KB)
...
006 (204397.000.000) 10/22 16:09:18 Image size of job updated: 132980
	130  -  MemoryUsage of job (MB)
	132976  -  ResidentSetSize of job (KB)
...
006 (204397.000.000) 10/22 16:49:21 Image size of job updated: 134536
	132  -  MemoryUsage of job (MB)
	134532  -  ResidentSetSize of job (KB)
...
006 (204397.000.000) 10/22 16:54:21 Image size of job updated: 137628
	135  -  MemoryUsage of job (MB)
	137624  -  ResidentSetSize of job (KB)
...
006 (204397.000.000) 10/22 16:59:21 Image size of job updated: 140728
	138  -  MemoryUsage of job (MB)
	140724  -  ResidentSetSize of job (KB)
...
006 (204397.000.000) 10/22 17:04:22 Image size of job updated: 143820
	141  -  MemoryUsage of job (MB)
	143816  -  ResidentSetSize of job (KB)
...
006 (204397.000.000) 10/22 17:09:22 Image size of job updated: 149432
	146  -  MemoryUsage of job (MB)
	149428  -  ResidentSetSize of job (KB)
...
006 (204397.000.000) 10/22 17:14:22 Image size of job updated: 160372
	157  -  MemoryUsage of job (MB)
	160368  -  ResidentSetSize of job (KB)
...
006 (204397.000.000) 10/22 17:19:23 Image size of job updated: 164140
	161  -  MemoryUsage of job (MB)
	164136  -  ResidentSetSize of job (KB)
...
006 (204397.000.000) 10/22 17:24:23 Image size of job updated: 167908
	164  -  MemoryUsage of job (MB)
	167904  -  ResidentSetSize of job (KB)
...
006 (204397.000.000) 10/22 17:29:23 Image size of job updated: 171648
	168  -  MemoryUsage of job (MB)
	171644  -  ResidentSetSize of job (KB)
...
006 (204397.000.000) 10/22 17:34:24 Image size of job updated: 175400
	172  -  MemoryUsage of job (MB)
	175396  -  ResidentSetSize of job (KB)
...
006 (204397.000.000) 10/22 17:39:25 Image size of job updated: 179156
	175  -  MemoryUsage of job (MB)
	179152  -  ResidentSetSize of job (KB)
...
006 (204397.000.000) 10/22 17:44:26 Image size of job updated: 182888
	179  -  MemoryUsage of job (MB)
	182884  -  ResidentSetSize of job (KB)
...
006 (204397.000.000) 10/22 17:49:26 Image size of job updated: 186628
	183  -  MemoryUsage of job (MB)
	186624  -  ResidentSetSize of job (KB)
...
006 (204397.000.000) 10/22 17:54:26 Image size of job updated: 190368
	186  -  MemoryUsage of job (MB)
	190364  -  ResidentSetSize of job (KB)
...
006 (204397.000.000) 10/22 17:59:26 Image size of job updated: 194108
	190  -  MemoryUsage of job (MB)
	194104  -  ResidentSetSize of job (KB)
...
006 (204397.000.000) 10/22 18:04:27 Image size of job updated: 205024
	201  -  MemoryUsage of job (MB)
	205020  -  ResidentSetSize of job (KB)
...
006 (204397.000.000) 10/22 18:09:28 Image size of job updated: 209096
	205  -  MemoryUsage of job (MB)
	209092  -  ResidentSetSize of job (KB)
...
006 (204397.000.000) 10/22 18:14:28 Image size of job updated: 213172
	209  -  MemoryUsage of job (MB)
	213168  -  ResidentSetSize of job (KB)
...
006 (204397.000.000) 10/22 18:19:28 Image size of job updated: 217276
	213  -  MemoryUsage of job (MB)
	217272  -  ResidentSetSize of job (KB)
...
006 (204397.000.000) 10/22 18:24:29 Image size of job updated: 221428
	217  -  MemoryUsage of job (MB)
	221424  -  ResidentSetSize of job (KB)
...
006 (204397.000.000) 10/22 18:29:30 Image size of job updated: 225552
	221  -  MemoryUsage of job (MB)
	225548  -  ResidentSetSize of job (KB)
...
006 (204397.000.000) 10/22 18:34:30 Image size of job updated: 229680
	225  -  MemoryUsage of job (MB)
	229676  -  ResidentSetSize of job (KB)
...
006 (204397.000.000) 10/22 18:39:30 Image size of job updated: 233804
	229  -  MemoryUsage of job (MB)
	233800  -  ResidentSetSize of job (KB)
...
006 (204397.000.000) 10/22 18:44:31 Image size of job updated: 237920
	233  -  MemoryUsage of job (MB)
	237916  -  ResidentSetSize of job (KB)
...
006 (204397.000.000) 10/22 18:49:31 Image size of job updated: 242044
	237  -  MemoryUsage of job (MB)
	242040  -  ResidentSetSize of job (KB)
...
006 (204397.000.000) 10/22 18:54:31 Image size of job updated: 246172
	241  -  MemoryUsage of job (MB)
	246168  -  ResidentSetSize of job (KB)
...
006 (204397.000.000) 10/22 18:59:33 Image size of job updated: 250324
	245  -  MemoryUsage of job (MB)
	250320  -  ResidentSetSize of job (KB)
...
006 (204397.000.000) 10/22 19:04:33 Image size of job updated: 254460
	249  -  MemoryUsage of job (MB)
	254456  -  ResidentSetSize of job (KB)
...
006 (204397.000.000) 10/22 19:09:33 Image size of job updated: 258592
	253  -  MemoryUsage of job (MB)
	258588  -  ResidentSetSize of job (KB)
...
006 (204397.000.000) 10/22 19:14:34 Image size of job updated: 262736
	257  -  MemoryUsage of job (MB)
	262732  -  ResidentSetSize of job (KB)
...
006 (204397.000.000) 10/22 19:19:35 Image size of job updated: 266884
	261  -  MemoryUsage of job (MB)
	266880  -  ResidentSetSize of job (KB)
...
006 (204397.000.000) 10/22 19:24:35 Image size of job updated: 271016
	265  -  MemoryUsage of job (MB)
	271012  -  ResidentSetSize of job (KB)
...
006 (204397.000.000) 10/22 19:29:36 Image size of job updated: 275160
	269  -  MemoryUsage of job (MB)
	275156  -  ResidentSetSize of job (KB)
...
006 (204397.000.000) 10/22 19:34:37 Image size of job updated: 279292
	273  -  MemoryUsage of job (MB)
	279288  -  ResidentSetSize of job (KB)
...
006 (204397.000.000) 10/22 19:39:37 Image size of job updated: 283420
	277  -  MemoryUsage of job (MB)
	283416  -  ResidentSetSize of job (KB)
...
006 (204397.000.000) 10/22 19:44:38 Image size of job updated: 287552
	281  -  MemoryUsage of job (MB)
	287548  -  ResidentSetSize of job (KB)
...
006 (204397.000.000) 10/22 19:49:39 Image size of job updated: 291684
	285  -  MemoryUsage of job (MB)
	291680  -  ResidentSetSize of job (KB)
...
006 (204397.000.000) 10/22 19:54:39 Image size of job updated: 295832
	289  -  MemoryUsage of job (MB)
	295828  -  ResidentSetSize of job (KB)
...
006 (204397.000.000) 10/22 19:59:40 Image size of job updated: 299976
	293  -  MemoryUsage of job (MB)
	299972  -  ResidentSetSize of job (KB)
...
006 (204397.000.000) 10/22 20:04:41 Image size of job updated: 304120
	297  -  MemoryUsage of job (MB)
	304116  -  ResidentSetSize of job (KB)
...
006 (204397.000.000) 10/22 20:09:42 Image size of job updated: 308268
	302  -  MemoryUsage of job (MB)
	308264  -  ResidentSetSize of job (KB)
...
006 (204397.000.000) 10/22 20:14:42 Image size of job updated: 312404
	306  -  MemoryUsage of job (MB)
	312400  -  ResidentSetSize of job (KB)
...
006 (204397.000.000) 10/22 20:19:42 Image size of job updated: 316544
	310  -  MemoryUsage of job (MB)
	316540  -  ResidentSetSize of job (KB)
...
006 (204397.000.000) 10/22 20:24:43 Image size of job updated: 320704
	314  -  MemoryUsage of job (MB)
	320700  -  ResidentSetSize of job (KB)
...
006 (204397.000.000) 10/22 20:29:44 Image size of job updated: 324840
	318  -  MemoryUsage of job (MB)
	324836  -  ResidentSetSize of job (KB)
...
006 (204397.000.000) 10/22 20:34:44 Image size of job updated: 328976
	322  -  MemoryUsage of job (MB)
	328972  -  ResidentSetSize of job (KB)
...
006 (204397.000.000) 10/22 20:39:44 Image size of job updated: 333112
	326  -  MemoryUsage of job (MB)
	333108  -  ResidentSetSize of job (KB)
...
006 (204397.000.000) 10/22 20:44:45 Image size of job updated: 337272
	330  -  MemoryUsage of job (MB)
	337268  -  ResidentSetSize of job (KB)
...
006 (204397.000.000) 10/22 20:49:46 Image size of job updated: 341408
	334  -  MemoryUsage of job (MB)
	341404  -  ResidentSetSize of job (KB)
...
006 (204397.000.000) 10/22 20:54:46 Image size of job updated: 345544
	338  -  MemoryUsage of job (MB)
	345540  -  ResidentSetSize of job (KB)
...
006 (204397.000.000) 10/22 20:59:46 Image size of job updated: 349680
	342  -  MemoryUsage of job (MB)
	349676  -  ResidentSetSize of job (KB)
...
006 (204397.000.000) 10/22 21:04:47 Image size of job updated: 353836
	346  -  MemoryUsage of job (MB)
	353832  -  ResidentSetSize of job (KB)
...
006 (204397.000.000) 10/22 21:09:48 Image size of job updated: 357972
	350  -  MemoryUsage of job (MB)
	357968  -  ResidentSetSize of job (KB)
...
006 (204397.000.000) 10/22 21:14:48 Image size of job updated: 362108
	354  -  MemoryUsage of job (MB)
	362104  -  ResidentSetSize of job (KB)
...
006 (204397.000.000) 10/22 21:19:48 Image size of job updated: 366244
	358  -  MemoryUsage of job (MB)
	366240  -  ResidentSetSize of job (KB)
...
006 (204397.000.000) 10/22 21:24:49 Image size of job updated: 370404
	362  -  MemoryUsage of job (MB)
	370400  -  ResidentSetSize of job (KB)
...
006 (204397.000.000) 10/22 21:29:50 Image size of job updated: 374540
	366  -  MemoryUsage of job (MB)
	374536  -  ResidentSetSize of job (KB)
...
006 (204397.000.000) 10/22 21:34:50 Image size of job updated: 378676
	370  -  MemoryUsage of job (MB)
	378672  -  ResidentSetSize of job (KB)
...
006 (204397.000.000) 10/22 21:39:51 Image size of job updated: 382832
	374  -  MemoryUsage of job (MB)
	382828  -  ResidentSetSize of job (KB)
...
006 (204397.000.000) 10/22 21:44:52 Image size of job updated: 386968
	378  -  MemoryUsage of job (MB)
	386964  -  ResidentSetSize of job (KB)
...
006 (204397.000.000) 10/22 21:49:52 Image size of job updated: 391104
	382  -  MemoryUsage of job (MB)
	391100  -  ResidentSetSize of job (KB)
...
006 (204397.000.000) 10/22 21:54:52 Image size of job updated: 395240
	386  -  MemoryUsage of job (MB)
	395236  -  ResidentSetSize of job (KB)
...
006 (204397.000.000) 10/22 21:59:53 Image size of job updated: 399396
	391  -  MemoryUsage of job (MB)
	399392  -  ResidentSetSize of job (KB)
...
006 (204397.000.000) 10/22 22:04:54 Image size of job updated: 403536
	395  -  MemoryUsage of job (MB)
	403532  -  ResidentSetSize of job (KB)
...
006 (204397.000.000) 10/22 22:09:54 Image size of job updated: 407672
	399  -  MemoryUsage of job (MB)
	407668  -  ResidentSetSize of job (KB)
...
006 (204397.000.000) 10/22 22:14:54 Image size of job updated: 411824
	403  -  MemoryUsage of job (MB)
	411820  -  ResidentSetSize of job (KB)
...
006 (204397.000.000) 10/22 22:19:55 Image size of job updated: 415972
	407  -  MemoryUsage of job (MB)
	415968  -  ResidentSetSize of job (KB)
...
006 (204397.000.000) 10/22 22:23:46 Image size of job updated: 419108
	407  -  MemoryUsage of job (MB)
	415968  -  ResidentSetSize of job (KB)
...
004 (204397.000.000) 10/22 22:23:46 Job was evicted.
	(0) Job was not checkpointed.
		Usr 0 06:53:26, Sys 0 00:00:55  -  Run Remote Usage
		Usr 0 00:00:00, Sys 0 00:00:00  -  Run Local Usage
	0  -  Run Bytes Sent By Job
	0  -  Run Bytes Received By Job
	Partitionable Resources :    Usage  Request Allocated 
	   Cpus                 :     1.00        1         1 
	   Disk (KB)            : 15000       15000     44180 
	   Memory (MB)          :   407        5000      5120 
...
009 (204397.000.000) 10/22 22:23:47 Job was aborted by the user.
	via condor_rm (by user jmoondra3)
...
000 (204437.000.000) 10/22 22:26:33 Job submitted from host: <130.207.91.92:9618?addrs=130.207.91.92-9618&noUDP&sock=1641_2b00_4>
...
001 (204437.000.000) 10/22 22:26:34 Job executing on host: <10.1.4.119:9618?addrs=10.1.4.119-9618&noUDP&sock=9578_4a31_3>
...
006 (204437.000.000) 10/22 22:26:43 Image size of job updated: 599796
	55  -  MemoryUsage of job (MB)
	56004  -  ResidentSetSize of job (KB)
...
006 (204437.000.000) 10/22 22:31:44 Image size of job updated: 600052
	55  -  MemoryUsage of job (MB)
	56196  -  ResidentSetSize of job (KB)
...
006 (204437.000.000) 10/22 22:36:45 Image size of job updated: 600052
	55  -  MemoryUsage of job (MB)
	56216  -  ResidentSetSize of job (KB)
...
006 (204437.000.000) 10/22 22:41:45 Image size of job updated: 601572
	57  -  MemoryUsage of job (MB)
	57712  -  ResidentSetSize of job (KB)
...
006 (204437.000.000) 10/22 22:46:45 Image size of job updated: 604672
	60  -  MemoryUsage of job (MB)
	61280  -  ResidentSetSize of job (KB)
...
006 (204437.000.000) 10/22 22:51:46 Image size of job updated: 608084
	63  -  MemoryUsage of job (MB)
	63864  -  ResidentSetSize of job (KB)
...
006 (204437.000.000) 10/22 22:56:47 Image size of job updated: 612396
	67  -  MemoryUsage of job (MB)
	68480  -  ResidentSetSize of job (KB)
...
006 (204437.000.000) 10/22 23:01:47 Image size of job updated: 614444
	69  -  MemoryUsage of job (MB)
	70580  -  ResidentSetSize of job (KB)
...
006 (204437.000.000) 10/22 23:06:47 Image size of job updated: 619516
	74  -  MemoryUsage of job (MB)
	75520  -  ResidentSetSize of job (KB)
...
006 (204437.000.000) 10/22 23:11:48 Image size of job updated: 622100
	77  -  MemoryUsage of job (MB)
	78000  -  ResidentSetSize of job (KB)
...
006 (204437.000.000) 10/22 23:16:48 Image size of job updated: 624560
	79  -  MemoryUsage of job (MB)
	80508  -  ResidentSetSize of job (KB)
...
006 (204437.000.000) 10/22 23:21:48 Image size of job updated: 627068
	82  -  MemoryUsage of job (MB)
	83180  -  ResidentSetSize of job (KB)
...
006 (204437.000.000) 10/22 23:26:49 Image size of job updated: 629640
	84  -  MemoryUsage of job (MB)
	85460  -  ResidentSetSize of job (KB)
...
006 (204437.000.000) 10/22 23:31:50 Image size of job updated: 632532
	87  -  MemoryUsage of job (MB)
	88300  -  ResidentSetSize of job (KB)
...
006 (204437.000.000) 10/22 23:36:50 Image size of job updated: 635496
	90  -  MemoryUsage of job (MB)
	91332  -  ResidentSetSize of job (KB)
...
006 (204437.000.000) 10/22 23:41:50 Image size of job updated: 638424
	93  -  MemoryUsage of job (MB)
	94236  -  ResidentSetSize of job (KB)
...
006 (204437.000.000) 10/22 23:46:51 Image size of job updated: 640848
	95  -  MemoryUsage of job (MB)
	96768  -  ResidentSetSize of job (KB)
...
006 (204437.000.000) 10/22 23:51:52 Image size of job updated: 642928
	97  -  MemoryUsage of job (MB)
	98336  -  ResidentSetSize of job (KB)
...
006 (204437.000.000) 10/22 23:56:52 Image size of job updated: 645956
	100  -  MemoryUsage of job (MB)
	101764  -  ResidentSetSize of job (KB)
...
006 (204437.000.000) 10/23 00:01:52 Image size of job updated: 649468
	103  -  MemoryUsage of job (MB)
	105168  -  ResidentSetSize of job (KB)
...
006 (204437.000.000) 10/23 00:06:53 Image size of job updated: 653624
	106  -  MemoryUsage of job (MB)
	108496  -  ResidentSetSize of job (KB)
...
006 (204437.000.000) 10/23 00:11:53 Image size of job updated: 656184
	110  -  MemoryUsage of job (MB)
	111876  -  ResidentSetSize of job (KB)
...
006 (204437.000.000) 10/23 00:16:53 Image size of job updated: 660532
	113  -  MemoryUsage of job (MB)
	115284  -  ResidentSetSize of job (KB)
...
006 (204437.000.000) 10/23 00:21:54 Image size of job updated: 663092
	116  -  MemoryUsage of job (MB)
	118648  -  ResidentSetSize of job (KB)
...
006 (204437.000.000) 10/23 00:26:55 Image size of job updated: 666316
	120  -  MemoryUsage of job (MB)
	122000  -  ResidentSetSize of job (KB)
...
006 (204437.000.000) 10/23 00:31:56 Image size of job updated: 670228
	123  -  MemoryUsage of job (MB)
	125348  -  ResidentSetSize of job (KB)
...
006 (204437.000.000) 10/23 00:36:56 Image size of job updated: 672532
	126  -  MemoryUsage of job (MB)
	128636  -  ResidentSetSize of job (KB)
...
006 (204437.000.000) 10/23 00:41:56 Image size of job updated: 677356
	129  -  MemoryUsage of job (MB)
	132024  -  ResidentSetSize of job (KB)
...
006 (204437.000.000) 10/23 00:46:57 Image size of job updated: 679916
	133  -  MemoryUsage of job (MB)
	135436  -  ResidentSetSize of job (KB)
...
006 (204437.000.000) 10/23 00:51:57 Image size of job updated: 683316
	136  -  MemoryUsage of job (MB)
	138840  -  ResidentSetSize of job (KB)
...
006 (204437.000.000) 10/23 00:56:57 Image size of job updated: 687588
	139  -  MemoryUsage of job (MB)
	142248  -  ResidentSetSize of job (KB)
...
006 (204437.000.000) 10/23 01:01:58 Image size of job updated: 690148
	143  -  MemoryUsage of job (MB)
	145680  -  ResidentSetSize of job (KB)
...
006 (204437.000.000) 10/23 01:06:59 Image size of job updated: 693652
	146  -  MemoryUsage of job (MB)
	149128  -  ResidentSetSize of job (KB)
...
006 (204437.000.000) 10/23 01:11:59 Image size of job updated: 698396
	149  -  MemoryUsage of job (MB)
	152552  -  ResidentSetSize of job (KB)
...
006 (204437.000.000) 10/23 01:16:59 Image size of job updated: 700956
	153  -  MemoryUsage of job (MB)
	155996  -  ResidentSetSize of job (KB)
...
006 (204437.000.000) 10/23 01:22:00 Image size of job updated: 703516
	156  -  MemoryUsage of job (MB)
	159444  -  ResidentSetSize of job (KB)
...
006 (204437.000.000) 10/23 01:27:00 Image size of job updated: 709304
	159  -  MemoryUsage of job (MB)
	162800  -  ResidentSetSize of job (KB)
...
006 (204437.000.000) 10/23 01:32:00 Image size of job updated: 711864
	163  -  MemoryUsage of job (MB)
	166240  -  ResidentSetSize of job (KB)
...
006 (204437.000.000) 10/23 01:37:01 Image size of job updated: 714424
	166  -  MemoryUsage of job (MB)
	169628  -  ResidentSetSize of job (KB)
...
006 (204437.000.000) 10/23 01:42:02 Image size of job updated: 718180
	170  -  MemoryUsage of job (MB)
	173064  -  ResidentSetSize of job (KB)
...
006 (204437.000.000) 10/23 01:47:02 Image size of job updated: 723172
	173  -  MemoryUsage of job (MB)
	176500  -  ResidentSetSize of job (KB)
...
006 (204437.000.000) 10/23 01:52:02 Image size of job updated: 725732
	176  -  MemoryUsage of job (MB)
	179880  -  ResidentSetSize of job (KB)
...
006 (204437.000.000) 10/23 01:57:03 Image size of job updated: 728292
	179  -  MemoryUsage of job (MB)
	183276  -  ResidentSetSize of job (KB)
...
006 (204437.000.000) 10/23 02:02:04 Image size of job updated: 730852
	183  -  MemoryUsage of job (MB)
	186644  -  ResidentSetSize of job (KB)
...
006 (204437.000.000) 10/23 02:07:04 Image size of job updated: 737500
	186  -  MemoryUsage of job (MB)
	190024  -  ResidentSetSize of job (KB)
...
006 (204437.000.000) 10/23 02:12:04 Image size of job updated: 740060
	189  -  MemoryUsage of job (MB)
	193392  -  ResidentSetSize of job (KB)
...
006 (204437.000.000) 10/23 02:17:05 Image size of job updated: 742620
	193  -  MemoryUsage of job (MB)
	196800  -  ResidentSetSize of job (KB)
...
006 (204437.000.000) 10/23 02:22:06 Image size of job updated: 745180
	196  -  MemoryUsage of job (MB)
	200236  -  ResidentSetSize of job (KB)
...
006 (204437.000.000) 10/23 02:27:06 Image size of job updated: 749252
	199  -  MemoryUsage of job (MB)
	203632  -  ResidentSetSize of job (KB)
...
006 (204437.000.000) 10/23 02:32:06 Image size of job updated: 754636
	203  -  MemoryUsage of job (MB)
	206992  -  ResidentSetSize of job (KB)
...
006 (204437.000.000) 10/23 02:37:07 Image size of job updated: 757452
	206  -  MemoryUsage of job (MB)
	210416  -  ResidentSetSize of job (KB)
...
006 (204437.000.000) 10/23 02:42:07 Image size of job updated: 760012
	209  -  MemoryUsage of job (MB)
	213840  -  ResidentSetSize of job (KB)
...
006 (204437.000.000) 10/23 02:47:07 Image size of job updated: 762572
	213  -  MemoryUsage of job (MB)
	217244  -  ResidentSetSize of job (KB)
...
006 (204437.000.000) 10/23 02:52:08 Image size of job updated: 765132
	216  -  MemoryUsage of job (MB)
	220624  -  ResidentSetSize of job (KB)
...
006 (204437.000.000) 10/23 02:57:09 Image size of job updated: 769392
	219  -  MemoryUsage of job (MB)
	223976  -  ResidentSetSize of job (KB)
...
006 (204437.000.000) 10/23 03:02:09 Image size of job updated: 775424
	223  -  MemoryUsage of job (MB)
	227376  -  ResidentSetSize of job (KB)
...
006 (204437.000.000) 10/23 03:07:09 Image size of job updated: 777984
	226  -  MemoryUsage of job (MB)
	230776  -  ResidentSetSize of job (KB)
...
006 (204437.000.000) 10/23 03:12:10 Image size of job updated: 780544
	229  -  MemoryUsage of job (MB)
	234224  -  ResidentSetSize of job (KB)
...
006 (204437.000.000) 10/23 03:17:11 Image size of job updated: 783104
	233  -  MemoryUsage of job (MB)
	237652  -  ResidentSetSize of job (KB)
...
006 (204437.000.000) 10/23 03:22:11 Image size of job updated: 785664
	236  -  MemoryUsage of job (MB)
	241080  -  ResidentSetSize of job (KB)
...
006 (204437.000.000) 10/23 03:27:11 Image size of job updated: 790136
	239  -  MemoryUsage of job (MB)
	244484  -  ResidentSetSize of job (KB)
...
006 (204437.000.000) 10/23 03:32:13 Image size of job updated: 796600
	243  -  MemoryUsage of job (MB)
	247820  -  ResidentSetSize of job (KB)
...
006 (204437.000.000) 10/23 03:37:13 Image size of job updated: 799160
	246  -  MemoryUsage of job (MB)
	251192  -  ResidentSetSize of job (KB)
...
006 (204437.000.000) 10/23 03:42:13 Image size of job updated: 801720
	249  -  MemoryUsage of job (MB)
	254568  -  ResidentSetSize of job (KB)
...
006 (204437.000.000) 10/23 03:47:13 Image size of job updated: 804280
	252  -  MemoryUsage of job (MB)
	257972  -  ResidentSetSize of job (KB)
...
006 (204437.000.000) 10/23 03:52:14 Image size of job updated: 806840
	256  -  MemoryUsage of job (MB)
	261400  -  ResidentSetSize of job (KB)
...
006 (204437.000.000) 10/23 03:57:15 Image size of job updated: 809400
	259  -  MemoryUsage of job (MB)
	264800  -  ResidentSetSize of job (KB)
...
006 (204437.000.000) 10/23 04:02:15 Image size of job updated: 814112
	262  -  MemoryUsage of job (MB)
	268224  -  ResidentSetSize of job (KB)
...
006 (204437.000.000) 10/23 04:07:15 Image size of job updated: 821064
	266  -  MemoryUsage of job (MB)
	271620  -  ResidentSetSize of job (KB)
...
006 (204437.000.000) 10/23 04:12:16 Image size of job updated: 823624
	269  -  MemoryUsage of job (MB)
	275032  -  ResidentSetSize of job (KB)
...
006 (204437.000.000) 10/23 04:17:17 Image size of job updated: 826184
	272  -  MemoryUsage of job (MB)
	278424  -  ResidentSetSize of job (KB)
...
006 (204437.000.000) 10/23 04:22:17 Image size of job updated: 828744
	276  -  MemoryUsage of job (MB)
	281792  -  ResidentSetSize of job (KB)
...
006 (204437.000.000) 10/23 04:27:17 Image size of job updated: 831304
	279  -  MemoryUsage of job (MB)
	285200  -  ResidentSetSize of job (KB)
...
006 (204437.000.000) 10/23 04:32:19 Image size of job updated: 833864
	282  -  MemoryUsage of job (MB)
	288616  -  ResidentSetSize of job (KB)
...
006 (204437.000.000) 10/23 04:37:19 Image size of job updated: 838592
	285  -  MemoryUsage of job (MB)
	291780  -  ResidentSetSize of job (KB)
...
006 (204437.000.000) 10/23 04:42:19 Image size of job updated: 840128
	287  -  MemoryUsage of job (MB)
	293644  -  ResidentSetSize of job (KB)
...
006 (204437.000.000) 10/23 04:47:20 Image size of job updated: 841408
	289  -  MemoryUsage of job (MB)
	295528  -  ResidentSetSize of job (KB)
...
006 (204437.000.000) 10/23 04:52:21 Image size of job updated: 847888
	291  -  MemoryUsage of job (MB)
	297392  -  ResidentSetSize of job (KB)
...
006 (204437.000.000) 10/23 04:57:21 Image size of job updated: 849168
	293  -  MemoryUsage of job (MB)
	299276  -  ResidentSetSize of job (KB)
...
006 (204437.000.000) 10/23 05:02:21 Image size of job updated: 850704
	295  -  MemoryUsage of job (MB)
	301152  -  ResidentSetSize of job (KB)
...
006 (204437.000.000) 10/23 05:07:22 Image size of job updated: 851984
	296  -  MemoryUsage of job (MB)
	303044  -  ResidentSetSize of job (KB)
...
006 (204437.000.000) 10/23 05:12:23 Image size of job updated: 853520
	298  -  MemoryUsage of job (MB)
	304904  -  ResidentSetSize of job (KB)
...
006 (204437.000.000) 10/23 05:17:23 Image size of job updated: 854800
	300  -  MemoryUsage of job (MB)
	306784  -  ResidentSetSize of job (KB)
...
006 (204437.000.000) 10/23 05:22:23 Image size of job updated: 856336
	302  -  MemoryUsage of job (MB)
	308652  -  ResidentSetSize of job (KB)
...
006 (204437.000.000) 10/23 05:27:25 Image size of job updated: 857616
	304  -  MemoryUsage of job (MB)
	310532  -  ResidentSetSize of job (KB)
...
006 (204437.000.000) 10/23 05:32:25 Image size of job updated: 859152
	306  -  MemoryUsage of job (MB)
	312420  -  ResidentSetSize of job (KB)
...
006 (204437.000.000) 10/23 05:37:25 Image size of job updated: 860432
	307  -  MemoryUsage of job (MB)
	314304  -  ResidentSetSize of job (KB)
...
006 (204437.000.000) 10/23 05:42:26 Image size of job updated: 861968
	309  -  MemoryUsage of job (MB)
	316220  -  ResidentSetSize of job (KB)
...
006 (204437.000.000) 10/23 05:47:27 Image size of job updated: 863504
	311  -  MemoryUsage of job (MB)
	318108  -  ResidentSetSize of job (KB)
...
006 (204437.000.000) 10/23 05:52:27 Image size of job updated: 864784
	313  -  MemoryUsage of job (MB)
	320012  -  ResidentSetSize of job (KB)
...
006 (204437.000.000) 10/23 05:57:27 Image size of job updated: 869044
	315  -  MemoryUsage of job (MB)
	321904  -  ResidentSetSize of job (KB)
...
006 (204437.000.000) 10/23 06:02:28 Image size of job updated: 870324
	317  -  MemoryUsage of job (MB)
	323792  -  ResidentSetSize of job (KB)
...
006 (204437.000.000) 10/23 06:07:29 Image size of job updated: 871860
	319  -  MemoryUsage of job (MB)
	325700  -  ResidentSetSize of job (KB)
...
006 (204437.000.000) 10/23 06:12:29 Image size of job updated: 878948
	320  -  MemoryUsage of job (MB)
	327588  -  ResidentSetSize of job (KB)
...
006 (204437.000.000) 10/23 06:17:30 Image size of job updated: 880228
	322  -  MemoryUsage of job (MB)
	329500  -  ResidentSetSize of job (KB)
...
006 (204437.000.000) 10/23 06:22:31 Image size of job updated: 881764
	324  -  MemoryUsage of job (MB)
	331392  -  ResidentSetSize of job (KB)
...
006 (204437.000.000) 10/23 06:27:32 Image size of job updated: 883044
	326  -  MemoryUsage of job (MB)
	333304  -  ResidentSetSize of job (KB)
...
006 (204437.000.000) 10/23 06:32:32 Image size of job updated: 884580
	328  -  MemoryUsage of job (MB)
	335196  -  ResidentSetSize of job (KB)
...
006 (204437.000.000) 10/23 06:37:33 Image size of job updated: 885860
	330  -  MemoryUsage of job (MB)
	337076  -  ResidentSetSize of job (KB)
...
006 (204437.000.000) 10/23 06:42:34 Image size of job updated: 887396
	332  -  MemoryUsage of job (MB)
	338992  -  ResidentSetSize of job (KB)
...
006 (204437.000.000) 10/23 06:47:34 Image size of job updated: 888932
	333  -  MemoryUsage of job (MB)
	340880  -  ResidentSetSize of job (KB)
...
006 (204437.000.000) 10/23 06:52:34 Image size of job updated: 890212
	335  -  MemoryUsage of job (MB)
	342780  -  ResidentSetSize of job (KB)
...
006 (204437.000.000) 10/23 06:57:35 Image size of job updated: 891748
	337  -  MemoryUsage of job (MB)
	344676  -  ResidentSetSize of job (KB)
...
006 (204437.000.000) 10/23 07:02:36 Image size of job updated: 893028
	339  -  MemoryUsage of job (MB)
	346564  -  ResidentSetSize of job (KB)
...
006 (204437.000.000) 10/23 07:07:36 Image size of job updated: 894564
	341  -  MemoryUsage of job (MB)
	348472  -  ResidentSetSize of job (KB)
...
006 (204437.000.000) 10/23 07:12:36 Image size of job updated: 896100
	343  -  MemoryUsage of job (MB)
	350364  -  ResidentSetSize of job (KB)
...
006 (204437.000.000) 10/23 07:17:37 Image size of job updated: 897380
	345  -  MemoryUsage of job (MB)
	352268  -  ResidentSetSize of job (KB)
...
006 (204437.000.000) 10/23 07:22:37 Image size of job updated: 901980
	346  -  MemoryUsage of job (MB)
	354156  -  ResidentSetSize of job (KB)
...
006 (204437.000.000) 10/23 07:27:37 Image size of job updated: 903260
	348  -  MemoryUsage of job (MB)
	356048  -  ResidentSetSize of job (KB)
...
006 (204437.000.000) 10/23 07:32:38 Image size of job updated: 904796
	350  -  MemoryUsage of job (MB)
	357944  -  ResidentSetSize of job (KB)
...
006 (204437.000.000) 10/23 07:37:39 Image size of job updated: 906076
	352  -  MemoryUsage of job (MB)
	359836  -  ResidentSetSize of job (KB)
...
006 (204437.000.000) 10/23 07:42:39 Image size of job updated: 913868
	354  -  MemoryUsage of job (MB)
	361740  -  ResidentSetSize of job (KB)
...
006 (204437.000.000) 10/23 07:47:40 Image size of job updated: 915148
	356  -  MemoryUsage of job (MB)
	363636  -  ResidentSetSize of job (KB)
...
006 (204437.000.000) 10/23 07:52:41 Image size of job updated: 916684
	357  -  MemoryUsage of job (MB)
	365540  -  ResidentSetSize of job (KB)
...
006 (204437.000.000) 10/23 07:57:41 Image size of job updated: 918220
	359  -  MemoryUsage of job (MB)
	367428  -  ResidentSetSize of job (KB)
...
006 (204437.000.000) 10/23 08:02:41 Image size of job updated: 919500
	361  -  MemoryUsage of job (MB)
	369328  -  ResidentSetSize of job (KB)
...
006 (204437.000.000) 10/23 08:07:42 Image size of job updated: 921036
	363  -  MemoryUsage of job (MB)
	371212  -  ResidentSetSize of job (KB)
...
006 (204437.000.000) 10/23 08:12:42 Image size of job updated: 922316
	365  -  MemoryUsage of job (MB)
	373084  -  ResidentSetSize of job (KB)
...
006 (204437.000.000) 10/23 08:17:42 Image size of job updated: 923852
	367  -  MemoryUsage of job (MB)
	374988  -  ResidentSetSize of job (KB)
...
006 (204437.000.000) 10/23 08:22:43 Image size of job updated: 925388
	369  -  MemoryUsage of job (MB)
	376856  -  ResidentSetSize of job (KB)
...
006 (204437.000.000) 10/23 08:27:44 Image size of job updated: 926668
	370  -  MemoryUsage of job (MB)
	378764  -  ResidentSetSize of job (KB)
...
006 (204437.000.000) 10/23 08:32:44 Image size of job updated: 927948
	372  -  MemoryUsage of job (MB)
	380632  -  ResidentSetSize of job (KB)
...
006 (204437.000.000) 10/23 08:37:44 Image size of job updated: 929484
	374  -  MemoryUsage of job (MB)
	382528  -  ResidentSetSize of job (KB)
...
006 (204437.000.000) 10/23 08:42:45 Image size of job updated: 931020
	376  -  MemoryUsage of job (MB)
	384408  -  ResidentSetSize of job (KB)
...
006 (204437.000.000) 10/23 08:47:46 Image size of job updated: 932300
	378  -  MemoryUsage of job (MB)
	386304  -  ResidentSetSize of job (KB)
...
006 (204437.000.000) 10/23 08:52:46 Image size of job updated: 933836
	380  -  MemoryUsage of job (MB)
	388192  -  ResidentSetSize of job (KB)
...
006 (204437.000.000) 10/23 08:57:47 Image size of job updated: 935372
	381  -  MemoryUsage of job (MB)
	390084  -  ResidentSetSize of job (KB)
...
006 (204437.000.000) 10/23 09:02:48 Image size of job updated: 940100
	383  -  MemoryUsage of job (MB)
	391992  -  ResidentSetSize of job (KB)
...
006 (204437.000.000) 10/23 09:07:48 Image size of job updated: 941636
	385  -  MemoryUsage of job (MB)
	393880  -  ResidentSetSize of job (KB)
...
006 (204437.000.000) 10/23 09:12:48 Image size of job updated: 942916
	387  -  MemoryUsage of job (MB)
	395784  -  ResidentSetSize of job (KB)
...
006 (204437.000.000) 10/23 09:17:49 Image size of job updated: 944452
	389  -  MemoryUsage of job (MB)
	397676  -  ResidentSetSize of job (KB)
...
006 (204437.000.000) 10/23 09:22:50 Image size of job updated: 952764
	391  -  MemoryUsage of job (MB)
	399580  -  ResidentSetSize of job (KB)
...
006 (204437.000.000) 10/23 09:27:50 Image size of job updated: 954300
	393  -  MemoryUsage of job (MB)
	401468  -  ResidentSetSize of job (KB)
...
006 (204437.000.000) 10/23 09:32:51 Image size of job updated: 955836
	394  -  MemoryUsage of job (MB)
	403364  -  ResidentSetSize of job (KB)
...
006 (204437.000.000) 10/23 09:37:52 Image size of job updated: 957116
	396  -  MemoryUsage of job (MB)
	405260  -  ResidentSetSize of job (KB)
...
006 (204437.000.000) 10/23 09:42:52 Image size of job updated: 958652
	398  -  MemoryUsage of job (MB)
	407152  -  ResidentSetSize of job (KB)
...
006 (204437.000.000) 10/23 09:47:52 Image size of job updated: 959932
	400  -  MemoryUsage of job (MB)
	409048  -  ResidentSetSize of job (KB)
...
006 (204437.000.000) 10/23 09:52:53 Image size of job updated: 961468
	402  -  MemoryUsage of job (MB)
	410940  -  ResidentSetSize of job (KB)
...
006 (204437.000.000) 10/23 09:57:54 Image size of job updated: 962748
	404  -  MemoryUsage of job (MB)
	412844  -  ResidentSetSize of job (KB)
...
006 (204437.000.000) 10/23 10:02:54 Image size of job updated: 964284
	406  -  MemoryUsage of job (MB)
	414736  -  ResidentSetSize of job (KB)
...
006 (204437.000.000) 10/23 10:07:55 Image size of job updated: 965564
	407  -  MemoryUsage of job (MB)
	416632  -  ResidentSetSize of job (KB)
...
006 (204437.000.000) 10/23 10:12:56 Image size of job updated: 967100
	409  -  MemoryUsage of job (MB)
	418532  -  ResidentSetSize of job (KB)
...
006 (204437.000.000) 10/23 10:17:56 Image size of job updated: 968636
	411  -  MemoryUsage of job (MB)
	420424  -  ResidentSetSize of job (KB)
...
006 (204437.000.000) 10/23 10:22:56 Image size of job updated: 969916
	413  -  MemoryUsage of job (MB)
	422340  -  ResidentSetSize of job (KB)
...
006 (204437.000.000) 10/23 10:27:57 Image size of job updated: 971452
	415  -  MemoryUsage of job (MB)
	424240  -  ResidentSetSize of job (KB)
...
006 (204437.000.000) 10/23 10:32:58 Image size of job updated: 972732
	417  -  MemoryUsage of job (MB)
	426132  -  ResidentSetSize of job (KB)
...
006 (204437.000.000) 10/23 10:37:58 Image size of job updated: 974268
	419  -  MemoryUsage of job (MB)
	428036  -  ResidentSetSize of job (KB)
...
006 (204437.000.000) 10/23 10:42:58 Image size of job updated: 975804
	420  -  MemoryUsage of job (MB)
	429928  -  ResidentSetSize of job (KB)
...
006 (204437.000.000) 10/23 10:47:59 Image size of job updated: 977084
	422  -  MemoryUsage of job (MB)
	431836  -  ResidentSetSize of job (KB)
...
006 (204437.000.000) 10/23 10:53:00 Image size of job updated: 982500
	424  -  MemoryUsage of job (MB)
	433728  -  ResidentSetSize of job (KB)
...
006 (204437.000.000) 10/23 10:58:00 Image size of job updated: 983780
	426  -  MemoryUsage of job (MB)
	435644  -  ResidentSetSize of job (KB)
...
006 (204437.000.000) 10/23 11:03:00 Image size of job updated: 985316
	428  -  MemoryUsage of job (MB)
	437544  -  ResidentSetSize of job (KB)
...
006 (204437.000.000) 10/23 11:08:01 Image size of job updated: 986596
	430  -  MemoryUsage of job (MB)
	439444  -  ResidentSetSize of job (KB)
...
006 (204437.000.000) 10/23 11:13:01 Image size of job updated: 996052
	432  -  MemoryUsage of job (MB)
	441356  -  ResidentSetSize of job (KB)
...
006 (204437.000.000) 10/23 11:18:01 Image size of job updated: 997588
	433  -  MemoryUsage of job (MB)
	443252  -  ResidentSetSize of job (KB)
...
006 (204437.000.000) 10/23 11:23:02 Image size of job updated: 998868
	435  -  MemoryUsage of job (MB)
	445164  -  ResidentSetSize of job (KB)
...
006 (204437.000.000) 10/23 11:28:03 Image size of job updated: 1000404
	437  -  MemoryUsage of job (MB)
	447076  -  ResidentSetSize of job (KB)
...
006 (204437.000.000) 10/23 11:33:03 Image size of job updated: 1001684
	439  -  MemoryUsage of job (MB)
	448972  -  ResidentSetSize of job (KB)
...
006 (204437.000.000) 10/23 11:38:04 Image size of job updated: 1003220
	441  -  MemoryUsage of job (MB)
	450896  -  ResidentSetSize of job (KB)
...
006 (204437.000.000) 10/23 11:43:05 Image size of job updated: 1004756
	443  -  MemoryUsage of job (MB)
	452792  -  ResidentSetSize of job (KB)
...
006 (204437.000.000) 10/23 11:48:05 Image size of job updated: 1006292
	445  -  MemoryUsage of job (MB)
	454688  -  ResidentSetSize of job (KB)
...
006 (204437.000.000) 10/23 11:53:05 Image size of job updated: 1007572
	446  -  MemoryUsage of job (MB)
	456596  -  ResidentSetSize of job (KB)
...
006 (204437.000.000) 10/23 11:58:06 Image size of job updated: 1009108
	448  -  MemoryUsage of job (MB)
	458496  -  ResidentSetSize of job (KB)
...
006 (204437.000.000) 10/23 12:03:07 Image size of job updated: 1010388
	450  -  MemoryUsage of job (MB)
	460416  -  ResidentSetSize of job (KB)
...
006 (204437.000.000) 10/23 12:08:07 Image size of job updated: 1011924
	452  -  MemoryUsage of job (MB)
	462316  -  ResidentSetSize of job (KB)
...
006 (204437.000.000) 10/23 12:13:07 Image size of job updated: 1013460
	454  -  MemoryUsage of job (MB)
	464212  -  ResidentSetSize of job (KB)
...
006 (204437.000.000) 10/23 12:18:08 Image size of job updated: 1014740
	456  -  MemoryUsage of job (MB)
	466124  -  ResidentSetSize of job (KB)
...
006 (204437.000.000) 10/23 12:23:08 Image size of job updated: 1016276
	458  -  MemoryUsage of job (MB)
	468020  -  ResidentSetSize of job (KB)
...
006 (204437.000.000) 10/23 12:28:08 Image size of job updated: 1017556
	459  -  MemoryUsage of job (MB)
	469936  -  ResidentSetSize of job (KB)
...
006 (204437.000.000) 10/23 12:33:09 Image size of job updated: 1019092
	461  -  MemoryUsage of job (MB)
	471836  -  ResidentSetSize of job (KB)
...
006 (204437.000.000) 10/23 12:38:10 Image size of job updated: 1020372
	463  -  MemoryUsage of job (MB)
	473732  -  ResidentSetSize of job (KB)
...
006 (204437.000.000) 10/23 12:43:10 Image size of job updated: 1021908
	465  -  MemoryUsage of job (MB)
	475644  -  ResidentSetSize of job (KB)
...
006 (204437.000.000) 10/23 12:48:10 Image size of job updated: 1023444
	467  -  MemoryUsage of job (MB)
	477540  -  ResidentSetSize of job (KB)
...
006 (204437.000.000) 10/23 12:53:11 Image size of job updated: 1024724
	469  -  MemoryUsage of job (MB)
	479464  -  ResidentSetSize of job (KB)
...
006 (204437.000.000) 10/23 12:58:12 Image size of job updated: 1030624
	471  -  MemoryUsage of job (MB)
	481360  -  ResidentSetSize of job (KB)
...
006 (204437.000.000) 10/23 13:03:12 Image size of job updated: 1032160
	473  -  MemoryUsage of job (MB)
	483512  -  ResidentSetSize of job (KB)
...
006 (204437.000.000) 10/23 13:07:51 Image size of job updated: 1033696
	473  -  MemoryUsage of job (MB)
	483512  -  ResidentSetSize of job (KB)
...
004 (204437.000.000) 10/23 13:07:51 Job was evicted.
	(0) Job was not checkpointed.
		Usr 0 14:13:50, Sys 0 00:27:27  -  Run Remote Usage
		Usr 0 00:00:00, Sys 0 00:00:00  -  Run Local Usage
	0  -  Run Bytes Sent By Job
	0  -  Run Bytes Received By Job
	Partitionable Resources :    Usage  Request Allocated 
	   Cpus                 :     1.00        1         1 
	   Disk (KB)            : 15000       15000     41765 
	   Memory (MB)          :   473        5000      5120 
...
009 (204437.000.000) 10/23 13:07:52 Job was aborted by the user.
	via condor_rm (by user jmoondra3)
...
