000 (204439.000.000) 10/22 22:28:06 Job submitted from host: <130.207.91.92:9618?addrs=130.207.91.92-9618&noUDP&sock=1641_2b00_4>
...
001 (204439.000.000) 10/22 22:28:13 Job executing on host: <10.1.9.101:9618?addrs=10.1.9.101-9618&noUDP&sock=8769_6212_3>
...
006 (204439.000.000) 10/22 22:28:22 Image size of job updated: 56136
	55  -  MemoryUsage of job (MB)
	56132  -  ResidentSetSize of job (KB)
...
006 (204439.000.000) 10/22 22:33:23 Image size of job updated: 56196
	55  -  MemoryUsage of job (MB)
	56192  -  ResidentSetSize of job (KB)
...
006 (204439.000.000) 10/22 22:38:23 Image size of job updated: 58244
	57  -  MemoryUsage of job (MB)
	58240  -  ResidentSetSize of job (KB)
...
006 (204439.000.000) 10/22 22:43:23 Image size of job updated: 58268
	57  -  MemoryUsage of job (MB)
	58264  -  ResidentSetSize of job (KB)
...
006 (204439.000.000) 10/22 22:48:24 Image size of job updated: 130876
	128  -  MemoryUsage of job (MB)
	130872  -  ResidentSetSize of job (KB)
...
006 (204439.000.000) 10/22 22:53:25 Image size of job updated: 130884
	128  -  MemoryUsage of job (MB)
	130880  -  ResidentSetSize of job (KB)
...
006 (204439.000.000) 10/22 23:23:27 Image size of job updated: 131788
	129  -  MemoryUsage of job (MB)
	131784  -  ResidentSetSize of job (KB)
...
006 (204439.000.000) 10/23 00:08:31 Image size of job updated: 134364
	132  -  MemoryUsage of job (MB)
	134360  -  ResidentSetSize of job (KB)
...
006 (204439.000.000) 10/23 00:13:32 Image size of job updated: 137036
	134  -  MemoryUsage of job (MB)
	137032  -  ResidentSetSize of job (KB)
...
006 (204439.000.000) 10/23 00:18:32 Image size of job updated: 139712
	137  -  MemoryUsage of job (MB)
	139708  -  ResidentSetSize of job (KB)
...
006 (204439.000.000) 10/23 00:23:32 Image size of job updated: 142384
	140  -  MemoryUsage of job (MB)
	142380  -  ResidentSetSize of job (KB)
...
006 (204439.000.000) 10/23 00:28:33 Image size of job updated: 145068
	142  -  MemoryUsage of job (MB)
	145064  -  ResidentSetSize of job (KB)
...
006 (204439.000.000) 10/23 00:33:34 Image size of job updated: 147744
	145  -  MemoryUsage of job (MB)
	147740  -  ResidentSetSize of job (KB)
...
006 (204439.000.000) 10/23 00:38:35 Image size of job updated: 154400
	151  -  MemoryUsage of job (MB)
	154396  -  ResidentSetSize of job (KB)
...
006 (204439.000.000) 10/23 00:43:35 Image size of job updated: 157360
	154  -  MemoryUsage of job (MB)
	157356  -  ResidentSetSize of job (KB)
...
006 (204439.000.000) 10/23 00:48:35 Image size of job updated: 164892
	162  -  MemoryUsage of job (MB)
	164888  -  ResidentSetSize of job (KB)
...
006 (204439.000.000) 10/23 00:53:36 Image size of job updated: 168156
	165  -  MemoryUsage of job (MB)
	168152  -  ResidentSetSize of job (KB)
...
006 (204439.000.000) 10/23 00:58:37 Image size of job updated: 171432
	168  -  MemoryUsage of job (MB)
	171428  -  ResidentSetSize of job (KB)
...
006 (204439.000.000) 10/23 01:03:37 Image size of job updated: 174704
	171  -  MemoryUsage of job (MB)
	174700  -  ResidentSetSize of job (KB)
...
006 (204439.000.000) 10/23 01:08:37 Image size of job updated: 177980
	174  -  MemoryUsage of job (MB)
	177976  -  ResidentSetSize of job (KB)
...
006 (204439.000.000) 10/23 01:13:38 Image size of job updated: 181260
	178  -  MemoryUsage of job (MB)
	181256  -  ResidentSetSize of job (KB)
...
006 (204439.000.000) 10/23 01:18:39 Image size of job updated: 184536
	181  -  MemoryUsage of job (MB)
	184532  -  ResidentSetSize of job (KB)
...
006 (204439.000.000) 10/23 01:23:39 Image size of job updated: 187804
	184  -  MemoryUsage of job (MB)
	187800  -  ResidentSetSize of job (KB)
...
006 (204439.000.000) 10/23 01:28:39 Image size of job updated: 191084
	187  -  MemoryUsage of job (MB)
	191080  -  ResidentSetSize of job (KB)
...
006 (204439.000.000) 10/23 01:33:40 Image size of job updated: 194360
	190  -  MemoryUsage of job (MB)
	194356  -  ResidentSetSize of job (KB)
...
006 (204439.000.000) 10/23 01:38:41 Image size of job updated: 197640
	194  -  MemoryUsage of job (MB)
	197636  -  ResidentSetSize of job (KB)
...
006 (204439.000.000) 10/23 01:43:41 Image size of job updated: 208708
	204  -  MemoryUsage of job (MB)
	208704  -  ResidentSetSize of job (KB)
...
006 (204439.000.000) 10/23 01:48:42 Image size of job updated: 212292
	208  -  MemoryUsage of job (MB)
	212288  -  ResidentSetSize of job (KB)
...
006 (204439.000.000) 10/23 01:53:43 Image size of job updated: 215852
	211  -  MemoryUsage of job (MB)
	215848  -  ResidentSetSize of job (KB)
...
006 (204439.000.000) 10/23 01:58:43 Image size of job updated: 219428
	215  -  MemoryUsage of job (MB)
	219424  -  ResidentSetSize of job (KB)
...
006 (204439.000.000) 10/23 02:03:43 Image size of job updated: 222988
	218  -  MemoryUsage of job (MB)
	222984  -  ResidentSetSize of job (KB)
...
006 (204439.000.000) 10/23 02:08:43 Image size of job updated: 226548
	222  -  MemoryUsage of job (MB)
	226544  -  ResidentSetSize of job (KB)
...
006 (204439.000.000) 10/23 02:13:44 Image size of job updated: 230132
	225  -  MemoryUsage of job (MB)
	230128  -  ResidentSetSize of job (KB)
...
006 (204439.000.000) 10/23 02:18:45 Image size of job updated: 233708
	229  -  MemoryUsage of job (MB)
	233704  -  ResidentSetSize of job (KB)
...
006 (204439.000.000) 10/23 02:23:45 Image size of job updated: 237268
	232  -  MemoryUsage of job (MB)
	237264  -  ResidentSetSize of job (KB)
...
006 (204439.000.000) 10/23 02:28:45 Image size of job updated: 240844
	236  -  MemoryUsage of job (MB)
	240840  -  ResidentSetSize of job (KB)
...
006 (204439.000.000) 10/23 02:33:46 Image size of job updated: 244416
	239  -  MemoryUsage of job (MB)
	244412  -  ResidentSetSize of job (KB)
...
006 (204439.000.000) 10/23 02:38:47 Image size of job updated: 247988
	243  -  MemoryUsage of job (MB)
	247984  -  ResidentSetSize of job (KB)
...
006 (204439.000.000) 10/23 02:43:47 Image size of job updated: 251552
	246  -  MemoryUsage of job (MB)
	251548  -  ResidentSetSize of job (KB)
...
006 (204439.000.000) 10/23 02:48:47 Image size of job updated: 255124
	250  -  MemoryUsage of job (MB)
	255120  -  ResidentSetSize of job (KB)
...
006 (204439.000.000) 10/23 02:53:48 Image size of job updated: 258696
	253  -  MemoryUsage of job (MB)
	258692  -  ResidentSetSize of job (KB)
...
006 (204439.000.000) 10/23 02:58:49 Image size of job updated: 262280
	257  -  MemoryUsage of job (MB)
	262276  -  ResidentSetSize of job (KB)
...
006 (204439.000.000) 10/23 03:03:50 Image size of job updated: 265840
	260  -  MemoryUsage of job (MB)
	265836  -  ResidentSetSize of job (KB)
...
006 (204439.000.000) 10/23 03:08:50 Image size of job updated: 269416
	264  -  MemoryUsage of job (MB)
	269412  -  ResidentSetSize of job (KB)
...
006 (204439.000.000) 10/23 03:13:50 Image size of job updated: 272976
	267  -  MemoryUsage of job (MB)
	272972  -  ResidentSetSize of job (KB)
...
006 (204439.000.000) 10/23 03:18:51 Image size of job updated: 276560
	271  -  MemoryUsage of job (MB)
	276556  -  ResidentSetSize of job (KB)
...
006 (204439.000.000) 10/23 03:23:52 Image size of job updated: 280120
	274  -  MemoryUsage of job (MB)
	280116  -  ResidentSetSize of job (KB)
...
006 (204439.000.000) 10/23 03:28:52 Image size of job updated: 283696
	278  -  MemoryUsage of job (MB)
	283692  -  ResidentSetSize of job (KB)
...
006 (204439.000.000) 10/23 03:33:52 Image size of job updated: 287256
	281  -  MemoryUsage of job (MB)
	287252  -  ResidentSetSize of job (KB)
...
006 (204439.000.000) 10/23 03:38:53 Image size of job updated: 290840
	285  -  MemoryUsage of job (MB)
	290836  -  ResidentSetSize of job (KB)
...
006 (204439.000.000) 10/23 03:43:54 Image size of job updated: 294404
	288  -  MemoryUsage of job (MB)
	294400  -  ResidentSetSize of job (KB)
...
006 (204439.000.000) 10/23 03:48:54 Image size of job updated: 297976
	291  -  MemoryUsage of job (MB)
	297972  -  ResidentSetSize of job (KB)
...
006 (204439.000.000) 10/23 03:53:54 Image size of job updated: 301540
	295  -  MemoryUsage of job (MB)
	301536  -  ResidentSetSize of job (KB)
...
006 (204439.000.000) 10/23 03:58:55 Image size of job updated: 305124
	298  -  MemoryUsage of job (MB)
	305120  -  ResidentSetSize of job (KB)
...
006 (204439.000.000) 10/23 04:03:56 Image size of job updated: 308696
	302  -  MemoryUsage of job (MB)
	308692  -  ResidentSetSize of job (KB)
...
006 (204439.000.000) 10/23 04:08:56 Image size of job updated: 312260
	305  -  MemoryUsage of job (MB)
	312256  -  ResidentSetSize of job (KB)
...
006 (204439.000.000) 10/23 04:13:56 Image size of job updated: 315824
	309  -  MemoryUsage of job (MB)
	315820  -  ResidentSetSize of job (KB)
...
006 (204439.000.000) 10/23 04:18:57 Image size of job updated: 319408
	312  -  MemoryUsage of job (MB)
	319404  -  ResidentSetSize of job (KB)
...
006 (204439.000.000) 10/23 04:23:58 Image size of job updated: 322980
	316  -  MemoryUsage of job (MB)
	322976  -  ResidentSetSize of job (KB)
...
006 (204439.000.000) 10/23 04:28:58 Image size of job updated: 326544
	319  -  MemoryUsage of job (MB)
	326540  -  ResidentSetSize of job (KB)
...
006 (204439.000.000) 10/23 04:33:58 Image size of job updated: 330116
	323  -  MemoryUsage of job (MB)
	330112  -  ResidentSetSize of job (KB)
...
006 (204439.000.000) 10/23 04:38:59 Image size of job updated: 333688
	326  -  MemoryUsage of job (MB)
	333684  -  ResidentSetSize of job (KB)
...
006 (204439.000.000) 10/23 04:44:00 Image size of job updated: 337272
	330  -  MemoryUsage of job (MB)
	337268  -  ResidentSetSize of job (KB)
...
006 (204439.000.000) 10/23 04:49:01 Image size of job updated: 340836
	333  -  MemoryUsage of job (MB)
	340832  -  ResidentSetSize of job (KB)
...
006 (204439.000.000) 10/23 04:54:01 Image size of job updated: 344408
	337  -  MemoryUsage of job (MB)
	344404  -  ResidentSetSize of job (KB)
...
006 (204439.000.000) 10/23 04:59:01 Image size of job updated: 347972
	340  -  MemoryUsage of job (MB)
	347968  -  ResidentSetSize of job (KB)
...
006 (204439.000.000) 10/23 05:04:02 Image size of job updated: 351552
	344  -  MemoryUsage of job (MB)
	351548  -  ResidentSetSize of job (KB)
...
006 (204439.000.000) 10/23 05:09:03 Image size of job updated: 355112
	347  -  MemoryUsage of job (MB)
	355108  -  ResidentSetSize of job (KB)
...
006 (204439.000.000) 10/23 05:14:03 Image size of job updated: 358684
	351  -  MemoryUsage of job (MB)
	358680  -  ResidentSetSize of job (KB)
...
006 (204439.000.000) 10/23 05:19:03 Image size of job updated: 362244
	354  -  MemoryUsage of job (MB)
	362240  -  ResidentSetSize of job (KB)
...
006 (204439.000.000) 10/23 05:24:04 Image size of job updated: 365824
	358  -  MemoryUsage of job (MB)
	365820  -  ResidentSetSize of job (KB)
...
006 (204439.000.000) 10/23 05:29:05 Image size of job updated: 369384
	361  -  MemoryUsage of job (MB)
	369380  -  ResidentSetSize of job (KB)
...
006 (204439.000.000) 10/23 05:34:05 Image size of job updated: 372944
	365  -  MemoryUsage of job (MB)
	372940  -  ResidentSetSize of job (KB)
...
006 (204439.000.000) 10/23 05:39:05 Image size of job updated: 376516
	368  -  MemoryUsage of job (MB)
	376512  -  ResidentSetSize of job (KB)
...
006 (204439.000.000) 10/23 05:44:06 Image size of job updated: 380084
	372  -  MemoryUsage of job (MB)
	380080  -  ResidentSetSize of job (KB)
...
006 (204439.000.000) 10/23 05:49:07 Image size of job updated: 383656
	375  -  MemoryUsage of job (MB)
	383652  -  ResidentSetSize of job (KB)
...
006 (204439.000.000) 10/23 05:54:07 Image size of job updated: 387216
	379  -  MemoryUsage of job (MB)
	387212  -  ResidentSetSize of job (KB)
...
006 (204439.000.000) 10/23 05:59:07 Image size of job updated: 390788
	382  -  MemoryUsage of job (MB)
	390784  -  ResidentSetSize of job (KB)
...
006 (204439.000.000) 10/23 06:04:08 Image size of job updated: 394352
	386  -  MemoryUsage of job (MB)
	394348  -  ResidentSetSize of job (KB)
...
006 (204439.000.000) 10/23 06:09:09 Image size of job updated: 397924
	389  -  MemoryUsage of job (MB)
	397920  -  ResidentSetSize of job (KB)
...
006 (204439.000.000) 10/23 06:14:09 Image size of job updated: 401484
	393  -  MemoryUsage of job (MB)
	401480  -  ResidentSetSize of job (KB)
...
006 (204439.000.000) 10/23 06:19:09 Image size of job updated: 405044
	396  -  MemoryUsage of job (MB)
	405040  -  ResidentSetSize of job (KB)
...
006 (204439.000.000) 10/23 06:24:10 Image size of job updated: 408624
	400  -  MemoryUsage of job (MB)
	408620  -  ResidentSetSize of job (KB)
...
006 (204439.000.000) 10/23 06:29:11 Image size of job updated: 412184
	403  -  MemoryUsage of job (MB)
	412180  -  ResidentSetSize of job (KB)
...
006 (204439.000.000) 10/23 06:34:11 Image size of job updated: 415752
	407  -  MemoryUsage of job (MB)
	415748  -  ResidentSetSize of job (KB)
...
006 (204439.000.000) 10/23 06:39:11 Image size of job updated: 419320
	410  -  MemoryUsage of job (MB)
	419316  -  ResidentSetSize of job (KB)
...
006 (204439.000.000) 10/23 06:44:12 Image size of job updated: 422904
	413  -  MemoryUsage of job (MB)
	422900  -  ResidentSetSize of job (KB)
...
006 (204439.000.000) 10/23 06:49:14 Image size of job updated: 426492
	417  -  MemoryUsage of job (MB)
	426488  -  ResidentSetSize of job (KB)
...
006 (204439.000.000) 10/23 06:54:14 Image size of job updated: 430056
	420  -  MemoryUsage of job (MB)
	430052  -  ResidentSetSize of job (KB)
...
006 (204439.000.000) 10/23 06:59:14 Image size of job updated: 433632
	424  -  MemoryUsage of job (MB)
	433628  -  ResidentSetSize of job (KB)
...
006 (204439.000.000) 10/23 07:04:15 Image size of job updated: 437220
	427  -  MemoryUsage of job (MB)
	437216  -  ResidentSetSize of job (KB)
...
006 (204439.000.000) 10/23 07:09:16 Image size of job updated: 440784
	431  -  MemoryUsage of job (MB)
	440780  -  ResidentSetSize of job (KB)
...
006 (204439.000.000) 10/23 07:14:16 Image size of job updated: 444360
	434  -  MemoryUsage of job (MB)
	444356  -  ResidentSetSize of job (KB)
...
006 (204439.000.000) 10/23 07:19:16 Image size of job updated: 447928
	438  -  MemoryUsage of job (MB)
	447924  -  ResidentSetSize of job (KB)
...
006 (204439.000.000) 10/23 07:24:17 Image size of job updated: 451512
	441  -  MemoryUsage of job (MB)
	451508  -  ResidentSetSize of job (KB)
...
006 (204439.000.000) 10/23 07:29:18 Image size of job updated: 455080
	445  -  MemoryUsage of job (MB)
	455076  -  ResidentSetSize of job (KB)
...
006 (204439.000.000) 10/23 07:34:18 Image size of job updated: 458656
	448  -  MemoryUsage of job (MB)
	458652  -  ResidentSetSize of job (KB)
...
006 (204439.000.000) 10/23 07:39:18 Image size of job updated: 462220
	452  -  MemoryUsage of job (MB)
	462216  -  ResidentSetSize of job (KB)
...
006 (204439.000.000) 10/23 07:44:19 Image size of job updated: 465792
	455  -  MemoryUsage of job (MB)
	465788  -  ResidentSetSize of job (KB)
...
006 (204439.000.000) 10/23 07:49:19 Image size of job updated: 469356
	459  -  MemoryUsage of job (MB)
	469352  -  ResidentSetSize of job (KB)
...
006 (204439.000.000) 10/23 07:54:19 Image size of job updated: 472928
	462  -  MemoryUsage of job (MB)
	472924  -  ResidentSetSize of job (KB)
...
006 (204439.000.000) 10/23 07:59:20 Image size of job updated: 476512
	466  -  MemoryUsage of job (MB)
	476508  -  ResidentSetSize of job (KB)
...
006 (204439.000.000) 10/23 08:04:21 Image size of job updated: 480072
	469  -  MemoryUsage of job (MB)
	480068  -  ResidentSetSize of job (KB)
...
006 (204439.000.000) 10/23 08:09:21 Image size of job updated: 483636
	473  -  MemoryUsage of job (MB)
	483632  -  ResidentSetSize of job (KB)
...
006 (204439.000.000) 10/23 08:14:21 Image size of job updated: 487208
	476  -  MemoryUsage of job (MB)
	487204  -  ResidentSetSize of job (KB)
...
006 (204439.000.000) 10/23 08:19:22 Image size of job updated: 490780
	480  -  MemoryUsage of job (MB)
	490776  -  ResidentSetSize of job (KB)
...
006 (204439.000.000) 10/23 08:24:23 Image size of job updated: 494352
	483  -  MemoryUsage of job (MB)
	494348  -  ResidentSetSize of job (KB)
...
006 (204439.000.000) 10/23 08:29:23 Image size of job updated: 497912
	487  -  MemoryUsage of job (MB)
	497908  -  ResidentSetSize of job (KB)
...
006 (204439.000.000) 10/23 08:34:23 Image size of job updated: 501484
	490  -  MemoryUsage of job (MB)
	501480  -  ResidentSetSize of job (KB)
...
006 (204439.000.000) 10/23 08:39:23 Image size of job updated: 505048
	494  -  MemoryUsage of job (MB)
	505044  -  ResidentSetSize of job (KB)
...
006 (204439.000.000) 10/23 08:44:24 Image size of job updated: 508628
	497  -  MemoryUsage of job (MB)
	508624  -  ResidentSetSize of job (KB)
...
006 (204439.000.000) 10/23 08:49:25 Image size of job updated: 512192
	501  -  MemoryUsage of job (MB)
	512188  -  ResidentSetSize of job (KB)
...
006 (204439.000.000) 10/23 08:54:25 Image size of job updated: 515764
	504  -  MemoryUsage of job (MB)
	515760  -  ResidentSetSize of job (KB)
...
006 (204439.000.000) 10/23 08:59:25 Image size of job updated: 519324
	508  -  MemoryUsage of job (MB)
	519320  -  ResidentSetSize of job (KB)
...
006 (204439.000.000) 10/23 09:04:26 Image size of job updated: 522908
	511  -  MemoryUsage of job (MB)
	522904  -  ResidentSetSize of job (KB)
...
006 (204439.000.000) 10/23 09:09:27 Image size of job updated: 526496
	515  -  MemoryUsage of job (MB)
	526492  -  ResidentSetSize of job (KB)
...
006 (204439.000.000) 10/23 09:14:28 Image size of job updated: 530060
	518  -  MemoryUsage of job (MB)
	530056  -  ResidentSetSize of job (KB)
...
006 (204439.000.000) 10/23 09:19:28 Image size of job updated: 533636
	522  -  MemoryUsage of job (MB)
	533632  -  ResidentSetSize of job (KB)
...
006 (204439.000.000) 10/23 09:24:28 Image size of job updated: 537200
	525  -  MemoryUsage of job (MB)
	537196  -  ResidentSetSize of job (KB)
...
006 (204439.000.000) 10/23 09:29:29 Image size of job updated: 540784
	529  -  MemoryUsage of job (MB)
	540780  -  ResidentSetSize of job (KB)
...
006 (204439.000.000) 10/23 09:34:30 Image size of job updated: 544352
	532  -  MemoryUsage of job (MB)
	544348  -  ResidentSetSize of job (KB)
...
006 (204439.000.000) 10/23 09:39:30 Image size of job updated: 547928
	536  -  MemoryUsage of job (MB)
	547924  -  ResidentSetSize of job (KB)
...
006 (204439.000.000) 10/23 09:44:30 Image size of job updated: 551492
	539  -  MemoryUsage of job (MB)
	551488  -  ResidentSetSize of job (KB)
...
006 (204439.000.000) 10/23 09:49:31 Image size of job updated: 555076
	543  -  MemoryUsage of job (MB)
	555072  -  ResidentSetSize of job (KB)
...
006 (204439.000.000) 10/23 09:54:32 Image size of job updated: 558652
	546  -  MemoryUsage of job (MB)
	558648  -  ResidentSetSize of job (KB)
...
006 (204439.000.000) 10/23 09:59:32 Image size of job updated: 562216
	550  -  MemoryUsage of job (MB)
	562212  -  ResidentSetSize of job (KB)
...
006 (204439.000.000) 10/23 10:04:32 Image size of job updated: 565792
	553  -  MemoryUsage of job (MB)
	565788  -  ResidentSetSize of job (KB)
...
006 (204439.000.000) 10/23 10:09:33 Image size of job updated: 569368
	557  -  MemoryUsage of job (MB)
	569364  -  ResidentSetSize of job (KB)
...
006 (204439.000.000) 10/23 10:14:34 Image size of job updated: 572944
	560  -  MemoryUsage of job (MB)
	572940  -  ResidentSetSize of job (KB)
...
006 (204439.000.000) 10/23 10:19:34 Image size of job updated: 576508
	563  -  MemoryUsage of job (MB)
	576504  -  ResidentSetSize of job (KB)
...
006 (204439.000.000) 10/23 10:24:34 Image size of job updated: 580084
	567  -  MemoryUsage of job (MB)
	580080  -  ResidentSetSize of job (KB)
...
006 (204439.000.000) 10/23 10:29:35 Image size of job updated: 583672
	570  -  MemoryUsage of job (MB)
	583668  -  ResidentSetSize of job (KB)
...
006 (204439.000.000) 10/23 10:34:36 Image size of job updated: 587220
	574  -  MemoryUsage of job (MB)
	587216  -  ResidentSetSize of job (KB)
...
006 (204439.000.000) 10/23 10:39:36 Image size of job updated: 590780
	577  -  MemoryUsage of job (MB)
	590776  -  ResidentSetSize of job (KB)
...
006 (204439.000.000) 10/23 10:44:36 Image size of job updated: 594356
	581  -  MemoryUsage of job (MB)
	594352  -  ResidentSetSize of job (KB)
...
006 (204439.000.000) 10/23 10:49:37 Image size of job updated: 597924
	584  -  MemoryUsage of job (MB)
	597920  -  ResidentSetSize of job (KB)
...
006 (204439.000.000) 10/23 10:54:37 Image size of job updated: 601500
	588  -  MemoryUsage of job (MB)
	601496  -  ResidentSetSize of job (KB)
...
006 (204439.000.000) 10/23 10:59:37 Image size of job updated: 605064
	591  -  MemoryUsage of job (MB)
	605060  -  ResidentSetSize of job (KB)
...
006 (204439.000.000) 10/23 11:04:38 Image size of job updated: 608652
	595  -  MemoryUsage of job (MB)
	608648  -  ResidentSetSize of job (KB)
...
006 (204439.000.000) 10/23 11:09:39 Image size of job updated: 612236
	598  -  MemoryUsage of job (MB)
	612232  -  ResidentSetSize of job (KB)
...
006 (204439.000.000) 10/23 11:14:40 Image size of job updated: 615812
	602  -  MemoryUsage of job (MB)
	615808  -  ResidentSetSize of job (KB)
...
006 (204439.000.000) 10/23 11:19:40 Image size of job updated: 619380
	605  -  MemoryUsage of job (MB)
	619376  -  ResidentSetSize of job (KB)
...
006 (204439.000.000) 10/23 11:24:41 Image size of job updated: 622968
	609  -  MemoryUsage of job (MB)
	622964  -  ResidentSetSize of job (KB)
...
006 (204439.000.000) 10/23 11:29:42 Image size of job updated: 626536
	612  -  MemoryUsage of job (MB)
	626532  -  ResidentSetSize of job (KB)
...
006 (204439.000.000) 10/23 11:34:42 Image size of job updated: 630112
	616  -  MemoryUsage of job (MB)
	630108  -  ResidentSetSize of job (KB)
...
006 (204439.000.000) 10/23 11:39:42 Image size of job updated: 633688
	619  -  MemoryUsage of job (MB)
	633684  -  ResidentSetSize of job (KB)
...
006 (204439.000.000) 10/23 11:44:43 Image size of job updated: 637264
	623  -  MemoryUsage of job (MB)
	637260  -  ResidentSetSize of job (KB)
...
006 (204439.000.000) 10/23 11:49:44 Image size of job updated: 640840
	626  -  MemoryUsage of job (MB)
	640836  -  ResidentSetSize of job (KB)
...
006 (204439.000.000) 10/23 11:54:44 Image size of job updated: 644404
	630  -  MemoryUsage of job (MB)
	644400  -  ResidentSetSize of job (KB)
...
006 (204439.000.000) 10/23 11:59:44 Image size of job updated: 647980
	633  -  MemoryUsage of job (MB)
	647976  -  ResidentSetSize of job (KB)
...
006 (204439.000.000) 10/23 12:04:45 Image size of job updated: 651568
	637  -  MemoryUsage of job (MB)
	651564  -  ResidentSetSize of job (KB)
...
006 (204439.000.000) 10/23 12:09:46 Image size of job updated: 655132
	640  -  MemoryUsage of job (MB)
	655128  -  ResidentSetSize of job (KB)
...
006 (204439.000.000) 10/23 12:14:46 Image size of job updated: 658708
	644  -  MemoryUsage of job (MB)
	658704  -  ResidentSetSize of job (KB)
...
006 (204439.000.000) 10/23 12:19:46 Image size of job updated: 662272
	647  -  MemoryUsage of job (MB)
	662268  -  ResidentSetSize of job (KB)
...
006 (204439.000.000) 10/23 12:24:47 Image size of job updated: 665860
	651  -  MemoryUsage of job (MB)
	665856  -  ResidentSetSize of job (KB)
...
006 (204439.000.000) 10/23 12:29:48 Image size of job updated: 669424
	654  -  MemoryUsage of job (MB)
	669420  -  ResidentSetSize of job (KB)
...
006 (204439.000.000) 10/23 12:34:48 Image size of job updated: 673004
	658  -  MemoryUsage of job (MB)
	673000  -  ResidentSetSize of job (KB)
...
006 (204439.000.000) 10/23 12:39:48 Image size of job updated: 676580
	661  -  MemoryUsage of job (MB)
	676576  -  ResidentSetSize of job (KB)
...
006 (204439.000.000) 10/23 12:44:49 Image size of job updated: 680156
	665  -  MemoryUsage of job (MB)
	680152  -  ResidentSetSize of job (KB)
...
006 (204439.000.000) 10/23 12:49:50 Image size of job updated: 683732
	668  -  MemoryUsage of job (MB)
	683728  -  ResidentSetSize of job (KB)
...
006 (204439.000.000) 10/23 12:54:50 Image size of job updated: 687296
	672  -  MemoryUsage of job (MB)
	687292  -  ResidentSetSize of job (KB)
...
006 (204439.000.000) 10/23 12:59:50 Image size of job updated: 690872
	675  -  MemoryUsage of job (MB)
	690868  -  ResidentSetSize of job (KB)
...
006 (204439.000.000) 10/23 13:04:51 Image size of job updated: 694460
	679  -  MemoryUsage of job (MB)
	694456  -  ResidentSetSize of job (KB)
...
006 (204439.000.000) 10/23 13:07:51 Image size of job updated: 696592
	679  -  MemoryUsage of job (MB)
	694480  -  ResidentSetSize of job (KB)
...
004 (204439.000.000) 10/23 13:07:51 Job was evicted.
	(0) Job was not checkpointed.
		Usr 0 14:36:48, Sys 0 00:02:34  -  Run Remote Usage
		Usr 0 00:00:00, Sys 0 00:00:00  -  Run Local Usage
	0  -  Run Bytes Sent By Job
	0  -  Run Bytes Received By Job
	Partitionable Resources :    Usage  Request Allocated 
	   Cpus                 :     1.00        1         1 
	   Disk (KB)            : 15000       15000     44180 
	   Memory (MB)          :   679        5000      5120 
...
009 (204439.000.000) 10/23 13:07:52 Job was aborted by the user.
	via condor_rm (by user jmoondra3)
...
000 (204466.000.000) 10/23 13:09:17 Job submitted from host: <130.207.91.92:9618?addrs=130.207.91.92-9618&noUDP&sock=1641_2b00_4>
...
001 (204466.000.000) 10/23 13:09:17 Job executing on host: <10.1.7.202:9618?addrs=10.1.7.202-9618&noUDP&sock=23121_a94e_89>
...
006 (204466.000.000) 10/23 13:09:26 Image size of job updated: 599908
	55  -  MemoryUsage of job (MB)
	56132  -  ResidentSetSize of job (KB)
...
006 (204466.000.000) 10/23 13:14:27 Image size of job updated: 600976
	56  -  MemoryUsage of job (MB)
	57096  -  ResidentSetSize of job (KB)
...
006 (204466.000.000) 10/23 13:19:28 Image size of job updated: 604220
	59  -  MemoryUsage of job (MB)
	60292  -  ResidentSetSize of job (KB)
...
006 (204466.000.000) 10/23 13:24:28 Image size of job updated: 607788
	62  -  MemoryUsage of job (MB)
	63304  -  ResidentSetSize of job (KB)
...
006 (204466.000.000) 10/23 13:29:29 Image size of job updated: 610348
	65  -  MemoryUsage of job (MB)
	66460  -  ResidentSetSize of job (KB)
...
006 (204466.000.000) 10/23 13:34:30 Image size of job updated: 614568
	69  -  MemoryUsage of job (MB)
	70544  -  ResidentSetSize of job (KB)
...
006 (204466.000.000) 10/23 13:39:30 Image size of job updated: 617932
	73  -  MemoryUsage of job (MB)
	74044  -  ResidentSetSize of job (KB)
...
006 (204466.000.000) 10/23 13:44:30 Image size of job updated: 620148
	75  -  MemoryUsage of job (MB)
	76332  -  ResidentSetSize of job (KB)
...
006 (204466.000.000) 10/23 13:49:31 Image size of job updated: 622380
	77  -  MemoryUsage of job (MB)
	78624  -  ResidentSetSize of job (KB)
...
006 (204466.000.000) 10/23 13:54:32 Image size of job updated: 624636
	80  -  MemoryUsage of job (MB)
	80908  -  ResidentSetSize of job (KB)
...
006 (204466.000.000) 10/23 13:59:32 Image size of job updated: 627772
	82  -  MemoryUsage of job (MB)
	83816  -  ResidentSetSize of job (KB)
...
006 (204466.000.000) 10/23 14:04:32 Image size of job updated: 630348
	85  -  MemoryUsage of job (MB)
	86552  -  ResidentSetSize of job (KB)
...
006 (204466.000.000) 10/23 14:09:33 Image size of job updated: 633540
	88  -  MemoryUsage of job (MB)
	89300  -  ResidentSetSize of job (KB)
...
006 (204466.000.000) 10/23 14:14:33 Image size of job updated: 636580
	90  -  MemoryUsage of job (MB)
	92036  -  ResidentSetSize of job (KB)
...
006 (204466.000.000) 10/23 14:19:33 Image size of job updated: 638996
	93  -  MemoryUsage of job (MB)
	94772  -  ResidentSetSize of job (KB)
...
006 (204466.000.000) 10/23 14:24:34 Image size of job updated: 641796
	96  -  MemoryUsage of job (MB)
	97524  -  ResidentSetSize of job (KB)
...
006 (204466.000.000) 10/23 14:28:16 Image size of job updated: 644584
	96  -  MemoryUsage of job (MB)
	97524  -  ResidentSetSize of job (KB)
...
004 (204466.000.000) 10/23 14:28:16 Job was evicted.
	(0) Job was not checkpointed.
		Usr 0 01:17:16, Sys 0 00:01:42  -  Run Remote Usage
		Usr 0 00:00:00, Sys 0 00:00:00  -  Run Local Usage
	0  -  Run Bytes Sent By Job
	0  -  Run Bytes Received By Job
	Partitionable Resources :    Usage  Request Allocated 
	   Cpus                 :     1.00        1         1 
	   Disk (KB)            : 15000       15000     45841 
	   Memory (MB)          :    96        5000      5120 
...
009 (204466.000.000) 10/23 14:28:17 Job was aborted by the user.
	via condor_rm (by user jmoondra3)
...
