000 (204468.000.000) 10/23 13:10:24 Job submitted from host: <130.207.91.92:9618?addrs=130.207.91.92-9618&noUDP&sock=1641_2b00_4>
...
001 (204468.000.000) 10/23 13:10:25 Job executing on host: <10.1.9.101:9618?addrs=10.1.9.101-9618&noUDP&sock=8769_6212_3>
...
006 (204468.000.000) 10/23 13:10:34 Image size of job updated: 56100
	55  -  MemoryUsage of job (MB)
	56096  -  ResidentSetSize of job (KB)
...
006 (204468.000.000) 10/23 13:15:35 Image size of job updated: 57756
	57  -  MemoryUsage of job (MB)
	57752  -  ResidentSetSize of job (KB)
...
006 (204468.000.000) 10/23 13:20:35 Image size of job updated: 87840
	86  -  MemoryUsage of job (MB)
	87836  -  ResidentSetSize of job (KB)
...
006 (204468.000.000) 10/23 13:25:35 Image size of job updated: 131728
	129  -  MemoryUsage of job (MB)
	131724  -  ResidentSetSize of job (KB)
...
006 (204468.000.000) 10/23 13:30:35 Image size of job updated: 131740
	129  -  MemoryUsage of job (MB)
	131736  -  ResidentSetSize of job (KB)
...
006 (204468.000.000) 10/23 13:35:36 Image size of job updated: 131744
	129  -  MemoryUsage of job (MB)
	131740  -  ResidentSetSize of job (KB)
...
006 (204468.000.000) 10/23 13:45:37 Image size of job updated: 132432
	130  -  MemoryUsage of job (MB)
	132428  -  ResidentSetSize of job (KB)
...
006 (204468.000.000) 10/23 14:00:39 Image size of job updated: 132436
	130  -  MemoryUsage of job (MB)
	132432  -  ResidentSetSize of job (KB)
...
006 (204468.000.000) 10/23 14:10:39 Image size of job updated: 132440
	130  -  MemoryUsage of job (MB)
	132436  -  ResidentSetSize of job (KB)
...
006 (204468.000.000) 10/23 14:15:40 Image size of job updated: 132448
	130  -  MemoryUsage of job (MB)
	132444  -  ResidentSetSize of job (KB)
...
006 (204468.000.000) 10/23 14:30:42 Image size of job updated: 132536
	130  -  MemoryUsage of job (MB)
	132532  -  ResidentSetSize of job (KB)
...
005 (204468.000.000) 10/23 15:01:52 Job terminated.
	(1) Normal termination (return value 0)
		Usr 0 01:51:18, Sys 0 00:00:05  -  Run Remote Usage
		Usr 0 00:00:00, Sys 0 00:00:00  -  Run Local Usage
		Usr 0 01:51:18, Sys 0 00:00:05  -  Total Remote Usage
		Usr 0 00:00:00, Sys 0 00:00:00  -  Total Local Usage
	0  -  Run Bytes Sent By Job
	0  -  Run Bytes Received By Job
	0  -  Total Bytes Sent By Job
	0  -  Total Bytes Received By Job
	Partitionable Resources :    Usage  Request Allocated 
	   Cpus                 :     1.00        1         1 
	   Disk (KB)            : 15000       15000     44180 
	   Memory (MB)          :   130        5000      5120 
...
