000 (202837.000.000) 10/11 16:24:35 Job submitted from host: <130.207.91.92:9618?addrs=130.207.91.92-9618&noUDP&sock=1641_2b00_4>
...
001 (202837.000.000) 10/11 16:24:36 Job executing on host: <10.1.4.122:9618?addrs=10.1.4.122-9618&noUDP&sock=1960_f9b7_3>
...
006 (202837.000.000) 10/11 16:24:45 Image size of job updated: 59336
	55  -  MemoryUsage of job (MB)
	55984  -  ResidentSetSize of job (KB)
...
006 (202837.000.000) 10/11 16:29:46 Image size of job updated: 618744
	57  -  MemoryUsage of job (MB)
	57944  -  ResidentSetSize of job (KB)
...
006 (202837.000.000) 10/11 16:34:47 Image size of job updated: 691816
	129  -  MemoryUsage of job (MB)
	131400  -  ResidentSetSize of job (KB)
...
006 (202837.000.000) 10/11 16:39:47 Image size of job updated: 692204
	129  -  MemoryUsage of job (MB)
	131608  -  ResidentSetSize of job (KB)
...
006 (202837.000.000) 10/11 16:54:49 Image size of job updated: 692716
	130  -  MemoryUsage of job (MB)
	132160  -  ResidentSetSize of job (KB)
...
006 (202837.000.000) 10/11 16:59:49 Image size of job updated: 692924
	130  -  MemoryUsage of job (MB)
	132512  -  ResidentSetSize of job (KB)
...
006 (202837.000.000) 10/11 17:04:50 Image size of job updated: 692924
	130  -  MemoryUsage of job (MB)
	132516  -  ResidentSetSize of job (KB)
...
006 (202837.000.000) 10/11 17:09:50 Image size of job updated: 692924
	130  -  MemoryUsage of job (MB)
	132528  -  ResidentSetSize of job (KB)
...
006 (202837.000.000) 10/11 18:04:55 Image size of job updated: 693692
	130  -  MemoryUsage of job (MB)
	133096  -  ResidentSetSize of job (KB)
...
006 (202837.000.000) 10/11 18:09:56 Image size of job updated: 695484
	132  -  MemoryUsage of job (MB)
	134880  -  ResidentSetSize of job (KB)
...
006 (202837.000.000) 10/11 18:14:57 Image size of job updated: 697276
	134  -  MemoryUsage of job (MB)
	136676  -  ResidentSetSize of job (KB)
...
006 (202837.000.000) 10/11 18:19:57 Image size of job updated: 698812
	136  -  MemoryUsage of job (MB)
	138424  -  ResidentSetSize of job (KB)
...
006 (202837.000.000) 10/11 18:24:57 Image size of job updated: 700604
	137  -  MemoryUsage of job (MB)
	140200  -  ResidentSetSize of job (KB)
...
006 (202837.000.000) 10/11 18:29:58 Image size of job updated: 702396
	139  -  MemoryUsage of job (MB)
	141980  -  ResidentSetSize of job (KB)
...
006 (202837.000.000) 10/11 18:34:59 Image size of job updated: 704188
	141  -  MemoryUsage of job (MB)
	143760  -  ResidentSetSize of job (KB)
...
006 (202837.000.000) 10/11 18:39:59 Image size of job updated: 705980
	143  -  MemoryUsage of job (MB)
	145504  -  ResidentSetSize of job (KB)
...
006 (202837.000.000) 10/11 18:45:00 Image size of job updated: 707772
	144  -  MemoryUsage of job (MB)
	147324  -  ResidentSetSize of job (KB)
...
006 (202837.000.000) 10/11 18:50:01 Image size of job updated: 709308
	146  -  MemoryUsage of job (MB)
	148824  -  ResidentSetSize of job (KB)
...
006 (202837.000.000) 10/11 18:55:01 Image size of job updated: 710844
	147  -  MemoryUsage of job (MB)
	150376  -  ResidentSetSize of job (KB)
...
006 (202837.000.000) 10/11 19:00:01 Image size of job updated: 712380
	149  -  MemoryUsage of job (MB)
	151852  -  ResidentSetSize of job (KB)
...
006 (202837.000.000) 10/11 19:05:02 Image size of job updated: 713916
	150  -  MemoryUsage of job (MB)
	153340  -  ResidentSetSize of job (KB)
...
006 (202837.000.000) 10/11 19:10:02 Image size of job updated: 720008
	156  -  MemoryUsage of job (MB)
	159164  -  ResidentSetSize of job (KB)
...
006 (202837.000.000) 10/11 19:15:02 Image size of job updated: 721544
	158  -  MemoryUsage of job (MB)
	160864  -  ResidentSetSize of job (KB)
...
006 (202837.000.000) 10/11 19:20:03 Image size of job updated: 723080
	159  -  MemoryUsage of job (MB)
	162488  -  ResidentSetSize of job (KB)
...
006 (202837.000.000) 10/11 19:25:04 Image size of job updated: 730628
	166  -  MemoryUsage of job (MB)
	169016  -  ResidentSetSize of job (KB)
...
006 (202837.000.000) 10/11 19:30:04 Image size of job updated: 732164
	167  -  MemoryUsage of job (MB)
	170800  -  ResidentSetSize of job (KB)
...
006 (202837.000.000) 10/11 19:35:05 Image size of job updated: 733700
	169  -  MemoryUsage of job (MB)
	172648  -  ResidentSetSize of job (KB)
...
006 (202837.000.000) 10/11 19:40:06 Image size of job updated: 741204
	176  -  MemoryUsage of job (MB)
	179900  -  ResidentSetSize of job (KB)
...
006 (202837.000.000) 10/11 19:45:06 Image size of job updated: 743836
	178  -  MemoryUsage of job (MB)
	181848  -  ResidentSetSize of job (KB)
...
006 (202837.000.000) 10/11 19:50:06 Image size of job updated: 745372
	180  -  MemoryUsage of job (MB)
	183776  -  ResidentSetSize of job (KB)
...
006 (202837.000.000) 10/11 19:55:07 Image size of job updated: 746908
	182  -  MemoryUsage of job (MB)
	185696  -  ResidentSetSize of job (KB)
...
006 (202837.000.000) 10/11 19:55:51 Image size of job updated: 747164
	182  -  MemoryUsage of job (MB)
	185696  -  ResidentSetSize of job (KB)
...
004 (202837.000.000) 10/11 19:55:51 Job was evicted.
	(0) Job was not checkpointed.
		Usr 0 03:30:47, Sys 0 00:00:22  -  Run Remote Usage
		Usr 0 00:00:00, Sys 0 00:00:00  -  Run Local Usage
	0  -  Run Bytes Sent By Job
	0  -  Run Bytes Received By Job
	Partitionable Resources :    Usage  Request Allocated 
	   Cpus                 :     1.00        1         1 
	   Disk (KB)            : 15000       15000     41835 
	   Memory (MB)          :   182        5000      5120 
...
009 (202837.000.000) 10/11 19:55:51 Job was aborted by the user.
	via condor_rm (by user jmoondra3)
...
000 (202842.000.000) 10/11 19:56:49 Job submitted from host: <130.207.91.92:9618?addrs=130.207.91.92-9618&noUDP&sock=1641_2b00_4>
...
001 (202842.000.000) 10/11 19:56:56 Job executing on host: <10.1.7.202:9618?addrs=10.1.7.202-9618&noUDP&sock=23121_a94e_89>
...
006 (202842.000.000) 10/11 19:57:05 Image size of job updated: 600152
	55  -  MemoryUsage of job (MB)
	56108  -  ResidentSetSize of job (KB)
...
006 (202842.000.000) 10/11 20:02:06 Image size of job updated: 621804
	57  -  MemoryUsage of job (MB)
	58004  -  ResidentSetSize of job (KB)
...
006 (202842.000.000) 10/11 20:07:07 Image size of job updated: 691216
	128  -  MemoryUsage of job (MB)
	130464  -  ResidentSetSize of job (KB)
...
006 (202842.000.000) 10/11 20:12:07 Image size of job updated: 691216
	128  -  MemoryUsage of job (MB)
	130572  -  ResidentSetSize of job (KB)
...
006 (202842.000.000) 10/11 20:27:09 Image size of job updated: 691216
	128  -  MemoryUsage of job (MB)
	130576  -  ResidentSetSize of job (KB)
...
006 (202842.000.000) 10/11 20:32:09 Image size of job updated: 692320
	129  -  MemoryUsage of job (MB)
	131664  -  ResidentSetSize of job (KB)
...
006 (202842.000.000) 10/11 20:42:11 Image size of job updated: 692320
	129  -  MemoryUsage of job (MB)
	131668  -  ResidentSetSize of job (KB)
...
006 (202842.000.000) 10/11 20:52:11 Image size of job updated: 692320
	129  -  MemoryUsage of job (MB)
	131844  -  ResidentSetSize of job (KB)
...
006 (202842.000.000) 10/11 20:57:12 Image size of job updated: 692468
	129  -  MemoryUsage of job (MB)
	131844  -  ResidentSetSize of job (KB)
...
006 (202842.000.000) 10/11 21:12:14 Image size of job updated: 693156
	130  -  MemoryUsage of job (MB)
	132356  -  ResidentSetSize of job (KB)
...
006 (202842.000.000) 10/11 21:17:15 Image size of job updated: 696480
	130  -  MemoryUsage of job (MB)
	132716  -  ResidentSetSize of job (KB)
...
006 (202842.000.000) 10/11 21:27:15 Image size of job updated: 696480
	130  -  MemoryUsage of job (MB)
	132724  -  ResidentSetSize of job (KB)
...
006 (202842.000.000) 10/11 21:32:16 Image size of job updated: 696480
	130  -  MemoryUsage of job (MB)
	132888  -  ResidentSetSize of job (KB)
...
006 (202842.000.000) 10/11 21:37:17 Image size of job updated: 696480
	130  -  MemoryUsage of job (MB)
	132896  -  ResidentSetSize of job (KB)
...
006 (202842.000.000) 10/11 21:42:17 Image size of job updated: 696480
	130  -  MemoryUsage of job (MB)
	132912  -  ResidentSetSize of job (KB)
...
006 (202842.000.000) 10/11 21:47:18 Image size of job updated: 696988
	131  -  MemoryUsage of job (MB)
	133244  -  ResidentSetSize of job (KB)
...
006 (202842.000.000) 10/11 21:52:19 Image size of job updated: 696988
	131  -  MemoryUsage of job (MB)
	133252  -  ResidentSetSize of job (KB)
...
005 (202842.000.000) 10/11 21:59:46 Job terminated.
	(1) Normal termination (return value 0)
		Usr 0 02:02:33, Sys 0 00:00:12  -  Run Remote Usage
		Usr 0 00:00:00, Sys 0 00:00:00  -  Run Local Usage
		Usr 0 02:02:33, Sys 0 00:00:12  -  Total Remote Usage
		Usr 0 00:00:00, Sys 0 00:00:00  -  Total Local Usage
	0  -  Run Bytes Sent By Job
	0  -  Run Bytes Received By Job
	0  -  Total Bytes Sent By Job
	0  -  Total Bytes Received By Job
	Partitionable Resources :    Usage  Request Allocated 
	   Cpus                 :     1.00        1         1 
	   Disk (KB)            : 15000       15000     45841 
	   Memory (MB)          :   131        5000      5120 
...
