n = 50 T = 1000 epsilon = 0.0001 a = 4 b = 4 p = 0.2
Run  4
afw x = [19.44143185 16.26732053 15.07702878  4.76116698  5.1579309  10.71262572
  8.72880614 18.25114011 17.45761228  1.98381958 27.85860133 14.88495216
  5.55469482  9.91909788  3.96763915 22.58433955 16.49354288  0.39676392
 17.66408445  7.14175048  1.58705566  2.38058349 16.66408445 15.4737927
  7.53851439  8.33204222  4.17411132 12.69644529  4.36440307 13.48997312
 20.80925542 17.68561951 22.77922107  0.79352783  1.19029175 15.09320921
 10.80891565  7.93527831  5.95145873 11.90291746  2.77734741  3.17411132
 12.3158618  10.12557005 13.09320921 10.3158618   6.74498656 11.67942186
 13.50615355  6.34822265] [ 19.64472071  24.86949755   9.12900831  -1.98846114   1.47022977
 -12.19004292 -13.53925945   8.03930254  27.73911242 -32.06662804
  40.0337091   25.14078183 -10.17712724   3.98936863 -14.6055355
  35.66815043  29.027881    -0.69500661  19.47479838 -12.06308425
 -31.20398342 -26.13061979  23.96960003   8.54576038   0.48531242
   7.53307936   8.29219504  -5.71855366   3.47491571   6.60049756
  30.54701986  31.00342646  38.00456861 -14.22363469 -21.38201814
  23.97314382  21.17460827   7.40852233  -9.86630575  -1.92572888
   5.32361984   5.57856199  24.03256695  16.3072777   11.05804631
   9.06856036 -20.51366275  22.66700827  17.99874052   4.63786779] 97.63505096084009
afw x = [19.44143185 16.26732053 15.07702878  4.76116698  5.1579309  10.71262572
  8.72880614 18.25114011 17.45761228  1.98381958 27.85860133 14.88495216
  5.55469482  9.91909788  3.96763915 22.58433955 16.49354288  0.39676392
 17.66408445  7.14175048  1.58705566  2.38058349 16.66408445 15.4737927
  7.53851439  8.33204222  4.17411132 12.69644529  4.36440307 13.48997312
 20.80925542 17.68561951 22.77922107  0.79352783  1.19029175 15.09320921
 10.80891565  7.93527831  5.95145873 11.90291746  2.77734741  3.17411132
 12.3158618  10.12557005 13.09320921 10.3158618   6.74498656 11.67942186
 13.50615355  6.34822265] [ 19.64472071  24.86949755   9.12900831  -1.98846114   1.47022977
 -12.19004292 -13.53925945   8.03930254  27.73911242 -32.06662804
  40.0337091   25.14078183 -10.17712724   3.98936863 -14.6055355
  35.66815043  29.027881    -0.69500661  19.47479838 -12.06308425
 -31.20398342 -26.13061979  23.96960003   8.54576038   0.48531242
   7.53307936   8.29219504  -5.71855366   3.47491571   6.60049756
  30.54701986  31.00342646  38.00456861 -14.22363469 -21.38201814
  23.97314382  21.17460827   7.40852233  -9.86630575  -1.92572888
   5.32361984   5.57856199  24.03256695  16.3072777   11.05804631
   9.06856036 -20.51366275  22.66700827  17.99874052   4.63786779] 97.63505096084009
Using license file /opt/gurobi/latest/linux64/gurobi-client.lic
Set parameter TokenServer to value gaoler.isye.gatech.edu
adaptive afw x = [0, 0, 0, 0, 0, 0, 0, 0, 1, 0, 17, 1, 0, 0, 0, 7, 3, 0, 1, 0, 0, 0, 0, 0, 0, 0, 1, 0, 0, 0, 4, 3, 4, 0, 0, 2, 1, 0, 0, 0, 0, 0, 2, 1, 0, 0, 0, 0, 2, 0] [ 19.64472071  24.86949755   9.12900831  -1.98846114   1.47022977
 -12.19004292 -13.53925945   8.03930254  27.73911242 -32.06662804
  40.0337091   25.14078183 -10.17712724   3.98936863 -14.6055355
  35.66815043  29.027881    -0.69500661  19.47479838 -12.06308425
 -31.20398342 -26.13061979  23.96960003   8.54576038   0.48531242
   7.53307936   8.29219504  -5.71855366   3.47491571   6.60049756
  30.54701986  31.00342646  38.00456861 -14.22363469 -21.38201814
  23.97314382  21.17460827   7.40852233  -9.86630575  -1.92572888
   5.32361984   5.57856199  24.03256695  16.3072777   11.05804631
   9.06856036 -20.51366275  22.66700827  17.99874052   4.63786779] 125.3607423625272
adaptive afw x = [0, 0, 0, 0, 0, 0, 0, 0, 1, 0, 17, 1, 0, 0, 0, 7, 3, 0, 1, 0, 0, 0, 0, 0, 0, 0, 1, 0, 0, 0, 4, 3, 4, 0, 0, 2, 1, 0, 0, 0, 0, 0, 2, 1, 0, 0, 0, 0, 2, 0] [ 19.64472071  24.86949755   9.12900831  -1.98846114   1.47022977
 -12.19004292 -13.53925945   8.03930254  27.73911242 -32.06662804
  40.0337091   25.14078183 -10.17712724   3.98936863 -14.6055355
  35.66815043  29.027881    -0.69500661  19.47479838 -12.06308425
 -31.20398342 -26.13061979  23.96960003   8.54576038   0.48531242
   7.53307936   8.29219504  -5.71855366   3.47491571   6.60049756
  30.54701986  31.00342646  38.00456861 -14.22363469 -21.38201814
  23.97314382  21.17460827   7.40852233  -9.86630575  -1.92572888
   5.32361984   5.57856199  24.03256695  16.3072777   11.05804631
   9.06856036 -20.51366275  22.66700827  17.99874052   4.63786779] 125.3607423625272
Run  5
afw x = [ 2.66145489  8.74478036  2.4456195  18.63018426  4.18228626 12.92706663
  7.98436468 17.10935289  1.52083137  2.28124705 15.73894526  6.46353331
  8.36457252 11.7864431   9.50519605  1.14062353  0.38020784  6.91895302
  3.04166274 18.02019231 18.63583596 10.04581124 12.16665094  9.12498821
 16.72914505 11.81999223  4.34665871 10.79624331 15.96872936 10.26561173
 23.44636652  3.42187058 11.87145518 11.40623526  5.32290979 14.06769015
  7.223949   16.64735105  5.10707439  8.75476398 13.24186281 19.0103921
 21.42018397 15.20831368 18.24997641 13.68748231  7.60415684  5.70311763
  1.30499597 13.30727447] [  0.59250249   9.96148762   0.82767604  18.62026616 -11.31448261
  15.42943309 -13.47755201   8.51079179 -33.2901454  -24.75226276
  27.71934382 -19.34019664 -15.60679498   4.84846946   4.75305292
 -26.15038839 -11.18169585   4.84972895  -3.52977023  33.88698184
  44.58439008  15.31082149  13.44805953  17.01508266   8.59112567
  24.19323471   6.47960166  20.41903638  14.82401492  -2.91407268
  42.86961488 -19.92687103  26.80207934  15.88115374 -18.59628094
  13.43754549   5.0674182   35.48542976   6.37481323  12.12455703
  21.37709754  26.73556863  38.64609752  11.12900831  14.84492567
   0.14409096   6.309562   -21.84311069  -9.95817849   3.4281736 ] 101.7366813839459
afw x = [ 2.66145489  8.74478036  2.4456195  18.63018426  4.18228626 12.92706663
  7.98436468 17.10935289  1.52083137  2.28124705 15.73894526  6.46353331
  8.36457252 11.7864431   9.50519605  1.14062353  0.38020784  6.91895302
  3.04166274 18.02019231 18.63583596 10.04581124 12.16665094  9.12498821
 16.72914505 11.81999223  4.34665871 10.79624331 15.96872936 10.26561173
 23.44636652  3.42187058 11.87145518 11.40623526  5.32290979 14.06769015
  7.223949   16.64735105  5.10707439  8.75476398 13.24186281 19.0103921
 21.42018397 15.20831368 18.24997641 13.68748231  7.60415684  5.70311763
  1.30499597 13.30727447] [  0.59250249   9.96148762   0.82767604  18.62026616 -11.31448261
  15.42943309 -13.47755201   8.51079179 -33.2901454  -24.75226276
  27.71934382 -19.34019664 -15.60679498   4.84846946   4.75305292
 -26.15038839 -11.18169585   4.84972895  -3.52977023  33.88698184
  44.58439008  15.31082149  13.44805953  17.01508266   8.59112567
  24.19323471   6.47960166  20.41903638  14.82401492  -2.91407268
  42.86961488 -19.92687103  26.80207934  15.88115374 -18.59628094
  13.43754549   5.0674182   35.48542976   6.37481323  12.12455703
  21.37709754  26.73556863  38.64609752  11.12900831  14.84492567
   0.14409096   6.309562   -21.84311069  -9.95817849   3.4281736 ] 101.7366813839459
adaptive afw x = [0, 0, 0, 0, 0, 0, 0, 0, 0, 0, 2, 0, 0, 0, 0, 0, 0, 1, 0, 2, 8, 2, 0, 0, 0, 4, 0, 2, 0, 0, 9, 0, 4, 0, 0, 0, 0, 6, 0, 0, 2, 0, 8, 0, 0, 0, 0, 0, 0, 0] [  0.59250249   9.96148762   0.82767604  18.62026616 -11.31448261
  15.42943309 -13.47755201   8.51079179 -33.2901454  -24.75226276
  27.71934382 -19.34019664 -15.60679498   4.84846946   4.75305292
 -26.15038839 -11.18169585   4.84972895  -3.52977023  33.88698184
  44.58439008  15.31082149  13.44805953  17.01508266   8.59112567
  24.19323471   6.47960166  20.41903638  14.82401492  -2.91407268
  42.86961488 -19.92687103  26.80207934  15.88115374 -18.59628094
  13.43754549   5.0674182   35.48542976   6.37481323  12.12455703
  21.37709754  26.73556863  38.64609752  11.12900831  14.84492567
   0.14409096   6.309562   -21.84311069  -9.95817849   3.4281736 ] 126.37336898118261
adaptive afw x = [0, 0, 0, 0, 0, 0, 0, 0, 0, 0, 2, 0, 0, 0, 0, 0, 0, 1, 0, 2, 8, 2, 0, 0, 0, 4, 0, 2, 0, 0, 9, 0, 4, 0, 0, 0, 0, 6, 0, 0, 2, 0, 8, 0, 0, 0, 0, 0, 0, 0] [  0.59250249   9.96148762   0.82767604  18.62026616 -11.31448261
  15.42943309 -13.47755201   8.51079179 -33.2901454  -24.75226276
  27.71934382 -19.34019664 -15.60679498   4.84846946   4.75305292
 -26.15038839 -11.18169585   4.84972895  -3.52977023  33.88698184
  44.58439008  15.31082149  13.44805953  17.01508266   8.59112567
  24.19323471   6.47960166  20.41903638  14.82401492  -2.91407268
  42.86961488 -19.92687103  26.80207934  15.88115374 -18.59628094
  13.43754549   5.0674182   35.48542976   6.37481323  12.12455703
  21.37709754  26.73556863  38.64609752  11.12900831  14.84492567
   0.14409096   6.309562   -21.84311069  -9.95817849   3.4281736 ] 126.37336898118261
Run  6
afw x = [ 2.03269908 16.66813247 20.85639658  8.53733614 15.04197321  6.57996729
  4.06539816 14.22889357  4.8784778  10.97657504 17.53377531 10.50107623
 17.18626243  6.91117688 18.26174977 15.85505284 13.82235376  7.72425651
  8.13079633 19.37037239 17.88775192  9.35041578 15.56010316 14.63543339
  9.75695559  5.66166875 12.60273431  1.21961945 20.77335138  3.65885835
  2.92110894  6.50463706  1.3702799   4.47193798 12.53096491  1.62615927
 11.38311486 12.24800727 11.78965468 10.16349541 18.40588188 19.10737137
  2.84577871 11.75695559 23.4812121   9.13997796 13.52740408 17.4812121
  6.17342747  0.81307963] [-30.5578859   18.20122979  34.8311025  -11.27963136  10.36418186
   1.19780333 -20.10033714   4.26636368 -12.73592062   3.66106285
  25.76014051  17.58553224  13.11038186  -5.01645947  32.92195042
  18.43640334   8.92880334   9.12798349  -1.88607435  36.96617357
   9.33618352  -9.07474045  19.55981821  20.16752069   7.55284796
   0.66118018   4.49456698 -16.24111898  33.3665835  -27.78723135
  -9.72072064  -7.8791041   -5.94766445  -8.42738344  19.34567274
  -7.17586775  13.99291242  14.72174546  12.73911242   6.98822647
  22.77864962  21.98468268 -22.69055533  17.7857372   46.18740662
   9.46097521  19.01153886  20.59238516   7.16409423 -23.01531732] 90.9189094490568
afw x = [ 2.03269908 16.66813247 20.85639658  8.53733614 15.04197321  6.57996729
  4.06539816 14.22889357  4.8784778  10.97657504 17.53377531 10.50107623
 17.18626243  6.91117688 18.26174977 15.85505284 13.82235376  7.72425651
  8.13079633 19.37037239 17.88775192  9.35041578 15.56010316 14.63543339
  9.75695559  5.66166875 12.60273431  1.21961945 20.77335138  3.65885835
  2.92110894  6.50463706  1.3702799   4.47193798 12.53096491  1.62615927
 11.38311486 12.24800727 11.78965468 10.16349541 18.40588188 19.10737137
  2.84577871 11.75695559 23.4812121   9.13997796 13.52740408 17.4812121
  6.17342747  0.81307963] [-30.5578859   18.20122979  34.8311025  -11.27963136  10.36418186
   1.19780333 -20.10033714   4.26636368 -12.73592062   3.66106285
  25.76014051  17.58553224  13.11038186  -5.01645947  32.92195042
  18.43640334   8.92880334   9.12798349  -1.88607435  36.96617357
   9.33618352  -9.07474045  19.55981821  20.16752069   7.55284796
   0.66118018   4.49456698 -16.24111898  33.3665835  -27.78723135
  -9.72072064  -7.8791041   -5.94766445  -8.42738344  19.34567274
  -7.17586775  13.99291242  14.72174546  12.73911242   6.98822647
  22.77864962  21.98468268 -22.69055533  17.7857372   46.18740662
   9.46097521  19.01153886  20.59238516   7.16409423 -23.01531732] 90.9189094490568
adaptive afw x = [0, 0, 11, 0, 0, 0, 0, 0, 0, 0, 6, 1, 1, 0, 6, 0, 0, 0, 0, 6, 0, 0, 1, 0, 0, 0, 0, 0, 4, 0, 0, 0, 0, 0, 3, 0, 0, 1, 0, 0, 1, 0, 0, 2, 6, 0, 1, 0, 0, 0] [-30.5578859   18.20122979  34.8311025  -11.27963136  10.36418186
   1.19780333 -20.10033714   4.26636368 -12.73592062   3.66106285
  25.76014051  17.58553224  13.11038186  -5.01645947  32.92195042
  18.43640334   8.92880334   9.12798349  -1.88607435  36.96617357
   9.33618352  -9.07474045  19.55981821  20.16752069   7.55284796
   0.66118018   4.49456698 -16.24111898  33.3665835  -27.78723135
  -9.72072064  -7.8791041   -5.94766445  -8.42738344  19.34567274
  -7.17586775  13.99291242  14.72174546  12.73911242   6.98822647
  22.77864962  21.98468268 -22.69055533  17.7857372   46.18740662
   9.46097521  19.01153886  20.59238516   7.16409423 -23.01531732] 120.51444531119638
adaptive afw x = [0, 0, 11, 0, 0, 0, 0, 0, 0, 0, 6, 1, 1, 0, 6, 0, 0, 0, 0, 6, 0, 0, 1, 0, 0, 0, 0, 0, 4, 0, 0, 0, 0, 0, 3, 0, 0, 1, 0, 0, 1, 0, 0, 2, 6, 0, 1, 0, 0, 0] [-30.5578859   18.20122979  34.8311025  -11.27963136  10.36418186
   1.19780333 -20.10033714   4.26636368 -12.73592062   3.66106285
  25.76014051  17.58553224  13.11038186  -5.01645947  32.92195042
  18.43640334   8.92880334   9.12798349  -1.88607435  36.96617357
   9.33618352  -9.07474045  19.55981821  20.16752069   7.55284796
   0.66118018   4.49456698 -16.24111898  33.3665835  -27.78723135
  -9.72072064  -7.8791041   -5.94766445  -8.42738344  19.34567274
  -7.17586775  13.99291242  14.72174546  12.73911242   6.98822647
  22.77864962  21.98468268 -22.69055533  17.7857372   46.18740662
   9.46097521  19.01153886  20.59238516   7.16409423 -23.01531732] 120.51444531119638
Run  7
afw x = [11.71112302 14.35557015 11.49885177  0.75555632  8.55556324 14.73334831
 10.44251942  2.64444713  5.66667243  6.04445059  1.51111265 15.11112647
  4.15555978  2.26666897  1.88889081  4.53333794 12.08890118  5.28889427
 10.95556669 22.24446096 13.22223566  6.80000691  8.31111956 16.62223912
 17.37779544 13.0908358   8.68889772 21.48890463 13.60001382 11.33334485
  4.9111161  23.24446096 15.8666828  16.86861742  0.37777816  6.90217813
  7.80774542 18.04666068 12.8444575  10.20001037 18.7555736  19.06373209
  1.13333449  9.44445404  8.95464123 10.7290537   3.02222529  3.77778162
  3.40000346 20.43972552] [ 1.17030017e+01  1.30033091e+01  1.64516033e+01 -2.17673454e+01
  1.05505637e+01  2.99507939e+00  1.54201785e+01 -7.17472560e+00
 -6.30865451e+00 -5.51354542e+00 -2.51876413e+01  1.42209984e+01
 -1.08301950e+01 -1.56233718e+00  4.18043636e+00 -2.01678727e+01
  1.53479571e+01  2.99177026e+00  1.20313075e+01  4.28346463e+01
  2.98930631e-01  5.84272754e-01 -1.44892082e+01  1.38065306e+01
  1.91965438e+01  1.72979058e+01 -1.54965616e+00  4.55657636e+01
  3.85075377e+00  1.46331818e+01 -1.25368578e+01  3.63281885e+01
  1.11359786e+01  2.19521157e+01 -2.01037636e+01  1.26600380e+01
  1.68020793e+01  2.54702298e+01  9.59935541e+00 -8.09284255e-01
  2.23141306e+01  2.30441058e+01 -2.58793388e+00  4.31717393e-01
  1.76903207e+01  2.17648264e+01 -2.00886809e+01 -1.01165620e+01
  4.06793525e-02  2.82361984e+01] 83.62357842466533
afw x = [11.71112302 14.35557015 11.49885177  0.75555632  8.55556324 14.73334831
 10.44251942  2.64444713  5.66667243  6.04445059  1.51111265 15.11112647
  4.15555978  2.26666897  1.88889081  4.53333794 12.08890118  5.28889427
 10.95556669 22.24446096 13.22223566  6.80000691  8.31111956 16.62223912
 17.37779544 13.0908358   8.68889772 21.48890463 13.60001382 11.33334485
  4.9111161  23.24446096 15.8666828  16.86861742  0.37777816  6.90217813
  7.80774542 18.04666068 12.8444575  10.20001037 18.7555736  19.06373209
  1.13333449  9.44445404  8.95464123 10.7290537   3.02222529  3.77778162
  3.40000346 20.43972552] [ 1.17030017e+01  1.30033091e+01  1.64516033e+01 -2.17673454e+01
  1.05505637e+01  2.99507939e+00  1.54201785e+01 -7.17472560e+00
 -6.30865451e+00 -5.51354542e+00 -2.51876413e+01  1.42209984e+01
 -1.08301950e+01 -1.56233718e+00  4.18043636e+00 -2.01678727e+01
  1.53479571e+01  2.99177026e+00  1.20313075e+01  4.28346463e+01
  2.98930631e-01  5.84272754e-01 -1.44892082e+01  1.38065306e+01
  1.91965438e+01  1.72979058e+01 -1.54965616e+00  4.55657636e+01
  3.85075377e+00  1.46331818e+01 -1.25368578e+01  3.63281885e+01
  1.11359786e+01  2.19521157e+01 -2.01037636e+01  1.26600380e+01
  1.68020793e+01  2.54702298e+01  9.59935541e+00 -8.09284255e-01
  2.23141306e+01  2.30441058e+01 -2.58793388e+00  4.31717393e-01
  1.76903207e+01  2.17648264e+01 -2.00886809e+01 -1.01165620e+01
  4.06793525e-02  2.82361984e+01] 83.62357842466533
adaptive afw x = [0, 0, 2, 0, 1, 0, 0, 0, 0, 0, 0, 0, 0, 0, 0, 0, 0, 0, 0, 6, 0, 0, 0, 0, 0, 1, 0, 6, 0, 0, 0, 7, 0, 2, 0, 0, 1, 6, 0, 0, 1, 6, 0, 0, 2, 2, 0, 0, 0, 7] [ 1.17030017e+01  1.30033091e+01  1.64516033e+01 -2.17673454e+01
  1.05505637e+01  2.99507939e+00  1.54201785e+01 -7.17472560e+00
 -6.30865451e+00 -5.51354542e+00 -2.51876413e+01  1.42209984e+01
 -1.08301950e+01 -1.56233718e+00  4.18043636e+00 -2.01678727e+01
  1.53479571e+01  2.99177026e+00  1.20313075e+01  4.28346463e+01
  2.98930631e-01  5.84272754e-01 -1.44892082e+01  1.38065306e+01
  1.91965438e+01  1.72979058e+01 -1.54965616e+00  4.55657636e+01
  3.85075377e+00  1.46331818e+01 -1.25368578e+01  3.63281885e+01
  1.11359786e+01  2.19521157e+01 -2.01037636e+01  1.26600380e+01
  1.68020793e+01  2.54702298e+01  9.59935541e+00 -8.09284255e-01
  2.23141306e+01  2.30441058e+01 -2.58793388e+00  4.31717393e-01
  1.76903207e+01  2.17648264e+01 -2.00886809e+01 -1.01165620e+01
  4.06793525e-02  2.82361984e+01] 112.15069800177719
adaptive afw x = [0, 0, 2, 0, 1, 0, 0, 0, 0, 0, 0, 0, 0, 0, 0, 0, 0, 0, 0, 6, 0, 0, 0, 0, 0, 1, 0, 6, 0, 0, 0, 7, 0, 2, 0, 0, 1, 6, 0, 0, 1, 6, 0, 0, 2, 2, 0, 0, 0, 7] [ 1.17030017e+01  1.30033091e+01  1.64516033e+01 -2.17673454e+01
  1.05505637e+01  2.99507939e+00  1.54201785e+01 -7.17472560e+00
 -6.30865451e+00 -5.51354542e+00 -2.51876413e+01  1.42209984e+01
 -1.08301950e+01 -1.56233718e+00  4.18043636e+00 -2.01678727e+01
  1.53479571e+01  2.99177026e+00  1.20313075e+01  4.28346463e+01
  2.98930631e-01  5.84272754e-01 -1.44892082e+01  1.38065306e+01
  1.91965438e+01  1.72979058e+01 -1.54965616e+00  4.55657636e+01
  3.85075377e+00  1.46331818e+01 -1.25368578e+01  3.63281885e+01
  1.11359786e+01  2.19521157e+01 -2.01037636e+01  1.26600380e+01
  1.68020793e+01  2.54702298e+01  9.59935541e+00 -8.09284255e-01
  2.23141306e+01  2.30441058e+01 -2.58793388e+00  4.31717393e-01
  1.76903207e+01  2.17648264e+01 -2.00886809e+01 -1.01165620e+01
  4.06793525e-02  2.82361984e+01] 112.15069800177719
Run  8
afw x = [17.33638644 11.83524153  9.47179076  7.41875879  8.3070185   5.77879548
  4.69527133  3.97292189 19.52142243  3.27992662 19.0553218  11.30815653
  0.36117472 13.5282368  16.61403701 17.94471954  2.75284162 10.47406681
 12.64111511  7.94584379  1.80587359 12.2799404  13.00228983 15.01364253
 14.08581398 12.14224625 10.83524153  2.52822302  4.33409661 11.91876568
  5.05644605  9.02936794  6.1399702  14.4469887  13.72463927  6.50114492
 17.13998398  9.95152014 15.16933814  3.61174718 15.53051285  9.55531491
 14.80816342  5.11515436 13.94811984  3.25057246 17.51914637  1.44469887
  7.58466907  0.72234944] [ 13.63420666  27.20020496  17.16409423   5.60758514  -6.82094045
   4.30259175  -6.79991237 -26.06662804  38.86138514  -1.56233718
  38.36898513  22.44931902 -37.03520325  23.66346448  16.17905955
  35.08604465   0.20603306   6.4061207    7.63775045  -7.89544624
  -5.41218346  -0.25403466  21.30373391  19.53433884  12.06615872
  21.15129588  -2.91293053 -27.77557515 -20.5404016   13.3490992
  -5.8930446  -10.24123631 -10.39950244   3.10100997   9.55741657
  -4.68701154  26.380524    14.4784595   22.94514548   2.12101324
  17.12786616  16.48188596   4.10100997   2.72871571  29.48542976
   1.28865125  37.5179967  -12.52165783   5.54004961  -6.58679172] 94.61473116392786
afw x = [17.33638644 11.83524153  9.47179076  7.41875879  8.3070185   5.77879548
  4.69527133  3.97292189 19.52142243  3.27992662 19.0553218  11.30815653
  0.36117472 13.5282368  16.61403701 17.94471954  2.75284162 10.47406681
 12.64111511  7.94584379  1.80587359 12.2799404  13.00228983 15.01364253
 14.08581398 12.14224625 10.83524153  2.52822302  4.33409661 11.91876568
  5.05644605  9.02936794  6.1399702  14.4469887  13.72463927  6.50114492
 17.13998398  9.95152014 15.16933814  3.61174718 15.53051285  9.55531491
 14.80816342  5.11515436 13.94811984  3.25057246 17.51914637  1.44469887
  7.58466907  0.72234944] [ 13.63420666  27.20020496  17.16409423   5.60758514  -6.82094045
   4.30259175  -6.79991237 -26.06662804  38.86138514  -1.56233718
  38.36898513  22.44931902 -37.03520325  23.66346448  16.17905955
  35.08604465   0.20603306   6.4061207    7.63775045  -7.89544624
  -5.41218346  -0.25403466  21.30373391  19.53433884  12.06615872
  21.15129588  -2.91293053 -27.77557515 -20.5404016   13.3490992
  -5.8930446  -10.24123631 -10.39950244   3.10100997   9.55741657
  -4.68701154  26.380524    14.4784595   22.94514548   2.12101324
  17.12786616  16.48188596   4.10100997   2.72871571  29.48542976
   1.28865125  37.5179967  -12.52165783   5.54004961  -6.58679172] 94.61473116392786
adaptive afw x = [ 0.  1.  3.  0.  0.  0.  0.  0. 11.  0.  7.  1.  0.  2.  0.  3.  0.  0.
  0.  0.  0.  0.  0.  0.  0.  2.  0.  0.  0.  0.  0.  0.  0.  0.  0.  0.
  2.  1.  0.  0.  0.  2.  0.  0.  2.  0. 13.  0.  0.  0.] [ 13.63420666  27.20020496  17.16409423   5.60758514  -6.82094045
   4.30259175  -6.79991237 -26.06662804  38.86138514  -1.56233718
  38.36898513  22.44931902 -37.03520325  23.66346448  16.17905955
  35.08604465   0.20603306   6.4061207    7.63775045  -7.89544624
  -5.41218346  -0.25403466  21.30373391  19.53433884  12.06615872
  21.15129588  -2.91293053 -27.77557515 -20.5404016   13.3490992
  -5.8930446  -10.24123631 -10.39950244   3.10100997   9.55741657
  -4.68701154  26.380524    14.4784595   22.94514548   2.12101324
  17.12786616  16.48188596   4.10100997   2.72871571  29.48542976
   1.28865125  37.5179967  -12.52165783   5.54004961  -6.58679172] 118.16651829185541
Warning for adding constraints: zero or small (< 1e-13) coefficients, ignored
Warning for adding constraints: zero or small (< 1e-13) coefficients, ignored
Warning for adding constraints: zero or small (< 1e-13) coefficients, ignored
Warning for adding constraints: zero or small (< 1e-13) coefficients, ignored
adaptive afw x = [ 0.  1.  3.  0.  0.  0.  0.  0. 11.  0.  7.  1.  0.  2.  0.  3.  0.  0.
  0.  0.  0.  0.  0.  0.  0.  2.  0.  0.  0.  0.  0.  0.  0.  0.  0.  0.
  2.  1.  0.  0.  0.  2.  0.  0.  2.  0. 13.  0.  0.  0.] [ 13.63420666  27.20020496  17.16409423   5.60758514  -6.82094045
   4.30259175  -6.79991237 -26.06662804  38.86138514  -1.56233718
  38.36898513  22.44931902 -37.03520325  23.66346448  16.17905955
  35.08604465   0.20603306   6.4061207    7.63775045  -7.89544624
  -5.41218346  -0.25403466  21.30373391  19.53433884  12.06615872
  21.15129588  -2.91293053 -27.77557515 -20.5404016   13.3490992
  -5.8930446  -10.24123631 -10.39950244   3.10100997   9.55741657
  -4.68701154  26.380524    14.4784595   22.94514548   2.12101324
  17.12786616  16.48188596   4.10100997   2.72871571  29.48542976
   1.28865125  37.5179967  -12.52165783   5.54004961  -6.58679172] 118.16651829185541
Run  9
afw x = [19.49560861  9.54182793 14.31274189 19.88877927 15.90304654 11.52970874
  5.16849013 11.92728491  5.96364245 10.33698025 12.72243724 14.50559746
 13.91516573  6.36121862  0.79515233  3.97576164 10.83701121 13.51758956
 22.50219983 17.09577504  0.39757616 24.03344426  3.18060931  7.15637094
  2.78303315 17.30074979  3.57818547  7.55394711  5.56606629  4.3733378
 19.68607969 11.13213258 18.55404697 15.50547038 25.90304654  2.38545698
 10.73455642  9.27075593  8.34909944 18.68607969  6.75879478  1.19272849
 17.9804308  16.69819887  2.19272849  8.7466756   4.77091396 12.32486107
  7.95152327  1.98788082] [ 35.01039671  -1.05257021  15.64129425  37.92195042   3.9578265
   8.84618515  -1.99428923  14.46554383  -8.93498343   8.78916366
   7.54347607  24.67397853  -2.15976027 -22.98515201 -29.75809086
   6.57273389  21.16295207  -6.77329085  39.02673885  18.1523207
 -13.23060494  39.2956215    5.7834529   16.23048761   6.29219504
  33.51685455 -13.12821815  -7.18878343 -25.28317515   4.87189918
  24.23265458   5.25710913  36.39926778  20.50393887  49.03142479
 -18.95943798  -8.40887433  20.7462      -6.62301979   6.09632403
  -7.19575368 -13.31676692  37.66472397   5.30590088  -0.97326115
  18.44234877 -25.75580655  13.58427275  -8.90824458 -18.71146608] 106.1538178668017
afw x = [19.49560861  9.54182793 14.31274189 19.88877927 15.90304654 11.52970874
  5.16849013 11.92728491  5.96364245 10.33698025 12.72243724 14.50559746
 13.91516573  6.36121862  0.79515233  3.97576164 10.83701121 13.51758956
 22.50219983 17.09577504  0.39757616 24.03344426  3.18060931  7.15637094
  2.78303315 17.30074979  3.57818547  7.55394711  5.56606629  4.3733378
 19.68607969 11.13213258 18.55404697 15.50547038 25.90304654  2.38545698
 10.73455642  9.27075593  8.34909944 18.68607969  6.75879478  1.19272849
 17.9804308  16.69819887  2.19272849  8.7466756   4.77091396 12.32486107
  7.95152327  1.98788082] [ 35.01039671  -1.05257021  15.64129425  37.92195042   3.9578265
   8.84618515  -1.99428923  14.46554383  -8.93498343   8.78916366
   7.54347607  24.67397853  -2.15976027 -22.98515201 -29.75809086
   6.57273389  21.16295207  -6.77329085  39.02673885  18.1523207
 -13.23060494  39.2956215    5.7834529   16.23048761   6.29219504
  33.51685455 -13.12821815  -7.18878343 -25.28317515   4.87189918
  24.23265458   5.25710913  36.39926778  20.50393887  49.03142479
 -18.95943798  -8.40887433  20.7462      -6.62301979   6.09632403
  -7.19575368 -13.31676692  37.66472397   5.30590088  -0.97326115
  18.44234877 -25.75580655  13.58427275  -8.90824458 -18.71146608] 106.1538178668017
adaptive afw x = [2, 0, 0, 4, 0, 0, 0, 0, 0, 0, 0, 3, 0, 0, 0, 0, 1, 0, 10, 0, 0, 8, 0, 0, 0, 5, 0, 0, 0, 0, 1, 0, 2, 0, 10, 0, 0, 0, 0, 0, 0, 0, 3, 0, 1, 0, 0, 0, 0, 0] [ 35.01039671  -1.05257021  15.64129425  37.92195042   3.9578265
   8.84618515  -1.99428923  14.46554383  -8.93498343   8.78916366
   7.54347607  24.67397853  -2.15976027 -22.98515201 -29.75809086
   6.57273389  21.16295207  -6.77329085  39.02673885  18.1523207
 -13.23060494  39.2956215    5.7834529   16.23048761   6.29219504
  33.51685455 -13.12821815  -7.18878343 -25.28317515   4.87189918
  24.23265458   5.25710913  36.39926778  20.50393887  49.03142479
 -18.95943798  -8.40887433  20.7462      -6.62301979   6.09632403
  -7.19575368 -13.31676692  37.66472397   5.30590088  -0.97326115
  18.44234877 -25.75580655  13.58427275  -8.90824458 -18.71146608] 132.17738101312852
adaptive afw x = [2, 0, 0, 4, 0, 0, 0, 0, 0, 0, 0, 3, 0, 0, 0, 0, 1, 0, 10, 0, 0, 8, 0, 0, 0, 5, 0, 0, 0, 0, 1, 0, 2, 0, 10, 0, 0, 0, 0, 0, 0, 0, 3, 0, 1, 0, 0, 0, 0, 0] [ 35.01039671  -1.05257021  15.64129425  37.92195042   3.9578265
   8.84618515  -1.99428923  14.46554383  -8.93498343   8.78916366
   7.54347607  24.67397853  -2.15976027 -22.98515201 -29.75809086
   6.57273389  21.16295207  -6.77329085  39.02673885  18.1523207
 -13.23060494  39.2956215    5.7834529   16.23048761   6.29219504
  33.51685455 -13.12821815  -7.18878343 -25.28317515   4.87189918
  24.23265458   5.25710913  36.39926778  20.50393887  49.03142479
 -18.95943798  -8.40887433  20.7462      -6.62301979   6.09632403
  -7.19575368 -13.31676692  37.66472397   5.30590088  -0.97326115
  18.44234877 -25.75580655  13.58427275  -8.90824458 -18.71146608] 132.17738101312852
Run  10
afw x = [10.45095923 16.25817631  4.10573398 10.82420778  7.09172234 12.6904505
 23.69568583 15.51167922 12.31720195  8.58471651  1.30375224 10.07247536
  5.58302217 15.74593515  1.49299418  9.3312136  11.19745632  6.34522525
  5.22547962  8.76872312 14.94918874 13.1716893   2.61273981  4.46327654
  6.71847379  5.03623768  8.39547458  1.86624272 18.28917866 14.55669322
  2.98598835 18.73192351  5.59872816 13.82944311 17.12796002 17.37792194
 10.63496584 16.42293594 11.94395341  5.96674137  0.37324854 13.81019613
  9.84345475 18.09865201  7.07601635  3.3592369   5.9719767  14.92994176
  9.69399148 16.79618448] [ -0.55434211  31.86138514 -17.591595    -5.96183962 -15.04914375
   2.01839178  46.37949918  26.02433721  -1.86870738 -10.75112061
 -10.01405783  17.5552496    3.00114215  25.51559507 -12.6706694
  -8.15507433  10.70300168  -0.37847435 -10.41927104  16.46794546
  28.31424795  24.48074381  -7.21197849  -4.05942313 -17.63239168
   3.11518514  12.18969092  -7.12581651  23.83567111   3.14409096
 -26.17952887  18.85658187  -1.33539336  25.12798349  30.69146282
  33.11049919  21.15129588  19.35721161  -3.89316193   4.72985786
 -10.1944942   12.86012566   5.84618515  38.02205291   8.82653389
 -27.30294375  -6.42624129  21.44805953  17.33641819  16.42703145] 94.57787809454116
afw x = [10.45095923 16.25817631  4.10573398 10.82420778  7.09172234 12.6904505
 23.69568583 15.51167922 12.31720195  8.58471651  1.30375224 10.07247536
  5.58302217 15.74593515  1.49299418  9.3312136  11.19745632  6.34522525
  5.22547962  8.76872312 14.94918874 13.1716893   2.61273981  4.46327654
  6.71847379  5.03623768  8.39547458  1.86624272 18.28917866 14.55669322
  2.98598835 18.73192351  5.59872816 13.82944311 17.12796002 17.37792194
 10.63496584 16.42293594 11.94395341  5.96674137  0.37324854 13.81019613
  9.84345475 18.09865201  7.07601635  3.3592369   5.9719767  14.92994176
  9.69399148 16.79618448] [ -0.55434211  31.86138514 -17.591595    -5.96183962 -15.04914375
   2.01839178  46.37949918  26.02433721  -1.86870738 -10.75112061
 -10.01405783  17.5552496    3.00114215  25.51559507 -12.6706694
  -8.15507433  10.70300168  -0.37847435 -10.41927104  16.46794546
  28.31424795  24.48074381  -7.21197849  -4.05942313 -17.63239168
   3.11518514  12.18969092  -7.12581651  23.83567111   3.14409096
 -26.17952887  18.85658187  -1.33539336  25.12798349  30.69146282
  33.11049919  21.15129588  19.35721161  -3.89316193   4.72985786
 -10.1944942   12.86012566   5.84618515  38.02205291   8.82653389
 -27.30294375  -6.42624129  21.44805953  17.33641819  16.42703145] 94.57787809454116
adaptive afw x = [ 0.  3.  0.  0.  0.  0. 11.  3.  0.  0.  0.  0.  0.  1.  0.  0.  0.  0.
  0.  0.  3.  7.  0.  0.  0.  0.  0.  0.  0.  0.  0.  1.  0.  3.  5.  3.
  0.  0.  0.  0.  0.  0.  2.  8.  0.  0.  0.  0.  0.  0.] [ -0.55434211  31.86138514 -17.591595    -5.96183962 -15.04914375
   2.01839178  46.37949918  26.02433721  -1.86870738 -10.75112061
 -10.01405783  17.5552496    3.00114215  25.51559507 -12.6706694
  -8.15507433  10.70300168  -0.37847435 -10.41927104  16.46794546
  28.31424795  24.48074381  -7.21197849  -4.05942313 -17.63239168
   3.11518514  12.18969092  -7.12581651  23.83567111   3.14409096
 -26.17952887  18.85658187  -1.33539336  25.12798349  30.69146282
  33.11049919  21.15129588  19.35721161  -3.89316193   4.72985786
 -10.1944942   12.86012566   5.84618515  38.02205291   8.82653389
 -27.30294375  -6.42624129  21.44805953  17.33641819  16.42703145] 119.01713173066929
adaptive afw x = [ 0.  3.  0.  0.  0.  0. 11.  3.  0.  0.  0.  0.  0.  1.  0.  0.  0.  0.
  0.  0.  3.  7.  0.  0.  0.  0.  0.  0.  0.  0.  0.  1.  0.  3.  5.  3.
  0.  0.  0.  0.  0.  0.  2.  8.  0.  0.  0.  0.  0.  0.] [ -0.55434211  31.86138514 -17.591595    -5.96183962 -15.04914375
   2.01839178  46.37949918  26.02433721  -1.86870738 -10.75112061
 -10.01405783  17.5552496    3.00114215  25.51559507 -12.6706694
  -8.15507433  10.70300168  -0.37847435 -10.41927104  16.46794546
  28.31424795  24.48074381  -7.21197849  -4.05942313 -17.63239168
   3.11518514  12.18969092  -7.12581651  23.83567111   3.14409096
 -26.17952887  18.85658187  -1.33539336  25.12798349  30.69146282
  33.11049919  21.15129588  19.35721161  -3.89316193   4.72985786
 -10.1944942   12.86012566   5.84618515  38.02205291   8.82653389
 -27.30294375  -6.42624129  21.44805953  17.33641819  16.42703145] 119.01713173066929
Run  11
afw x = [ 2.80724265  4.73675638  3.15814798 13.71158184 10.52715995  2.10543199
 11.93078128 10.90433919 16.02754146 14.4651773   5.61448531  5.13187408
 11.30796052 15.05398355 16.49255059  4.21086398 15.85179137 15.86972983
  9.47444395  9.38601922 14.03621327  8.44800187 14.55267083  7.36901196
  5.26357997 14.3871186  15.43983459  8.07082263  6.6672013   1.40362133
 12.28168661  8.42172796 13.39545405 16.78206812  5.00016818 17.70324639
  9.12353862 18.0632502  16.14164526 16.84345592  1.05271599  0.70181066
  1.49111486  1.75452666  7.01810663  6.31629597 11.57987594  3.50905332
  5.48277941 12.79057175] [ -3.00822974   3.68449257  -1.59844792  26.71820167  -0.62187764
 -18.53102971  -3.36465118  21.73568596  34.0081124   25.22465951
 -12.88961814   4.24557026  16.74494052  29.3153901   12.29893063
  -2.73351899  33.51102645   8.49216534   9.56564631  14.70894711
   7.7017422   11.71820167  24.98137355   3.93817523 -12.90241649
  11.32807112   6.05792898   7.8566992    6.98594217  -5.38772891
   2.73899509   7.96262978  28.31779174  39.14432563   4.21997356
  38.41435043 -11.0107487   44.56690579  12.26750584  15.98113889
 -20.99086277 -34.74997846  -6.99074544  -3.12113057 -10.37973384
  -8.97109417  -5.0165768  -11.30865451 -15.20626772  18.08135871] 94.56131476145954
afw x = [ 2.80724265  4.73675638  3.15814798 13.71158184 10.52715995  2.10543199
 11.93078128 10.90433919 16.02754146 14.4651773   5.61448531  5.13187408
 11.30796052 15.05398355 16.49255059  4.21086398 15.85179137 15.86972983
  9.47444395  9.38601922 14.03621327  8.44800187 14.55267083  7.36901196
  5.26357997 14.3871186  15.43983459  8.07082263  6.6672013   1.40362133
 12.28168661  8.42172796 13.39545405 16.78206812  5.00016818 17.70324639
  9.12353862 18.0632502  16.14164526 16.84345592  1.05271599  0.70181066
  1.49111486  1.75452666  7.01810663  6.31629597 11.57987594  3.50905332
  5.48277941 12.79057175] [ -3.00822974   3.68449257  -1.59844792  26.71820167  -0.62187764
 -18.53102971  -3.36465118  21.73568596  34.0081124   25.22465951
 -12.88961814   4.24557026  16.74494052  29.3153901   12.29893063
  -2.73351899  33.51102645   8.49216534   9.56564631  14.70894711
   7.7017422   11.71820167  24.98137355   3.93817523 -12.90241649
  11.32807112   6.05792898   7.8566992    6.98594217  -5.38772891
   2.73899509   7.96262978  28.31779174  39.14432563   4.21997356
  38.41435043 -11.0107487   44.56690579  12.26750584  15.98113889
 -20.99086277 -34.74997846  -6.99074544  -3.12113057 -10.37973384
  -8.97109417  -5.0165768  -11.30865451 -15.20626772  18.08135871] 94.56131476145954
adaptive afw x = [ 0.  0.  0.  2.  0.  0.  0.  2.  8.  1.  0.  0.  1.  4.  0.  0.  3.  1.
  0.  0.  0.  2.  1.  0.  0.  0.  0.  0.  0.  0.  0.  0.  3.  7.  0.  2.
  0. 11.  0.  0.  0.  0.  0.  0.  0.  0.  0.  0.  0.  2.] [ -3.00822974   3.68449257  -1.59844792  26.71820167  -0.62187764
 -18.53102971  -3.36465118  21.73568596  34.0081124   25.22465951
 -12.88961814   4.24557026  16.74494052  29.3153901   12.29893063
  -2.73351899  33.51102645   8.49216534   9.56564631  14.70894711
   7.7017422   11.71820167  24.98137355   3.93817523 -12.90241649
  11.32807112   6.05792898   7.8566992    6.98594217  -5.38772891
   2.73899509   7.96262978  28.31779174  39.14432563   4.21997356
  38.41435043 -11.0107487   44.56690579  12.26750584  15.98113889
 -20.99086277 -34.74997846  -6.99074544  -3.12113057 -10.37973384
  -8.97109417  -5.0165768  -11.30865451 -15.20626772  18.08135871] 116.90498427499651
adaptive afw x = [ 0.  0.  0.  2.  0.  0.  0.  2.  8.  1.  0.  0.  1.  4.  0.  0.  3.  1.
  0.  0.  0.  2.  1.  0.  0.  0.  0.  0.  0.  0.  0.  0.  3.  7.  0.  2.
  0. 11.  0.  0.  0.  0.  0.  0.  0.  0.  0.  0.  0.  2.] [ -3.00822974   3.68449257  -1.59844792  26.71820167  -0.62187764
 -18.53102971  -3.36465118  21.73568596  34.0081124   25.22465951
 -12.88961814   4.24557026  16.74494052  29.3153901   12.29893063
  -2.73351899  33.51102645   8.49216534   9.56564631  14.70894711
   7.7017422   11.71820167  24.98137355   3.93817523 -12.90241649
  11.32807112   6.05792898   7.8566992    6.98594217  -5.38772891
   2.73899509   7.96262978  28.31779174  39.14432563   4.21997356
  38.41435043 -11.0107487   44.56690579  12.26750584  15.98113889
 -20.99086277 -34.74997846  -6.99074544  -3.12113057 -10.37973384
  -8.97109417  -5.0165768  -11.30865451 -15.20626772  18.08135871] 116.90498427499651
Run  12
afw x = [ 3.20748927 23.20167166 22.77033258  4.12391478  0.98656316  1.37463826
 11.91353159 21.99421217  0.91642551 18.49565913 12.38518118  9.23439273
 16.95387188  5.04034029  1.83285101 19.95387188 13.74638261  6.41497855
  9.62246782 16.12102087 20.16136115 14.67624495 12.8299571  14.69555896
  7.78961681  2.74927652 22.53892311 10.53889333 19.24493565 11.45531884
 17.27473302  7.33140406 16.03744637 14.20459536 17.87029739 22.91063768
  2.81941418  4.58212754  6.8731913   3.66570203 10.08068058 27.05383669
  5.49855304 23.10170686  9.17769191 13.28816985 19.7031484   8.24782956
  6.48511621 18.1344577 ] [ -7.86390411  43.87075703  38.32590414 -18.04559996  -8.61124627
 -31.38441978   4.02079342  20.09758351 -16.79408427  27.53193721
  11.74494052  11.81019175  24.5947868  -23.25403466 -27.51594706
  32.71705952  10.05107606 -10.30751236  -1.94778178  23.90446613
  17.25242318  16.55867606  14.5889587   22.2677405   -3.30282642
  -8.75214543  39.69614876  -2.64861649  17.89737855  16.17106448
  29.64723967 -13.05725615  14.41777689   0.32224302   8.84378352
  25.61798186  -5.9523504  -11.66255699 -22.68130077 -31.56257184
   3.76470912  43.97554546  -6.60781981  40.8229901    2.64015209
  -5.66381648  18.69248764 -12.62187764  -0.59730576  32.68449257] 106.31689520135804
afw x = [ 3.20748927 23.20167166 22.77033258  4.12391478  0.98656316  1.37463826
 11.91353159 21.99421217  0.91642551 18.49565913 12.38518118  9.23439273
 16.95387188  5.04034029  1.83285101 19.95387188 13.74638261  6.41497855
  9.62246782 16.12102087 20.16136115 14.67624495 12.8299571  14.69555896
  7.78961681  2.74927652 22.53892311 10.53889333 19.24493565 11.45531884
 17.27473302  7.33140406 16.03744637 14.20459536 17.87029739 22.91063768
  2.81941418  4.58212754  6.8731913   3.66570203 10.08068058 27.05383669
  5.49855304 23.10170686  9.17769191 13.28816985 19.7031484   8.24782956
  6.48511621 18.1344577 ] [ -7.86390411  43.87075703  38.32590414 -18.04559996  -8.61124627
 -31.38441978   4.02079342  20.09758351 -16.79408427  27.53193721
  11.74494052  11.81019175  24.5947868  -23.25403466 -27.51594706
  32.71705952  10.05107606 -10.30751236  -1.94778178  23.90446613
  17.25242318  16.55867606  14.5889587   22.2677405   -3.30282642
  -8.75214543  39.69614876  -2.64861649  17.89737855  16.17106448
  29.64723967 -13.05725615  14.41777689   0.32224302   8.84378352
  25.61798186  -5.9523504  -11.66255699 -22.68130077 -31.56257184
   3.76470912  43.97554546  -6.60781981  40.8229901    2.64015209
  -5.66381648  18.69248764 -12.62187764  -0.59730576  32.68449257] 106.31689520135804
adaptive afw x = [0. 6. 8. 0. 0. 0. 0. 0. 0. 2. 1. 0. 0. 0. 0. 3. 0. 0. 0. 1. 0. 1. 0. 0.
 0. 0. 4. 0. 0. 0. 3. 0. 0. 0. 0. 0. 0. 0. 0. 0. 0. 7. 0. 9. 1. 0. 0. 0.
 0. 4.] [ -7.86390411  43.87075703  38.32590414 -18.04559996  -8.61124627
 -31.38441978   4.02079342  20.09758351 -16.79408427  27.53193721
  11.74494052  11.81019175  24.5947868  -23.25403466 -27.51594706
  32.71705952  10.05107606 -10.30751236  -1.94778178  23.90446613
  17.25242318  16.55867606  14.5889587   22.2677405   -3.30282642
  -8.75214543  39.69614876  -2.64861649  17.89737855  16.17106448
  29.64723967 -13.05725615  14.41777689   0.32224302   8.84378352
  25.61798186  -5.9523504  -11.66255699 -22.68130077 -31.56257184
   3.76470912  43.97554546  -6.60781981  40.8229901    2.64015209
  -5.66381648  18.69248764 -12.62187764  -0.59730576  32.68449257] 139.42537576135834
Warning for adding constraints: zero or small (< 1e-13) coefficients, ignored
Warning for adding constraints: zero or small (< 1e-13) coefficients, ignored
Warning for adding constraints: zero or small (< 1e-13) coefficients, ignored
Warning for adding constraints: zero or small (< 1e-13) coefficients, ignored
Warning for adding constraints: zero or small (< 1e-13) coefficients, ignored
Warning for adding constraints: zero or small (< 1e-13) coefficients, ignored
Warning for adding constraints: zero or small (< 1e-13) coefficients, ignored
Warning for adding constraints: zero or small (< 1e-13) coefficients, ignored
Warning for adding constraints: zero or small (< 1e-13) coefficients, ignored
adaptive afw x = [0. 6. 8. 0. 0. 0. 0. 0. 0. 2. 1. 0. 0. 0. 0. 3. 0. 0. 0. 1. 0. 1. 0. 0.
 0. 0. 4. 0. 0. 0. 3. 0. 0. 0. 0. 0. 0. 0. 0. 0. 0. 7. 0. 9. 1. 0. 0. 0.
 0. 4.] [ -7.86390411  43.87075703  38.32590414 -18.04559996  -8.61124627
 -31.38441978   4.02079342  20.09758351 -16.79408427  27.53193721
  11.74494052  11.81019175  24.5947868  -23.25403466 -27.51594706
  32.71705952  10.05107606 -10.30751236  -1.94778178  23.90446613
  17.25242318  16.55867606  14.5889587   22.2677405   -3.30282642
  -8.75214543  39.69614876  -2.64861649  17.89737855  16.17106448
  29.64723967 -13.05725615  14.41777689   0.32224302   8.84378352
  25.61798186  -5.9523504  -11.66255699 -22.68130077 -31.56257184
   3.76470912  43.97554546  -6.60781981  40.8229901    2.64015209
  -5.66381648  18.69248764 -12.62187764  -0.59730576  32.68449257] 139.42537576135834
Run  13
afw x = [ 6.99242307  0.82263801 13.33957013  6.58110407 16.2907605  16.92825113
 13.16220814 19.62300223  2.87923303  7.40374208 11.92825113  0.411319
  8.52840174 21.95256883  2.46791403 17.27539818 14.39616515  3.91268035
  5.34714706  1.23395701  9.8716561  17.68671719 13.57352714 14.80748416
  7.00272269 20.56595022  3.70187104 13.56574175 19.25296349  9.0490181
 15.21880316 20.15463121  4.52450905 13.29716742 20.57741984 17.1133985
  1.64527602 23.0941435   6.16978506 16.45276017  5.75846606 13.85629379
 15.63012216  8.22638009  4.93582805 11.15831544  8.63769909 11.10561312
 11.64159178  4.11319004] [ -6.63696029 -17.55776857  21.16523638 -16.37276359  25.04879176
  29.08261819  10.74722483  30.27345127 -19.35642145  -5.69283963
  -4.88150573 -17.6450727   12.16409423  41.25722646  -3.44360825
  20.57958681  21.8311025   -2.24568759 -13.50543302 -15.71957848
   3.8648116   16.77396368   5.45148599  14.30019012   6.39812562
  22.33972731 -12.90470079  24.92549421  29.83224465   4.58427275
  16.32464466  22.55044632  -9.8616198   21.54713719  35.5435934
  30.47605787 -20.68004128  38.70426117 -18.84425284   7.40371906
 -19.32271235  21.07793225   9.44565789   8.97314382 -14.37504789
  16.46325952 -12.41584458  -2.5974231   12.05576201  -3.39241486] 92.10814661211523
afw x = [ 6.99242307  0.82263801 13.33957013  6.58110407 16.2907605  16.92825113
 13.16220814 19.62300223  2.87923303  7.40374208 11.92825113  0.411319
  8.52840174 21.95256883  2.46791403 17.27539818 14.39616515  3.91268035
  5.34714706  1.23395701  9.8716561  17.68671719 13.57352714 14.80748416
  7.00272269 20.56595022  3.70187104 13.56574175 19.25296349  9.0490181
 15.21880316 20.15463121  4.52450905 13.29716742 20.57741984 17.1133985
  1.64527602 23.0941435   6.16978506 16.45276017  5.75846606 13.85629379
 15.63012216  8.22638009  4.93582805 11.15831544  8.63769909 11.10561312
 11.64159178  4.11319004] [ -6.63696029 -17.55776857  21.16523638 -16.37276359  25.04879176
  29.08261819  10.74722483  30.27345127 -19.35642145  -5.69283963
  -4.88150573 -17.6450727   12.16409423  41.25722646  -3.44360825
  20.57958681  21.8311025   -2.24568759 -13.50543302 -15.71957848
   3.8648116   16.77396368   5.45148599  14.30019012   6.39812562
  22.33972731 -12.90470079  24.92549421  29.83224465   4.58427275
  16.32464466  22.55044632  -9.8616198   21.54713719  35.5435934
  30.47605787 -20.68004128  38.70426117 -18.84425284   7.40371906
 -19.32271235  21.07793225   9.44565789   8.97314382 -14.37504789
  16.46325952 -12.41584458  -2.5974231   12.05576201  -3.39241486] 92.10814661211523
adaptive afw x = [0, 0, 1, 0, 2, 5, 0, 1, 0, 0, 0, 0, 2, 14, 0, 0, 0, 0, 0, 0, 0, 0, 0, 0, 0, 0, 0, 4, 4, 0, 0, 0, 0, 1, 5, 2, 0, 7, 0, 0, 0, 1, 0, 0, 0, 0, 0, 0, 1, 0] [ -6.63696029 -17.55776857  21.16523638 -16.37276359  25.04879176
  29.08261819  10.74722483  30.27345127 -19.35642145  -5.69283963
  -4.88150573 -17.6450727   12.16409423  41.25722646  -3.44360825
  20.57958681  21.8311025   -2.24568759 -13.50543302 -15.71957848
   3.8648116   16.77396368   5.45148599  14.30019012   6.39812562
  22.33972731 -12.90470079  24.92549421  29.83224465   4.58427275
  16.32464466  22.55044632  -9.8616198   21.54713719  35.5435934
  30.47605787 -20.68004128  38.70426117 -18.84425284   7.40371906
 -19.32271235  21.07793225   9.44565789   8.97314382 -14.37504789
  16.46325952 -12.41584458  -2.5974231   12.05576201  -3.39241486] 122.50924366644645
Warning for adding constraints: zero or small (< 1e-13) coefficients, ignored
Warning for adding constraints: zero or small (< 1e-13) coefficients, ignored
Warning for adding constraints: zero or small (< 1e-13) coefficients, ignored
Warning for adding constraints: zero or small (< 1e-13) coefficients, ignored
adaptive afw x = [0, 0, 1, 0, 2, 5, 0, 1, 0, 0, 0, 0, 2, 14, 0, 0, 0, 0, 0, 0, 0, 0, 0, 0, 0, 0, 0, 4, 4, 0, 0, 0, 0, 1, 5, 2, 0, 7, 0, 0, 0, 1, 0, 0, 0, 0, 0, 0, 1, 0] [ -6.63696029 -17.55776857  21.16523638 -16.37276359  25.04879176
  29.08261819  10.74722483  30.27345127 -19.35642145  -5.69283963
  -4.88150573 -17.6450727   12.16409423  41.25722646  -3.44360825
  20.57958681  21.8311025   -2.24568759 -13.50543302 -15.71957848
   3.8648116   16.77396368   5.45148599  14.30019012   6.39812562
  22.33972731 -12.90470079  24.92549421  29.83224465   4.58427275
  16.32464466  22.55044632  -9.8616198   21.54713719  35.5435934
  30.47605787 -20.68004128  38.70426117 -18.84425284   7.40371906
 -19.32271235  21.07793225   9.44565789   8.97314382 -14.37504789
  16.46325952 -12.41584458  -2.5974231   12.05576201  -3.39241486] 122.50924366644645
