n = 50 T = 1000 epsilon = 0.0001 a = 1 b = 2 p = 0.2
Run  0
Using license file /opt/gurobi/latest/linux64/gurobi-client.lic
Set parameter TokenServer to value gaoler.isye.gatech.edu
Run  1
Run  2
Warning for adding constraints: zero or small (< 1e-13) coefficients, ignored
Warning for adding constraints: zero or small (< 1e-13) coefficients, ignored
Warning for adding constraints: zero or small (< 1e-13) coefficients, ignored
Warning for adding constraints: zero or small (< 1e-13) coefficients, ignored
Run  3
Run  4
Warning for adding constraints: zero or small (< 1e-13) coefficients, ignored
Run  5
Warning for adding constraints: zero or small (< 1e-13) coefficients, ignored
Warning for adding constraints: zero or small (< 1e-13) coefficients, ignored
Run  6
Warning for adding constraints: zero or small (< 1e-13) coefficients, ignored
Warning for adding constraints: zero or small (< 1e-13) coefficients, ignored
Run  7
Run  8
Warning for adding constraints: zero or small (< 1e-13) coefficients, ignored
Run  9
Warning for adding constraints: zero or small (< 1e-13) coefficients, ignored
