000 (204268.000.000) 10/19 10:19:23 Job submitted from host: <130.207.91.92:9618?addrs=130.207.91.92-9618&noUDP&sock=1641_2b00_4>
...
001 (204268.000.000) 10/19 10:19:24 Job executing on host: <10.1.7.202:9618?addrs=10.1.7.202-9618&noUDP&sock=23121_a94e_89>
...
006 (204268.000.000) 10/19 10:19:32 Image size of job updated: 327472
	55  -  MemoryUsage of job (MB)
	56052  -  ResidentSetSize of job (KB)
...
006 (204268.000.000) 10/19 10:24:32 Image size of job updated: 692212
	129  -  MemoryUsage of job (MB)
	131496  -  ResidentSetSize of job (KB)
...
006 (204268.000.000) 10/19 10:29:32 Image size of job updated: 692212
	129  -  MemoryUsage of job (MB)
	131548  -  ResidentSetSize of job (KB)
...
006 (204268.000.000) 10/19 10:44:33 Image size of job updated: 692212
	129  -  MemoryUsage of job (MB)
	131584  -  ResidentSetSize of job (KB)
...
005 (204268.000.000) 10/19 10:45:08 Job terminated.
	(1) Normal termination (return value 0)
		Usr 0 00:25:38, Sys 0 00:00:03  -  Run Remote Usage
		Usr 0 00:00:00, Sys 0 00:00:00  -  Run Local Usage
		Usr 0 00:25:38, Sys 0 00:00:03  -  Total Remote Usage
		Usr 0 00:00:00, Sys 0 00:00:00  -  Total Local Usage
	0  -  Run Bytes Sent By Job
	0  -  Run Bytes Received By Job
	0  -  Total Bytes Sent By Job
	0  -  Total Bytes Received By Job
	Partitionable Resources :    Usage  Request Allocated 
	   Cpus                 :     1.00        1         1 
	   Disk (KB)            : 15000       15000     45841 
	   Memory (MB)          :   129        5000      5120 
...
