n = 50 T = 1000 epsilon = 0.0001 a = 1 b = 2 p = 0.2
Run  10
afw x = [10.3528119  16.11281192  4.0671761  10.72255518  7.02512236 12.5712716
 23.5625552  15.37332536 12.20152831 10.18101485  1.29845969  9.99178502
  5.57229842 15.60050145  1.47897313  9.24358206 11.09229847  6.2856358
  5.17640595  8.69332533 14.82306863 13.07897317  2.58820298  4.46306857
  6.65537908  4.43691939  8.32358205  1.84871641 18.11742083 14.41998801
  2.95794626 18.55844771  5.54614923 13.15486567 17.02101487 17.22204177
  9.98306862 16.26870442 11.83178503  5.92460891  0.36974328 13.68050144
  9.75589253 17.94820304  7.05127155  3.32768954  5.91589252 14.78973129
  9.63075813 16.6384477 ] [ -5.15507433  31.86138514 -17.591595    -5.96183962 -15.04914375
   2.01839178  46.37949918  26.02433721  -1.86870738  17.15129588
 -10.01405783  17.5552496    3.00114215  25.51559507 -12.6706694
  -3.55434211  10.70300168  -0.37847435 -10.41927104  16.46794546
  28.31424795  24.48074381  -7.21197849  -4.05942313 -17.63239168
   3.11518514  12.18969092  -7.12581651  23.83567111   3.14409096
 -26.17952887  18.85658187  -1.33539336  25.12798349  30.69146282
  33.11049919  -6.75112061  19.35721161  -3.89316193   4.72985786
 -10.1944942   12.86012566   5.84618515  38.02205291   8.82653389
 -27.30294375  -6.42624129  21.44805953  17.33641819  16.42703145] 93.7582547791541
afw x = [10.3528119  16.11281192  4.0671761  10.72255518  7.02512236 12.5712716
 23.5625552  15.37332536 12.20152831 10.18101485  1.29845969  9.99178502
  5.57229842 15.60050145  1.47897313  9.24358206 11.09229847  6.2856358
  5.17640595  8.69332533 14.82306863 13.07897317  2.58820298  4.46306857
  6.65537908  4.43691939  8.32358205  1.84871641 18.11742083 14.41998801
  2.95794626 18.55844771  5.54614923 13.15486567 17.02101487 17.22204177
  9.98306862 16.26870442 11.83178503  5.92460891  0.36974328 13.68050144
  9.75589253 17.94820304  7.05127155  3.32768954  5.91589252 14.78973129
  9.63075813 16.6384477 ] [ -5.15507433  31.86138514 -17.591595    -5.96183962 -15.04914375
   2.01839178  46.37949918  26.02433721  -1.86870738  17.15129588
 -10.01405783  17.5552496    3.00114215  25.51559507 -12.6706694
  -3.55434211  10.70300168  -0.37847435 -10.41927104  16.46794546
  28.31424795  24.48074381  -7.21197849  -4.05942313 -17.63239168
   3.11518514  12.18969092  -7.12581651  23.83567111   3.14409096
 -26.17952887  18.85658187  -1.33539336  25.12798349  30.69146282
  33.11049919  -6.75112061  19.35721161  -3.89316193   4.72985786
 -10.1944942   12.86012566   5.84618515  38.02205291   8.82653389
 -27.30294375  -6.42624129  21.44805953  17.33641819  16.42703145] 93.7582547791541
Using license file /opt/gurobi/latest/linux64/gurobi-client.lic
Set parameter TokenServer to value gaoler.isye.gatech.edu
adaptive afw x = [ 0.  3.  0.  0.  0.  0. 11.  3.  0.  0.  0.  0.  0.  1.  0.  0.  0.  0.
  0.  0.  3.  7.  0.  0.  0.  0.  0.  0.  0.  0.  0.  1.  0.  3.  5.  3.
  0.  0.  0.  0.  0.  0.  2.  8.  0.  0.  0.  0.  0.  0.] [ -5.15507433  31.86138514 -17.591595    -5.96183962 -15.04914375
   2.01839178  46.37949918  26.02433721  -1.86870738  17.15129588
 -10.01405783  17.5552496    3.00114215  25.51559507 -12.6706694
  -3.55434211  10.70300168  -0.37847435 -10.41927104  16.46794546
  28.31424795  24.48074381  -7.21197849  -4.05942313 -17.63239168
   3.11518514  12.18969092  -7.12581651  23.83567111   3.14409096
 -26.17952887  18.85658187  -1.33539336  25.12798349  30.69146282
  33.11049919  -6.75112061  19.35721161  -3.89316193   4.72985786
 -10.1944942   12.86012566   5.84618515  38.02205291   8.82653389
 -27.30294375  -6.42624129  21.44805953  17.33641819  16.42703145] 117.9586958225562
adaptive afw x = [ 0.  3.  0.  0.  0.  0. 11.  3.  0.  0.  0.  0.  0.  1.  0.  0.  0.  0.
  0.  0.  3.  7.  0.  0.  0.  0.  0.  0.  0.  0.  0.  1.  0.  3.  5.  3.
  0.  0.  0.  0.  0.  0.  2.  8.  0.  0.  0.  0.  0.  0.] [ -5.15507433  31.86138514 -17.591595    -5.96183962 -15.04914375
   2.01839178  46.37949918  26.02433721  -1.86870738  17.15129588
 -10.01405783  17.5552496    3.00114215  25.51559507 -12.6706694
  -3.55434211  10.70300168  -0.37847435 -10.41927104  16.46794546
  28.31424795  24.48074381  -7.21197849  -4.05942313 -17.63239168
   3.11518514  12.18969092  -7.12581651  23.83567111   3.14409096
 -26.17952887  18.85658187  -1.33539336  25.12798349  30.69146282
  33.11049919  -6.75112061  19.35721161  -3.89316193   4.72985786
 -10.1944942   12.86012566   5.84618515  38.02205291   8.82653389
 -27.30294375  -6.42624129  21.44805953  17.33641819  16.42703145] 117.9586958225562
Run  11
afw x = [ 2.80724265  4.73675638  3.15814798 13.71158184 10.52715995  2.10543199
 11.93078128 10.90433919 16.02754146 14.4651773   5.61448531  5.13187408
 11.30796052 15.05398355 16.49255059  4.21086398 15.85179137 15.86972983
  9.47444395  9.38601922 14.03621327  8.44800187 14.55267083  7.36901196
  5.26357997 14.3871186  15.43983459  8.07082263  6.6672013   1.40362133
 12.28168661  8.42172796 13.39545405 16.78206812  5.00016818 17.70324639
  9.12353862 18.0632502  16.14164526 16.84345592  1.05271599  0.70181066
  1.49111486  1.75452666  7.01810663  6.31629597 11.57987594  3.50905332
  5.48277941 12.79057175] [ -3.00822974   3.68449257  -1.59844792  26.71820167  -0.62187764
 -18.53102971  -3.36465118  21.73568596  34.0081124   25.22465951
 -12.88961814   4.24557026  16.74494052  29.3153901   12.29893063
  -2.73351899  33.51102645   8.49216534   9.56564631  14.70894711
   7.7017422   11.71820167  24.98137355   3.93817523 -12.90241649
  11.32807112   6.05792898   7.8566992    6.98594217  -5.38772891
   2.73899509   7.96262978  28.31779174  39.14432563   4.21997356
  38.41435043 -11.0107487   44.56690579  12.26750584  15.98113889
 -20.99086277 -34.74997846  -6.99074544  -3.12113057 -10.37973384
  -8.97109417  -5.0165768  -11.30865451 -15.20626772  18.08135871] 94.56131476145954
afw x = [ 2.80724265  4.73675638  3.15814798 13.71158184 10.52715995  2.10543199
 11.93078128 10.90433919 16.02754146 14.4651773   5.61448531  5.13187408
 11.30796052 15.05398355 16.49255059  4.21086398 15.85179137 15.86972983
  9.47444395  9.38601922 14.03621327  8.44800187 14.55267083  7.36901196
  5.26357997 14.3871186  15.43983459  8.07082263  6.6672013   1.40362133
 12.28168661  8.42172796 13.39545405 16.78206812  5.00016818 17.70324639
  9.12353862 18.0632502  16.14164526 16.84345592  1.05271599  0.70181066
  1.49111486  1.75452666  7.01810663  6.31629597 11.57987594  3.50905332
  5.48277941 12.79057175] [ -3.00822974   3.68449257  -1.59844792  26.71820167  -0.62187764
 -18.53102971  -3.36465118  21.73568596  34.0081124   25.22465951
 -12.88961814   4.24557026  16.74494052  29.3153901   12.29893063
  -2.73351899  33.51102645   8.49216534   9.56564631  14.70894711
   7.7017422   11.71820167  24.98137355   3.93817523 -12.90241649
  11.32807112   6.05792898   7.8566992    6.98594217  -5.38772891
   2.73899509   7.96262978  28.31779174  39.14432563   4.21997356
  38.41435043 -11.0107487   44.56690579  12.26750584  15.98113889
 -20.99086277 -34.74997846  -6.99074544  -3.12113057 -10.37973384
  -8.97109417  -5.0165768  -11.30865451 -15.20626772  18.08135871] 94.56131476145954
adaptive afw x = [ 0.  0.  0.  2.  0.  0.  0.  2.  8.  1.  0.  0.  1.  4.  0.  0.  3.  1.
  0.  0.  0.  2.  1.  0.  0.  0.  0.  0.  0.  0.  0.  0.  3.  7.  0.  2.
  0. 11.  0.  0.  0.  0.  0.  0.  0.  0.  0.  0.  0.  2.] [ -3.00822974   3.68449257  -1.59844792  26.71820167  -0.62187764
 -18.53102971  -3.36465118  21.73568596  34.0081124   25.22465951
 -12.88961814   4.24557026  16.74494052  29.3153901   12.29893063
  -2.73351899  33.51102645   8.49216534   9.56564631  14.70894711
   7.7017422   11.71820167  24.98137355   3.93817523 -12.90241649
  11.32807112   6.05792898   7.8566992    6.98594217  -5.38772891
   2.73899509   7.96262978  28.31779174  39.14432563   4.21997356
  38.41435043 -11.0107487   44.56690579  12.26750584  15.98113889
 -20.99086277 -34.74997846  -6.99074544  -3.12113057 -10.37973384
  -8.97109417  -5.0165768  -11.30865451 -15.20626772  18.08135871] 116.90498427499651
adaptive afw x = [ 0.  0.  0.  2.  0.  0.  0.  2.  8.  1.  0.  0.  1.  4.  0.  0.  3.  1.
  0.  0.  0.  2.  1.  0.  0.  0.  0.  0.  0.  0.  0.  0.  3.  7.  0.  2.
  0. 11.  0.  0.  0.  0.  0.  0.  0.  0.  0.  0.  0.  2.] [ -3.00822974   3.68449257  -1.59844792  26.71820167  -0.62187764
 -18.53102971  -3.36465118  21.73568596  34.0081124   25.22465951
 -12.88961814   4.24557026  16.74494052  29.3153901   12.29893063
  -2.73351899  33.51102645   8.49216534   9.56564631  14.70894711
   7.7017422   11.71820167  24.98137355   3.93817523 -12.90241649
  11.32807112   6.05792898   7.8566992    6.98594217  -5.38772891
   2.73899509   7.96262978  28.31779174  39.14432563   4.21997356
  38.41435043 -11.0107487   44.56690579  12.26750584  15.98113889
 -20.99086277 -34.74997846  -6.99074544  -3.12113057 -10.37973384
  -8.97109417  -5.0165768  -11.30865451 -15.20626772  18.08135871] 116.90498427499651
Run  12
afw x = [ 3.18456442 23.0681384  21.59091129  4.09443997  0.98304122  1.36481332
 14.50281693 21.83701317  0.90987555 18.39471865 12.30027868  8.64381771
 16.83269765  5.00431552  1.8197511  20.37775988 13.64813323  6.36912884
  9.55369326 16.01294655 20.01726207 14.57496756 12.73825768 14.61523072
  7.73394216  2.72962665 22.41700799 11.5197757  19.10738652 11.37344436
 16.66509201  7.27900439 15.9228221  14.103071   17.7425732  22.74688872
  2.80279232  4.54937774  6.82406661  3.63950219 10.00863103 26.92815266
  5.45925329 22.97268339  9.09875549 13.19319546 19.5623243   8.18887994
  5.91419107 16.37775988] [ -7.86390411  43.87075703  38.32590414 -18.04559996  -8.61124627
 -31.38441978  22.68449257  20.09758351 -16.79408427  27.53193721
  11.74494052  -6.64861649  24.5947868  -23.25403466 -27.51594706
  32.71705952  10.05107606 -10.30751236  -1.94778178  23.90446613
  17.25242318  16.55867606  14.5889587   22.2677405   -3.30282642
  -8.75214543  39.69614876  15.81019175  17.89737855  16.17106448
  29.64723967 -13.05725615  14.41777689   0.32224302   8.84378352
  25.61798186  -5.9523504  -11.66255699 -22.68130077 -31.56257184
   3.76470912  43.97554546  -6.60781981  40.8229901    2.64015209
  -5.66381648  18.69248764 -12.62187764  -0.59730576  14.02079342] 105.83222386322849
afw x = [ 3.18456442 23.0681384  21.59091129  4.09443997  0.98304122  1.36481332
 14.50281693 21.83701317  0.90987555 18.39471865 12.30027868  8.64381771
 16.83269765  5.00431552  1.8197511  20.37775988 13.64813323  6.36912884
  9.55369326 16.01294655 20.01726207 14.57496756 12.73825768 14.61523072
  7.73394216  2.72962665 22.41700799 11.5197757  19.10738652 11.37344436
 16.66509201  7.27900439 15.9228221  14.103071   17.7425732  22.74688872
  2.80279232  4.54937774  6.82406661  3.63950219 10.00863103 26.92815266
  5.45925329 22.97268339  9.09875549 13.19319546 19.5623243   8.18887994
  5.91419107 16.37775988] [ -7.86390411  43.87075703  38.32590414 -18.04559996  -8.61124627
 -31.38441978  22.68449257  20.09758351 -16.79408427  27.53193721
  11.74494052  -6.64861649  24.5947868  -23.25403466 -27.51594706
  32.71705952  10.05107606 -10.30751236  -1.94778178  23.90446613
  17.25242318  16.55867606  14.5889587   22.2677405   -3.30282642
  -8.75214543  39.69614876  15.81019175  17.89737855  16.17106448
  29.64723967 -13.05725615  14.41777689   0.32224302   8.84378352
  25.61798186  -5.9523504  -11.66255699 -22.68130077 -31.56257184
   3.76470912  43.97554546  -6.60781981  40.8229901    2.64015209
  -5.66381648  18.69248764 -12.62187764  -0.59730576  14.02079342] 105.83222386322849
adaptive afw x = [0. 6. 8. 0. 0. 0. 2. 0. 0. 3. 1. 0. 0. 0. 0. 4. 0. 0. 0. 1. 0. 1. 0. 0.
 0. 0. 4. 0. 0. 0. 4. 0. 0. 0. 0. 0. 0. 0. 0. 0. 0. 7. 0. 9. 0. 0. 0. 0.
 0. 0.] [ -7.86390411  43.87075703  38.32590414 -18.04559996  -8.61124627
 -31.38441978  22.68449257  20.09758351 -16.79408427  27.53193721
  11.74494052  -6.64861649  24.5947868  -23.25403466 -27.51594706
  32.71705952  10.05107606 -10.30751236  -1.94778178  23.90446613
  17.25242318  16.55867606  14.5889587   22.2677405   -3.30282642
  -8.75214543  39.69614876  15.81019175  17.89737855  16.17106448
  29.64723967 -13.05725615  14.41777689   0.32224302   8.84378352
  25.61798186  -5.9523504  -11.66255699 -22.68130077 -31.56257184
   3.76470912  43.97554546  -6.60781981  40.8229901    2.64015209
  -5.66381648  18.69248764 -12.62187764  -0.59730576  14.02079342] 138.6219956963775
Warning for adding constraints: zero or small (< 1e-13) coefficients, ignored
Warning for adding constraints: zero or small (< 1e-13) coefficients, ignored
adaptive afw x = [0. 6. 8. 0. 0. 0. 2. 0. 0. 3. 1. 0. 0. 0. 0. 4. 0. 0. 0. 1. 0. 1. 0. 0.
 0. 0. 4. 0. 0. 0. 4. 0. 0. 0. 0. 0. 0. 0. 0. 0. 0. 7. 0. 9. 0. 0. 0. 0.
 0. 0.] [ -7.86390411  43.87075703  38.32590414 -18.04559996  -8.61124627
 -31.38441978  22.68449257  20.09758351 -16.79408427  27.53193721
  11.74494052  -6.64861649  24.5947868  -23.25403466 -27.51594706
  32.71705952  10.05107606 -10.30751236  -1.94778178  23.90446613
  17.25242318  16.55867606  14.5889587   22.2677405   -3.30282642
  -8.75214543  39.69614876  15.81019175  17.89737855  16.17106448
  29.64723967 -13.05725615  14.41777689   0.32224302   8.84378352
  25.61798186  -5.9523504  -11.66255699 -22.68130077 -31.56257184
   3.76470912  43.97554546  -6.60781981  40.8229901    2.64015209
  -5.66381648  18.69248764 -12.62187764  -0.59730576  14.02079342] 138.6219956963775
Run  13
afw x = [ 6.7126197   0.78971996 12.84579947  6.31775972 15.70297547 16.45093948
 12.63551943 19.06440514  2.76401988  7.10747968 11.45093948  0.39485998
  8.25919776 21.53075425  2.36915989 16.58411925 13.82009938  3.78798765
  5.13317977  1.18457995  9.47663957 17.13069732 13.03037941 14.21495936
  6.78625533 19.74299911  3.55373984 13.1989035  18.7195998   8.68691961
 14.60981934 19.34813913  4.3434598  12.80714902 17.37383922 16.64441352
  1.57943993 22.45810126  7.73658747 15.79439929  5.52803975 12.95808554
 15.00467933  7.89719964  4.73831979 11.32492149  8.29205963 10.66121952
 11.20779759  3.94859982] [ -6.63696029 -17.55776857  21.16523638 -16.37276359  25.04879176
  29.08261819  10.74722483  30.27345127 -19.35642145  -5.69283963
  -4.88150573 -17.6450727   12.16409423  41.25722646  -3.44360825
  20.57958681  21.8311025   -2.24568759 -13.50543302 -15.71957848
   3.8648116   16.77396368   5.45148599  14.30019012   6.39812562
  23.62495211 -12.90470079  24.92549421  29.83224465   4.58427275
  16.32464466  22.55044632  -9.8616198   21.54713719  10.15574716
  30.47605787 -20.68004128  38.70426117   6.5435934    7.40371906
 -19.32271235  21.07793225   9.44565789   8.97314382 -15.66027269
  16.46325952 -12.41584458  -2.5974231   12.05576201  -3.39241486] 88.0031252274342
afw x = [ 6.7126197   0.78971996 12.84579947  6.31775972 15.70297547 16.45093948
 12.63551943 19.06440514  2.76401988  7.10747968 11.45093948  0.39485998
  8.25919776 21.53075425  2.36915989 16.58411925 13.82009938  3.78798765
  5.13317977  1.18457995  9.47663957 17.13069732 13.03037941 14.21495936
  6.78625533 19.74299911  3.55373984 13.1989035  18.7195998   8.68691961
 14.60981934 19.34813913  4.3434598  12.80714902 17.37383922 16.64441352
  1.57943993 22.45810126  7.73658747 15.79439929  5.52803975 12.95808554
 15.00467933  7.89719964  4.73831979 11.32492149  8.29205963 10.66121952
 11.20779759  3.94859982] [ -6.63696029 -17.55776857  21.16523638 -16.37276359  25.04879176
  29.08261819  10.74722483  30.27345127 -19.35642145  -5.69283963
  -4.88150573 -17.6450727   12.16409423  41.25722646  -3.44360825
  20.57958681  21.8311025   -2.24568759 -13.50543302 -15.71957848
   3.8648116   16.77396368   5.45148599  14.30019012   6.39812562
  23.62495211 -12.90470079  24.92549421  29.83224465   4.58427275
  16.32464466  22.55044632  -9.8616198   21.54713719  10.15574716
  30.47605787 -20.68004128  38.70426117   6.5435934    7.40371906
 -19.32271235  21.07793225   9.44565789   8.97314382 -15.66027269
  16.46325952 -12.41584458  -2.5974231   12.05576201  -3.39241486] 88.0031252274342
adaptive afw x = [0, 0, 1, 0, 2, 5, 0, 4, 0, 0, 0, 0, 2, 14, 0, 0, 0, 0, 0, 0, 0, 1, 0, 0, 0, 0, 0, 1, 6, 0, 0, 0, 0, 1, 0, 3, 0, 7, 0, 0, 0, 1, 0, 0, 0, 1, 0, 0, 1, 0] [ -6.63696029 -17.55776857  21.16523638 -16.37276359  25.04879176
  29.08261819  10.74722483  30.27345127 -19.35642145  -5.69283963
  -4.88150573 -17.6450727   12.16409423  41.25722646  -3.44360825
  20.57958681  21.8311025   -2.24568759 -13.50543302 -15.71957848
   3.8648116   16.77396368   5.45148599  14.30019012   6.39812562
  23.62495211 -12.90470079  24.92549421  29.83224465   4.58427275
  16.32464466  22.55044632  -9.8616198   21.54713719  10.15574716
  30.47605787 -20.68004128  38.70426117   6.5435934    7.40371906
 -19.32271235  21.07793225   9.44565789   8.97314382 -15.66027269
  16.46325952 -12.41584458  -2.5974231   12.05576201  -3.39241486] 117.09948521150153
Warning for adding constraints: zero or small (< 1e-13) coefficients, ignored
adaptive afw x = [0, 0, 1, 0, 2, 5, 0, 4, 0, 0, 0, 0, 2, 14, 0, 0, 0, 0, 0, 0, 0, 1, 0, 0, 0, 0, 0, 1, 6, 0, 0, 0, 0, 1, 0, 3, 0, 7, 0, 0, 0, 1, 0, 0, 0, 1, 0, 0, 1, 0] [ -6.63696029 -17.55776857  21.16523638 -16.37276359  25.04879176
  29.08261819  10.74722483  30.27345127 -19.35642145  -5.69283963
  -4.88150573 -17.6450727   12.16409423  41.25722646  -3.44360825
  20.57958681  21.8311025   -2.24568759 -13.50543302 -15.71957848
   3.8648116   16.77396368   5.45148599  14.30019012   6.39812562
  23.62495211 -12.90470079  24.92549421  29.83224465   4.58427275
  16.32464466  22.55044632  -9.8616198   21.54713719  10.15574716
  30.47605787 -20.68004128  38.70426117   6.5435934    7.40371906
 -19.32271235  21.07793225   9.44565789   8.97314382 -15.66027269
  16.46325952 -12.41584458  -2.5974231   12.05576201  -3.39241486] 117.09948521150153
Run  14
afw x = [ 2.37146742  8.69538055 18.97038679 16.40197338 17.39076109 19.07021237
  0.901527   14.6240491   5.53342398  9.88111426  7.50964683 18.58523757
  2.76671199 16.60027195  3.49507015  4.11239044 19.84612482 14.23935757
  6.43495099 13.83355996  4.74293484 24.14266075  7.11440226 11.46209254
 10.6716034  14.22880453 17.88447866  0.79048914  4.17452143 11.85733711
 13.53678839  8.30013598  1.18573371 11.06684797 22.37819623  3.9524457
  9.09062512 17.09398952 12.74629925 18.27972323  6.15074428 12.35105468
  4.569766    6.32391312 10.27635883  7.90489141 13.04307082  6.71915769
  4.34769027 16.52422352] [-13.01760162   9.85555704  29.67740499  29.95451737  21.29436202
  26.03941987  -9.61707436  11.98468268 -25.20866936 -13.20284126
   2.31070416  37.32361984 -10.62061815   8.06261493  -5.46806279
  -0.63798512  36.2560843   23.18043636  -1.3912727   -3.74300821
 -19.2924297   42.64838183  -8.91521483  -3.42864293   8.52256532
  15.19425954  20.50622318 -17.18523964  -2.05828098   7.01496532
  23.06627605   4.83224465 -10.95120824  -1.29939996  40.01622481
 -14.13987434   4.95097358  23.81476036  16.07438845  26.90789259
   8.25025621  15.54004961  -5.43549585   0.8194463   11.71351572
  -2.33310906   5.15346285 -15.39139003 -15.37504789  31.38761158] 89.7069568455737
afw x = [ 2.37146742  8.69538055 18.97038679 16.40197338 17.39076109 19.07021237
  0.901527   14.6240491   5.53342398  9.88111426  7.50964683 18.58523757
  2.76671199 16.60027195  3.49507015  4.11239044 19.84612482 14.23935757
  6.43495099 13.83355996  4.74293484 24.14266075  7.11440226 11.46209254
 10.6716034  14.22880453 17.88447866  0.79048914  4.17452143 11.85733711
 13.53678839  8.30013598  1.18573371 11.06684797 22.37819623  3.9524457
  9.09062512 17.09398952 12.74629925 18.27972323  6.15074428 12.35105468
  4.569766    6.32391312 10.27635883  7.90489141 13.04307082  6.71915769
  4.34769027 16.52422352] [-13.01760162   9.85555704  29.67740499  29.95451737  21.29436202
  26.03941987  -9.61707436  11.98468268 -25.20866936 -13.20284126
   2.31070416  37.32361984 -10.62061815   8.06261493  -5.46806279
  -0.63798512  36.2560843   23.18043636  -1.3912727   -3.74300821
 -19.2924297   42.64838183  -8.91521483  -3.42864293   8.52256532
  15.19425954  20.50622318 -17.18523964  -2.05828098   7.01496532
  23.06627605   4.83224465 -10.95120824  -1.29939996  40.01622481
 -14.13987434   4.95097358  23.81476036  16.07438845  26.90789259
   8.25025621  15.54004961  -5.43549585   0.8194463   11.71351572
  -2.33310906   5.15346285 -15.39139003 -15.37504789  31.38761158] 89.7069568455737
adaptive afw x = [0, 0, 4, 2, 0, 1, 0, 0, 0, 0, 0, 7, 0, 0, 0, 0, 5, 2, 0, 0, 0, 12, 0, 0, 0, 0, 1, 0, 0, 0, 1, 0, 0, 0, 6, 0, 0, 1, 1, 1, 0, 1, 0, 0, 0, 0, 0, 0, 0, 5] [-13.01760162   9.85555704  29.67740499  29.95451737  21.29436202
  26.03941987  -9.61707436  11.98468268 -25.20866936 -13.20284126
   2.31070416  37.32361984 -10.62061815   8.06261493  -5.46806279
  -0.63798512  36.2560843   23.18043636  -1.3912727   -3.74300821
 -19.2924297   42.64838183  -8.91521483  -3.42864293   8.52256532
  15.19425954  20.50622318 -17.18523964  -2.05828098   7.01496532
  23.06627605   4.83224465 -10.95120824  -1.29939996  40.01622481
 -14.13987434   4.95097358  23.81476036  16.07438845  26.90789259
   8.25025621  15.54004961  -5.43549585   0.8194463   11.71351572
  -2.33310906   5.15346285 -15.39139003 -15.37504789  31.38761158] 118.00260808623739
adaptive afw x = [0, 0, 4, 2, 0, 1, 0, 0, 0, 0, 0, 7, 0, 0, 0, 0, 5, 2, 0, 0, 0, 12, 0, 0, 0, 0, 1, 0, 0, 0, 1, 0, 0, 0, 6, 0, 0, 1, 1, 1, 0, 1, 0, 0, 0, 0, 0, 0, 0, 5] [-13.01760162   9.85555704  29.67740499  29.95451737  21.29436202
  26.03941987  -9.61707436  11.98468268 -25.20866936 -13.20284126
   2.31070416  37.32361984 -10.62061815   8.06261493  -5.46806279
  -0.63798512  36.2560843   23.18043636  -1.3912727   -3.74300821
 -19.2924297   42.64838183  -8.91521483  -3.42864293   8.52256532
  15.19425954  20.50622318 -17.18523964  -2.05828098   7.01496532
  23.06627605   4.83224465 -10.95120824  -1.29939996  40.01622481
 -14.13987434   4.95097358  23.81476036  16.07438845  26.90789259
   8.25025621  15.54004961  -5.43549585   0.8194463   11.71351572
  -2.33310906   5.15346285 -15.39139003 -15.37504789  31.38761158] 118.00260808623739
Run  15
afw x = [ 7.31386741  2.84428177 16.64616337 14.13206244  0.40632597  0.81265193
 15.84671273  4.06325967 14.62773483 16.7862246  12.18977902 20.00797405
  2.03162984 10.56447515  4.87591161 17.87834257 18.33749846  9.75182322
  5.01042975  6.09488951 11.78345306 16.2530387  20.31629837  8.53284532
  1.62530387 16.65936467 18.95514413  2.4379558  13.40875693  6.90754145
 19.9099724   7.72019338  6.50121548  8.12651935 11.42995701 17.06569063
  5.28223758 18.17135048  2.30066612 10.15814919 10.97080112 15.13206244
 12.15537764 14.34761236 13.00243096  4.33229595  9.06537478 15.0340608
 24.20020877  5.74139347] [ -9.54851401 -27.98046606  28.20603306  28.59833059 -19.26557352
 -34.45195532   6.51547774  -8.92446939  17.00102482  29.17106448
   0.30944467  44.0197686  -18.32031071  11.21060168 -21.04331565
  12.76344963  29.98708432  14.12798349  -3.69626609 -16.79534375
  -7.73135201  16.23265458  17.96251245  -0.45766608 -29.86287929
   5.98228105  37.20831737   2.88938348  12.88343805 -11.74060657
  19.197686    -9.66610078   4.76825291   1.01965127  16.22808597
  23.98822647  -7.63810245  25.88229589  -0.5017719   -8.11782144
   8.91372069  29.24442811  20.55993554  21.34807438  21.66232233
   1.76014051   6.7462      11.31413062  47.42258017   4.31424795] 102.09053251122391
afw x = [ 7.31386741  2.84428177 16.64616337 14.13206244  0.40632597  0.81265193
 15.84671273  4.06325967 14.62773483 16.7862246  12.18977902 20.00797405
  2.03162984 10.56447515  4.87591161 17.87834257 18.33749846  9.75182322
  5.01042975  6.09488951 11.78345306 16.2530387  20.31629837  8.53284532
  1.62530387 16.65936467 18.95514413  2.4379558  13.40875693  6.90754145
 19.9099724   7.72019338  6.50121548  8.12651935 11.42995701 17.06569063
  5.28223758 18.17135048  2.30066612 10.15814919 10.97080112 15.13206244
 12.15537764 14.34761236 13.00243096  4.33229595  9.06537478 15.0340608
 24.20020877  5.74139347] [ -9.54851401 -27.98046606  28.20603306  28.59833059 -19.26557352
 -34.45195532   6.51547774  -8.92446939  17.00102482  29.17106448
   0.30944467  44.0197686  -18.32031071  11.21060168 -21.04331565
  12.76344963  29.98708432  14.12798349  -3.69626609 -16.79534375
  -7.73135201  16.23265458  17.96251245  -0.45766608 -29.86287929
   5.98228105  37.20831737   2.88938348  12.88343805 -11.74060657
  19.197686    -9.66610078   4.76825291   1.01965127  16.22808597
  23.98822647  -7.63810245  25.88229589  -0.5017719   -8.11782144
   8.91372069  29.24442811  20.55993554  21.34807438  21.66232233
   1.76014051   6.7462      11.31413062  47.42258017   4.31424795] 102.09053251122391
adaptive afw x = [0. 0. 5. 6. 0. 0. 0. 0. 0. 5. 0. 7. 0. 0. 0. 0. 1. 0. 0. 0. 0. 0. 0. 0.
 0. 0. 5. 0. 0. 0. 0. 0. 0. 0. 1. 0. 0. 3. 0. 0. 0. 7. 2. 0. 0. 0. 0. 0.
 7. 1.] [ -9.54851401 -27.98046606  28.20603306  28.59833059 -19.26557352
 -34.45195532   6.51547774  -8.92446939  17.00102482  29.17106448
   0.30944467  44.0197686  -18.32031071  11.21060168 -21.04331565
  12.76344963  29.98708432  14.12798349  -3.69626609 -16.79534375
  -7.73135201  16.23265458  17.96251245  -0.45766608 -29.86287929
   5.98228105  37.20831737   2.88938348  12.88343805 -11.74060657
  19.197686    -9.66610078   4.76825291   1.01965127  16.22808597
  23.98822647  -7.63810245  25.88229589  -0.5017719   -8.11782144
   8.91372069  29.24442811  20.55993554  21.34807438  21.66232233
   1.76014051   6.7462      11.31413062  47.42258017   4.31424795] 129.5365582467655
adaptive afw x = [0. 0. 5. 6. 0. 0. 0. 0. 0. 5. 0. 7. 0. 0. 0. 0. 1. 0. 0. 0. 0. 0. 0. 0.
 0. 0. 5. 0. 0. 0. 0. 0. 0. 0. 1. 0. 0. 3. 0. 0. 0. 7. 2. 0. 0. 0. 0. 0.
 7. 1.] [ -9.54851401 -27.98046606  28.20603306  28.59833059 -19.26557352
 -34.45195532   6.51547774  -8.92446939  17.00102482  29.17106448
   0.30944467  44.0197686  -18.32031071  11.21060168 -21.04331565
  12.76344963  29.98708432  14.12798349  -3.69626609 -16.79534375
  -7.73135201  16.23265458  17.96251245  -0.45766608 -29.86287929
   5.98228105  37.20831737   2.88938348  12.88343805 -11.74060657
  19.197686    -9.66610078   4.76825291   1.01965127  16.22808597
  23.98822647  -7.63810245  25.88229589  -0.5017719   -8.11782144
   8.91372069  29.24442811  20.55993554  21.34807438  21.66232233
   1.76014051   6.7462      11.31413062  47.42258017   4.31424795] 129.5365582467655
Run  16
afw x = [ 2.62802803 13.82167892 10.13667956  9.76124698  3.37889319 14.64187047
  7.50865152  3.17783523 19.76535557 17.55023594  7.77466067 10.88754471
 13.29764048  8.31648801 11.26297728  5.25605607  6.38235379  4.88062349
  9.01038183 16.83403398  3.00346061 12.76470759  7.13321895 17.05196624
 12.01384244 21.71317009  0.75086515  2.71966257 18.92912912 16.58143852
  3.75432576 17.37718656 18.39619623  6.09855575 13.17134275 10.51211213
  1.5017303  13.89100532 15.7681682   6.00692122 15.86523657 13.51557274
  9.73456364  9.3858144  18.20946656  1.87716288  7.8840841   8.25951667
  8.63494925  1.12629773] [  0.81601984  30.08730413  -3.90127433 -12.46361151 -11.63810245
   7.40954716   0.81476036   0.4784595   38.79853555  30.72517192
   8.23745786   4.26407938  27.81019175  13.92080827  -7.08525449
   7.76014051 -10.71615202  -8.21552228  -1.76037517  25.67157689
 -21.37390574   2.09289757   2.8508711   18.55044632  -0.96880987
  44.35504463 -26.21906607   1.10124464  24.74253888  35.41789422
  -9.83716526  37.55296529  22.38280831   9.18854877  16.6087273
  13.098843   -33.08525449   4.88800666   8.39789096   6.51913886
  30.68094878   1.98810914  10.62747107   3.87760995  36.63089753
 -15.15381485   8.11049919 -15.96069746   1.22568433 -15.60781981] 97.68483336023645
afw x = [ 2.62802803 13.82167892 10.13667956  9.76124698  3.37889319 14.64187047
  7.50865152  3.17783523 19.76535557 17.55023594  7.77466067 10.88754471
 13.29764048  8.31648801 11.26297728  5.25605607  6.38235379  4.88062349
  9.01038183 16.83403398  3.00346061 12.76470759  7.13321895 17.05196624
 12.01384244 21.71317009  0.75086515  2.71966257 18.92912912 16.58143852
  3.75432576 17.37718656 18.39619623  6.09855575 13.17134275 10.51211213
  1.5017303  13.89100532 15.7681682   6.00692122 15.86523657 13.51557274
  9.73456364  9.3858144  18.20946656  1.87716288  7.8840841   8.25951667
  8.63494925  1.12629773] [  0.81601984  30.08730413  -3.90127433 -12.46361151 -11.63810245
   7.40954716   0.81476036   0.4784595   38.79853555  30.72517192
   8.23745786   4.26407938  27.81019175  13.92080827  -7.08525449
   7.76014051 -10.71615202  -8.21552228  -1.76037517  25.67157689
 -21.37390574   2.09289757   2.8508711   18.55044632  -0.96880987
  44.35504463 -26.21906607   1.10124464  24.74253888  35.41789422
  -9.83716526  37.55296529  22.38280831   9.18854877  16.6087273
  13.098843   -33.08525449   4.88800666   8.39789096   6.51913886
  30.68094878   1.98810914  10.62747107   3.87760995  36.63089753
 -15.15381485   8.11049919 -15.96069746   1.22568433 -15.60781981] 97.68483336023645
adaptive afw x = [0, 2, 0, 0, 0, 0, 0, 0, 9, 3, 0, 0, 1, 1, 0, 0, 0, 0, 0, 2, 0, 0, 0, 1, 0, 11, 0, 0, 1, 4, 0, 7, 0, 0, 2, 0, 0, 0, 0, 0, 3, 0, 0, 0, 3, 0, 0, 0, 0, 0] [  0.81601984  30.08730413  -3.90127433 -12.46361151 -11.63810245
   7.40954716   0.81476036   0.4784595   38.79853555  30.72517192
   8.23745786   4.26407938  27.81019175  13.92080827  -7.08525449
   7.76014051 -10.71615202  -8.21552228  -1.76037517  25.67157689
 -21.37390574   2.09289757   2.8508711   18.55044632  -0.96880987
  44.35504463 -26.21906607   1.10124464  24.74253888  35.41789422
  -9.83716526  37.55296529  22.38280831   9.18854877  16.6087273
  13.098843   -33.08525449   4.88800666   8.39789096   6.51913886
  30.68094878   1.98810914  10.62747107   3.87760995  36.63089753
 -15.15381485   8.11049919 -15.96069746   1.22568433 -15.60781981] 121.74961658755738
Warning for adding constraints: zero or small (< 1e-13) coefficients, ignored
adaptive afw x = [0, 2, 0, 0, 0, 0, 0, 0, 9, 3, 0, 0, 1, 1, 0, 0, 0, 0, 0, 2, 0, 0, 0, 1, 0, 11, 0, 0, 1, 4, 0, 7, 0, 0, 2, 0, 0, 0, 0, 0, 3, 0, 0, 0, 3, 0, 0, 0, 0, 0] [  0.81601984  30.08730413  -3.90127433 -12.46361151 -11.63810245
   7.40954716   0.81476036   0.4784595   38.79853555  30.72517192
   8.23745786   4.26407938  27.81019175  13.92080827  -7.08525449
   7.76014051 -10.71615202  -8.21552228  -1.76037517  25.67157689
 -21.37390574   2.09289757   2.8508711   18.55044632  -0.96880987
  44.35504463 -26.21906607   1.10124464  24.74253888  35.41789422
  -9.83716526  37.55296529  22.38280831   9.18854877  16.6087273
  13.098843   -33.08525449   4.88800666   8.39789096   6.51913886
  30.68094878   1.98810914  10.62747107   3.87760995  36.63089753
 -15.15381485   8.11049919 -15.96069746   1.22568433 -15.60781981] 121.74961658755738
Run  17
afw x = [18.92312728 20.79540214 13.12126432 17.41913911 10.46156364 15.31295679
  0.82274466 20.1996688   0.41137233  7.81607431 13.98665929 20.15724427
 16.04352095  8.22744664  1.234117    9.46156364 18.1710203  15.78075546
  4.93646798  5.36894781 11.5184253  18.10038261  6.58195731  7.40470198
  4.52509565 13.85872461  9.05019131 16.45489328  8.97911829 18.51175494
  5.75921265  2.63838365 17.36981845  4.19879815  2.05686166 11.60350013
  4.11372332  5.34784032 11.92979763  7.34763078 16.03618949  6.66703214
  2.46823399 14.80940395 10.37648881 17.14280714 20.93733863  8.63881897
 13.16391463 17.68901028] [ 9.62255047e+00  4.57834529e+01  2.28788694e+01  3.27951091e+01
  1.64749157e+01  8.57604302e+00 -3.41539322e+01  3.75563917e+01
 -2.72935719e+01 -1.07278082e+01 -3.17838672e+00  1.75213058e+01
  1.54002926e+01 -1.84882145e+00 -3.48116859e+01  1.77473422e+01
  3.60814760e+01  2.80814760e+01 -3.40407105e+00  1.51799670e+00
  7.73442648e+00  7.49216534e+00 -6.03508592e+00 -1.17735262e-02
 -1.07184363e+01  2.35599355e+01 -1.24775520e+01  1.15946695e+01
  1.49510909e+01  1.39869670e+01 -2.00863966e+01 -4.51720654e-01
  2.35784447e+01 -4.22477684e+00 -2.07044958e+01  1.72024893e+01
 -2.76440479e+01 -5.42155534e+00  1.95005124e+01  6.27356860e+00
  3.14237223e+01  4.53193721e+00 -2.82540347e+01  7.92994550e+00
  1.80337091e+01  2.93212182e+01  3.18578413e+01  8.25951076e+00
  1.20510761e+01  1.58240149e+01] 106.68604173055901
afw x = [18.92312728 20.79540214 13.12126432 17.41913911 10.46156364 15.31295679
  0.82274466 20.1996688   0.41137233  7.81607431 13.98665929 20.15724427
 16.04352095  8.22744664  1.234117    9.46156364 18.1710203  15.78075546
  4.93646798  5.36894781 11.5184253  18.10038261  6.58195731  7.40470198
  4.52509565 13.85872461  9.05019131 16.45489328  8.97911829 18.51175494
  5.75921265  2.63838365 17.36981845  4.19879815  2.05686166 11.60350013
  4.11372332  5.34784032 11.92979763  7.34763078 16.03618949  6.66703214
  2.46823399 14.80940395 10.37648881 17.14280714 20.93733863  8.63881897
 13.16391463 17.68901028] [ 9.62255047e+00  4.57834529e+01  2.28788694e+01  3.27951091e+01
  1.64749157e+01  8.57604302e+00 -3.41539322e+01  3.75563917e+01
 -2.72935719e+01 -1.07278082e+01 -3.17838672e+00  1.75213058e+01
  1.54002926e+01 -1.84882145e+00 -3.48116859e+01  1.77473422e+01
  3.60814760e+01  2.80814760e+01 -3.40407105e+00  1.51799670e+00
  7.73442648e+00  7.49216534e+00 -6.03508592e+00 -1.17735262e-02
 -1.07184363e+01  2.35599355e+01 -1.24775520e+01  1.15946695e+01
  1.49510909e+01  1.39869670e+01 -2.00863966e+01 -4.51720654e-01
  2.35784447e+01 -4.22477684e+00 -2.07044958e+01  1.72024893e+01
 -2.76440479e+01 -5.42155534e+00  1.95005124e+01  6.27356860e+00
  3.14237223e+01  4.53193721e+00 -2.82540347e+01  7.92994550e+00
  1.80337091e+01  2.93212182e+01  3.18578413e+01  8.25951076e+00
  1.20510761e+01  1.58240149e+01] 106.68604173055901
adaptive afw x = [0, 6, 4, 4, 1, 1, 0, 4, 0, 0, 0, 0, 0, 0, 0, 0, 6, 4, 0, 1, 0, 0, 0, 0, 0, 2, 0, 0, 0, 0, 0, 0, 1, 0, 0, 0, 0, 0, 0, 0, 7, 0, 0, 0, 1, 4, 4, 0, 0, 0] [ 9.62255047e+00  4.57834529e+01  2.28788694e+01  3.27951091e+01
  1.64749157e+01  8.57604302e+00 -3.41539322e+01  3.75563917e+01
 -2.72935719e+01 -1.07278082e+01 -3.17838672e+00  1.75213058e+01
  1.54002926e+01 -1.84882145e+00 -3.48116859e+01  1.77473422e+01
  3.60814760e+01  2.80814760e+01 -3.40407105e+00  1.51799670e+00
  7.73442648e+00  7.49216534e+00 -6.03508592e+00 -1.17735262e-02
 -1.07184363e+01  2.35599355e+01 -1.24775520e+01  1.15946695e+01
  1.49510909e+01  1.39869670e+01 -2.00863966e+01 -4.51720654e-01
  2.35784447e+01 -4.22477684e+00 -2.07044958e+01  1.72024893e+01
 -2.76440479e+01 -5.42155534e+00  1.95005124e+01  6.27356860e+00
  3.14237223e+01  4.53193721e+00 -2.82540347e+01  7.92994550e+00
  1.80337091e+01  2.93212182e+01  3.18578413e+01  8.25951076e+00
  1.20510761e+01  1.58240149e+01] 133.60926211061286
Warning for adding constraints: zero or small (< 1e-13) coefficients, ignored
adaptive afw x = [0, 6, 4, 4, 1, 1, 0, 4, 0, 0, 0, 0, 0, 0, 0, 0, 6, 4, 0, 1, 0, 0, 0, 0, 0, 2, 0, 0, 0, 0, 0, 0, 1, 0, 0, 0, 0, 0, 0, 0, 7, 0, 0, 0, 1, 4, 4, 0, 0, 0] [ 9.62255047e+00  4.57834529e+01  2.28788694e+01  3.27951091e+01
  1.64749157e+01  8.57604302e+00 -3.41539322e+01  3.75563917e+01
 -2.72935719e+01 -1.07278082e+01 -3.17838672e+00  1.75213058e+01
  1.54002926e+01 -1.84882145e+00 -3.48116859e+01  1.77473422e+01
  3.60814760e+01  2.80814760e+01 -3.40407105e+00  1.51799670e+00
  7.73442648e+00  7.49216534e+00 -6.03508592e+00 -1.17735262e-02
 -1.07184363e+01  2.35599355e+01 -1.24775520e+01  1.15946695e+01
  1.49510909e+01  1.39869670e+01 -2.00863966e+01 -4.51720654e-01
  2.35784447e+01 -4.22477684e+00 -2.07044958e+01  1.72024893e+01
 -2.76440479e+01 -5.42155534e+00  1.95005124e+01  6.27356860e+00
  3.14237223e+01  4.53193721e+00 -2.82540347e+01  7.92994550e+00
  1.80337091e+01  2.93212182e+01  3.18578413e+01  8.25951076e+00
  1.20510761e+01  1.58240149e+01] 133.60926211061286
Run  18
afw x = [18.74056177 18.53676348 21.86889739  1.7565401   0.80638917 17.70861591
  4.83833503 21.1993909   6.24786189  7.66069713 19.55273641  9.12007306
  7.25750254 19.30542132 16.93417259 12.90222674  4.43514044 10.07986464
  6.04791878 16.53097801 12.49903215 20.28890159  2.01597293  5.6447242
  6.45111337  9.67667005  9.15780439 18.95014552  3.22555668  8.87028088
 10.48305923  0.40319459 11.69264298  2.8223621  20.20957835 14.91819967
 13.30542132  9.27347547 16.12778342 13.70861591  8.4670863  11.2894484
 14.56485416  4.17570761  1.61277834  6.85430795 12.09583757 10.88625381
  4.62875127 18.08371982] [ 31.309562    34.96617357  31.96388926  -8.6787818  -15.26671568
  34.7776248  -12.64278839  39.20248927   1.49240001   2.3665835
  30.56564631  12.77648264   4.5889587   34.41789422  14.33972731
  16.89395209 -18.39253219  -1.41230079 -12.28774376  14.08478517
   3.47011244  38.99645621 -26.77671731  -5.22249253  -6.89190244
   4.21871408  13.38761158  28.44805953  -9.8813884   -7.52291731
   2.32578681 -16.04319832  -3.46589582 -18.42509913  20.99862318
  22.89978019  12.84618515   6.64598019  18.70997193  -0.45892557
 -10.77671731   0.37698021  13.46200003  -3.55422477  -9.9325818
  -0.11770411  10.01382317  -1.08868095   1.3014496   30.72517192] 87.97712175527427
afw x = [18.74056177 18.53676348 21.86889739  1.7565401   0.80638917 17.70861591
  4.83833503 21.1993909   6.24786189  7.66069713 19.55273641  9.12007306
  7.25750254 19.30542132 16.93417259 12.90222674  4.43514044 10.07986464
  6.04791878 16.53097801 12.49903215 20.28890159  2.01597293  5.6447242
  6.45111337  9.67667005  9.15780439 18.95014552  3.22555668  8.87028088
 10.48305923  0.40319459 11.69264298  2.8223621  20.20957835 14.91819967
 13.30542132  9.27347547 16.12778342 13.70861591  8.4670863  11.2894484
 14.56485416  4.17570761  1.61277834  6.85430795 12.09583757 10.88625381
  4.62875127 18.08371982] [ 31.309562    34.96617357  31.96388926  -8.6787818  -15.26671568
  34.7776248  -12.64278839  39.20248927   1.49240001   2.3665835
  30.56564631  12.77648264   4.5889587   34.41789422  14.33972731
  16.89395209 -18.39253219  -1.41230079 -12.28774376  14.08478517
   3.47011244  38.99645621 -26.77671731  -5.22249253  -6.89190244
   4.21871408  13.38761158  28.44805953  -9.8813884   -7.52291731
   2.32578681 -16.04319832  -3.46589582 -18.42509913  20.99862318
  22.89978019  12.84618515   6.64598019  18.70997193  -0.45892557
 -10.77671731   0.37698021  13.46200003  -3.55422477  -9.9325818
  -0.11770411  10.01382317  -1.08868095   1.3014496   30.72517192] 87.97712175527427
adaptive afw x = [ 1.  5.  2.  0.  0.  4.  0.  7.  0.  0.  4.  1.  0.  6.  0.  0.  0.  0.
  0.  0.  0. 13.  0.  0.  0.  0.  0.  0.  0.  0.  0.  0.  0.  0.  1.  0.
  0.  0.  0.  0.  0.  0.  1.  0.  0.  0.  0.  0.  1.  4.] [ 31.309562    34.96617357  31.96388926  -8.6787818  -15.26671568
  34.7776248  -12.64278839  39.20248927   1.49240001   2.3665835
  30.56564631  12.77648264   4.5889587   34.41789422  14.33972731
  16.89395209 -18.39253219  -1.41230079 -12.28774376  14.08478517
   3.47011244  38.99645621 -26.77671731  -5.22249253  -6.89190244
   4.21871408  13.38761158  28.44805953  -9.8813884   -7.52291731
   2.32578681 -16.04319832  -3.46589582 -18.42509913  20.99862318
  22.89978019  12.84618515   6.64598019  18.70997193  -0.45892557
 -10.77671731   0.37698021  13.46200003  -3.55422477  -9.9325818
  -0.11770411  10.01382317  -1.08868095   1.3014496   30.72517192] 118.17566519314525
Warning for adding constraints: zero or small (< 1e-13) coefficients, ignored
Warning for adding constraints: zero or small (< 1e-13) coefficients, ignored
adaptive afw x = [ 1.  5.  2.  0.  0.  4.  0.  7.  0.  0.  4.  1.  0.  6.  0.  0.  0.  0.
  0.  0.  0. 13.  0.  0.  0.  0.  0.  0.  0.  0.  0.  0.  0.  0.  1.  0.
  0.  0.  0.  0.  0.  0.  1.  0.  0.  0.  0.  0.  1.  4.] [ 31.309562    34.96617357  31.96388926  -8.6787818  -15.26671568
  34.7776248  -12.64278839  39.20248927   1.49240001   2.3665835
  30.56564631  12.77648264   4.5889587   34.41789422  14.33972731
  16.89395209 -18.39253219  -1.41230079 -12.28774376  14.08478517
   3.47011244  38.99645621 -26.77671731  -5.22249253  -6.89190244
   4.21871408  13.38761158  28.44805953  -9.8813884   -7.52291731
   2.32578681 -16.04319832  -3.46589582 -18.42509913  20.99862318
  22.89978019  12.84618515   6.64598019  18.70997193  -0.45892557
 -10.77671731   0.37698021  13.46200003  -3.55422477  -9.9325818
  -0.11770411  10.01382317  -1.08868095   1.3014496   30.72517192] 118.17566519314525
Run  19
afw x = [11.07084203 12.4050192   1.21011403  7.0885824   6.02529504 19.1671185
  9.93501803 12.43452043 16.65816864 10.77718869 10.27844448  6.73415328
  3.86321963 14.1771648  15.45479232  2.48100384 16.30373952  8.50629888
 12.84645558  3.89872032 17.98479115 12.34173184 15.9493104  14.82022411
  4.25314944 11.34173184  9.3264831   7.79744064 12.75944832  4.04554699
  2.12657472 14.88602304  3.33668875 15.88351147  5.67086592 10.98730272
 15.84047605  7.44301152  5.96451926  4.60757856 18.23542901  1.41771648
  6.88097995  1.06328736  3.69111787 17.8657711   3.56454315  8.15186976
 11.15438134 13.46830656] [ 24.88938348   6.29664632  -4.35161817  10.40738018  -4.97920658
  43.50519836  21.21300331  23.94526281   7.30704304   8.59821326
 -12.07131399  -1.82436691   0.25494215  11.57604302  29.19780333
 -25.31688425  13.68311575 -10.45892557  26.15826613 -25.73135201
  36.91383802  15.73328432   4.18945626  19.00216698  -1.00125948
   0.50267939  14.68335041  -9.0502859   14.87760995   4.78459505
 -11.8813884   12.27219178  -4.05131073  30.90560828  -4.02342972
  -0.34830904  33.10707273   9.76825291   8.85910083 -17.0817107
  35.40852233 -36.2703768    1.0871868  -15.49606113   3.11404298
  27.08947111   0.36201488  -0.17129914  23.80790744   4.30475873] 96.02011224172003
afw x = [11.07084203 12.4050192   1.21011403  7.0885824   6.02529504 19.1671185
  9.93501803 12.43452043 16.65816864 10.77718869 10.27844448  6.73415328
  3.86321963 14.1771648  15.45479232  2.48100384 16.30373952  8.50629888
 12.84645558  3.89872032 17.98479115 12.34173184 15.9493104  14.82022411
  4.25314944 11.34173184  9.3264831   7.79744064 12.75944832  4.04554699
  2.12657472 14.88602304  3.33668875 15.88351147  5.67086592 10.98730272
 15.84047605  7.44301152  5.96451926  4.60757856 18.23542901  1.41771648
  6.88097995  1.06328736  3.69111787 17.8657711   3.56454315  8.15186976
 11.15438134 13.46830656] [ 24.88938348   6.29664632  -4.35161817  10.40738018  -4.97920658
  43.50519836  21.21300331  23.94526281   7.30704304   8.59821326
 -12.07131399  -1.82436691   0.25494215  11.57604302  29.19780333
 -25.31688425  13.68311575 -10.45892557  26.15826613 -25.73135201
  36.91383802  15.73328432   4.18945626  19.00216698  -1.00125948
   0.50267939  14.68335041  -9.0502859   14.87760995   4.78459505
 -11.8813884   12.27219178  -4.05131073  30.90560828  -4.02342972
  -0.34830904  33.10707273   9.76825291   8.85910083 -17.0817107
  35.40852233 -36.2703768    1.0871868  -15.49606113   3.11404298
  27.08947111   0.36201488  -0.17129914  23.80790744   4.30475873] 96.02011224172003
adaptive afw x = [1, 0, 0, 0, 0, 9, 1, 3, 0, 1, 0, 0, 0, 0, 2, 0, 0, 0, 5, 0, 8, 1, 0, 2, 0, 0, 0, 0, 0, 0, 0, 0, 0, 2, 0, 0, 3, 0, 0, 0, 7, 0, 0, 0, 0, 1, 2, 0, 2, 0] [ 24.88938348   6.29664632  -4.35161817  10.40738018  -4.97920658
  43.50519836  21.21300331  23.94526281   7.30704304   8.59821326
 -12.07131399  -1.82436691   0.25494215  11.57604302  29.19780333
 -25.31688425  13.68311575 -10.45892557  26.15826613 -25.73135201
  36.91383802  15.73328432   4.18945626  19.00216698  -1.00125948
   0.50267939  14.68335041  -9.0502859   14.87760995   4.78459505
 -11.8813884   12.27219178  -4.05131073  30.90560828  -4.02342972
  -0.34830904  33.10707273   9.76825291   8.85910083 -17.0817107
  35.40852233 -36.2703768    1.0871868  -15.49606113   3.11404298
  27.08947111   0.36201488  -0.17129914  23.80790744   4.30475873] 118.18420571336165
Warning for adding constraints: zero or small (< 1e-13) coefficients, ignored
adaptive afw x = [1, 0, 0, 0, 0, 9, 1, 3, 0, 1, 0, 0, 0, 0, 2, 0, 0, 0, 5, 0, 8, 1, 0, 2, 0, 0, 0, 0, 0, 0, 0, 0, 0, 2, 0, 0, 3, 0, 0, 0, 7, 0, 0, 0, 0, 1, 2, 0, 2, 0] [ 24.88938348   6.29664632  -4.35161817  10.40738018  -4.97920658
  43.50519836  21.21300331  23.94526281   7.30704304   8.59821326
 -12.07131399  -1.82436691   0.25494215  11.57604302  29.19780333
 -25.31688425  13.68311575 -10.45892557  26.15826613 -25.73135201
  36.91383802  15.73328432   4.18945626  19.00216698  -1.00125948
   0.50267939  14.68335041  -9.0502859   14.87760995   4.78459505
 -11.8813884   12.27219178  -4.05131073  30.90560828  -4.02342972
  -0.34830904  33.10707273   9.76825291   8.85910083 -17.0817107
  35.40852233 -36.2703768    1.0871868  -15.49606113   3.11404298
  27.08947111   0.36201488  -0.17129914  23.80790744   4.30475873] 118.18420571336165
