000 (202828.000.000) 10/11 13:21:48 Job submitted from host: <130.207.91.92:9618?addrs=130.207.91.92-9618&noUDP&sock=1641_2b00_4>
...
001 (202828.000.000) 10/11 13:21:49 Job executing on host: <10.1.4.100:9618?addrs=10.1.4.100-9618&noUDP&sock=1948_be94_3>
...
006 (202828.000.000) 10/11 13:21:58 Image size of job updated: 56700
	55  -  MemoryUsage of job (MB)
	56092  -  ResidentSetSize of job (KB)
...
006 (202828.000.000) 10/11 13:26:59 Image size of job updated: 691048
	128  -  MemoryUsage of job (MB)
	130736  -  ResidentSetSize of job (KB)
...
006 (202828.000.000) 10/11 13:32:00 Image size of job updated: 692292
	129  -  MemoryUsage of job (MB)
	131316  -  ResidentSetSize of job (KB)
...
006 (202828.000.000) 10/11 13:42:00 Image size of job updated: 692292
	129  -  MemoryUsage of job (MB)
	131320  -  ResidentSetSize of job (KB)
...
006 (202828.000.000) 10/11 13:47:01 Image size of job updated: 692292
	129  -  MemoryUsage of job (MB)
	131524  -  ResidentSetSize of job (KB)
...
006 (202828.000.000) 10/11 13:52:02 Image size of job updated: 692292
	129  -  MemoryUsage of job (MB)
	131540  -  ResidentSetSize of job (KB)
...
005 (202828.000.000) 10/11 13:55:26 Job terminated.
	(1) Normal termination (return value 0)
		Usr 0 00:33:31, Sys 0 00:00:03  -  Run Remote Usage
		Usr 0 00:00:00, Sys 0 00:00:00  -  Run Local Usage
		Usr 0 00:33:31, Sys 0 00:00:03  -  Total Remote Usage
		Usr 0 00:00:00, Sys 0 00:00:00  -  Total Local Usage
	0  -  Run Bytes Sent By Job
	0  -  Run Bytes Received By Job
	0  -  Total Bytes Sent By Job
	0  -  Total Bytes Received By Job
	Partitionable Resources :    Usage  Request Allocated 
	   Cpus                 :     1.00        1         1 
	   Disk (KB)            : 15000       15000     40090 
	   Memory (MB)          :   129        5000      5120 
...
000 (202829.000.000) 10/11 14:06:30 Job submitted from host: <130.207.91.92:9618?addrs=130.207.91.92-9618&noUDP&sock=1641_2b00_4>
...
001 (202829.000.000) 10/11 14:06:31 Job executing on host: <10.1.7.202:9618?addrs=10.1.7.202-9618&noUDP&sock=23121_a94e_89>
...
006 (202829.000.000) 10/11 14:06:39 Image size of job updated: 460192
	55  -  MemoryUsage of job (MB)
	56116  -  ResidentSetSize of job (KB)
...
006 (202829.000.000) 10/11 14:11:39 Image size of job updated: 692212
	129  -  MemoryUsage of job (MB)
	131456  -  ResidentSetSize of job (KB)
...
006 (202829.000.000) 10/11 14:16:40 Image size of job updated: 692212
	129  -  MemoryUsage of job (MB)
	131552  -  ResidentSetSize of job (KB)
...
005 (202829.000.000) 10/11 14:31:27 Job terminated.
	(1) Normal termination (return value 0)
		Usr 0 00:24:52, Sys 0 00:00:02  -  Run Remote Usage
		Usr 0 00:00:00, Sys 0 00:00:00  -  Run Local Usage
		Usr 0 00:24:52, Sys 0 00:00:02  -  Total Remote Usage
		Usr 0 00:00:00, Sys 0 00:00:00  -  Total Local Usage
	0  -  Run Bytes Sent By Job
	0  -  Run Bytes Received By Job
	0  -  Total Bytes Sent By Job
	0  -  Total Bytes Received By Job
	Partitionable Resources :    Usage  Request Allocated 
	   Cpus                 :     1.00        1         1 
	   Disk (KB)            : 15000       15000     45841 
	   Memory (MB)          :   129        5000      5120 
...
