000 (204327.000.000) 10/20 20:09:39 Job submitted from host: <130.207.91.92:9618?addrs=130.207.91.92-9618&noUDP&sock=1641_2b00_4>
...
001 (204327.000.000) 10/20 20:09:39 Job executing on host: <10.1.7.202:9618?addrs=10.1.7.202-9618&noUDP&sock=23121_a94e_89>
...
006 (204327.000.000) 10/20 20:09:48 Image size of job updated: 599900
	55  -  MemoryUsage of job (MB)
	56116  -  ResidentSetSize of job (KB)
...
006 (204327.000.000) 10/20 20:14:49 Image size of job updated: 621828
	57  -  MemoryUsage of job (MB)
	57984  -  ResidentSetSize of job (KB)
...
006 (204327.000.000) 10/20 20:19:50 Image size of job updated: 691944
	129  -  MemoryUsage of job (MB)
	131192  -  ResidentSetSize of job (KB)
...
006 (204327.000.000) 10/20 20:24:50 Image size of job updated: 692456
	129  -  MemoryUsage of job (MB)
	131656  -  ResidentSetSize of job (KB)
...
006 (204327.000.000) 10/20 20:29:50 Image size of job updated: 692456
	131  -  MemoryUsage of job (MB)
	133264  -  ResidentSetSize of job (KB)
...
006 (204327.000.000) 10/20 20:39:52 Image size of job updated: 696328
	132  -  MemoryUsage of job (MB)
	134536  -  ResidentSetSize of job (KB)
...
006 (204327.000.000) 10/20 20:49:52 Image size of job updated: 696700
	132  -  MemoryUsage of job (MB)
	134552  -  ResidentSetSize of job (KB)
...
006 (204327.000.000) 10/20 20:54:53 Image size of job updated: 696700
	134  -  MemoryUsage of job (MB)
	136416  -  ResidentSetSize of job (KB)
...
006 (204327.000.000) 10/20 21:29:56 Image size of job updated: 699516
	137  -  MemoryUsage of job (MB)
	139348  -  ResidentSetSize of job (KB)
...
006 (204327.000.000) 10/20 21:34:56 Image size of job updated: 702588
	140  -  MemoryUsage of job (MB)
	142500  -  ResidentSetSize of job (KB)
...
006 (204327.000.000) 10/20 21:39:56 Image size of job updated: 705916
	143  -  MemoryUsage of job (MB)
	145660  -  ResidentSetSize of job (KB)
...
006 (204327.000.000) 10/20 21:44:57 Image size of job updated: 708988
	146  -  MemoryUsage of job (MB)
	148828  -  ResidentSetSize of job (KB)
...
006 (204327.000.000) 10/20 21:49:57 Image size of job updated: 712060
	149  -  MemoryUsage of job (MB)
	151984  -  ResidentSetSize of job (KB)
...
006 (204327.000.000) 10/20 21:54:57 Image size of job updated: 715388
	152  -  MemoryUsage of job (MB)
	155124  -  ResidentSetSize of job (KB)
...
006 (204327.000.000) 10/20 21:59:58 Image size of job updated: 723176
	159  -  MemoryUsage of job (MB)
	162612  -  ResidentSetSize of job (KB)
...
006 (204327.000.000) 10/20 22:04:59 Image size of job updated: 726504
	163  -  MemoryUsage of job (MB)
	166104  -  ResidentSetSize of job (KB)
...
006 (204327.000.000) 10/20 22:09:59 Image size of job updated: 740988
	176  -  MemoryUsage of job (MB)
	179644  -  ResidentSetSize of job (KB)
...
006 (204327.000.000) 10/20 22:14:59 Image size of job updated: 744724
	180  -  MemoryUsage of job (MB)
	183820  -  ResidentSetSize of job (KB)
...
006 (204327.000.000) 10/20 22:20:00 Image size of job updated: 749404
	184  -  MemoryUsage of job (MB)
	188008  -  ResidentSetSize of job (KB)
...
006 (204327.000.000) 10/20 22:25:01 Image size of job updated: 753220
	188  -  MemoryUsage of job (MB)
	192184  -  ResidentSetSize of job (KB)
...
006 (204327.000.000) 10/20 22:30:01 Image size of job updated: 757812
	192  -  MemoryUsage of job (MB)
	196360  -  ResidentSetSize of job (KB)
...
006 (204327.000.000) 10/20 22:35:02 Image size of job updated: 761980
	196  -  MemoryUsage of job (MB)
	200548  -  ResidentSetSize of job (KB)
...
006 (204327.000.000) 10/20 22:40:03 Image size of job updated: 766764
	200  -  MemoryUsage of job (MB)
	204728  -  ResidentSetSize of job (KB)
...
006 (204327.000.000) 10/20 22:45:03 Image size of job updated: 769836
	205  -  MemoryUsage of job (MB)
	208904  -  ResidentSetSize of job (KB)
...
006 (204327.000.000) 10/20 22:50:03 Image size of job updated: 775780
	209  -  MemoryUsage of job (MB)
	213084  -  ResidentSetSize of job (KB)
...
006 (204327.000.000) 10/20 22:55:05 Image size of job updated: 779108
	213  -  MemoryUsage of job (MB)
	217288  -  ResidentSetSize of job (KB)
...
006 (204327.000.000) 10/20 23:00:05 Image size of job updated: 782180
	217  -  MemoryUsage of job (MB)
	221464  -  ResidentSetSize of job (KB)
...
006 (204327.000.000) 10/20 23:05:05 Image size of job updated: 788480
	221  -  MemoryUsage of job (MB)
	225644  -  ResidentSetSize of job (KB)
...
006 (204327.000.000) 10/20 23:10:06 Image size of job updated: 791552
	225  -  MemoryUsage of job (MB)
	229832  -  ResidentSetSize of job (KB)
...
006 (204327.000.000) 10/20 23:15:07 Image size of job updated: 794880
	229  -  MemoryUsage of job (MB)
	234012  -  ResidentSetSize of job (KB)
...
006 (204327.000.000) 10/20 23:20:07 Image size of job updated: 801580
	233  -  MemoryUsage of job (MB)
	238192  -  ResidentSetSize of job (KB)
...
006 (204327.000.000) 10/20 23:25:08 Image size of job updated: 804652
	237  -  MemoryUsage of job (MB)
	242380  -  ResidentSetSize of job (KB)
...
006 (204327.000.000) 10/20 23:30:09 Image size of job updated: 807980
	241  -  MemoryUsage of job (MB)
	246560  -  ResidentSetSize of job (KB)
...
006 (204327.000.000) 10/20 23:35:09 Image size of job updated: 812396
	245  -  MemoryUsage of job (MB)
	250736  -  ResidentSetSize of job (KB)
...
006 (204327.000.000) 10/20 23:40:09 Image size of job updated: 818212
	249  -  MemoryUsage of job (MB)
	254912  -  ResidentSetSize of job (KB)
...
006 (204327.000.000) 10/20 23:45:11 Image size of job updated: 821284
	254  -  MemoryUsage of job (MB)
	259108  -  ResidentSetSize of job (KB)
...
006 (204327.000.000) 10/20 23:50:11 Image size of job updated: 824612
	258  -  MemoryUsage of job (MB)
	263284  -  ResidentSetSize of job (KB)
...
006 (204327.000.000) 10/20 23:55:11 Image size of job updated: 829196
	262  -  MemoryUsage of job (MB)
	267448  -  ResidentSetSize of job (KB)
...
006 (204327.000.000) 10/21 00:00:12 Image size of job updated: 835348
	266  -  MemoryUsage of job (MB)
	271644  -  ResidentSetSize of job (KB)
...
006 (204327.000.000) 10/21 00:05:13 Image size of job updated: 838676
	270  -  MemoryUsage of job (MB)
	275820  -  ResidentSetSize of job (KB)
...
006 (204327.000.000) 10/21 00:10:13 Image size of job updated: 841748
	274  -  MemoryUsage of job (MB)
	279996  -  ResidentSetSize of job (KB)
...
006 (204327.000.000) 10/21 00:15:14 Image size of job updated: 846776
	278  -  MemoryUsage of job (MB)
	284168  -  ResidentSetSize of job (KB)
...
006 (204327.000.000) 10/21 00:20:15 Image size of job updated: 853320
	282  -  MemoryUsage of job (MB)
	288324  -  ResidentSetSize of job (KB)
...
006 (204327.000.000) 10/21 00:25:15 Image size of job updated: 856392
	286  -  MemoryUsage of job (MB)
	292488  -  ResidentSetSize of job (KB)
...
006 (204327.000.000) 10/21 00:30:15 Image size of job updated: 859464
	290  -  MemoryUsage of job (MB)
	296656  -  ResidentSetSize of job (KB)
...
006 (204327.000.000) 10/21 00:35:16 Image size of job updated: 862792
	294  -  MemoryUsage of job (MB)
	300808  -  ResidentSetSize of job (KB)
...
006 (204327.000.000) 10/21 00:40:16 Image size of job updated: 867776
	298  -  MemoryUsage of job (MB)
	304976  -  ResidentSetSize of job (KB)
...
006 (204327.000.000) 10/21 00:45:16 Image size of job updated: 874752
	302  -  MemoryUsage of job (MB)
	309140  -  ResidentSetSize of job (KB)
...
006 (204327.000.000) 10/21 00:50:17 Image size of job updated: 877824
	306  -  MemoryUsage of job (MB)
	313316  -  ResidentSetSize of job (KB)
...
006 (204327.000.000) 10/21 00:55:18 Image size of job updated: 880896
	311  -  MemoryUsage of job (MB)
	317472  -  ResidentSetSize of job (KB)
...
006 (204327.000.000) 10/21 01:00:18 Image size of job updated: 884224
	315  -  MemoryUsage of job (MB)
	321636  -  ResidentSetSize of job (KB)
...
006 (204327.000.000) 10/21 01:05:19 Image size of job updated: 887296
	319  -  MemoryUsage of job (MB)
	325812  -  ResidentSetSize of job (KB)
...
006 (204327.000.000) 10/21 01:10:20 Image size of job updated: 892520
	323  -  MemoryUsage of job (MB)
	329980  -  ResidentSetSize of job (KB)
...
006 (204327.000.000) 10/21 01:15:20 Image size of job updated: 899984
	329  -  MemoryUsage of job (MB)
	336132  -  ResidentSetSize of job (KB)
...
006 (204327.000.000) 10/21 01:20:20 Image size of job updated: 903312
	332  -  MemoryUsage of job (MB)
	339956  -  ResidentSetSize of job (KB)
...
006 (204327.000.000) 10/21 01:25:21 Image size of job updated: 906384
	336  -  MemoryUsage of job (MB)
	343788  -  ResidentSetSize of job (KB)
...
006 (204327.000.000) 10/21 01:30:22 Image size of job updated: 909456
	340  -  MemoryUsage of job (MB)
	347608  -  ResidentSetSize of job (KB)
...
006 (204327.000.000) 10/21 01:35:22 Image size of job updated: 912528
	344  -  MemoryUsage of job (MB)
	351420  -  ResidentSetSize of job (KB)
...
006 (204327.000.000) 10/21 01:40:22 Image size of job updated: 918280
	347  -  MemoryUsage of job (MB)
	355244  -  ResidentSetSize of job (KB)
...
006 (204327.000.000) 10/21 01:45:23 Image size of job updated: 926296
	351  -  MemoryUsage of job (MB)
	359124  -  ResidentSetSize of job (KB)
...
006 (204327.000.000) 10/21 01:50:23 Image size of job updated: 929368
	355  -  MemoryUsage of job (MB)
	363292  -  ResidentSetSize of job (KB)
...
006 (204327.000.000) 10/21 01:55:23 Image size of job updated: 932440
	359  -  MemoryUsage of job (MB)
	367444  -  ResidentSetSize of job (KB)
...
006 (204327.000.000) 10/21 02:00:24 Image size of job updated: 935512
	363  -  MemoryUsage of job (MB)
	371620  -  ResidentSetSize of job (KB)
...
006 (204327.000.000) 10/21 02:05:25 Image size of job updated: 938840
	367  -  MemoryUsage of job (MB)
	375788  -  ResidentSetSize of job (KB)
...
006 (204327.000.000) 10/21 02:10:25 Image size of job updated: 941912
	372  -  MemoryUsage of job (MB)
	379952  -  ResidentSetSize of job (KB)
...
006 (204327.000.000) 10/21 02:15:25 Image size of job updated: 947708
	376  -  MemoryUsage of job (MB)
	384108  -  ResidentSetSize of job (KB)
...
006 (204327.000.000) 10/21 02:20:26 Image size of job updated: 950780
	380  -  MemoryUsage of job (MB)
	388272  -  ResidentSetSize of job (KB)
...
006 (204327.000.000) 10/21 02:25:26 Image size of job updated: 959660
	387  -  MemoryUsage of job (MB)
	396000  -  ResidentSetSize of job (KB)
...
006 (204327.000.000) 10/21 02:30:26 Image size of job updated: 962732
	391  -  MemoryUsage of job (MB)
	399476  -  ResidentSetSize of job (KB)
...
006 (204327.000.000) 10/21 02:35:27 Image size of job updated: 965804
	394  -  MemoryUsage of job (MB)
	402964  -  ResidentSetSize of job (KB)
...
006 (204327.000.000) 10/21 02:40:28 Image size of job updated: 968876
	397  -  MemoryUsage of job (MB)
	406444  -  ResidentSetSize of job (KB)
...
006 (204327.000.000) 10/21 02:45:28 Image size of job updated: 972204
	401  -  MemoryUsage of job (MB)
	409924  -  ResidentSetSize of job (KB)
...
006 (204327.000.000) 10/21 02:50:28 Image size of job updated: 975276
	404  -  MemoryUsage of job (MB)
	413400  -  ResidentSetSize of job (KB)
...
006 (204327.000.000) 10/21 02:55:29 Image size of job updated: 981412
	408  -  MemoryUsage of job (MB)
	417428  -  ResidentSetSize of job (KB)
...
006 (204327.000.000) 10/21 03:00:29 Image size of job updated: 984484
	414  -  MemoryUsage of job (MB)
	423640  -  ResidentSetSize of job (KB)
...
006 (204327.000.000) 10/21 03:05:29 Image size of job updated: 994068
	418  -  MemoryUsage of job (MB)
	427468  -  ResidentSetSize of job (KB)
...
006 (204327.000.000) 10/21 03:10:30 Image size of job updated: 997140
	422  -  MemoryUsage of job (MB)
	431308  -  ResidentSetSize of job (KB)
...
006 (204327.000.000) 10/21 03:15:31 Image size of job updated: 1000468
	427  -  MemoryUsage of job (MB)
	437172  -  ResidentSetSize of job (KB)
...
006 (204327.000.000) 10/21 03:20:31 Image size of job updated: 1003540
	433  -  MemoryUsage of job (MB)
	442412  -  ResidentSetSize of job (KB)
...
006 (204327.000.000) 10/21 03:25:31 Image size of job updated: 1006612
	436  -  MemoryUsage of job (MB)
	445552  -  ResidentSetSize of job (KB)
...
006 (204327.000.000) 10/21 03:30:32 Image size of job updated: 1009684
	439  -  MemoryUsage of job (MB)
	448700  -  ResidentSetSize of job (KB)
...
006 (204327.000.000) 10/21 03:35:32 Image size of job updated: 1013012
	442  -  MemoryUsage of job (MB)
	452188  -  ResidentSetSize of job (KB)
...
006 (204327.000.000) 10/21 03:40:32 Image size of job updated: 1019532
	445  -  MemoryUsage of job (MB)
	455676  -  ResidentSetSize of job (KB)
...
006 (204327.000.000) 10/21 03:45:33 Image size of job updated: 1022604
	449  -  MemoryUsage of job (MB)
	459192  -  ResidentSetSize of job (KB)
...
006 (204327.000.000) 10/21 03:50:34 Image size of job updated: 1032708
	453  -  MemoryUsage of job (MB)
	463324  -  ResidentSetSize of job (KB)
...
006 (204327.000.000) 10/21 03:55:34 Image size of job updated: 1036036
	462  -  MemoryUsage of job (MB)
	472232  -  ResidentSetSize of job (KB)
...
006 (204327.000.000) 10/21 04:00:35 Image size of job updated: 1039108
	465  -  MemoryUsage of job (MB)
	475380  -  ResidentSetSize of job (KB)
...
006 (204327.000.000) 10/21 04:05:36 Image size of job updated: 1042180
	468  -  MemoryUsage of job (MB)
	478524  -  ResidentSetSize of job (KB)
...
006 (204327.000.000) 10/21 04:10:36 Image size of job updated: 1045508
	471  -  MemoryUsage of job (MB)
	481764  -  ResidentSetSize of job (KB)
...
006 (204327.000.000) 10/21 04:15:36 Image size of job updated: 1048580
	474  -  MemoryUsage of job (MB)
	485248  -  ResidentSetSize of job (KB)
...
006 (204327.000.000) 10/21 04:20:38 Image size of job updated: 1051652
	478  -  MemoryUsage of job (MB)
	488740  -  ResidentSetSize of job (KB)
...
006 (204327.000.000) 10/21 04:25:38 Image size of job updated: 1054724
	482  -  MemoryUsage of job (MB)
	492552  -  ResidentSetSize of job (KB)
...
006 (204327.000.000) 10/21 04:30:38 Image size of job updated: 1061932
	486  -  MemoryUsage of job (MB)
	496724  -  ResidentSetSize of job (KB)
...
006 (204327.000.000) 10/21 04:35:39 Image size of job updated: 1065004
	490  -  MemoryUsage of job (MB)
	500904  -  ResidentSetSize of job (KB)
...
006 (204327.000.000) 10/21 04:40:40 Image size of job updated: 1075996
	496  -  MemoryUsage of job (MB)
	507012  -  ResidentSetSize of job (KB)
...
006 (204327.000.000) 10/21 04:45:40 Image size of job updated: 1079068
	499  -  MemoryUsage of job (MB)
	510840  -  ResidentSetSize of job (KB)
...
006 (204327.000.000) 10/21 04:50:40 Image size of job updated: 1082396
	503  -  MemoryUsage of job (MB)
	514660  -  ResidentSetSize of job (KB)
...
006 (204327.000.000) 10/21 04:55:42 Image size of job updated: 1085468
	510  -  MemoryUsage of job (MB)
	522208  -  ResidentSetSize of job (KB)
...
006 (204327.000.000) 10/21 05:00:42 Image size of job updated: 1088540
	514  -  MemoryUsage of job (MB)
	525344  -  ResidentSetSize of job (KB)
...
006 (204327.000.000) 10/21 05:05:42 Image size of job updated: 1091612
	517  -  MemoryUsage of job (MB)
	528488  -  ResidentSetSize of job (KB)
...
006 (204327.000.000) 10/21 05:10:43 Image size of job updated: 1094940
	520  -  MemoryUsage of job (MB)
	531768  -  ResidentSetSize of job (KB)
...
006 (204327.000.000) 10/21 05:15:44 Image size of job updated: 1098012
	523  -  MemoryUsage of job (MB)
	535252  -  ResidentSetSize of job (KB)
...
006 (204327.000.000) 10/21 05:20:44 Image size of job updated: 1101084
	527  -  MemoryUsage of job (MB)
	538736  -  ResidentSetSize of job (KB)
...
006 (204327.000.000) 10/21 05:25:44 Image size of job updated: 1104156
	530  -  MemoryUsage of job (MB)
	542636  -  ResidentSetSize of job (KB)
...
006 (204327.000.000) 10/21 05:30:45 Image size of job updated: 1111848
	534  -  MemoryUsage of job (MB)
	546812  -  ResidentSetSize of job (KB)
...
006 (204327.000.000) 10/21 05:35:45 Image size of job updated: 1114920
	539  -  MemoryUsage of job (MB)
	550984  -  ResidentSetSize of job (KB)
...
006 (204327.000.000) 10/21 05:40:45 Image size of job updated: 1126896
	546  -  MemoryUsage of job (MB)
	559068  -  ResidentSetSize of job (KB)
...
006 (204327.000.000) 10/21 05:45:46 Image size of job updated: 1129968
	550  -  MemoryUsage of job (MB)
	562560  -  ResidentSetSize of job (KB)
...
006 (204327.000.000) 10/21 05:50:47 Image size of job updated: 1133296
	553  -  MemoryUsage of job (MB)
	566044  -  ResidentSetSize of job (KB)
...
006 (204327.000.000) 10/21 05:55:47 Image size of job updated: 1136368
	557  -  MemoryUsage of job (MB)
	569528  -  ResidentSetSize of job (KB)
...
006 (204327.000.000) 10/21 06:00:47 Image size of job updated: 1139696
	560  -  MemoryUsage of job (MB)
	573008  -  ResidentSetSize of job (KB)
...
006 (204327.000.000) 10/21 06:05:48 Image size of job updated: 1142768
	565  -  MemoryUsage of job (MB)
	578468  -  ResidentSetSize of job (KB)
...
006 (204327.000.000) 10/21 06:10:48 Image size of job updated: 1145840
	571  -  MemoryUsage of job (MB)
	583708  -  ResidentSetSize of job (KB)
...
006 (204327.000.000) 10/21 06:15:48 Image size of job updated: 1149168
	574  -  MemoryUsage of job (MB)
	587192  -  ResidentSetSize of job (KB)
...
006 (204327.000.000) 10/21 06:20:50 Image size of job updated: 1152240
	577  -  MemoryUsage of job (MB)
	590688  -  ResidentSetSize of job (KB)
...
006 (204327.000.000) 10/21 06:25:50 Image size of job updated: 1155312
	581  -  MemoryUsage of job (MB)
	594172  -  ResidentSetSize of job (KB)
...
006 (204327.000.000) 10/21 06:30:50 Image size of job updated: 1163292
	584  -  MemoryUsage of job (MB)
	597656  -  ResidentSetSize of job (KB)
...
006 (204327.000.000) 10/21 06:35:51 Image size of job updated: 1166620
	588  -  MemoryUsage of job (MB)
	601236  -  ResidentSetSize of job (KB)
...
006 (204327.000.000) 10/21 06:40:52 Image size of job updated: 1169692
	592  -  MemoryUsage of job (MB)
	605244  -  ResidentSetSize of job (KB)
...
006 (204327.000.000) 10/21 06:45:53 Image size of job updated: 1182780
	596  -  MemoryUsage of job (MB)
	609416  -  ResidentSetSize of job (KB)
...
006 (204327.000.000) 10/21 06:50:53 Image size of job updated: 1185852
	605  -  MemoryUsage of job (MB)
	619036  -  ResidentSetSize of job (KB)
...
006 (204327.000.000) 10/21 06:55:54 Image size of job updated: 1189180
	608  -  MemoryUsage of job (MB)
	622188  -  ResidentSetSize of job (KB)
...
006 (204327.000.000) 10/21 07:00:55 Image size of job updated: 1192252
	611  -  MemoryUsage of job (MB)
	625328  -  ResidentSetSize of job (KB)
...
006 (204327.000.000) 10/21 07:05:55 Image size of job updated: 1195324
	614  -  MemoryUsage of job (MB)
	628468  -  ResidentSetSize of job (KB)
...
006 (204327.000.000) 10/21 07:10:55 Image size of job updated: 1198396
	617  -  MemoryUsage of job (MB)
	631608  -  ResidentSetSize of job (KB)
...
006 (204327.000.000) 10/21 07:15:56 Image size of job updated: 1201724
	620  -  MemoryUsage of job (MB)
	634748  -  ResidentSetSize of job (KB)
...
006 (204327.000.000) 10/21 07:20:56 Image size of job updated: 1204796
	628  -  MemoryUsage of job (MB)
	642224  -  ResidentSetSize of job (KB)
...
006 (204327.000.000) 10/21 07:25:56 Image size of job updated: 1207868
	631  -  MemoryUsage of job (MB)
	645708  -  ResidentSetSize of job (KB)
...
006 (204327.000.000) 10/21 07:30:57 Image size of job updated: 1210940
	634  -  MemoryUsage of job (MB)
	649192  -  ResidentSetSize of job (KB)
...
006 (204327.000.000) 10/21 07:35:57 Image size of job updated: 1214268
	638  -  MemoryUsage of job (MB)
	652676  -  ResidentSetSize of job (KB)
...
006 (204327.000.000) 10/21 07:40:57 Image size of job updated: 1222864
	641  -  MemoryUsage of job (MB)
	656164  -  ResidentSetSize of job (KB)
...
006 (204327.000.000) 10/21 07:45:58 Image size of job updated: 1225936
	645  -  MemoryUsage of job (MB)
	659656  -  ResidentSetSize of job (KB)
...
006 (204327.000.000) 10/21 07:50:59 Image size of job updated: 1229008
	650  -  MemoryUsage of job (MB)
	665456  -  ResidentSetSize of job (KB)
...
006 (204327.000.000) 10/21 07:55:59 Image size of job updated: 1243600
	654  -  MemoryUsage of job (MB)
	669284  -  ResidentSetSize of job (KB)
...
006 (204327.000.000) 10/21 08:00:59 Image size of job updated: 1246672
	658  -  MemoryUsage of job (MB)
	673104  -  ResidentSetSize of job (KB)
...
006 (204327.000.000) 10/21 08:06:00 Image size of job updated: 1249744
	662  -  MemoryUsage of job (MB)
	676932  -  ResidentSetSize of job (KB)
...
006 (204327.000.000) 10/21 08:11:00 Image size of job updated: 1253072
	667  -  MemoryUsage of job (MB)
	682672  -  ResidentSetSize of job (KB)
...
006 (204327.000.000) 10/21 08:16:00 Image size of job updated: 1256144
	671  -  MemoryUsage of job (MB)
	686156  -  ResidentSetSize of job (KB)
...
006 (204327.000.000) 10/21 08:21:01 Image size of job updated: 1259216
	678  -  MemoryUsage of job (MB)
	693416  -  ResidentSetSize of job (KB)
...
006 (204327.000.000) 10/21 08:26:02 Image size of job updated: 1262288
	681  -  MemoryUsage of job (MB)
	696556  -  ResidentSetSize of job (KB)
...
006 (204327.000.000) 10/21 08:31:02 Image size of job updated: 1265616
	684  -  MemoryUsage of job (MB)
	699696  -  ResidentSetSize of job (KB)
...
006 (204327.000.000) 10/21 08:36:03 Image size of job updated: 1268688
	687  -  MemoryUsage of job (MB)
	702844  -  ResidentSetSize of job (KB)
...
006 (204327.000.000) 10/21 08:41:04 Image size of job updated: 1271760
	692  -  MemoryUsage of job (MB)
	708032  -  ResidentSetSize of job (KB)
...
006 (204327.000.000) 10/21 08:46:04 Image size of job updated: 1274832
	697  -  MemoryUsage of job (MB)
	713224  -  ResidentSetSize of job (KB)
...
006 (204327.000.000) 10/21 08:51:05 Image size of job updated: 1278160
	700  -  MemoryUsage of job (MB)
	716656  -  ResidentSetSize of job (KB)
...
006 (204327.000.000) 10/21 08:56:06 Image size of job updated: 1281232
	704  -  MemoryUsage of job (MB)
	720140  -  ResidentSetSize of job (KB)
...
006 (204327.000.000) 10/21 09:01:06 Image size of job updated: 1284304
	707  -  MemoryUsage of job (MB)
	723624  -  ResidentSetSize of job (KB)
...
006 (204327.000.000) 10/21 09:06:06 Image size of job updated: 1293588
	711  -  MemoryUsage of job (MB)
	727100  -  ResidentSetSize of job (KB)
...
006 (204327.000.000) 10/21 09:11:07 Image size of job updated: 1296916
	714  -  MemoryUsage of job (MB)
	730768  -  ResidentSetSize of job (KB)
...
006 (204327.000.000) 10/21 09:16:08 Image size of job updated: 1312668
	718  -  MemoryUsage of job (MB)
	734600  -  ResidentSetSize of job (KB)
...
006 (204327.000.000) 10/21 09:21:08 Image size of job updated: 1315996
	722  -  MemoryUsage of job (MB)
	738772  -  ResidentSetSize of job (KB)
...
006 (204327.000.000) 10/21 09:26:09 Image size of job updated: 1319068
	730  -  MemoryUsage of job (MB)
	746676  -  ResidentSetSize of job (KB)
...
006 (204327.000.000) 10/21 09:31:10 Image size of job updated: 1322140
	735  -  MemoryUsage of job (MB)
	752000  -  ResidentSetSize of job (KB)
...
006 (204327.000.000) 10/21 09:36:10 Image size of job updated: 1325212
	738  -  MemoryUsage of job (MB)
	755140  -  ResidentSetSize of job (KB)
...
006 (204327.000.000) 10/21 09:41:10 Image size of job updated: 1328540
	741  -  MemoryUsage of job (MB)
	758280  -  ResidentSetSize of job (KB)
...
006 (204327.000.000) 10/21 09:46:11 Image size of job updated: 1331612
	744  -  MemoryUsage of job (MB)
	761420  -  ResidentSetSize of job (KB)
...
006 (204327.000.000) 10/21 09:51:11 Image size of job updated: 1334684
	747  -  MemoryUsage of job (MB)
	764560  -  ResidentSetSize of job (KB)
...
006 (204327.000.000) 10/21 09:56:11 Image size of job updated: 1337756
	754  -  MemoryUsage of job (MB)
	771800  -  ResidentSetSize of job (KB)
...
006 (204327.000.000) 10/21 10:01:12 Image size of job updated: 1341084
	759  -  MemoryUsage of job (MB)
	777008  -  ResidentSetSize of job (KB)
...
006 (204327.000.000) 10/21 10:06:13 Image size of job updated: 1344156
	762  -  MemoryUsage of job (MB)
	780176  -  ResidentSetSize of job (KB)
...
006 (204327.000.000) 10/21 10:11:13 Image size of job updated: 1347228
	765  -  MemoryUsage of job (MB)
	783336  -  ResidentSetSize of job (KB)
...
006 (204327.000.000) 10/21 10:16:13 Image size of job updated: 1350556
	769  -  MemoryUsage of job (MB)
	786504  -  ResidentSetSize of job (KB)
...
006 (204327.000.000) 10/21 10:21:14 Image size of job updated: 1353628
	772  -  MemoryUsage of job (MB)
	789668  -  ResidentSetSize of job (KB)
...
006 (204327.000.000) 10/21 10:26:14 Image size of job updated: 1356956
	775  -  MemoryUsage of job (MB)
	793296  -  ResidentSetSize of job (KB)
...
006 (204327.000.000) 10/21 10:31:14 Image size of job updated: 1360028
	779  -  MemoryUsage of job (MB)
	797404  -  ResidentSetSize of job (KB)
...
006 (204327.000.000) 10/21 10:36:15 Image size of job updated: 1370088
	783  -  MemoryUsage of job (MB)
	801620  -  ResidentSetSize of job (KB)
...
006 (204327.000.000) 10/21 10:41:16 Image size of job updated: 1373416
	787  -  MemoryUsage of job (MB)
	805828  -  ResidentSetSize of job (KB)
...
006 (204327.000.000) 10/21 10:46:16 Image size of job updated: 1376488
	792  -  MemoryUsage of job (MB)
	810024  -  ResidentSetSize of job (KB)
...
006 (204327.000.000) 10/21 10:51:17 Image size of job updated: 1393816
	796  -  MemoryUsage of job (MB)
	814244  -  ResidentSetSize of job (KB)
...
006 (204327.000.000) 10/21 10:56:18 Image size of job updated: 1397144
	800  -  MemoryUsage of job (MB)
	818440  -  ResidentSetSize of job (KB)
...
006 (204327.000.000) 10/21 11:01:18 Image size of job updated: 1400216
	804  -  MemoryUsage of job (MB)
	822648  -  ResidentSetSize of job (KB)
...
006 (204327.000.000) 10/21 11:06:18 Image size of job updated: 1403288
	808  -  MemoryUsage of job (MB)
	826840  -  ResidentSetSize of job (KB)
...
006 (204327.000.000) 10/21 11:11:19 Image size of job updated: 1406616
	812  -  MemoryUsage of job (MB)
	831048  -  ResidentSetSize of job (KB)
...
006 (204327.000.000) 10/21 11:13:21 Image size of job updated: 1407896
	812  -  MemoryUsage of job (MB)
	831048  -  ResidentSetSize of job (KB)
...
004 (204327.000.000) 10/21 11:13:21 Job was evicted.
	(0) Job was not checkpointed.
		Usr 0 15:02:04, Sys 0 00:01:19  -  Run Remote Usage
		Usr 0 00:00:00, Sys 0 00:00:00  -  Run Local Usage
	0  -  Run Bytes Sent By Job
	0  -  Run Bytes Received By Job
	Partitionable Resources :    Usage  Request Allocated 
	   Cpus                 :     1.00        1         1 
	   Disk (KB)            : 15000       15000     45841 
	   Memory (MB)          :   812        5000      5120 
...
009 (204327.000.000) 10/21 11:13:21 Job was aborted by the user.
	via condor_rm (by user jmoondra3)
...
000 (204341.000.000) 10/21 11:14:28 Job submitted from host: <130.207.91.92:9618?addrs=130.207.91.92-9618&noUDP&sock=1641_2b00_4>
...
001 (204341.000.000) 10/21 11:14:29 Job executing on host: <10.1.7.202:9618?addrs=10.1.7.202-9618&noUDP&sock=23121_a94e_89>
...
006 (204341.000.000) 10/21 11:14:37 Image size of job updated: 600168
	55  -  MemoryUsage of job (MB)
	56084  -  ResidentSetSize of job (KB)
...
006 (204341.000.000) 10/21 11:19:37 Image size of job updated: 600168
	55  -  MemoryUsage of job (MB)
	56236  -  ResidentSetSize of job (KB)
...
006 (204341.000.000) 10/21 11:24:38 Image size of job updated: 621908
	59  -  MemoryUsage of job (MB)
	60192  -  ResidentSetSize of job (KB)
...
006 (204341.000.000) 10/21 11:29:39 Image size of job updated: 691244
	128  -  MemoryUsage of job (MB)
	130232  -  ResidentSetSize of job (KB)
...
006 (204341.000.000) 10/21 11:34:39 Image size of job updated: 694976
	129  -  MemoryUsage of job (MB)
	131244  -  ResidentSetSize of job (KB)
...
006 (204341.000.000) 10/21 11:39:40 Image size of job updated: 696764
	133  -  MemoryUsage of job (MB)
	135520  -  ResidentSetSize of job (KB)
...
006 (204341.000.000) 10/21 11:59:43 Image size of job updated: 697020
	133  -  MemoryUsage of job (MB)
	135576  -  ResidentSetSize of job (KB)
...
006 (204341.000.000) 10/21 12:24:44 Image size of job updated: 697020
	133  -  MemoryUsage of job (MB)
	135776  -  ResidentSetSize of job (KB)
...
006 (204341.000.000) 10/21 13:24:50 Image size of job updated: 698300
	134  -  MemoryUsage of job (MB)
	136940  -  ResidentSetSize of job (KB)
...
006 (204341.000.000) 10/21 13:29:50 Image size of job updated: 700092
	136  -  MemoryUsage of job (MB)
	138680  -  ResidentSetSize of job (KB)
...
006 (204341.000.000) 10/21 13:34:50 Image size of job updated: 701628
	138  -  MemoryUsage of job (MB)
	140424  -  ResidentSetSize of job (KB)
...
006 (204341.000.000) 10/21 13:39:51 Image size of job updated: 703420
	139  -  MemoryUsage of job (MB)
	142176  -  ResidentSetSize of job (KB)
...
006 (204341.000.000) 10/21 13:44:52 Image size of job updated: 705212
	141  -  MemoryUsage of job (MB)
	143924  -  ResidentSetSize of job (KB)
...
006 (204341.000.000) 10/21 13:49:52 Image size of job updated: 707004
	143  -  MemoryUsage of job (MB)
	145676  -  ResidentSetSize of job (KB)
...
006 (204341.000.000) 10/21 13:54:52 Image size of job updated: 708796
	144  -  MemoryUsage of job (MB)
	147420  -  ResidentSetSize of job (KB)
...
006 (204341.000.000) 10/21 13:59:54 Image size of job updated: 710588
	146  -  MemoryUsage of job (MB)
	149464  -  ResidentSetSize of job (KB)
...
006 (204341.000.000) 10/21 14:04:54 Image size of job updated: 712380
	148  -  MemoryUsage of job (MB)
	151396  -  ResidentSetSize of job (KB)
...
006 (204341.000.000) 10/21 14:09:54 Image size of job updated: 713916
	150  -  MemoryUsage of job (MB)
	153336  -  ResidentSetSize of job (KB)
...
006 (204341.000.000) 10/21 14:14:55 Image size of job updated: 715708
	152  -  MemoryUsage of job (MB)
	155280  -  ResidentSetSize of job (KB)
...
006 (204341.000.000) 10/21 14:19:56 Image size of job updated: 717500
	154  -  MemoryUsage of job (MB)
	157220  -  ResidentSetSize of job (KB)
...
006 (204341.000.000) 10/21 14:24:56 Image size of job updated: 724104
	160  -  MemoryUsage of job (MB)
	163528  -  ResidentSetSize of job (KB)
...
006 (204341.000.000) 10/21 14:29:56 Image size of job updated: 725896
	162  -  MemoryUsage of job (MB)
	165660  -  ResidentSetSize of job (KB)
...
006 (204341.000.000) 10/21 14:34:57 Image size of job updated: 727688
	164  -  MemoryUsage of job (MB)
	167792  -  ResidentSetSize of job (KB)
...
006 (204341.000.000) 10/21 14:39:57 Image size of job updated: 729824
	166  -  MemoryUsage of job (MB)
	169780  -  ResidentSetSize of job (KB)
...
006 (204341.000.000) 10/21 14:44:57 Image size of job updated: 731616
	168  -  MemoryUsage of job (MB)
	171728  -  ResidentSetSize of job (KB)
...
006 (204341.000.000) 10/21 14:49:58 Image size of job updated: 739376
	175  -  MemoryUsage of job (MB)
	179000  -  ResidentSetSize of job (KB)
...
006 (204341.000.000) 10/21 14:54:59 Image size of job updated: 741844
	177  -  MemoryUsage of job (MB)
	181136  -  ResidentSetSize of job (KB)
...
006 (204341.000.000) 10/21 14:59:59 Image size of job updated: 743636
	179  -  MemoryUsage of job (MB)
	183260  -  ResidentSetSize of job (KB)
...
006 (204341.000.000) 10/21 15:04:59 Image size of job updated: 745428
	182  -  MemoryUsage of job (MB)
	185392  -  ResidentSetSize of job (KB)
...
006 (204341.000.000) 10/21 15:10:00 Image size of job updated: 747708
	184  -  MemoryUsage of job (MB)
	187524  -  ResidentSetSize of job (KB)
...
006 (204341.000.000) 10/21 15:15:00 Image size of job updated: 750260
	186  -  MemoryUsage of job (MB)
	189660  -  ResidentSetSize of job (KB)
...
006 (204341.000.000) 10/21 15:20:00 Image size of job updated: 752052
	188  -  MemoryUsage of job (MB)
	191788  -  ResidentSetSize of job (KB)
...
006 (204341.000.000) 10/21 15:25:01 Image size of job updated: 753844
	190  -  MemoryUsage of job (MB)
	193928  -  ResidentSetSize of job (KB)
...
006 (204341.000.000) 10/21 15:30:02 Image size of job updated: 765036
	199  -  MemoryUsage of job (MB)
	202888  -  ResidentSetSize of job (KB)
...
006 (204341.000.000) 10/21 15:35:02 Image size of job updated: 766572
	201  -  MemoryUsage of job (MB)
	205176  -  ResidentSetSize of job (KB)
...
006 (204341.000.000) 10/21 15:40:02 Image size of job updated: 768364
	203  -  MemoryUsage of job (MB)
	207464  -  ResidentSetSize of job (KB)
...
006 (204341.000.000) 10/21 15:45:03 Image size of job updated: 770156
	205  -  MemoryUsage of job (MB)
	209772  -  ResidentSetSize of job (KB)
...
006 (204341.000.000) 10/21 15:50:04 Image size of job updated: 772892
	208  -  MemoryUsage of job (MB)
	212032  -  ResidentSetSize of job (KB)
...
006 (204341.000.000) 10/21 15:55:04 Image size of job updated: 776356
	210  -  MemoryUsage of job (MB)
	214292  -  ResidentSetSize of job (KB)
...
006 (204341.000.000) 10/21 16:00:04 Image size of job updated: 778148
	212  -  MemoryUsage of job (MB)
	216544  -  ResidentSetSize of job (KB)
...
006 (204341.000.000) 10/21 16:05:05 Image size of job updated: 779684
	214  -  MemoryUsage of job (MB)
	218804  -  ResidentSetSize of job (KB)
...
006 (204341.000.000) 10/21 16:10:05 Image size of job updated: 781476
	216  -  MemoryUsage of job (MB)
	221052  -  ResidentSetSize of job (KB)
...
006 (204341.000.000) 10/21 16:15:05 Image size of job updated: 784328
	219  -  MemoryUsage of job (MB)
	223304  -  ResidentSetSize of job (KB)
...
006 (204341.000.000) 10/21 16:20:06 Image size of job updated: 788032
	221  -  MemoryUsage of job (MB)
	225572  -  ResidentSetSize of job (KB)
...
006 (204341.000.000) 10/21 16:25:07 Image size of job updated: 789824
	223  -  MemoryUsage of job (MB)
	227840  -  ResidentSetSize of job (KB)
...
006 (204341.000.000) 10/21 16:30:07 Image size of job updated: 791616
	225  -  MemoryUsage of job (MB)
	230096  -  ResidentSetSize of job (KB)
...
006 (204341.000.000) 10/21 16:35:08 Image size of job updated: 793152
	227  -  MemoryUsage of job (MB)
	232360  -  ResidentSetSize of job (KB)
...
006 (204341.000.000) 10/21 16:40:09 Image size of job updated: 794944
	230  -  MemoryUsage of job (MB)
	234620  -  ResidentSetSize of job (KB)
...
006 (204341.000.000) 10/21 16:45:09 Image size of job updated: 797932
	233  -  MemoryUsage of job (MB)
	237820  -  ResidentSetSize of job (KB)
...
006 (204341.000.000) 10/21 16:50:09 Image size of job updated: 801900
	235  -  MemoryUsage of job (MB)
	239900  -  ResidentSetSize of job (KB)
...
006 (204341.000.000) 10/21 16:55:10 Image size of job updated: 803692
	237  -  MemoryUsage of job (MB)
	241976  -  ResidentSetSize of job (KB)
...
006 (204341.000.000) 10/21 17:00:11 Image size of job updated: 805228
	239  -  MemoryUsage of job (MB)
	244056  -  ResidentSetSize of job (KB)
...
006 (204341.000.000) 10/21 17:05:11 Image size of job updated: 807020
	241  -  MemoryUsage of job (MB)
	246128  -  ResidentSetSize of job (KB)
...
006 (204341.000.000) 10/21 17:10:11 Image size of job updated: 808812
	243  -  MemoryUsage of job (MB)
	248204  -  ResidentSetSize of job (KB)
...
006 (204341.000.000) 10/21 17:15:12 Image size of job updated: 811692
	245  -  MemoryUsage of job (MB)
	250472  -  ResidentSetSize of job (KB)
...
006 (204341.000.000) 10/21 17:20:13 Image size of job updated: 813484
	247  -  MemoryUsage of job (MB)
	252736  -  ResidentSetSize of job (KB)
...
006 (204341.000.000) 10/21 17:25:13 Image size of job updated: 818020
	250  -  MemoryUsage of job (MB)
	255016  -  ResidentSetSize of job (KB)
...
006 (204341.000.000) 10/21 17:30:13 Image size of job updated: 819812
	252  -  MemoryUsage of job (MB)
	257324  -  ResidentSetSize of job (KB)
...
006 (204341.000.000) 10/21 17:35:14 Image size of job updated: 821604
	254  -  MemoryUsage of job (MB)
	259628  -  ResidentSetSize of job (KB)
...
006 (204341.000.000) 10/21 17:40:15 Image size of job updated: 823140
	256  -  MemoryUsage of job (MB)
	261940  -  ResidentSetSize of job (KB)
...
006 (204341.000.000) 10/21 17:45:15 Image size of job updated: 824932
	259  -  MemoryUsage of job (MB)
	264244  -  ResidentSetSize of job (KB)
...
006 (204341.000.000) 10/21 17:50:16 Image size of job updated: 826724
	261  -  MemoryUsage of job (MB)
	266564  -  ResidentSetSize of job (KB)
...
006 (204341.000.000) 10/21 17:55:17 Image size of job updated: 830028
	263  -  MemoryUsage of job (MB)
	268864  -  ResidentSetSize of job (KB)
...
006 (204341.000.000) 10/21 18:00:17 Image size of job updated: 834900
	265  -  MemoryUsage of job (MB)
	271176  -  ResidentSetSize of job (KB)
...
006 (204341.000.000) 10/21 18:05:17 Image size of job updated: 836436
	269  -  MemoryUsage of job (MB)
	274616  -  ResidentSetSize of job (KB)
...
006 (204341.000.000) 10/21 18:10:18 Image size of job updated: 838228
	271  -  MemoryUsage of job (MB)
	276544  -  ResidentSetSize of job (KB)
...
006 (204341.000.000) 10/21 18:15:18 Image size of job updated: 840020
	273  -  MemoryUsage of job (MB)
	278668  -  ResidentSetSize of job (KB)
...
006 (204341.000.000) 10/21 18:20:18 Image size of job updated: 841812
	275  -  MemoryUsage of job (MB)
	280784  -  ResidentSetSize of job (KB)
...
006 (204341.000.000) 10/21 18:25:19 Image size of job updated: 843348
	277  -  MemoryUsage of job (MB)
	282912  -  ResidentSetSize of job (KB)
...
006 (204341.000.000) 10/21 18:30:20 Image size of job updated: 846840
	279  -  MemoryUsage of job (MB)
	285056  -  ResidentSetSize of job (KB)
...
006 (204341.000.000) 10/21 18:35:20 Image size of job updated: 848632
	281  -  MemoryUsage of job (MB)
	287360  -  ResidentSetSize of job (KB)
...
006 (204341.000.000) 10/21 18:40:20 Image size of job updated: 853896
	283  -  MemoryUsage of job (MB)
	289676  -  ResidentSetSize of job (KB)
...
006 (204341.000.000) 10/21 18:45:21 Image size of job updated: 855688
	286  -  MemoryUsage of job (MB)
	291980  -  ResidentSetSize of job (KB)
...
006 (204341.000.000) 10/21 18:50:21 Image size of job updated: 857224
	288  -  MemoryUsage of job (MB)
	294296  -  ResidentSetSize of job (KB)
...
006 (204341.000.000) 10/21 18:55:21 Image size of job updated: 859016
	290  -  MemoryUsage of job (MB)
	296612  -  ResidentSetSize of job (KB)
...
006 (204341.000.000) 10/21 19:00:22 Image size of job updated: 860808
	292  -  MemoryUsage of job (MB)
	298924  -  ResidentSetSize of job (KB)
...
006 (204341.000.000) 10/21 19:05:23 Image size of job updated: 862600
	295  -  MemoryUsage of job (MB)
	301240  -  ResidentSetSize of job (KB)
...
006 (204341.000.000) 10/21 19:10:23 Image size of job updated: 864392
	297  -  MemoryUsage of job (MB)
	303760  -  ResidentSetSize of job (KB)
...
006 (204341.000.000) 10/21 19:15:23 Image size of job updated: 867840
	299  -  MemoryUsage of job (MB)
	305884  -  ResidentSetSize of job (KB)
...
006 (204341.000.000) 10/21 19:20:24 Image size of job updated: 869632
	301  -  MemoryUsage of job (MB)
	308156  -  ResidentSetSize of job (KB)
...
006 (204341.000.000) 10/21 19:25:24 Image size of job updated: 875328
	304  -  MemoryUsage of job (MB)
	310472  -  ResidentSetSize of job (KB)
...
006 (204341.000.000) 10/21 19:30:24 Image size of job updated: 877120
	306  -  MemoryUsage of job (MB)
	312772  -  ResidentSetSize of job (KB)
...
006 (204341.000.000) 10/21 19:35:25 Image size of job updated: 878912
	308  -  MemoryUsage of job (MB)
	315092  -  ResidentSetSize of job (KB)
...
006 (204341.000.000) 10/21 19:40:26 Image size of job updated: 880448
	311  -  MemoryUsage of job (MB)
	318020  -  ResidentSetSize of job (KB)
...
006 (204341.000.000) 10/21 19:45:26 Image size of job updated: 882240
	313  -  MemoryUsage of job (MB)
	320140  -  ResidentSetSize of job (KB)
...
006 (204341.000.000) 10/21 19:50:27 Image size of job updated: 884032
	315  -  MemoryUsage of job (MB)
	322272  -  ResidentSetSize of job (KB)
...
006 (204341.000.000) 10/21 19:55:28 Image size of job updated: 885824
	317  -  MemoryUsage of job (MB)
	324396  -  ResidentSetSize of job (KB)
...
006 (204341.000.000) 10/21 20:00:28 Image size of job updated: 887616
	320  -  MemoryUsage of job (MB)
	326660  -  ResidentSetSize of job (KB)
...
006 (204341.000.000) 10/21 20:05:28 Image size of job updated: 891304
	322  -  MemoryUsage of job (MB)
	328980  -  ResidentSetSize of job (KB)
...
006 (204341.000.000) 10/21 20:10:29 Image size of job updated: 893096
	324  -  MemoryUsage of job (MB)
	331300  -  ResidentSetSize of job (KB)
...
006 (204341.000.000) 10/21 20:15:29 Image size of job updated: 899280
	329  -  MemoryUsage of job (MB)
	336272  -  ResidentSetSize of job (KB)
...
006 (204341.000.000) 10/21 20:20:29 Image size of job updated: 901072
	331  -  MemoryUsage of job (MB)
	338204  -  ResidentSetSize of job (KB)
...
006 (204341.000.000) 10/21 20:25:30 Image size of job updated: 902864
	333  -  MemoryUsage of job (MB)
	340148  -  ResidentSetSize of job (KB)
...
006 (204341.000.000) 10/21 20:30:31 Image size of job updated: 904656
	335  -  MemoryUsage of job (MB)
	342084  -  ResidentSetSize of job (KB)
...
006 (204341.000.000) 10/21 20:35:31 Image size of job updated: 906192
	337  -  MemoryUsage of job (MB)
	344160  -  ResidentSetSize of job (KB)
...
006 (204341.000.000) 10/21 20:40:31 Image size of job updated: 907984
	339  -  MemoryUsage of job (MB)
	346292  -  ResidentSetSize of job (KB)
...
006 (204341.000.000) 10/21 20:45:32 Image size of job updated: 909776
	341  -  MemoryUsage of job (MB)
	348420  -  ResidentSetSize of job (KB)
...
006 (204341.000.000) 10/21 20:50:32 Image size of job updated: 911568
	343  -  MemoryUsage of job (MB)
	350540  -  ResidentSetSize of job (KB)
...
006 (204341.000.000) 10/21 20:55:32 Image size of job updated: 913360
	345  -  MemoryUsage of job (MB)
	352668  -  ResidentSetSize of job (KB)
...
006 (204341.000.000) 10/21 21:00:33 Image size of job updated: 915152
	347  -  MemoryUsage of job (MB)
	354804  -  ResidentSetSize of job (KB)
...
006 (204341.000.000) 10/21 21:05:34 Image size of job updated: 919112
	349  -  MemoryUsage of job (MB)
	356928  -  ResidentSetSize of job (KB)
...
006 (204341.000.000) 10/21 21:10:34 Image size of job updated: 920904
	351  -  MemoryUsage of job (MB)
	359100  -  ResidentSetSize of job (KB)
...
006 (204341.000.000) 10/21 21:12:50 Image size of job updated: 926616
	351  -  MemoryUsage of job (MB)
	359100  -  ResidentSetSize of job (KB)
...
004 (204341.000.000) 10/21 21:12:50 Job was evicted.
	(0) Job was not checkpointed.
		Usr 0 09:55:44, Sys 0 00:01:55  -  Run Remote Usage
		Usr 0 00:00:00, Sys 0 00:00:00  -  Run Local Usage
	0  -  Run Bytes Sent By Job
	0  -  Run Bytes Received By Job
	Partitionable Resources :    Usage  Request Allocated 
	   Cpus                 :     1.00        1         1 
	   Disk (KB)            : 15000       15000     45841 
	   Memory (MB)          :   351        5000      5120 
...
009 (204341.000.000) 10/21 21:12:50 Job was aborted by the user.
	via condor_rm (by user jmoondra3)
...
000 (204361.000.000) 10/21 21:16:30 Job submitted from host: <130.207.91.92:9618?addrs=130.207.91.92-9618&noUDP&sock=1641_2b00_4>
...
001 (204361.000.000) 10/21 21:16:30 Job executing on host: <10.1.4.119:9618?addrs=10.1.4.119-9618&noUDP&sock=9578_4a31_3>
...
006 (204361.000.000) 10/21 21:16:39 Image size of job updated: 599780
	55  -  MemoryUsage of job (MB)
	55992  -  ResidentSetSize of job (KB)
...
006 (204361.000.000) 10/21 21:21:40 Image size of job updated: 600036
	55  -  MemoryUsage of job (MB)
	56140  -  ResidentSetSize of job (KB)
...
006 (204361.000.000) 10/21 21:26:41 Image size of job updated: 621288
	57  -  MemoryUsage of job (MB)
	57980  -  ResidentSetSize of job (KB)
...
006 (204361.000.000) 10/21 21:31:42 Image size of job updated: 621288
	57  -  MemoryUsage of job (MB)
	58088  -  ResidentSetSize of job (KB)
...
006 (204361.000.000) 10/21 21:36:42 Image size of job updated: 658752
	97  -  MemoryUsage of job (MB)
	99232  -  ResidentSetSize of job (KB)
...
006 (204361.000.000) 10/21 21:41:42 Image size of job updated: 691692
	129  -  MemoryUsage of job (MB)
	131224  -  ResidentSetSize of job (KB)
...
006 (204361.000.000) 10/21 21:46:43 Image size of job updated: 691692
	129  -  MemoryUsage of job (MB)
	131272  -  ResidentSetSize of job (KB)
...
006 (204361.000.000) 10/21 21:51:44 Image size of job updated: 695184
	129  -  MemoryUsage of job (MB)
	131880  -  ResidentSetSize of job (KB)
...
006 (204361.000.000) 10/21 22:01:44 Image size of job updated: 695184
	129  -  MemoryUsage of job (MB)
	131884  -  ResidentSetSize of job (KB)
...
006 (204361.000.000) 10/21 22:06:45 Image size of job updated: 695184
	129  -  MemoryUsage of job (MB)
	131888  -  ResidentSetSize of job (KB)
...
006 (204361.000.000) 10/21 22:11:46 Image size of job updated: 695184
	129  -  MemoryUsage of job (MB)
	131892  -  ResidentSetSize of job (KB)
...
006 (204361.000.000) 10/21 22:16:47 Image size of job updated: 695952
	130  -  MemoryUsage of job (MB)
	132616  -  ResidentSetSize of job (KB)
...
006 (204361.000.000) 10/21 22:26:47 Image size of job updated: 695952
	130  -  MemoryUsage of job (MB)
	132700  -  ResidentSetSize of job (KB)
...
006 (204361.000.000) 10/21 23:16:53 Image size of job updated: 695952
	130  -  MemoryUsage of job (MB)
	132708  -  ResidentSetSize of job (KB)
...
006 (204361.000.000) 10/22 00:42:01 Image size of job updated: 697232
	131  -  MemoryUsage of job (MB)
	133848  -  ResidentSetSize of job (KB)
...
006 (204361.000.000) 10/22 00:47:01 Image size of job updated: 698512
	132  -  MemoryUsage of job (MB)
	135060  -  ResidentSetSize of job (KB)
...
006 (204361.000.000) 10/22 00:52:01 Image size of job updated: 699536
	134  -  MemoryUsage of job (MB)
	136268  -  ResidentSetSize of job (KB)
...
006 (204361.000.000) 10/22 00:57:02 Image size of job updated: 700816
	135  -  MemoryUsage of job (MB)
	137476  -  ResidentSetSize of job (KB)
...
006 (204361.000.000) 10/22 01:02:03 Image size of job updated: 702096
	136  -  MemoryUsage of job (MB)
	138644  -  ResidentSetSize of job (KB)
...
006 (204361.000.000) 10/22 01:07:04 Image size of job updated: 703120
	137  -  MemoryUsage of job (MB)
	139844  -  ResidentSetSize of job (KB)
...
006 (204361.000.000) 10/22 01:12:04 Image size of job updated: 704400
	138  -  MemoryUsage of job (MB)
	141060  -  ResidentSetSize of job (KB)
...
006 (204361.000.000) 10/22 01:17:04 Image size of job updated: 705680
	139  -  MemoryUsage of job (MB)
	142260  -  ResidentSetSize of job (KB)
...
006 (204361.000.000) 10/22 01:22:05 Image size of job updated: 706704
	141  -  MemoryUsage of job (MB)
	143468  -  ResidentSetSize of job (KB)
...
006 (204361.000.000) 10/22 01:27:05 Image size of job updated: 707984
	142  -  MemoryUsage of job (MB)
	144636  -  ResidentSetSize of job (KB)
...
006 (204361.000.000) 10/22 01:32:05 Image size of job updated: 709264
	143  -  MemoryUsage of job (MB)
	145844  -  ResidentSetSize of job (KB)
...
006 (204361.000.000) 10/22 01:37:06 Image size of job updated: 710288
	144  -  MemoryUsage of job (MB)
	147052  -  ResidentSetSize of job (KB)
...
006 (204361.000.000) 10/22 01:42:07 Image size of job updated: 711568
	145  -  MemoryUsage of job (MB)
	148272  -  ResidentSetSize of job (KB)
...
006 (204361.000.000) 10/22 01:47:07 Image size of job updated: 712848
	146  -  MemoryUsage of job (MB)
	149476  -  ResidentSetSize of job (KB)
...
006 (204361.000.000) 10/22 01:52:07 Image size of job updated: 713872
	148  -  MemoryUsage of job (MB)
	150668  -  ResidentSetSize of job (KB)
...
006 (204361.000.000) 10/22 01:57:08 Image size of job updated: 715152
	149  -  MemoryUsage of job (MB)
	151860  -  ResidentSetSize of job (KB)
...
006 (204361.000.000) 10/22 02:02:09 Image size of job updated: 716432
	150  -  MemoryUsage of job (MB)
	153076  -  ResidentSetSize of job (KB)
...
006 (204361.000.000) 10/22 02:07:09 Image size of job updated: 717712
	151  -  MemoryUsage of job (MB)
	154276  -  ResidentSetSize of job (KB)
...
006 (204361.000.000) 10/22 02:12:09 Image size of job updated: 718736
	152  -  MemoryUsage of job (MB)
	155484  -  ResidentSetSize of job (KB)
...
006 (204361.000.000) 10/22 02:17:10 Image size of job updated: 720016
	154  -  MemoryUsage of job (MB)
	156684  -  ResidentSetSize of job (KB)
...
006 (204361.000.000) 10/22 02:22:11 Image size of job updated: 721296
	155  -  MemoryUsage of job (MB)
	157872  -  ResidentSetSize of job (KB)
...
006 (204361.000.000) 10/22 02:27:11 Image size of job updated: 722320
	156  -  MemoryUsage of job (MB)
	159076  -  ResidentSetSize of job (KB)
...
006 (204361.000.000) 10/22 02:32:11 Image size of job updated: 723600
	157  -  MemoryUsage of job (MB)
	160300  -  ResidentSetSize of job (KB)
...
006 (204361.000.000) 10/22 02:37:12 Image size of job updated: 724880
	158  -  MemoryUsage of job (MB)
	161512  -  ResidentSetSize of job (KB)
...
006 (204361.000.000) 10/22 02:42:13 Image size of job updated: 725904
	159  -  MemoryUsage of job (MB)
	162712  -  ResidentSetSize of job (KB)
...
006 (204361.000.000) 10/22 02:47:13 Image size of job updated: 727184
	161  -  MemoryUsage of job (MB)
	163888  -  ResidentSetSize of job (KB)
...
006 (204361.000.000) 10/22 02:52:13 Image size of job updated: 734552
	167  -  MemoryUsage of job (MB)
	170592  -  ResidentSetSize of job (KB)
...
006 (204361.000.000) 10/22 02:57:14 Image size of job updated: 735832
	168  -  MemoryUsage of job (MB)
	171948  -  ResidentSetSize of job (KB)
...
006 (204361.000.000) 10/22 03:02:14 Image size of job updated: 736856
	170  -  MemoryUsage of job (MB)
	173276  -  ResidentSetSize of job (KB)
...
006 (204361.000.000) 10/22 03:07:14 Image size of job updated: 738136
	171  -  MemoryUsage of job (MB)
	174616  -  ResidentSetSize of job (KB)
...
006 (204361.000.000) 10/22 03:12:14 Image size of job updated: 746128
	178  -  MemoryUsage of job (MB)
	181944  -  ResidentSetSize of job (KB)
...
006 (204361.000.000) 10/22 03:17:15 Image size of job updated: 747912
	180  -  MemoryUsage of job (MB)
	183424  -  ResidentSetSize of job (KB)
...
006 (204361.000.000) 10/22 03:22:16 Image size of job updated: 749192
	181  -  MemoryUsage of job (MB)
	184900  -  ResidentSetSize of job (KB)
...
006 (204361.000.000) 10/22 03:27:16 Image size of job updated: 750472
	182  -  MemoryUsage of job (MB)
	186368  -  ResidentSetSize of job (KB)
...
006 (204361.000.000) 10/22 03:32:16 Image size of job updated: 751752
	184  -  MemoryUsage of job (MB)
	187848  -  ResidentSetSize of job (KB)
...
006 (204361.000.000) 10/22 03:37:17 Image size of job updated: 752776
	185  -  MemoryUsage of job (MB)
	189308  -  ResidentSetSize of job (KB)
...
006 (204361.000.000) 10/22 03:42:18 Image size of job updated: 754896
	187  -  MemoryUsage of job (MB)
	190768  -  ResidentSetSize of job (KB)
...
006 (204361.000.000) 10/22 03:47:18 Image size of job updated: 757032
	188  -  MemoryUsage of job (MB)
	192240  -  ResidentSetSize of job (KB)
...
006 (204361.000.000) 10/22 03:52:18 Image size of job updated: 758056
	190  -  MemoryUsage of job (MB)
	193708  -  ResidentSetSize of job (KB)
...
006 (204361.000.000) 10/22 03:57:19 Image size of job updated: 759336
	191  -  MemoryUsage of job (MB)
	195192  -  ResidentSetSize of job (KB)
...
006 (204361.000.000) 10/22 04:02:20 Image size of job updated: 760616
	193  -  MemoryUsage of job (MB)
	196652  -  ResidentSetSize of job (KB)
...
006 (204361.000.000) 10/22 04:07:20 Image size of job updated: 761640
	194  -  MemoryUsage of job (MB)
	198084  -  ResidentSetSize of job (KB)
...
006 (204361.000.000) 10/22 04:12:20 Image size of job updated: 763864
	195  -  MemoryUsage of job (MB)
	199560  -  ResidentSetSize of job (KB)
...
006 (204361.000.000) 10/22 04:17:21 Image size of job updated: 766108
	197  -  MemoryUsage of job (MB)
	201036  -  ResidentSetSize of job (KB)
...
006 (204361.000.000) 10/22 04:22:22 Image size of job updated: 767388
	198  -  MemoryUsage of job (MB)
	202504  -  ResidentSetSize of job (KB)
...
006 (204361.000.000) 10/22 04:27:22 Image size of job updated: 768412
	200  -  MemoryUsage of job (MB)
	203944  -  ResidentSetSize of job (KB)
...
006 (204361.000.000) 10/22 04:32:23 Image size of job updated: 769692
	201  -  MemoryUsage of job (MB)
	205396  -  ResidentSetSize of job (KB)
...
006 (204361.000.000) 10/22 04:37:24 Image size of job updated: 770972
	203  -  MemoryUsage of job (MB)
	206872  -  ResidentSetSize of job (KB)
...
006 (204361.000.000) 10/22 04:42:24 Image size of job updated: 771996
	204  -  MemoryUsage of job (MB)
	208356  -  ResidentSetSize of job (KB)
...
006 (204361.000.000) 10/22 04:47:24 Image size of job updated: 774336
	205  -  MemoryUsage of job (MB)
	209816  -  ResidentSetSize of job (KB)
...
006 (204361.000.000) 10/22 04:52:25 Image size of job updated: 775616
	207  -  MemoryUsage of job (MB)
	211284  -  ResidentSetSize of job (KB)
...
006 (204361.000.000) 10/22 04:57:26 Image size of job updated: 777724
	208  -  MemoryUsage of job (MB)
	212724  -  ResidentSetSize of job (KB)
...
006 (204361.000.000) 10/22 05:02:26 Image size of job updated: 779004
	210  -  MemoryUsage of job (MB)
	214200  -  ResidentSetSize of job (KB)
...
006 (204361.000.000) 10/22 05:07:26 Image size of job updated: 780284
	211  -  MemoryUsage of job (MB)
	215660  -  ResidentSetSize of job (KB)
...
006 (204361.000.000) 10/22 05:12:27 Image size of job updated: 781308
	213  -  MemoryUsage of job (MB)
	217136  -  ResidentSetSize of job (KB)
...
006 (204361.000.000) 10/22 05:17:28 Image size of job updated: 782588
	214  -  MemoryUsage of job (MB)
	218624  -  ResidentSetSize of job (KB)
...
006 (204361.000.000) 10/22 05:22:28 Image size of job updated: 783868
	215  -  MemoryUsage of job (MB)
	220052  -  ResidentSetSize of job (KB)
...
006 (204361.000.000) 10/22 05:27:28 Image size of job updated: 786088
	217  -  MemoryUsage of job (MB)
	221496  -  ResidentSetSize of job (KB)
...
006 (204361.000.000) 10/22 05:32:28 Image size of job updated: 787368
	218  -  MemoryUsage of job (MB)
	222968  -  ResidentSetSize of job (KB)
...
006 (204361.000.000) 10/22 05:37:30 Image size of job updated: 800832
	229  -  MemoryUsage of job (MB)
	234272  -  ResidentSetSize of job (KB)
...
006 (204361.000.000) 10/22 05:42:30 Image size of job updated: 802112
	231  -  MemoryUsage of job (MB)
	235888  -  ResidentSetSize of job (KB)
...
006 (204361.000.000) 10/22 05:47:30 Image size of job updated: 803136
	232  -  MemoryUsage of job (MB)
	237464  -  ResidentSetSize of job (KB)
...
006 (204361.000.000) 10/22 05:52:30 Image size of job updated: 804416
	234  -  MemoryUsage of job (MB)
	239036  -  ResidentSetSize of job (KB)
...
006 (204361.000.000) 10/22 05:57:31 Image size of job updated: 805696
	235  -  MemoryUsage of job (MB)
	240636  -  ResidentSetSize of job (KB)
...
006 (204361.000.000) 10/22 06:02:31 Image size of job updated: 806720
	237  -  MemoryUsage of job (MB)
	242236  -  ResidentSetSize of job (KB)
...
006 (204361.000.000) 10/22 06:07:31 Image size of job updated: 808000
	239  -  MemoryUsage of job (MB)
	243844  -  ResidentSetSize of job (KB)
...
006 (204361.000.000) 10/22 06:12:32 Image size of job updated: 809280
	240  -  MemoryUsage of job (MB)
	245436  -  ResidentSetSize of job (KB)
...
006 (204361.000.000) 10/22 06:17:33 Image size of job updated: 811648
	242  -  MemoryUsage of job (MB)
	247012  -  ResidentSetSize of job (KB)
...
006 (204361.000.000) 10/22 06:22:33 Image size of job updated: 815672
	243  -  MemoryUsage of job (MB)
	248636  -  ResidentSetSize of job (KB)
...
006 (204361.000.000) 10/22 06:27:33 Image size of job updated: 816952
	245  -  MemoryUsage of job (MB)
	250248  -  ResidentSetSize of job (KB)
...
006 (204361.000.000) 10/22 06:32:34 Image size of job updated: 818232
	246  -  MemoryUsage of job (MB)
	251852  -  ResidentSetSize of job (KB)
...
006 (204361.000.000) 10/22 06:37:35 Image size of job updated: 819256
	248  -  MemoryUsage of job (MB)
	253436  -  ResidentSetSize of job (KB)
...
006 (204361.000.000) 10/22 06:42:35 Image size of job updated: 820536
	250  -  MemoryUsage of job (MB)
	254996  -  ResidentSetSize of job (KB)
...
006 (204361.000.000) 10/22 06:47:35 Image size of job updated: 821816
	251  -  MemoryUsage of job (MB)
	256604  -  ResidentSetSize of job (KB)
...
006 (204361.000.000) 10/22 06:52:36 Image size of job updated: 822840
	253  -  MemoryUsage of job (MB)
	258216  -  ResidentSetSize of job (KB)
...
006 (204361.000.000) 10/22 06:57:37 Image size of job updated: 824120
	254  -  MemoryUsage of job (MB)
	259812  -  ResidentSetSize of job (KB)
...
006 (204361.000.000) 10/22 07:02:37 Image size of job updated: 825400
	256  -  MemoryUsage of job (MB)
	261372  -  ResidentSetSize of job (KB)
...
006 (204361.000.000) 10/22 07:07:37 Image size of job updated: 827936
	257  -  MemoryUsage of job (MB)
	262932  -  ResidentSetSize of job (KB)
...
006 (204361.000.000) 10/22 07:12:37 Image size of job updated: 829216
	259  -  MemoryUsage of job (MB)
	264544  -  ResidentSetSize of job (KB)
...
006 (204361.000.000) 10/22 07:17:38 Image size of job updated: 833576
	260  -  MemoryUsage of job (MB)
	266176  -  ResidentSetSize of job (KB)
...
006 (204361.000.000) 10/22 07:22:39 Image size of job updated: 834600
	262  -  MemoryUsage of job (MB)
	267748  -  ResidentSetSize of job (KB)
...
006 (204361.000.000) 10/22 07:27:39 Image size of job updated: 835880
	264  -  MemoryUsage of job (MB)
	269352  -  ResidentSetSize of job (KB)
...
006 (204361.000.000) 10/22 07:32:39 Image size of job updated: 837160
	265  -  MemoryUsage of job (MB)
	270904  -  ResidentSetSize of job (KB)
...
006 (204361.000.000) 10/22 07:37:40 Image size of job updated: 838184
	267  -  MemoryUsage of job (MB)
	272528  -  ResidentSetSize of job (KB)
...
006 (204361.000.000) 10/22 07:42:41 Image size of job updated: 839464
	268  -  MemoryUsage of job (MB)
	274104  -  ResidentSetSize of job (KB)
...
006 (204361.000.000) 10/22 07:47:41 Image size of job updated: 840744
	270  -  MemoryUsage of job (MB)
	275700  -  ResidentSetSize of job (KB)
...
006 (204361.000.000) 10/22 07:52:41 Image size of job updated: 841768
	271  -  MemoryUsage of job (MB)
	277296  -  ResidentSetSize of job (KB)
...
006 (204361.000.000) 10/22 07:57:42 Image size of job updated: 843048
	273  -  MemoryUsage of job (MB)
	278860  -  ResidentSetSize of job (KB)
...
006 (204361.000.000) 10/22 08:02:43 Image size of job updated: 846028
	274  -  MemoryUsage of job (MB)
	280464  -  ResidentSetSize of job (KB)
...
006 (204361.000.000) 10/22 08:07:43 Image size of job updated: 847052
	276  -  MemoryUsage of job (MB)
	282056  -  ResidentSetSize of job (KB)
...
006 (204361.000.000) 10/22 08:12:43 Image size of job updated: 851804
	278  -  MemoryUsage of job (MB)
	283664  -  ResidentSetSize of job (KB)
...
006 (204361.000.000) 10/22 08:17:44 Image size of job updated: 853084
	279  -  MemoryUsage of job (MB)
	285272  -  ResidentSetSize of job (KB)
...
006 (204361.000.000) 10/22 08:22:45 Image size of job updated: 854108
	281  -  MemoryUsage of job (MB)
	286816  -  ResidentSetSize of job (KB)
...
006 (204361.000.000) 10/22 08:27:45 Image size of job updated: 855388
	282  -  MemoryUsage of job (MB)
	288416  -  ResidentSetSize of job (KB)
...
006 (204361.000.000) 10/22 08:32:45 Image size of job updated: 856668
	284  -  MemoryUsage of job (MB)
	290012  -  ResidentSetSize of job (KB)
...
006 (204361.000.000) 10/22 08:37:46 Image size of job updated: 857692
	285  -  MemoryUsage of job (MB)
	291612  -  ResidentSetSize of job (KB)
...
006 (204361.000.000) 10/22 08:42:47 Image size of job updated: 858972
	287  -  MemoryUsage of job (MB)
	293192  -  ResidentSetSize of job (KB)
...
006 (204361.000.000) 10/22 08:47:47 Image size of job updated: 860252
	288  -  MemoryUsage of job (MB)
	294740  -  ResidentSetSize of job (KB)
...
006 (204361.000.000) 10/22 08:52:47 Image size of job updated: 861276
	290  -  MemoryUsage of job (MB)
	296360  -  ResidentSetSize of job (KB)
...
006 (204361.000.000) 10/22 08:57:48 Image size of job updated: 862556
	292  -  MemoryUsage of job (MB)
	298048  -  ResidentSetSize of job (KB)
...
006 (204361.000.000) 10/22 09:02:49 Image size of job updated: 863836
	293  -  MemoryUsage of job (MB)
	299724  -  ResidentSetSize of job (KB)
...
006 (204361.000.000) 10/22 09:07:49 Image size of job updated: 867028
	295  -  MemoryUsage of job (MB)
	301404  -  ResidentSetSize of job (KB)
...
006 (204361.000.000) 10/22 09:12:49 Image size of job updated: 868308
	296  -  MemoryUsage of job (MB)
	303076  -  ResidentSetSize of job (KB)
...
006 (204361.000.000) 10/22 09:17:50 Image size of job updated: 873492
	298  -  MemoryUsage of job (MB)
	304740  -  ResidentSetSize of job (KB)
...
006 (204361.000.000) 10/22 09:22:51 Image size of job updated: 874772
	300  -  MemoryUsage of job (MB)
	306396  -  ResidentSetSize of job (KB)
...
006 (204361.000.000) 10/22 09:27:51 Image size of job updated: 876052
	301  -  MemoryUsage of job (MB)
	308056  -  ResidentSetSize of job (KB)
...
006 (204361.000.000) 10/22 09:32:52 Image size of job updated: 877332
	303  -  MemoryUsage of job (MB)
	309744  -  ResidentSetSize of job (KB)
...
004 (204361.000.000) 10/22 09:33:30 Job was evicted.
	(0) Job was not checkpointed.
		Usr 0 12:14:21, Sys 0 00:02:33  -  Run Remote Usage
		Usr 0 00:00:00, Sys 0 00:00:00  -  Run Local Usage
	0  -  Run Bytes Sent By Job
	0  -  Run Bytes Received By Job
	Partitionable Resources :    Usage  Request Allocated 
	   Cpus                 :     1.00        1         1 
	   Disk (KB)            : 15000       15000     41765 
	   Memory (MB)          :   303        5000      5120 
...
009 (204361.000.000) 10/22 09:33:31 Job was aborted by the user.
	via condor_rm (by user jmoondra3)
...
000 (204376.000.000) 10/22 09:33:40 Job submitted from host: <130.207.91.92:9618?addrs=130.207.91.92-9618&noUDP&sock=1641_2b00_4>
...
001 (204376.000.000) 10/22 09:33:58 Job executing on host: <10.1.7.202:9618?addrs=10.1.7.202-9618&noUDP&sock=23121_a94e_89>
...
006 (204376.000.000) 10/22 09:34:06 Image size of job updated: 327468
	55  -  MemoryUsage of job (MB)
	56016  -  ResidentSetSize of job (KB)
...
006 (204376.000.000) 10/22 09:39:06 Image size of job updated: 621660
	57  -  MemoryUsage of job (MB)
	57768  -  ResidentSetSize of job (KB)
...
006 (204376.000.000) 10/22 09:44:07 Image size of job updated: 671580
	111  -  MemoryUsage of job (MB)
	113464  -  ResidentSetSize of job (KB)
...
006 (204376.000.000) 10/22 09:49:08 Image size of job updated: 695860
	129  -  MemoryUsage of job (MB)
	132040  -  ResidentSetSize of job (KB)
...
006 (204376.000.000) 10/22 09:59:08 Image size of job updated: 696628
	130  -  MemoryUsage of job (MB)
	132796  -  ResidentSetSize of job (KB)
...
