000 (208749.000.000) 01/28 08:09:35 Job submitted from host: <130.207.91.92:9618?addrs=130.207.91.92-9618&noUDP&sock=1641_2b00_4>
...
001 (208749.000.000) 01/28 08:09:46 Job executing on host: <10.1.4.117:9618?addrs=10.1.4.117-9618&noUDP&sock=20561_b6db_3>
...
006 (208749.000.000) 01/28 08:09:54 Image size of job updated: 261676
	57  -  MemoryUsage of job (MB)
	57544  -  ResidentSetSize of job (KB)
...
006 (208749.000.000) 01/28 08:14:54 Image size of job updated: 603788
	57  -  MemoryUsage of job (MB)
	58156  -  ResidentSetSize of job (KB)
...
006 (208749.000.000) 01/28 08:39:56 Image size of job updated: 603788
	57  -  MemoryUsage of job (MB)
	58164  -  ResidentSetSize of job (KB)
...
006 (208749.000.000) 01/28 08:44:56 Image size of job updated: 625340
	59  -  MemoryUsage of job (MB)
	59480  -  ResidentSetSize of job (KB)
...
006 (208749.000.000) 01/28 08:49:57 Image size of job updated: 636000
	76  -  MemoryUsage of job (MB)
	76848  -  ResidentSetSize of job (KB)
...
006 (208749.000.000) 01/28 08:54:58 Image size of job updated: 706136
	143  -  MemoryUsage of job (MB)
	146236  -  ResidentSetSize of job (KB)
...
006 (208749.000.000) 01/28 08:59:58 Image size of job updated: 773016
	209  -  MemoryUsage of job (MB)
	213600  -  ResidentSetSize of job (KB)
...
006 (208749.000.000) 01/28 09:04:58 Image size of job updated: 838052
	273  -  MemoryUsage of job (MB)
	279112  -  ResidentSetSize of job (KB)
...
006 (208749.000.000) 01/28 09:10:00 Image size of job updated: 902528
	335  -  MemoryUsage of job (MB)
	342512  -  ResidentSetSize of job (KB)
...
006 (208749.000.000) 01/28 09:15:00 Image size of job updated: 967520
	399  -  MemoryUsage of job (MB)
	408528  -  ResidentSetSize of job (KB)
...
006 (208749.000.000) 01/28 09:20:01 Image size of job updated: 1030192
	460  -  MemoryUsage of job (MB)
	470784  -  ResidentSetSize of job (KB)
...
006 (208749.000.000) 01/28 09:25:01 Image size of job updated: 1088436
	516  -  MemoryUsage of job (MB)
	528268  -  ResidentSetSize of job (KB)
...
006 (208749.000.000) 01/28 09:30:01 Image size of job updated: 1140040
	564  -  MemoryUsage of job (MB)
	577516  -  ResidentSetSize of job (KB)
...
006 (208749.000.000) 01/28 09:45:03 Image size of job updated: 1140532
	565  -  MemoryUsage of job (MB)
	578404  -  ResidentSetSize of job (KB)
...
004 (208749.000.000) 01/28 10:43:00 Job was evicted.
	(0) Job was not checkpointed.
		Usr 0 02:32:48, Sys 0 00:00:19  -  Run Remote Usage
		Usr 0 00:00:00, Sys 0 00:00:00  -  Run Local Usage
	0  -  Run Bytes Sent By Job
	0  -  Run Bytes Received By Job
	Partitionable Resources :    Usage  Request Allocated 
	   Cpus                 :     1.00        1         1 
	   Disk (KB)            : 15000       15000     43732 
	   Memory (MB)          :   565        5000      5120 
...
009 (208749.000.000) 01/28 10:43:00 Job was aborted by the user.
	via condor_rm (by user jmoondra3)
...
