000 (208742.000.000) 01/26 18:23:51 Job submitted from host: <130.207.91.92:9618?addrs=130.207.91.92-9618&noUDP&sock=1641_2b00_4>
...
001 (208742.000.000) 01/26 18:23:52 Job executing on host: <10.1.9.101:9618?addrs=10.1.9.101-9618&noUDP&sock=8769_6212_3>
...
006 (208742.000.000) 01/26 18:24:00 Image size of job updated: 57552
	57  -  MemoryUsage of job (MB)
	57548  -  ResidentSetSize of job (KB)
...
006 (208742.000.000) 01/26 18:29:00 Image size of job updated: 57760
	57  -  MemoryUsage of job (MB)
	57756  -  ResidentSetSize of job (KB)
...
006 (208742.000.000) 01/26 18:34:00 Image size of job updated: 57792
	57  -  MemoryUsage of job (MB)
	57788  -  ResidentSetSize of job (KB)
...
006 (208742.000.000) 01/26 18:39:01 Image size of job updated: 57820
	57  -  MemoryUsage of job (MB)
	57816  -  ResidentSetSize of job (KB)
...
006 (208742.000.000) 01/26 18:44:01 Image size of job updated: 59004
	58  -  MemoryUsage of job (MB)
	59000  -  ResidentSetSize of job (KB)
...
006 (208742.000.000) 01/26 18:49:01 Image size of job updated: 59872
	59  -  MemoryUsage of job (MB)
	59868  -  ResidentSetSize of job (KB)
...
006 (208742.000.000) 01/26 18:54:02 Image size of job updated: 60796
	60  -  MemoryUsage of job (MB)
	60792  -  ResidentSetSize of job (KB)
...
006 (208742.000.000) 01/26 18:59:03 Image size of job updated: 61928
	61  -  MemoryUsage of job (MB)
	61924  -  ResidentSetSize of job (KB)
...
006 (208742.000.000) 01/26 19:04:03 Image size of job updated: 62620
	62  -  MemoryUsage of job (MB)
	62616  -  ResidentSetSize of job (KB)
...
006 (208742.000.000) 01/26 19:09:04 Image size of job updated: 63320
	62  -  MemoryUsage of job (MB)
	63316  -  ResidentSetSize of job (KB)
...
006 (208742.000.000) 01/26 19:14:05 Image size of job updated: 64468
	63  -  MemoryUsage of job (MB)
	64464  -  ResidentSetSize of job (KB)
...
006 (208742.000.000) 01/26 19:19:05 Image size of job updated: 66180
	65  -  MemoryUsage of job (MB)
	66176  -  ResidentSetSize of job (KB)
...
006 (208742.000.000) 01/26 19:24:06 Image size of job updated: 66876
	66  -  MemoryUsage of job (MB)
	66872  -  ResidentSetSize of job (KB)
...
006 (208742.000.000) 01/26 19:29:07 Image size of job updated: 67572
	66  -  MemoryUsage of job (MB)
	67568  -  ResidentSetSize of job (KB)
...
006 (208742.000.000) 01/26 19:34:07 Image size of job updated: 68264
	67  -  MemoryUsage of job (MB)
	68260  -  ResidentSetSize of job (KB)
...
006 (208742.000.000) 01/26 19:39:08 Image size of job updated: 68968
	68  -  MemoryUsage of job (MB)
	68964  -  ResidentSetSize of job (KB)
...
006 (208742.000.000) 01/26 19:44:09 Image size of job updated: 70524
	69  -  MemoryUsage of job (MB)
	70520  -  ResidentSetSize of job (KB)
...
006 (208742.000.000) 01/26 19:49:09 Image size of job updated: 71264
	70  -  MemoryUsage of job (MB)
	71260  -  ResidentSetSize of job (KB)
...
006 (208742.000.000) 01/26 19:54:09 Image size of job updated: 71972
	71  -  MemoryUsage of job (MB)
	71968  -  ResidentSetSize of job (KB)
...
006 (208742.000.000) 01/26 19:59:09 Image size of job updated: 73712
	72  -  MemoryUsage of job (MB)
	73708  -  ResidentSetSize of job (KB)
...
006 (208742.000.000) 01/26 20:04:10 Image size of job updated: 74424
	73  -  MemoryUsage of job (MB)
	74420  -  ResidentSetSize of job (KB)
...
006 (208742.000.000) 01/26 20:09:11 Image size of job updated: 75076
	74  -  MemoryUsage of job (MB)
	75072  -  ResidentSetSize of job (KB)
...
006 (208742.000.000) 01/26 20:14:12 Image size of job updated: 75784
	75  -  MemoryUsage of job (MB)
	75780  -  ResidentSetSize of job (KB)
...
006 (208742.000.000) 01/26 20:19:13 Image size of job updated: 76484
	75  -  MemoryUsage of job (MB)
	76480  -  ResidentSetSize of job (KB)
...
006 (208742.000.000) 01/26 20:24:14 Image size of job updated: 77200
	76  -  MemoryUsage of job (MB)
	77196  -  ResidentSetSize of job (KB)
...
006 (208742.000.000) 01/26 20:29:15 Image size of job updated: 79380
	78  -  MemoryUsage of job (MB)
	79376  -  ResidentSetSize of job (KB)
...
006 (208742.000.000) 01/26 20:34:15 Image size of job updated: 80084
	79  -  MemoryUsage of job (MB)
	80080  -  ResidentSetSize of job (KB)
...
006 (208742.000.000) 01/26 20:39:15 Image size of job updated: 80792
	79  -  MemoryUsage of job (MB)
	80788  -  ResidentSetSize of job (KB)
...
006 (208742.000.000) 01/26 20:44:15 Image size of job updated: 82652
	81  -  MemoryUsage of job (MB)
	82648  -  ResidentSetSize of job (KB)
...
006 (208742.000.000) 01/26 20:49:15 Image size of job updated: 83356
	82  -  MemoryUsage of job (MB)
	83352  -  ResidentSetSize of job (KB)
...
006 (208742.000.000) 01/26 20:54:15 Image size of job updated: 84056
	83  -  MemoryUsage of job (MB)
	84052  -  ResidentSetSize of job (KB)
...
006 (208742.000.000) 01/26 20:59:15 Image size of job updated: 84728
	83  -  MemoryUsage of job (MB)
	84724  -  ResidentSetSize of job (KB)
...
006 (208742.000.000) 01/26 21:04:16 Image size of job updated: 85364
	84  -  MemoryUsage of job (MB)
	85360  -  ResidentSetSize of job (KB)
...
006 (208742.000.000) 01/26 21:09:17 Image size of job updated: 86000
	84  -  MemoryUsage of job (MB)
	85996  -  ResidentSetSize of job (KB)
...
006 (208742.000.000) 01/26 21:14:18 Image size of job updated: 88444
	87  -  MemoryUsage of job (MB)
	88440  -  ResidentSetSize of job (KB)
...
006 (208742.000.000) 01/26 21:19:19 Image size of job updated: 89156
	88  -  MemoryUsage of job (MB)
	89152  -  ResidentSetSize of job (KB)
...
006 (208742.000.000) 01/26 21:24:20 Image size of job updated: 89856
	88  -  MemoryUsage of job (MB)
	89852  -  ResidentSetSize of job (KB)
...
006 (208742.000.000) 01/26 21:29:20 Image size of job updated: 90564
	89  -  MemoryUsage of job (MB)
	90560  -  ResidentSetSize of job (KB)
...
006 (208742.000.000) 01/26 21:34:20 Image size of job updated: 91244
	90  -  MemoryUsage of job (MB)
	91240  -  ResidentSetSize of job (KB)
...
006 (208742.000.000) 01/26 21:39:20 Image size of job updated: 91876
	90  -  MemoryUsage of job (MB)
	91872  -  ResidentSetSize of job (KB)
...
006 (208742.000.000) 01/26 21:44:20 Image size of job updated: 92512
	91  -  MemoryUsage of job (MB)
	92508  -  ResidentSetSize of job (KB)
...
006 (208742.000.000) 01/26 21:49:21 Image size of job updated: 93148
	91  -  MemoryUsage of job (MB)
	93144  -  ResidentSetSize of job (KB)
...
006 (208742.000.000) 01/26 21:54:22 Image size of job updated: 95800
	94  -  MemoryUsage of job (MB)
	95796  -  ResidentSetSize of job (KB)
...
006 (208742.000.000) 01/26 21:59:23 Image size of job updated: 96512
	95  -  MemoryUsage of job (MB)
	96508  -  ResidentSetSize of job (KB)
...
006 (208742.000.000) 01/26 22:04:24 Image size of job updated: 97216
	95  -  MemoryUsage of job (MB)
	97212  -  ResidentSetSize of job (KB)
...
006 (208742.000.000) 01/26 22:09:25 Image size of job updated: 97924
	96  -  MemoryUsage of job (MB)
	97920  -  ResidentSetSize of job (KB)
...
006 (208742.000.000) 01/26 22:14:26 Image size of job updated: 98620
	97  -  MemoryUsage of job (MB)
	98616  -  ResidentSetSize of job (KB)
...
006 (208742.000.000) 01/26 22:19:26 Image size of job updated: 102276
	100  -  MemoryUsage of job (MB)
	102272  -  ResidentSetSize of job (KB)
...
006 (208742.000.000) 01/26 22:24:26 Image size of job updated: 102976
	101  -  MemoryUsage of job (MB)
	102972  -  ResidentSetSize of job (KB)
...
006 (208742.000.000) 01/26 22:29:26 Image size of job updated: 103680
	102  -  MemoryUsage of job (MB)
	103676  -  ResidentSetSize of job (KB)
...
006 (208742.000.000) 01/26 22:34:26 Image size of job updated: 104384
	102  -  MemoryUsage of job (MB)
	104380  -  ResidentSetSize of job (KB)
...
006 (208742.000.000) 01/26 22:39:26 Image size of job updated: 105088
	103  -  MemoryUsage of job (MB)
	105084  -  ResidentSetSize of job (KB)
...
006 (208742.000.000) 01/26 22:44:26 Image size of job updated: 105788
	104  -  MemoryUsage of job (MB)
	105784  -  ResidentSetSize of job (KB)
...
006 (208742.000.000) 01/26 22:49:27 Image size of job updated: 106500
	104  -  MemoryUsage of job (MB)
	106496  -  ResidentSetSize of job (KB)
...
006 (208742.000.000) 01/26 22:54:28 Image size of job updated: 107204
	105  -  MemoryUsage of job (MB)
	107200  -  ResidentSetSize of job (KB)
...
006 (208742.000.000) 01/26 22:59:29 Image size of job updated: 107916
	106  -  MemoryUsage of job (MB)
	107912  -  ResidentSetSize of job (KB)
...
006 (208742.000.000) 01/26 23:04:30 Image size of job updated: 108624
	107  -  MemoryUsage of job (MB)
	108620  -  ResidentSetSize of job (KB)
...
006 (208742.000.000) 01/26 23:09:31 Image size of job updated: 109332
	107  -  MemoryUsage of job (MB)
	109328  -  ResidentSetSize of job (KB)
...
006 (208742.000.000) 01/26 23:14:32 Image size of job updated: 110040
	108  -  MemoryUsage of job (MB)
	110036  -  ResidentSetSize of job (KB)
...
006 (208742.000.000) 01/26 23:19:32 Image size of job updated: 110744
	109  -  MemoryUsage of job (MB)
	110740  -  ResidentSetSize of job (KB)
...
006 (208742.000.000) 01/26 23:24:32 Image size of job updated: 111456
	109  -  MemoryUsage of job (MB)
	111452  -  ResidentSetSize of job (KB)
...
006 (208742.000.000) 01/26 23:29:32 Image size of job updated: 112160
	110  -  MemoryUsage of job (MB)
	112156  -  ResidentSetSize of job (KB)
...
006 (208742.000.000) 01/26 23:34:32 Image size of job updated: 112868
	111  -  MemoryUsage of job (MB)
	112864  -  ResidentSetSize of job (KB)
...
006 (208742.000.000) 01/26 23:39:32 Image size of job updated: 113572
	111  -  MemoryUsage of job (MB)
	113568  -  ResidentSetSize of job (KB)
...
006 (208742.000.000) 01/26 23:44:33 Image size of job updated: 114288
	112  -  MemoryUsage of job (MB)
	114284  -  ResidentSetSize of job (KB)
...
006 (208742.000.000) 01/26 23:49:34 Image size of job updated: 114992
	113  -  MemoryUsage of job (MB)
	114988  -  ResidentSetSize of job (KB)
...
006 (208742.000.000) 01/26 23:54:35 Image size of job updated: 120048
	118  -  MemoryUsage of job (MB)
	120044  -  ResidentSetSize of job (KB)
...
006 (208742.000.000) 01/26 23:59:36 Image size of job updated: 120824
	118  -  MemoryUsage of job (MB)
	120820  -  ResidentSetSize of job (KB)
...
006 (208742.000.000) 01/27 00:04:36 Image size of job updated: 121596
	119  -  MemoryUsage of job (MB)
	121592  -  ResidentSetSize of job (KB)
...
006 (208742.000.000) 01/27 00:09:36 Image size of job updated: 122376
	120  -  MemoryUsage of job (MB)
	122372  -  ResidentSetSize of job (KB)
...
006 (208742.000.000) 01/27 00:14:36 Image size of job updated: 123152
	121  -  MemoryUsage of job (MB)
	123148  -  ResidentSetSize of job (KB)
...
006 (208742.000.000) 01/27 00:19:36 Image size of job updated: 123932
	122  -  MemoryUsage of job (MB)
	123928  -  ResidentSetSize of job (KB)
...
006 (208742.000.000) 01/27 01:04:39 Image size of job updated: 128416
	126  -  MemoryUsage of job (MB)
	128412  -  ResidentSetSize of job (KB)
...
006 (208742.000.000) 01/27 01:09:39 Image size of job updated: 129256
	127  -  MemoryUsage of job (MB)
	129252  -  ResidentSetSize of job (KB)
...
006 (208742.000.000) 01/27 01:14:39 Image size of job updated: 130112
	128  -  MemoryUsage of job (MB)
	130108  -  ResidentSetSize of job (KB)
...
006 (208742.000.000) 01/27 01:19:39 Image size of job updated: 130952
	128  -  MemoryUsage of job (MB)
	130948  -  ResidentSetSize of job (KB)
...
006 (208742.000.000) 01/27 01:24:40 Image size of job updated: 131808
	129  -  MemoryUsage of job (MB)
	131804  -  ResidentSetSize of job (KB)
...
006 (208742.000.000) 01/27 01:29:41 Image size of job updated: 132652
	130  -  MemoryUsage of job (MB)
	132648  -  ResidentSetSize of job (KB)
...
006 (208742.000.000) 01/27 01:34:42 Image size of job updated: 133508
	131  -  MemoryUsage of job (MB)
	133504  -  ResidentSetSize of job (KB)
...
006 (208742.000.000) 01/27 01:39:43 Image size of job updated: 134348
	132  -  MemoryUsage of job (MB)
	134344  -  ResidentSetSize of job (KB)
...
006 (208742.000.000) 01/27 01:44:44 Image size of job updated: 135192
	133  -  MemoryUsage of job (MB)
	135188  -  ResidentSetSize of job (KB)
...
006 (208742.000.000) 01/27 01:49:44 Image size of job updated: 136044
	133  -  MemoryUsage of job (MB)
	136040  -  ResidentSetSize of job (KB)
...
006 (208742.000.000) 01/27 01:54:44 Image size of job updated: 136888
	134  -  MemoryUsage of job (MB)
	136884  -  ResidentSetSize of job (KB)
...
006 (208742.000.000) 01/27 01:59:44 Image size of job updated: 137740
	135  -  MemoryUsage of job (MB)
	137736  -  ResidentSetSize of job (KB)
...
006 (208742.000.000) 01/27 02:04:44 Image size of job updated: 138580
	136  -  MemoryUsage of job (MB)
	138576  -  ResidentSetSize of job (KB)
...
006 (208742.000.000) 01/27 02:09:44 Image size of job updated: 139432
	137  -  MemoryUsage of job (MB)
	139428  -  ResidentSetSize of job (KB)
...
006 (208742.000.000) 01/27 02:14:45 Image size of job updated: 140280
	137  -  MemoryUsage of job (MB)
	140276  -  ResidentSetSize of job (KB)
...
006 (208742.000.000) 01/27 02:19:46 Image size of job updated: 141132
	138  -  MemoryUsage of job (MB)
	141128  -  ResidentSetSize of job (KB)
...
006 (208742.000.000) 01/27 02:24:47 Image size of job updated: 141976
	139  -  MemoryUsage of job (MB)
	141972  -  ResidentSetSize of job (KB)
...
006 (208742.000.000) 01/27 02:29:48 Image size of job updated: 142832
	140  -  MemoryUsage of job (MB)
	142828  -  ResidentSetSize of job (KB)
...
006 (208742.000.000) 01/27 02:34:49 Image size of job updated: 143676
	141  -  MemoryUsage of job (MB)
	143672  -  ResidentSetSize of job (KB)
...
006 (208742.000.000) 01/27 02:39:50 Image size of job updated: 144516
	142  -  MemoryUsage of job (MB)
	144512  -  ResidentSetSize of job (KB)
...
006 (208742.000.000) 01/27 02:44:50 Image size of job updated: 145372
	142  -  MemoryUsage of job (MB)
	145368  -  ResidentSetSize of job (KB)
...
006 (208742.000.000) 01/27 02:49:50 Image size of job updated: 146212
	143  -  MemoryUsage of job (MB)
	146208  -  ResidentSetSize of job (KB)
...
006 (208742.000.000) 01/27 02:54:50 Image size of job updated: 147064
	144  -  MemoryUsage of job (MB)
	147060  -  ResidentSetSize of job (KB)
...
006 (208742.000.000) 01/27 02:59:50 Image size of job updated: 147904
	145  -  MemoryUsage of job (MB)
	147900  -  ResidentSetSize of job (KB)
...
006 (208742.000.000) 01/27 03:04:50 Image size of job updated: 148760
	146  -  MemoryUsage of job (MB)
	148756  -  ResidentSetSize of job (KB)
...
006 (208742.000.000) 01/27 03:09:51 Image size of job updated: 149600
	147  -  MemoryUsage of job (MB)
	149596  -  ResidentSetSize of job (KB)
...
006 (208742.000.000) 01/27 03:14:52 Image size of job updated: 150456
	147  -  MemoryUsage of job (MB)
	150452  -  ResidentSetSize of job (KB)
...
006 (208742.000.000) 01/27 03:19:53 Image size of job updated: 151300
	148  -  MemoryUsage of job (MB)
	151296  -  ResidentSetSize of job (KB)
...
006 (208742.000.000) 01/27 03:24:54 Image size of job updated: 152144
	149  -  MemoryUsage of job (MB)
	152140  -  ResidentSetSize of job (KB)
...
006 (208742.000.000) 01/27 03:29:55 Image size of job updated: 153000
	150  -  MemoryUsage of job (MB)
	152996  -  ResidentSetSize of job (KB)
...
006 (208742.000.000) 01/27 03:34:57 Image size of job updated: 153844
	151  -  MemoryUsage of job (MB)
	153840  -  ResidentSetSize of job (KB)
...
006 (208742.000.000) 01/27 03:39:57 Image size of job updated: 154696
	152  -  MemoryUsage of job (MB)
	154692  -  ResidentSetSize of job (KB)
...
006 (208742.000.000) 01/27 03:44:57 Image size of job updated: 155536
	152  -  MemoryUsage of job (MB)
	155532  -  ResidentSetSize of job (KB)
...
006 (208742.000.000) 01/27 03:49:57 Image size of job updated: 156388
	153  -  MemoryUsage of job (MB)
	156384  -  ResidentSetSize of job (KB)
...
006 (208742.000.000) 01/27 03:54:57 Image size of job updated: 157228
	154  -  MemoryUsage of job (MB)
	157224  -  ResidentSetSize of job (KB)
...
006 (208742.000.000) 01/27 03:59:57 Image size of job updated: 158060
	155  -  MemoryUsage of job (MB)
	158056  -  ResidentSetSize of job (KB)
...
006 (208742.000.000) 01/27 04:04:57 Image size of job updated: 158924
	156  -  MemoryUsage of job (MB)
	158920  -  ResidentSetSize of job (KB)
...
006 (208742.000.000) 01/27 04:09:58 Image size of job updated: 159764
	157  -  MemoryUsage of job (MB)
	159760  -  ResidentSetSize of job (KB)
...
006 (208742.000.000) 01/27 04:14:59 Image size of job updated: 160620
	157  -  MemoryUsage of job (MB)
	160616  -  ResidentSetSize of job (KB)
...
006 (208742.000.000) 01/27 04:20:00 Image size of job updated: 161460
	158  -  MemoryUsage of job (MB)
	161456  -  ResidentSetSize of job (KB)
...
006 (208742.000.000) 01/27 04:25:01 Image size of job updated: 162320
	159  -  MemoryUsage of job (MB)
	162316  -  ResidentSetSize of job (KB)
...
006 (208742.000.000) 01/27 04:30:02 Image size of job updated: 163160
	160  -  MemoryUsage of job (MB)
	163156  -  ResidentSetSize of job (KB)
...
006 (208742.000.000) 01/27 04:35:03 Image size of job updated: 164016
	161  -  MemoryUsage of job (MB)
	164012  -  ResidentSetSize of job (KB)
...
006 (208742.000.000) 01/27 04:40:03 Image size of job updated: 164860
	161  -  MemoryUsage of job (MB)
	164856  -  ResidentSetSize of job (KB)
...
006 (208742.000.000) 01/27 04:45:03 Image size of job updated: 165716
	162  -  MemoryUsage of job (MB)
	165712  -  ResidentSetSize of job (KB)
...
006 (208742.000.000) 01/27 04:50:04 Image size of job updated: 166560
	163  -  MemoryUsage of job (MB)
	166556  -  ResidentSetSize of job (KB)
...
006 (208742.000.000) 01/27 04:55:05 Image size of job updated: 167416
	164  -  MemoryUsage of job (MB)
	167412  -  ResidentSetSize of job (KB)
...
006 (208742.000.000) 01/27 05:00:05 Image size of job updated: 168260
	165  -  MemoryUsage of job (MB)
	168256  -  ResidentSetSize of job (KB)
...
006 (208742.000.000) 01/27 05:05:05 Image size of job updated: 169112
	166  -  MemoryUsage of job (MB)
	169108  -  ResidentSetSize of job (KB)
...
006 (208742.000.000) 01/27 05:10:06 Image size of job updated: 169960
	166  -  MemoryUsage of job (MB)
	169956  -  ResidentSetSize of job (KB)
...
006 (208742.000.000) 01/27 05:15:07 Image size of job updated: 170812
	167  -  MemoryUsage of job (MB)
	170808  -  ResidentSetSize of job (KB)
...
006 (208742.000.000) 01/27 05:20:07 Image size of job updated: 171656
	168  -  MemoryUsage of job (MB)
	171652  -  ResidentSetSize of job (KB)
...
006 (208742.000.000) 01/27 05:25:07 Image size of job updated: 172512
	169  -  MemoryUsage of job (MB)
	172508  -  ResidentSetSize of job (KB)
...
006 (208742.000.000) 01/27 05:30:08 Image size of job updated: 173356
	170  -  MemoryUsage of job (MB)
	173352  -  ResidentSetSize of job (KB)
...
006 (208742.000.000) 01/27 05:35:09 Image size of job updated: 174212
	171  -  MemoryUsage of job (MB)
	174208  -  ResidentSetSize of job (KB)
...
006 (208742.000.000) 01/27 05:40:09 Image size of job updated: 175056
	171  -  MemoryUsage of job (MB)
	175052  -  ResidentSetSize of job (KB)
...
006 (208742.000.000) 01/27 05:45:09 Image size of job updated: 175912
	172  -  MemoryUsage of job (MB)
	175908  -  ResidentSetSize of job (KB)
...
006 (208742.000.000) 01/27 05:50:11 Image size of job updated: 176756
	173  -  MemoryUsage of job (MB)
	176752  -  ResidentSetSize of job (KB)
...
006 (208742.000.000) 01/27 05:55:11 Image size of job updated: 177612
	174  -  MemoryUsage of job (MB)
	177608  -  ResidentSetSize of job (KB)
...
006 (208742.000.000) 01/27 06:00:11 Image size of job updated: 178456
	175  -  MemoryUsage of job (MB)
	178452  -  ResidentSetSize of job (KB)
...
006 (208742.000.000) 01/27 06:05:12 Image size of job updated: 179312
	176  -  MemoryUsage of job (MB)
	179308  -  ResidentSetSize of job (KB)
...
006 (208742.000.000) 01/27 06:10:13 Image size of job updated: 180156
	176  -  MemoryUsage of job (MB)
	180152  -  ResidentSetSize of job (KB)
...
006 (208742.000.000) 01/27 06:15:14 Image size of job updated: 181012
	177  -  MemoryUsage of job (MB)
	181008  -  ResidentSetSize of job (KB)
...
006 (208742.000.000) 01/27 06:20:14 Image size of job updated: 181856
	178  -  MemoryUsage of job (MB)
	181852  -  ResidentSetSize of job (KB)
...
006 (208742.000.000) 01/27 06:25:15 Image size of job updated: 182712
	179  -  MemoryUsage of job (MB)
	182708  -  ResidentSetSize of job (KB)
...
006 (208742.000.000) 01/27 06:30:16 Image size of job updated: 183556
	180  -  MemoryUsage of job (MB)
	183552  -  ResidentSetSize of job (KB)
...
006 (208742.000.000) 01/27 06:35:16 Image size of job updated: 184412
	181  -  MemoryUsage of job (MB)
	184408  -  ResidentSetSize of job (KB)
...
006 (208742.000.000) 01/27 06:40:16 Image size of job updated: 185256
	181  -  MemoryUsage of job (MB)
	185252  -  ResidentSetSize of job (KB)
...
006 (208742.000.000) 01/27 06:45:16 Image size of job updated: 186108
	182  -  MemoryUsage of job (MB)
	186104  -  ResidentSetSize of job (KB)
...
006 (208742.000.000) 01/27 06:50:17 Image size of job updated: 186952
	183  -  MemoryUsage of job (MB)
	186948  -  ResidentSetSize of job (KB)
...
006 (208742.000.000) 01/27 06:55:17 Image size of job updated: 187796
	184  -  MemoryUsage of job (MB)
	187792  -  ResidentSetSize of job (KB)
...
006 (208742.000.000) 01/27 07:00:17 Image size of job updated: 188652
	185  -  MemoryUsage of job (MB)
	188648  -  ResidentSetSize of job (KB)
...
006 (208742.000.000) 01/27 07:05:17 Image size of job updated: 189496
	186  -  MemoryUsage of job (MB)
	189492  -  ResidentSetSize of job (KB)
...
006 (208742.000.000) 01/27 07:10:18 Image size of job updated: 190352
	186  -  MemoryUsage of job (MB)
	190348  -  ResidentSetSize of job (KB)
...
006 (208742.000.000) 01/27 07:15:18 Image size of job updated: 191192
	187  -  MemoryUsage of job (MB)
	191188  -  ResidentSetSize of job (KB)
...
006 (208742.000.000) 01/27 07:20:18 Image size of job updated: 192048
	188  -  MemoryUsage of job (MB)
	192044  -  ResidentSetSize of job (KB)
...
006 (208742.000.000) 01/27 07:25:19 Image size of job updated: 192892
	189  -  MemoryUsage of job (MB)
	192888  -  ResidentSetSize of job (KB)
...
006 (208742.000.000) 01/27 07:30:20 Image size of job updated: 193748
	190  -  MemoryUsage of job (MB)
	193744  -  ResidentSetSize of job (KB)
...
006 (208742.000.000) 01/27 07:35:20 Image size of job updated: 194592
	191  -  MemoryUsage of job (MB)
	194588  -  ResidentSetSize of job (KB)
...
006 (208742.000.000) 01/27 07:40:20 Image size of job updated: 195444
	191  -  MemoryUsage of job (MB)
	195440  -  ResidentSetSize of job (KB)
...
006 (208742.000.000) 01/27 07:45:21 Image size of job updated: 196288
	192  -  MemoryUsage of job (MB)
	196284  -  ResidentSetSize of job (KB)
...
006 (208742.000.000) 01/27 07:50:22 Image size of job updated: 197144
	193  -  MemoryUsage of job (MB)
	197140  -  ResidentSetSize of job (KB)
...
006 (208742.000.000) 01/27 07:55:22 Image size of job updated: 197984
	194  -  MemoryUsage of job (MB)
	197980  -  ResidentSetSize of job (KB)
...
006 (208742.000.000) 01/27 08:00:22 Image size of job updated: 198840
	195  -  MemoryUsage of job (MB)
	198836  -  ResidentSetSize of job (KB)
...
006 (208742.000.000) 01/27 08:05:23 Image size of job updated: 199684
	195  -  MemoryUsage of job (MB)
	199680  -  ResidentSetSize of job (KB)
...
006 (208742.000.000) 01/27 08:10:24 Image size of job updated: 200540
	196  -  MemoryUsage of job (MB)
	200536  -  ResidentSetSize of job (KB)
...
006 (208742.000.000) 01/27 08:15:24 Image size of job updated: 201380
	197  -  MemoryUsage of job (MB)
	201376  -  ResidentSetSize of job (KB)
...
006 (208742.000.000) 01/27 08:20:24 Image size of job updated: 202236
	198  -  MemoryUsage of job (MB)
	202232  -  ResidentSetSize of job (KB)
...
006 (208742.000.000) 01/27 08:25:25 Image size of job updated: 203080
	199  -  MemoryUsage of job (MB)
	203076  -  ResidentSetSize of job (KB)
...
006 (208742.000.000) 01/27 08:30:26 Image size of job updated: 203920
	200  -  MemoryUsage of job (MB)
	203916  -  ResidentSetSize of job (KB)
...
006 (208742.000.000) 01/27 08:35:26 Image size of job updated: 204776
	200  -  MemoryUsage of job (MB)
	204772  -  ResidentSetSize of job (KB)
...
006 (208742.000.000) 01/27 08:40:26 Image size of job updated: 205620
	201  -  MemoryUsage of job (MB)
	205616  -  ResidentSetSize of job (KB)
...
006 (208742.000.000) 01/27 08:45:27 Image size of job updated: 206472
	202  -  MemoryUsage of job (MB)
	206468  -  ResidentSetSize of job (KB)
...
006 (208742.000.000) 01/27 08:50:28 Image size of job updated: 207320
	203  -  MemoryUsage of job (MB)
	207316  -  ResidentSetSize of job (KB)
...
006 (208742.000.000) 01/27 08:55:29 Image size of job updated: 208172
	204  -  MemoryUsage of job (MB)
	208168  -  ResidentSetSize of job (KB)
...
006 (208742.000.000) 01/27 09:00:29 Image size of job updated: 209016
	205  -  MemoryUsage of job (MB)
	209012  -  ResidentSetSize of job (KB)
...
006 (208742.000.000) 01/27 09:05:29 Image size of job updated: 209868
	205  -  MemoryUsage of job (MB)
	209864  -  ResidentSetSize of job (KB)
...
006 (208742.000.000) 01/27 09:10:30 Image size of job updated: 210716
	206  -  MemoryUsage of job (MB)
	210712  -  ResidentSetSize of job (KB)
...
006 (208742.000.000) 01/27 09:15:31 Image size of job updated: 211568
	207  -  MemoryUsage of job (MB)
	211564  -  ResidentSetSize of job (KB)
...
006 (208742.000.000) 01/27 09:20:31 Image size of job updated: 212412
	208  -  MemoryUsage of job (MB)
	212408  -  ResidentSetSize of job (KB)
...
006 (208742.000.000) 01/27 09:25:31 Image size of job updated: 213268
	209  -  MemoryUsage of job (MB)
	213264  -  ResidentSetSize of job (KB)
...
006 (208742.000.000) 01/27 09:30:32 Image size of job updated: 214112
	210  -  MemoryUsage of job (MB)
	214108  -  ResidentSetSize of job (KB)
...
006 (208742.000.000) 01/27 09:35:33 Image size of job updated: 214964
	210  -  MemoryUsage of job (MB)
	214960  -  ResidentSetSize of job (KB)
...
006 (208742.000.000) 01/27 09:40:33 Image size of job updated: 215808
	211  -  MemoryUsage of job (MB)
	215804  -  ResidentSetSize of job (KB)
...
006 (208742.000.000) 01/27 09:45:34 Image size of job updated: 216664
	212  -  MemoryUsage of job (MB)
	216660  -  ResidentSetSize of job (KB)
...
006 (208742.000.000) 01/27 09:50:35 Image size of job updated: 217508
	213  -  MemoryUsage of job (MB)
	217504  -  ResidentSetSize of job (KB)
...
006 (208742.000.000) 01/27 09:55:35 Image size of job updated: 218364
	214  -  MemoryUsage of job (MB)
	218360  -  ResidentSetSize of job (KB)
...
006 (208742.000.000) 01/27 10:00:35 Image size of job updated: 219208
	215  -  MemoryUsage of job (MB)
	219204  -  ResidentSetSize of job (KB)
...
006 (208742.000.000) 01/27 10:05:35 Image size of job updated: 220056
	215  -  MemoryUsage of job (MB)
	220052  -  ResidentSetSize of job (KB)
...
006 (208742.000.000) 01/27 10:10:36 Image size of job updated: 220904
	216  -  MemoryUsage of job (MB)
	220900  -  ResidentSetSize of job (KB)
...
006 (208742.000.000) 01/27 10:15:36 Image size of job updated: 221744
	217  -  MemoryUsage of job (MB)
	221740  -  ResidentSetSize of job (KB)
...
006 (208742.000.000) 01/27 10:20:36 Image size of job updated: 222600
	218  -  MemoryUsage of job (MB)
	222596  -  ResidentSetSize of job (KB)
...
006 (208742.000.000) 01/27 10:25:37 Image size of job updated: 223444
	219  -  MemoryUsage of job (MB)
	223440  -  ResidentSetSize of job (KB)
...
006 (208742.000.000) 01/27 10:30:38 Image size of job updated: 224304
	220  -  MemoryUsage of job (MB)
	224300  -  ResidentSetSize of job (KB)
...
006 (208742.000.000) 01/27 10:35:39 Image size of job updated: 225144
	220  -  MemoryUsage of job (MB)
	225140  -  ResidentSetSize of job (KB)
...
006 (208742.000.000) 01/27 10:40:39 Image size of job updated: 226000
	221  -  MemoryUsage of job (MB)
	225996  -  ResidentSetSize of job (KB)
...
006 (208742.000.000) 01/27 10:45:39 Image size of job updated: 226840
	222  -  MemoryUsage of job (MB)
	226836  -  ResidentSetSize of job (KB)
...
006 (208742.000.000) 01/27 10:50:40 Image size of job updated: 227700
	223  -  MemoryUsage of job (MB)
	227696  -  ResidentSetSize of job (KB)
...
006 (208742.000.000) 01/27 10:55:41 Image size of job updated: 228540
	224  -  MemoryUsage of job (MB)
	228536  -  ResidentSetSize of job (KB)
...
006 (208742.000.000) 01/27 11:00:41 Image size of job updated: 229396
	225  -  MemoryUsage of job (MB)
	229392  -  ResidentSetSize of job (KB)
...
006 (208742.000.000) 01/27 11:05:41 Image size of job updated: 230236
	225  -  MemoryUsage of job (MB)
	230232  -  ResidentSetSize of job (KB)
...
006 (208742.000.000) 01/27 11:10:42 Image size of job updated: 231096
	226  -  MemoryUsage of job (MB)
	231092  -  ResidentSetSize of job (KB)
...
006 (208742.000.000) 01/27 11:15:43 Image size of job updated: 231936
	227  -  MemoryUsage of job (MB)
	231932  -  ResidentSetSize of job (KB)
...
006 (208742.000.000) 01/27 11:20:43 Image size of job updated: 232792
	228  -  MemoryUsage of job (MB)
	232788  -  ResidentSetSize of job (KB)
...
006 (208742.000.000) 01/27 11:25:43 Image size of job updated: 233632
	229  -  MemoryUsage of job (MB)
	233628  -  ResidentSetSize of job (KB)
...
006 (208742.000.000) 01/27 11:30:44 Image size of job updated: 234492
	229  -  MemoryUsage of job (MB)
	234488  -  ResidentSetSize of job (KB)
...
006 (208742.000.000) 01/27 11:35:45 Image size of job updated: 235332
	230  -  MemoryUsage of job (MB)
	235328  -  ResidentSetSize of job (KB)
...
006 (208742.000.000) 01/27 11:40:45 Image size of job updated: 236188
	231  -  MemoryUsage of job (MB)
	236184  -  ResidentSetSize of job (KB)
...
006 (208742.000.000) 01/27 11:45:45 Image size of job updated: 237028
	232  -  MemoryUsage of job (MB)
	237024  -  ResidentSetSize of job (KB)
...
006 (208742.000.000) 01/27 11:50:46 Image size of job updated: 237888
	233  -  MemoryUsage of job (MB)
	237884  -  ResidentSetSize of job (KB)
...
006 (208742.000.000) 01/27 11:55:47 Image size of job updated: 238728
	234  -  MemoryUsage of job (MB)
	238724  -  ResidentSetSize of job (KB)
...
006 (208742.000.000) 01/27 12:00:47 Image size of job updated: 239572
	234  -  MemoryUsage of job (MB)
	239568  -  ResidentSetSize of job (KB)
...
006 (208742.000.000) 01/27 12:05:47 Image size of job updated: 240424
	235  -  MemoryUsage of job (MB)
	240420  -  ResidentSetSize of job (KB)
...
006 (208742.000.000) 01/27 12:10:48 Image size of job updated: 241272
	236  -  MemoryUsage of job (MB)
	241268  -  ResidentSetSize of job (KB)
...
006 (208742.000.000) 01/27 12:15:49 Image size of job updated: 242124
	237  -  MemoryUsage of job (MB)
	242120  -  ResidentSetSize of job (KB)
...
006 (208742.000.000) 01/27 12:20:49 Image size of job updated: 242968
	238  -  MemoryUsage of job (MB)
	242964  -  ResidentSetSize of job (KB)
...
006 (208742.000.000) 01/27 12:25:49 Image size of job updated: 243820
	239  -  MemoryUsage of job (MB)
	243816  -  ResidentSetSize of job (KB)
...
006 (208742.000.000) 01/27 12:30:50 Image size of job updated: 244668
	239  -  MemoryUsage of job (MB)
	244664  -  ResidentSetSize of job (KB)
...
006 (208742.000.000) 01/27 12:35:51 Image size of job updated: 245520
	240  -  MemoryUsage of job (MB)
	245516  -  ResidentSetSize of job (KB)
...
006 (208742.000.000) 01/27 12:40:51 Image size of job updated: 246364
	241  -  MemoryUsage of job (MB)
	246360  -  ResidentSetSize of job (KB)
...
006 (208742.000.000) 01/27 12:45:51 Image size of job updated: 247220
	242  -  MemoryUsage of job (MB)
	247216  -  ResidentSetSize of job (KB)
...
006 (208742.000.000) 01/27 12:50:52 Image size of job updated: 248064
	243  -  MemoryUsage of job (MB)
	248060  -  ResidentSetSize of job (KB)
...
006 (208742.000.000) 01/27 12:55:53 Image size of job updated: 248916
	244  -  MemoryUsage of job (MB)
	248912  -  ResidentSetSize of job (KB)
...
006 (208742.000.000) 01/27 13:00:53 Image size of job updated: 249760
	244  -  MemoryUsage of job (MB)
	249756  -  ResidentSetSize of job (KB)
...
006 (208742.000.000) 01/27 13:05:53 Image size of job updated: 250616
	245  -  MemoryUsage of job (MB)
	250612  -  ResidentSetSize of job (KB)
...
006 (208742.000.000) 01/27 13:10:54 Image size of job updated: 251460
	246  -  MemoryUsage of job (MB)
	251456  -  ResidentSetSize of job (KB)
...
006 (208742.000.000) 01/27 13:15:55 Image size of job updated: 252316
	247  -  MemoryUsage of job (MB)
	252312  -  ResidentSetSize of job (KB)
...
006 (208742.000.000) 01/27 13:20:55 Image size of job updated: 253156
	248  -  MemoryUsage of job (MB)
	253152  -  ResidentSetSize of job (KB)
...
006 (208742.000.000) 01/27 13:25:55 Image size of job updated: 254000
	249  -  MemoryUsage of job (MB)
	253996  -  ResidentSetSize of job (KB)
...
006 (208742.000.000) 01/27 13:30:57 Image size of job updated: 254856
	249  -  MemoryUsage of job (MB)
	254852  -  ResidentSetSize of job (KB)
...
006 (208742.000.000) 01/27 13:35:57 Image size of job updated: 255700
	250  -  MemoryUsage of job (MB)
	255696  -  ResidentSetSize of job (KB)
...
006 (208742.000.000) 01/27 13:40:57 Image size of job updated: 256552
	251  -  MemoryUsage of job (MB)
	256548  -  ResidentSetSize of job (KB)
...
006 (208742.000.000) 01/27 13:45:58 Image size of job updated: 257396
	252  -  MemoryUsage of job (MB)
	257392  -  ResidentSetSize of job (KB)
...
006 (208742.000.000) 01/27 13:50:59 Image size of job updated: 258252
	253  -  MemoryUsage of job (MB)
	258248  -  ResidentSetSize of job (KB)
...
006 (208742.000.000) 01/27 13:55:59 Image size of job updated: 259096
	254  -  MemoryUsage of job (MB)
	259092  -  ResidentSetSize of job (KB)
...
006 (208742.000.000) 01/27 14:00:59 Image size of job updated: 259952
	254  -  MemoryUsage of job (MB)
	259948  -  ResidentSetSize of job (KB)
...
006 (208742.000.000) 01/27 14:06:00 Image size of job updated: 260796
	255  -  MemoryUsage of job (MB)
	260792  -  ResidentSetSize of job (KB)
...
006 (208742.000.000) 01/27 14:11:01 Image size of job updated: 261648
	256  -  MemoryUsage of job (MB)
	261644  -  ResidentSetSize of job (KB)
...
006 (208742.000.000) 01/27 14:16:01 Image size of job updated: 262492
	257  -  MemoryUsage of job (MB)
	262488  -  ResidentSetSize of job (KB)
...
006 (208742.000.000) 01/27 14:21:01 Image size of job updated: 263348
	258  -  MemoryUsage of job (MB)
	263344  -  ResidentSetSize of job (KB)
...
006 (208742.000.000) 01/27 14:26:02 Image size of job updated: 264188
	258  -  MemoryUsage of job (MB)
	264184  -  ResidentSetSize of job (KB)
...
006 (208742.000.000) 01/27 14:31:03 Image size of job updated: 265044
	259  -  MemoryUsage of job (MB)
	265040  -  ResidentSetSize of job (KB)
...
006 (208742.000.000) 01/27 14:36:03 Image size of job updated: 265888
	260  -  MemoryUsage of job (MB)
	265884  -  ResidentSetSize of job (KB)
...
006 (208742.000.000) 01/27 14:41:03 Image size of job updated: 266740
	261  -  MemoryUsage of job (MB)
	266736  -  ResidentSetSize of job (KB)
...
006 (208742.000.000) 01/27 14:46:04 Image size of job updated: 267584
	262  -  MemoryUsage of job (MB)
	267580  -  ResidentSetSize of job (KB)
...
006 (208742.000.000) 01/27 14:51:05 Image size of job updated: 268440
	263  -  MemoryUsage of job (MB)
	268436  -  ResidentSetSize of job (KB)
...
006 (208742.000.000) 01/27 14:56:05 Image size of job updated: 269280
	263  -  MemoryUsage of job (MB)
	269276  -  ResidentSetSize of job (KB)
...
006 (208742.000.000) 01/27 15:01:05 Image size of job updated: 270136
	264  -  MemoryUsage of job (MB)
	270132  -  ResidentSetSize of job (KB)
...
006 (208742.000.000) 01/27 15:06:06 Image size of job updated: 270980
	265  -  MemoryUsage of job (MB)
	270976  -  ResidentSetSize of job (KB)
...
006 (208742.000.000) 01/27 15:11:07 Image size of job updated: 271824
	266  -  MemoryUsage of job (MB)
	271820  -  ResidentSetSize of job (KB)
...
006 (208742.000.000) 01/27 15:16:07 Image size of job updated: 272680
	267  -  MemoryUsage of job (MB)
	272676  -  ResidentSetSize of job (KB)
...
006 (208742.000.000) 01/27 15:21:07 Image size of job updated: 273520
	268  -  MemoryUsage of job (MB)
	273516  -  ResidentSetSize of job (KB)
...
006 (208742.000.000) 01/27 15:26:08 Image size of job updated: 274376
	268  -  MemoryUsage of job (MB)
	274372  -  ResidentSetSize of job (KB)
...
006 (208742.000.000) 01/27 15:31:09 Image size of job updated: 275220
	269  -  MemoryUsage of job (MB)
	275216  -  ResidentSetSize of job (KB)
...
006 (208742.000.000) 01/27 15:36:09 Image size of job updated: 276076
	270  -  MemoryUsage of job (MB)
	276072  -  ResidentSetSize of job (KB)
...
006 (208742.000.000) 01/27 15:41:09 Image size of job updated: 276920
	271  -  MemoryUsage of job (MB)
	276916  -  ResidentSetSize of job (KB)
...
006 (208742.000.000) 01/27 15:46:10 Image size of job updated: 277776
	272  -  MemoryUsage of job (MB)
	277772  -  ResidentSetSize of job (KB)
...
006 (208742.000.000) 01/27 15:51:11 Image size of job updated: 278620
	273  -  MemoryUsage of job (MB)
	278616  -  ResidentSetSize of job (KB)
...
006 (208742.000.000) 01/27 15:56:11 Image size of job updated: 279472
	273  -  MemoryUsage of job (MB)
	279468  -  ResidentSetSize of job (KB)
...
006 (208742.000.000) 01/27 16:01:11 Image size of job updated: 280316
	274  -  MemoryUsage of job (MB)
	280312  -  ResidentSetSize of job (KB)
...
006 (208742.000.000) 01/27 16:06:12 Image size of job updated: 281168
	275  -  MemoryUsage of job (MB)
	281164  -  ResidentSetSize of job (KB)
...
006 (208742.000.000) 01/27 16:11:12 Image size of job updated: 282012
	276  -  MemoryUsage of job (MB)
	282008  -  ResidentSetSize of job (KB)
...
006 (208742.000.000) 01/27 16:16:12 Image size of job updated: 282868
	277  -  MemoryUsage of job (MB)
	282864  -  ResidentSetSize of job (KB)
...
006 (208742.000.000) 01/27 16:21:13 Image size of job updated: 283712
	278  -  MemoryUsage of job (MB)
	283708  -  ResidentSetSize of job (KB)
...
006 (208742.000.000) 01/27 16:26:14 Image size of job updated: 284564
	278  -  MemoryUsage of job (MB)
	284560  -  ResidentSetSize of job (KB)
...
006 (208742.000.000) 01/27 16:31:14 Image size of job updated: 285408
	279  -  MemoryUsage of job (MB)
	285404  -  ResidentSetSize of job (KB)
...
006 (208742.000.000) 01/27 16:36:14 Image size of job updated: 286264
	280  -  MemoryUsage of job (MB)
	286260  -  ResidentSetSize of job (KB)
...
006 (208742.000.000) 01/27 16:41:15 Image size of job updated: 287108
	281  -  MemoryUsage of job (MB)
	287104  -  ResidentSetSize of job (KB)
...
006 (208742.000.000) 01/27 16:46:16 Image size of job updated: 287952
	282  -  MemoryUsage of job (MB)
	287948  -  ResidentSetSize of job (KB)
...
006 (208742.000.000) 01/27 16:51:16 Image size of job updated: 288804
	283  -  MemoryUsage of job (MB)
	288800  -  ResidentSetSize of job (KB)
...
006 (208742.000.000) 01/27 16:56:16 Image size of job updated: 289644
	283  -  MemoryUsage of job (MB)
	289640  -  ResidentSetSize of job (KB)
...
006 (208742.000.000) 01/27 17:01:17 Image size of job updated: 290504
	284  -  MemoryUsage of job (MB)
	290500  -  ResidentSetSize of job (KB)
...
006 (208742.000.000) 01/27 17:06:18 Image size of job updated: 291344
	285  -  MemoryUsage of job (MB)
	291340  -  ResidentSetSize of job (KB)
...
006 (208742.000.000) 01/27 17:11:18 Image size of job updated: 292204
	286  -  MemoryUsage of job (MB)
	292200  -  ResidentSetSize of job (KB)
...
006 (208742.000.000) 01/27 17:16:18 Image size of job updated: 293040
	287  -  MemoryUsage of job (MB)
	293036  -  ResidentSetSize of job (KB)
...
006 (208742.000.000) 01/27 17:21:19 Image size of job updated: 293900
	288  -  MemoryUsage of job (MB)
	293896  -  ResidentSetSize of job (KB)
...
006 (208742.000.000) 01/27 17:26:20 Image size of job updated: 294740
	288  -  MemoryUsage of job (MB)
	294736  -  ResidentSetSize of job (KB)
...
006 (208742.000.000) 01/27 17:31:20 Image size of job updated: 295600
	289  -  MemoryUsage of job (MB)
	295596  -  ResidentSetSize of job (KB)
...
006 (208742.000.000) 01/27 17:36:20 Image size of job updated: 296440
	290  -  MemoryUsage of job (MB)
	296436  -  ResidentSetSize of job (KB)
...
006 (208742.000.000) 01/27 17:41:21 Image size of job updated: 297300
	291  -  MemoryUsage of job (MB)
	297296  -  ResidentSetSize of job (KB)
...
006 (208742.000.000) 01/27 17:46:22 Image size of job updated: 298140
	292  -  MemoryUsage of job (MB)
	298136  -  ResidentSetSize of job (KB)
...
006 (208742.000.000) 01/27 17:51:22 Image size of job updated: 298996
	292  -  MemoryUsage of job (MB)
	298992  -  ResidentSetSize of job (KB)
...
006 (208742.000.000) 01/27 17:56:23 Image size of job updated: 299840
	293  -  MemoryUsage of job (MB)
	299836  -  ResidentSetSize of job (KB)
...
006 (208742.000.000) 01/27 18:01:24 Image size of job updated: 300696
	294  -  MemoryUsage of job (MB)
	300692  -  ResidentSetSize of job (KB)
...
006 (208742.000.000) 01/27 18:06:24 Image size of job updated: 301540
	295  -  MemoryUsage of job (MB)
	301536  -  ResidentSetSize of job (KB)
...
006 (208742.000.000) 01/27 18:11:24 Image size of job updated: 302392
	296  -  MemoryUsage of job (MB)
	302388  -  ResidentSetSize of job (KB)
...
006 (208742.000.000) 01/27 18:16:25 Image size of job updated: 303236
	297  -  MemoryUsage of job (MB)
	303232  -  ResidentSetSize of job (KB)
...
006 (208742.000.000) 01/27 18:21:26 Image size of job updated: 304092
	297  -  MemoryUsage of job (MB)
	304088  -  ResidentSetSize of job (KB)
...
006 (208742.000.000) 01/27 18:26:26 Image size of job updated: 304936
	298  -  MemoryUsage of job (MB)
	304932  -  ResidentSetSize of job (KB)
...
006 (208742.000.000) 01/27 18:31:26 Image size of job updated: 305788
	299  -  MemoryUsage of job (MB)
	305784  -  ResidentSetSize of job (KB)
...
006 (208742.000.000) 01/27 18:36:27 Image size of job updated: 306636
	300  -  MemoryUsage of job (MB)
	306632  -  ResidentSetSize of job (KB)
...
006 (208742.000.000) 01/27 18:41:28 Image size of job updated: 307484
	301  -  MemoryUsage of job (MB)
	307480  -  ResidentSetSize of job (KB)
...
006 (208742.000.000) 01/27 18:46:28 Image size of job updated: 308332
	302  -  MemoryUsage of job (MB)
	308328  -  ResidentSetSize of job (KB)
...
006 (208742.000.000) 01/27 18:51:28 Image size of job updated: 309172
	302  -  MemoryUsage of job (MB)
	309168  -  ResidentSetSize of job (KB)
...
006 (208742.000.000) 01/27 18:56:29 Image size of job updated: 310032
	303  -  MemoryUsage of job (MB)
	310028  -  ResidentSetSize of job (KB)
...
006 (208742.000.000) 01/27 19:01:30 Image size of job updated: 310872
	304  -  MemoryUsage of job (MB)
	310868  -  ResidentSetSize of job (KB)
...
006 (208742.000.000) 01/27 19:06:30 Image size of job updated: 311728
	305  -  MemoryUsage of job (MB)
	311724  -  ResidentSetSize of job (KB)
...
006 (208742.000.000) 01/27 19:11:30 Image size of job updated: 312572
	306  -  MemoryUsage of job (MB)
	312568  -  ResidentSetSize of job (KB)
...
006 (208742.000.000) 01/27 19:16:31 Image size of job updated: 313428
	307  -  MemoryUsage of job (MB)
	313424  -  ResidentSetSize of job (KB)
...
006 (208742.000.000) 01/27 19:21:32 Image size of job updated: 314268
	307  -  MemoryUsage of job (MB)
	314264  -  ResidentSetSize of job (KB)
...
006 (208742.000.000) 01/27 19:26:32 Image size of job updated: 315124
	308  -  MemoryUsage of job (MB)
	315120  -  ResidentSetSize of job (KB)
...
006 (208742.000.000) 01/27 19:31:32 Image size of job updated: 315968
	309  -  MemoryUsage of job (MB)
	315964  -  ResidentSetSize of job (KB)
...
006 (208742.000.000) 01/27 19:36:33 Image size of job updated: 316824
	310  -  MemoryUsage of job (MB)
	316820  -  ResidentSetSize of job (KB)
...
006 (208742.000.000) 01/27 19:41:34 Image size of job updated: 317664
	311  -  MemoryUsage of job (MB)
	317660  -  ResidentSetSize of job (KB)
...
006 (208742.000.000) 01/27 19:46:34 Image size of job updated: 318520
	312  -  MemoryUsage of job (MB)
	318516  -  ResidentSetSize of job (KB)
...
006 (208742.000.000) 01/27 19:51:34 Image size of job updated: 319364
	312  -  MemoryUsage of job (MB)
	319360  -  ResidentSetSize of job (KB)
...
006 (208742.000.000) 01/27 19:56:35 Image size of job updated: 320220
	313  -  MemoryUsage of job (MB)
	320216  -  ResidentSetSize of job (KB)
...
006 (208742.000.000) 01/27 20:01:36 Image size of job updated: 321064
	314  -  MemoryUsage of job (MB)
	321060  -  ResidentSetSize of job (KB)
...
006 (208742.000.000) 01/27 20:06:36 Image size of job updated: 321920
	315  -  MemoryUsage of job (MB)
	321916  -  ResidentSetSize of job (KB)
...
006 (208742.000.000) 01/27 20:11:36 Image size of job updated: 322760
	316  -  MemoryUsage of job (MB)
	322756  -  ResidentSetSize of job (KB)
...
006 (208742.000.000) 01/27 20:16:37 Image size of job updated: 323616
	317  -  MemoryUsage of job (MB)
	323612  -  ResidentSetSize of job (KB)
...
006 (208742.000.000) 01/27 20:21:37 Image size of job updated: 324456
	317  -  MemoryUsage of job (MB)
	324452  -  ResidentSetSize of job (KB)
...
006 (208742.000.000) 01/27 20:26:37 Image size of job updated: 325300
	318  -  MemoryUsage of job (MB)
	325296  -  ResidentSetSize of job (KB)
...
006 (208742.000.000) 01/27 20:31:38 Image size of job updated: 326156
	319  -  MemoryUsage of job (MB)
	326152  -  ResidentSetSize of job (KB)
...
006 (208742.000.000) 01/27 20:36:39 Image size of job updated: 327000
	320  -  MemoryUsage of job (MB)
	326996  -  ResidentSetSize of job (KB)
...
006 (208742.000.000) 01/27 20:41:39 Image size of job updated: 327852
	321  -  MemoryUsage of job (MB)
	327848  -  ResidentSetSize of job (KB)
...
006 (208742.000.000) 01/27 20:46:39 Image size of job updated: 328696
	321  -  MemoryUsage of job (MB)
	328692  -  ResidentSetSize of job (KB)
...
006 (208742.000.000) 01/27 20:51:40 Image size of job updated: 329552
	322  -  MemoryUsage of job (MB)
	329548  -  ResidentSetSize of job (KB)
...
006 (208742.000.000) 01/27 20:56:41 Image size of job updated: 330396
	323  -  MemoryUsage of job (MB)
	330392  -  ResidentSetSize of job (KB)
...
006 (208742.000.000) 01/27 21:01:41 Image size of job updated: 331252
	324  -  MemoryUsage of job (MB)
	331248  -  ResidentSetSize of job (KB)
...
006 (208742.000.000) 01/27 21:06:41 Image size of job updated: 332092
	325  -  MemoryUsage of job (MB)
	332088  -  ResidentSetSize of job (KB)
...
006 (208742.000.000) 01/27 21:11:41 Image size of job updated: 332948
	326  -  MemoryUsage of job (MB)
	332944  -  ResidentSetSize of job (KB)
...
006 (208742.000.000) 01/27 21:16:42 Image size of job updated: 333792
	326  -  MemoryUsage of job (MB)
	333788  -  ResidentSetSize of job (KB)
...
006 (208742.000.000) 01/27 21:21:42 Image size of job updated: 334644
	327  -  MemoryUsage of job (MB)
	334640  -  ResidentSetSize of job (KB)
...
006 (208742.000.000) 01/27 21:26:42 Image size of job updated: 335488
	328  -  MemoryUsage of job (MB)
	335484  -  ResidentSetSize of job (KB)
...
006 (208742.000.000) 01/27 21:31:43 Image size of job updated: 336344
	329  -  MemoryUsage of job (MB)
	336340  -  ResidentSetSize of job (KB)
...
006 (208742.000.000) 01/27 21:36:44 Image size of job updated: 337188
	330  -  MemoryUsage of job (MB)
	337184  -  ResidentSetSize of job (KB)
...
006 (208742.000.000) 01/27 21:41:44 Image size of job updated: 338040
	331  -  MemoryUsage of job (MB)
	338036  -  ResidentSetSize of job (KB)
...
006 (208742.000.000) 01/27 21:46:45 Image size of job updated: 338884
	331  -  MemoryUsage of job (MB)
	338880  -  ResidentSetSize of job (KB)
...
006 (208742.000.000) 01/27 21:51:45 Image size of job updated: 339728
	332  -  MemoryUsage of job (MB)
	339724  -  ResidentSetSize of job (KB)
...
006 (208742.000.000) 01/27 21:56:46 Image size of job updated: 340584
	333  -  MemoryUsage of job (MB)
	340580  -  ResidentSetSize of job (KB)
...
006 (208742.000.000) 01/27 22:01:46 Image size of job updated: 341424
	334  -  MemoryUsage of job (MB)
	341420  -  ResidentSetSize of job (KB)
...
006 (208742.000.000) 01/27 22:06:46 Image size of job updated: 342280
	335  -  MemoryUsage of job (MB)
	342276  -  ResidentSetSize of job (KB)
...
006 (208742.000.000) 01/27 22:11:47 Image size of job updated: 343124
	336  -  MemoryUsage of job (MB)
	343120  -  ResidentSetSize of job (KB)
...
006 (208742.000.000) 01/27 22:16:48 Image size of job updated: 343980
	336  -  MemoryUsage of job (MB)
	343976  -  ResidentSetSize of job (KB)
...
006 (208742.000.000) 01/27 22:21:48 Image size of job updated: 344820
	337  -  MemoryUsage of job (MB)
	344816  -  ResidentSetSize of job (KB)
...
006 (208742.000.000) 01/27 22:26:49 Image size of job updated: 345680
	338  -  MemoryUsage of job (MB)
	345676  -  ResidentSetSize of job (KB)
...
006 (208742.000.000) 01/27 22:31:50 Image size of job updated: 346520
	339  -  MemoryUsage of job (MB)
	346516  -  ResidentSetSize of job (KB)
...
006 (208742.000.000) 01/27 22:36:50 Image size of job updated: 347376
	340  -  MemoryUsage of job (MB)
	347372  -  ResidentSetSize of job (KB)
...
006 (208742.000.000) 01/27 22:41:50 Image size of job updated: 348216
	341  -  MemoryUsage of job (MB)
	348212  -  ResidentSetSize of job (KB)
...
006 (208742.000.000) 01/27 22:46:50 Image size of job updated: 349072
	341  -  MemoryUsage of job (MB)
	349068  -  ResidentSetSize of job (KB)
...
006 (208742.000.000) 01/27 22:51:51 Image size of job updated: 349916
	342  -  MemoryUsage of job (MB)
	349912  -  ResidentSetSize of job (KB)
...
006 (208742.000.000) 01/27 22:56:52 Image size of job updated: 350772
	343  -  MemoryUsage of job (MB)
	350768  -  ResidentSetSize of job (KB)
...
006 (208742.000.000) 01/27 23:01:52 Image size of job updated: 351612
	344  -  MemoryUsage of job (MB)
	351608  -  ResidentSetSize of job (KB)
...
006 (208742.000.000) 01/27 23:06:52 Image size of job updated: 352468
	345  -  MemoryUsage of job (MB)
	352464  -  ResidentSetSize of job (KB)
...
006 (208742.000.000) 01/27 23:11:53 Image size of job updated: 353308
	346  -  MemoryUsage of job (MB)
	353304  -  ResidentSetSize of job (KB)
...
006 (208742.000.000) 01/27 23:16:54 Image size of job updated: 354168
	346  -  MemoryUsage of job (MB)
	354164  -  ResidentSetSize of job (KB)
...
006 (208742.000.000) 01/27 23:21:54 Image size of job updated: 355008
	347  -  MemoryUsage of job (MB)
	355004  -  ResidentSetSize of job (KB)
...
006 (208742.000.000) 01/27 23:26:54 Image size of job updated: 355852
	348  -  MemoryUsage of job (MB)
	355848  -  ResidentSetSize of job (KB)
...
006 (208742.000.000) 01/27 23:31:54 Image size of job updated: 356704
	349  -  MemoryUsage of job (MB)
	356700  -  ResidentSetSize of job (KB)
...
006 (208742.000.000) 01/27 23:36:55 Image size of job updated: 357548
	350  -  MemoryUsage of job (MB)
	357544  -  ResidentSetSize of job (KB)
...
006 (208742.000.000) 01/27 23:41:55 Image size of job updated: 358400
	350  -  MemoryUsage of job (MB)
	358396  -  ResidentSetSize of job (KB)
...
006 (208742.000.000) 01/27 23:46:55 Image size of job updated: 359244
	351  -  MemoryUsage of job (MB)
	359240  -  ResidentSetSize of job (KB)
...
006 (208742.000.000) 01/27 23:51:55 Image size of job updated: 360100
	352  -  MemoryUsage of job (MB)
	360096  -  ResidentSetSize of job (KB)
...
006 (208742.000.000) 01/27 23:56:57 Image size of job updated: 360944
	353  -  MemoryUsage of job (MB)
	360940  -  ResidentSetSize of job (KB)
...
006 (208742.000.000) 01/28 00:01:57 Image size of job updated: 361796
	354  -  MemoryUsage of job (MB)
	361792  -  ResidentSetSize of job (KB)
...
006 (208742.000.000) 01/28 00:06:57 Image size of job updated: 362640
	355  -  MemoryUsage of job (MB)
	362636  -  ResidentSetSize of job (KB)
...
006 (208742.000.000) 01/28 00:11:58 Image size of job updated: 363496
	355  -  MemoryUsage of job (MB)
	363492  -  ResidentSetSize of job (KB)
...
006 (208742.000.000) 01/28 00:16:59 Image size of job updated: 364340
	356  -  MemoryUsage of job (MB)
	364336  -  ResidentSetSize of job (KB)
...
006 (208742.000.000) 01/28 00:21:59 Image size of job updated: 365192
	357  -  MemoryUsage of job (MB)
	365188  -  ResidentSetSize of job (KB)
...
006 (208742.000.000) 01/28 00:26:59 Image size of job updated: 366036
	358  -  MemoryUsage of job (MB)
	366032  -  ResidentSetSize of job (KB)
...
006 (208742.000.000) 01/28 00:31:59 Image size of job updated: 366880
	359  -  MemoryUsage of job (MB)
	366876  -  ResidentSetSize of job (KB)
...
006 (208742.000.000) 01/28 00:37:00 Image size of job updated: 367736
	360  -  MemoryUsage of job (MB)
	367732  -  ResidentSetSize of job (KB)
...
006 (208742.000.000) 01/28 00:42:01 Image size of job updated: 368576
	360  -  MemoryUsage of job (MB)
	368572  -  ResidentSetSize of job (KB)
...
006 (208742.000.000) 01/28 00:47:01 Image size of job updated: 369432
	361  -  MemoryUsage of job (MB)
	369428  -  ResidentSetSize of job (KB)
...
006 (208742.000.000) 01/28 00:52:01 Image size of job updated: 370272
	362  -  MemoryUsage of job (MB)
	370268  -  ResidentSetSize of job (KB)
...
006 (208742.000.000) 01/28 00:57:02 Image size of job updated: 371132
	363  -  MemoryUsage of job (MB)
	371128  -  ResidentSetSize of job (KB)
...
006 (208742.000.000) 01/28 01:02:03 Image size of job updated: 371972
	364  -  MemoryUsage of job (MB)
	371968  -  ResidentSetSize of job (KB)
...
006 (208742.000.000) 01/28 01:07:03 Image size of job updated: 372828
	365  -  MemoryUsage of job (MB)
	372824  -  ResidentSetSize of job (KB)
...
006 (208742.000.000) 01/28 01:12:03 Image size of job updated: 373668
	365  -  MemoryUsage of job (MB)
	373664  -  ResidentSetSize of job (KB)
...
006 (208742.000.000) 01/28 01:17:04 Image size of job updated: 374528
	366  -  MemoryUsage of job (MB)
	374524  -  ResidentSetSize of job (KB)
...
006 (208742.000.000) 01/28 01:22:05 Image size of job updated: 375368
	367  -  MemoryUsage of job (MB)
	375364  -  ResidentSetSize of job (KB)
...
006 (208742.000.000) 01/28 01:27:05 Image size of job updated: 376224
	368  -  MemoryUsage of job (MB)
	376220  -  ResidentSetSize of job (KB)
...
006 (208742.000.000) 01/28 01:32:05 Image size of job updated: 377064
	369  -  MemoryUsage of job (MB)
	377060  -  ResidentSetSize of job (KB)
...
006 (208742.000.000) 01/28 01:37:06 Image size of job updated: 377920
	370  -  MemoryUsage of job (MB)
	377916  -  ResidentSetSize of job (KB)
...
006 (208742.000.000) 01/28 01:42:07 Image size of job updated: 378764
	370  -  MemoryUsage of job (MB)
	378760  -  ResidentSetSize of job (KB)
...
006 (208742.000.000) 01/28 01:47:08 Image size of job updated: 379620
	371  -  MemoryUsage of job (MB)
	379616  -  ResidentSetSize of job (KB)
...
006 (208742.000.000) 01/28 01:52:08 Image size of job updated: 380460
	372  -  MemoryUsage of job (MB)
	380456  -  ResidentSetSize of job (KB)
...
006 (208742.000.000) 01/28 01:57:08 Image size of job updated: 381304
	373  -  MemoryUsage of job (MB)
	381300  -  ResidentSetSize of job (KB)
...
006 (208742.000.000) 01/28 02:02:10 Image size of job updated: 382160
	374  -  MemoryUsage of job (MB)
	382156  -  ResidentSetSize of job (KB)
...
006 (208742.000.000) 01/28 02:07:10 Image size of job updated: 383004
	375  -  MemoryUsage of job (MB)
	383000  -  ResidentSetSize of job (KB)
...
006 (208742.000.000) 01/28 02:12:10 Image size of job updated: 383856
	375  -  MemoryUsage of job (MB)
	383852  -  ResidentSetSize of job (KB)
...
006 (208742.000.000) 01/28 02:17:11 Image size of job updated: 384700
	376  -  MemoryUsage of job (MB)
	384696  -  ResidentSetSize of job (KB)
...
006 (208742.000.000) 01/28 02:22:12 Image size of job updated: 385556
	377  -  MemoryUsage of job (MB)
	385552  -  ResidentSetSize of job (KB)
...
006 (208742.000.000) 01/28 02:27:12 Image size of job updated: 386400
	378  -  MemoryUsage of job (MB)
	386396  -  ResidentSetSize of job (KB)
...
006 (208742.000.000) 01/28 02:32:12 Image size of job updated: 387252
	379  -  MemoryUsage of job (MB)
	387248  -  ResidentSetSize of job (KB)
...
006 (208742.000.000) 01/28 02:37:13 Image size of job updated: 388096
	379  -  MemoryUsage of job (MB)
	388092  -  ResidentSetSize of job (KB)
...
006 (208742.000.000) 01/28 02:42:14 Image size of job updated: 388948
	380  -  MemoryUsage of job (MB)
	388944  -  ResidentSetSize of job (KB)
...
006 (208742.000.000) 01/28 02:47:14 Image size of job updated: 389792
	381  -  MemoryUsage of job (MB)
	389788  -  ResidentSetSize of job (KB)
...
006 (208742.000.000) 01/28 02:52:14 Image size of job updated: 390648
	382  -  MemoryUsage of job (MB)
	390644  -  ResidentSetSize of job (KB)
...
006 (208742.000.000) 01/28 02:57:15 Image size of job updated: 391492
	383  -  MemoryUsage of job (MB)
	391488  -  ResidentSetSize of job (KB)
...
006 (208742.000.000) 01/28 03:02:16 Image size of job updated: 392344
	384  -  MemoryUsage of job (MB)
	392340  -  ResidentSetSize of job (KB)
...
006 (208742.000.000) 01/28 03:07:16 Image size of job updated: 393188
	384  -  MemoryUsage of job (MB)
	393184  -  ResidentSetSize of job (KB)
...
006 (208742.000.000) 01/28 03:12:16 Image size of job updated: 394024
	385  -  MemoryUsage of job (MB)
	394020  -  ResidentSetSize of job (KB)
...
006 (208742.000.000) 01/28 03:17:16 Image size of job updated: 394884
	386  -  MemoryUsage of job (MB)
	394880  -  ResidentSetSize of job (KB)
...
006 (208742.000.000) 01/28 03:22:17 Image size of job updated: 395724
	387  -  MemoryUsage of job (MB)
	395720  -  ResidentSetSize of job (KB)
...
006 (208742.000.000) 01/28 03:27:18 Image size of job updated: 396584
	388  -  MemoryUsage of job (MB)
	396580  -  ResidentSetSize of job (KB)
...
006 (208742.000.000) 01/28 03:32:18 Image size of job updated: 397420
	389  -  MemoryUsage of job (MB)
	397416  -  ResidentSetSize of job (KB)
...
006 (208742.000.000) 01/28 03:37:18 Image size of job updated: 398280
	389  -  MemoryUsage of job (MB)
	398276  -  ResidentSetSize of job (KB)
...
006 (208742.000.000) 01/28 03:42:18 Image size of job updated: 399120
	390  -  MemoryUsage of job (MB)
	399116  -  ResidentSetSize of job (KB)
...
006 (208742.000.000) 01/28 03:47:19 Image size of job updated: 399976
	391  -  MemoryUsage of job (MB)
	399972  -  ResidentSetSize of job (KB)
...
006 (208742.000.000) 01/28 03:52:20 Image size of job updated: 400820
	392  -  MemoryUsage of job (MB)
	400816  -  ResidentSetSize of job (KB)
...
006 (208742.000.000) 01/28 03:57:20 Image size of job updated: 401676
	393  -  MemoryUsage of job (MB)
	401672  -  ResidentSetSize of job (KB)
...
006 (208742.000.000) 01/28 04:02:20 Image size of job updated: 402516
	394  -  MemoryUsage of job (MB)
	402512  -  ResidentSetSize of job (KB)
...
006 (208742.000.000) 01/28 04:07:21 Image size of job updated: 403372
	394  -  MemoryUsage of job (MB)
	403368  -  ResidentSetSize of job (KB)
...
006 (208742.000.000) 01/28 04:12:22 Image size of job updated: 404216
	395  -  MemoryUsage of job (MB)
	404212  -  ResidentSetSize of job (KB)
...
006 (208742.000.000) 01/28 04:17:22 Image size of job updated: 405068
	396  -  MemoryUsage of job (MB)
	405064  -  ResidentSetSize of job (KB)
...
006 (208742.000.000) 01/28 04:22:22 Image size of job updated: 405912
	397  -  MemoryUsage of job (MB)
	405908  -  ResidentSetSize of job (KB)
...
006 (208742.000.000) 01/28 04:27:23 Image size of job updated: 406756
	398  -  MemoryUsage of job (MB)
	406752  -  ResidentSetSize of job (KB)
...
006 (208742.000.000) 01/28 04:32:24 Image size of job updated: 407612
	399  -  MemoryUsage of job (MB)
	407608  -  ResidentSetSize of job (KB)
...
006 (208742.000.000) 01/28 04:37:24 Image size of job updated: 408452
	399  -  MemoryUsage of job (MB)
	408448  -  ResidentSetSize of job (KB)
...
006 (208742.000.000) 01/28 04:42:25 Image size of job updated: 409312
	400  -  MemoryUsage of job (MB)
	409308  -  ResidentSetSize of job (KB)
...
006 (208742.000.000) 01/28 04:47:26 Image size of job updated: 410152
	401  -  MemoryUsage of job (MB)
	410148  -  ResidentSetSize of job (KB)
...
006 (208742.000.000) 01/28 04:52:26 Image size of job updated: 411008
	402  -  MemoryUsage of job (MB)
	411004  -  ResidentSetSize of job (KB)
...
006 (208742.000.000) 01/28 04:57:26 Image size of job updated: 411848
	403  -  MemoryUsage of job (MB)
	411844  -  ResidentSetSize of job (KB)
...
006 (208742.000.000) 01/28 05:02:26 Image size of job updated: 412704
	404  -  MemoryUsage of job (MB)
	412700  -  ResidentSetSize of job (KB)
...
006 (208742.000.000) 01/28 05:07:27 Image size of job updated: 413548
	404  -  MemoryUsage of job (MB)
	413544  -  ResidentSetSize of job (KB)
...
006 (208742.000.000) 01/28 05:12:28 Image size of job updated: 414400
	405  -  MemoryUsage of job (MB)
	414396  -  ResidentSetSize of job (KB)
...
006 (208742.000.000) 01/28 05:17:28 Image size of job updated: 415244
	406  -  MemoryUsage of job (MB)
	415240  -  ResidentSetSize of job (KB)
...
006 (208742.000.000) 01/28 05:22:28 Image size of job updated: 416100
	407  -  MemoryUsage of job (MB)
	416096  -  ResidentSetSize of job (KB)
...
006 (208742.000.000) 01/28 05:27:29 Image size of job updated: 416940
	408  -  MemoryUsage of job (MB)
	416936  -  ResidentSetSize of job (KB)
...
006 (208742.000.000) 01/28 05:32:30 Image size of job updated: 417796
	408  -  MemoryUsage of job (MB)
	417792  -  ResidentSetSize of job (KB)
...
006 (208742.000.000) 01/28 05:37:30 Image size of job updated: 418636
	409  -  MemoryUsage of job (MB)
	418632  -  ResidentSetSize of job (KB)
...
006 (208742.000.000) 01/28 05:42:30 Image size of job updated: 419480
	410  -  MemoryUsage of job (MB)
	419476  -  ResidentSetSize of job (KB)
...
006 (208742.000.000) 01/28 05:47:31 Image size of job updated: 420336
	411  -  MemoryUsage of job (MB)
	420332  -  ResidentSetSize of job (KB)
...
006 (208742.000.000) 01/28 05:52:32 Image size of job updated: 421180
	412  -  MemoryUsage of job (MB)
	421176  -  ResidentSetSize of job (KB)
...
006 (208742.000.000) 01/28 05:57:32 Image size of job updated: 422032
	413  -  MemoryUsage of job (MB)
	422028  -  ResidentSetSize of job (KB)
...
006 (208742.000.000) 01/28 06:02:32 Image size of job updated: 422876
	413  -  MemoryUsage of job (MB)
	422872  -  ResidentSetSize of job (KB)
...
006 (208742.000.000) 01/28 06:07:33 Image size of job updated: 423732
	414  -  MemoryUsage of job (MB)
	423728  -  ResidentSetSize of job (KB)
...
006 (208742.000.000) 01/28 06:12:34 Image size of job updated: 424576
	415  -  MemoryUsage of job (MB)
	424572  -  ResidentSetSize of job (KB)
...
006 (208742.000.000) 01/28 06:17:34 Image size of job updated: 425428
	416  -  MemoryUsage of job (MB)
	425424  -  ResidentSetSize of job (KB)
...
006 (208742.000.000) 01/28 06:22:34 Image size of job updated: 426272
	417  -  MemoryUsage of job (MB)
	426268  -  ResidentSetSize of job (KB)
...
006 (208742.000.000) 01/28 06:27:35 Image size of job updated: 427128
	418  -  MemoryUsage of job (MB)
	427124  -  ResidentSetSize of job (KB)
...
006 (208742.000.000) 01/28 06:32:36 Image size of job updated: 427968
	418  -  MemoryUsage of job (MB)
	427964  -  ResidentSetSize of job (KB)
...
006 (208742.000.000) 01/28 06:37:36 Image size of job updated: 428824
	419  -  MemoryUsage of job (MB)
	428820  -  ResidentSetSize of job (KB)
...
006 (208742.000.000) 01/28 06:42:36 Image size of job updated: 429668
	420  -  MemoryUsage of job (MB)
	429664  -  ResidentSetSize of job (KB)
...
006 (208742.000.000) 01/28 06:47:37 Image size of job updated: 430520
	421  -  MemoryUsage of job (MB)
	430516  -  ResidentSetSize of job (KB)
...
006 (208742.000.000) 01/28 06:52:38 Image size of job updated: 431364
	422  -  MemoryUsage of job (MB)
	431360  -  ResidentSetSize of job (KB)
...
006 (208742.000.000) 01/28 06:57:38 Image size of job updated: 432208
	423  -  MemoryUsage of job (MB)
	432204  -  ResidentSetSize of job (KB)
...
006 (208742.000.000) 01/28 07:02:38 Image size of job updated: 433060
	423  -  MemoryUsage of job (MB)
	433056  -  ResidentSetSize of job (KB)
...
006 (208742.000.000) 01/28 07:07:39 Image size of job updated: 433904
	424  -  MemoryUsage of job (MB)
	433900  -  ResidentSetSize of job (KB)
...
006 (208742.000.000) 01/28 07:12:41 Image size of job updated: 434764
	425  -  MemoryUsage of job (MB)
	434760  -  ResidentSetSize of job (KB)
...
006 (208742.000.000) 01/28 07:17:41 Image size of job updated: 435604
	426  -  MemoryUsage of job (MB)
	435600  -  ResidentSetSize of job (KB)
...
006 (208742.000.000) 01/28 07:22:41 Image size of job updated: 436460
	427  -  MemoryUsage of job (MB)
	436456  -  ResidentSetSize of job (KB)
...
006 (208742.000.000) 01/28 07:27:41 Image size of job updated: 437300
	428  -  MemoryUsage of job (MB)
	437296  -  ResidentSetSize of job (KB)
...
006 (208742.000.000) 01/28 07:32:42 Image size of job updated: 438156
	428  -  MemoryUsage of job (MB)
	438152  -  ResidentSetSize of job (KB)
...
006 (208742.000.000) 01/28 07:37:43 Image size of job updated: 438996
	429  -  MemoryUsage of job (MB)
	438992  -  ResidentSetSize of job (KB)
...
006 (208742.000.000) 01/28 07:42:43 Image size of job updated: 439852
	430  -  MemoryUsage of job (MB)
	439848  -  ResidentSetSize of job (KB)
...
006 (208742.000.000) 01/28 07:47:44 Image size of job updated: 440696
	431  -  MemoryUsage of job (MB)
	440692  -  ResidentSetSize of job (KB)
...
006 (208742.000.000) 01/28 07:52:45 Image size of job updated: 441552
	432  -  MemoryUsage of job (MB)
	441548  -  ResidentSetSize of job (KB)
...
006 (208742.000.000) 01/28 07:57:45 Image size of job updated: 442392
	433  -  MemoryUsage of job (MB)
	442388  -  ResidentSetSize of job (KB)
...
006 (208742.000.000) 01/28 08:02:45 Image size of job updated: 443248
	433  -  MemoryUsage of job (MB)
	443244  -  ResidentSetSize of job (KB)
...
006 (208742.000.000) 01/28 08:05:17 Image size of job updated: 443664
	433  -  MemoryUsage of job (MB)
	443244  -  ResidentSetSize of job (KB)
...
004 (208742.000.000) 01/28 08:05:17 Job was evicted.
	(0) Job was not checkpointed.
		Usr 1 13:28:29, Sys 0 00:12:37  -  Run Remote Usage
		Usr 0 00:00:00, Sys 0 00:00:00  -  Run Local Usage
	0  -  Run Bytes Sent By Job
	0  -  Run Bytes Received By Job
	Partitionable Resources :    Usage  Request Allocated 
	   Cpus                 :     1.00        1         1 
	   Disk (KB)            : 15000       15000     44180 
	   Memory (MB)          :   433        5000      5120 
...
009 (208742.000.000) 01/28 08:05:17 Job was aborted by the user.
	via condor_rm (by user jmoondra3)
...
