000 (208741.000.000) 01/26 18:23:21 Job submitted from host: <130.207.91.92:9618?addrs=130.207.91.92-9618&noUDP&sock=1641_2b00_4>
...
001 (208741.000.000) 01/26 18:23:22 Job executing on host: <10.1.9.101:9618?addrs=10.1.9.101-9618&noUDP&sock=8769_6212_3>
...
006 (208741.000.000) 01/26 18:23:30 Image size of job updated: 57544
	57  -  MemoryUsage of job (MB)
	57540  -  ResidentSetSize of job (KB)
...
006 (208741.000.000) 01/26 18:28:30 Image size of job updated: 57832
	57  -  MemoryUsage of job (MB)
	57828  -  ResidentSetSize of job (KB)
...
006 (208741.000.000) 01/26 18:33:30 Image size of job updated: 57844
	57  -  MemoryUsage of job (MB)
	57840  -  ResidentSetSize of job (KB)
...
006 (208741.000.000) 01/26 18:38:31 Image size of job updated: 57868
	57  -  MemoryUsage of job (MB)
	57864  -  ResidentSetSize of job (KB)
...
006 (208741.000.000) 01/26 18:43:31 Image size of job updated: 58868
	58  -  MemoryUsage of job (MB)
	58864  -  ResidentSetSize of job (KB)
...
006 (208741.000.000) 01/26 18:48:31 Image size of job updated: 59720
	59  -  MemoryUsage of job (MB)
	59716  -  ResidentSetSize of job (KB)
...
006 (208741.000.000) 01/26 18:53:32 Image size of job updated: 60676
	60  -  MemoryUsage of job (MB)
	60672  -  ResidentSetSize of job (KB)
...
006 (208741.000.000) 01/26 18:58:33 Image size of job updated: 61576
	61  -  MemoryUsage of job (MB)
	61572  -  ResidentSetSize of job (KB)
...
006 (208741.000.000) 01/26 19:03:33 Image size of job updated: 62524
	62  -  MemoryUsage of job (MB)
	62520  -  ResidentSetSize of job (KB)
...
006 (208741.000.000) 01/26 19:08:34 Image size of job updated: 63224
	62  -  MemoryUsage of job (MB)
	63220  -  ResidentSetSize of job (KB)
...
006 (208741.000.000) 01/26 19:13:35 Image size of job updated: 63916
	63  -  MemoryUsage of job (MB)
	63912  -  ResidentSetSize of job (KB)
...
006 (208741.000.000) 01/26 19:18:35 Image size of job updated: 65104
	64  -  MemoryUsage of job (MB)
	65100  -  ResidentSetSize of job (KB)
...
006 (208741.000.000) 01/26 19:28:37 Image size of job updated: 156436
	153  -  MemoryUsage of job (MB)
	156432  -  ResidentSetSize of job (KB)
...
006 (208741.000.000) 01/26 19:33:37 Image size of job updated: 279748
	274  -  MemoryUsage of job (MB)
	279744  -  ResidentSetSize of job (KB)
...
006 (208741.000.000) 01/26 19:38:38 Image size of job updated: 406776
	398  -  MemoryUsage of job (MB)
	406772  -  ResidentSetSize of job (KB)
...
006 (208741.000.000) 01/26 19:43:39 Image size of job updated: 529236
	517  -  MemoryUsage of job (MB)
	529232  -  ResidentSetSize of job (KB)
...
006 (208741.000.000) 01/26 19:48:39 Image size of job updated: 578552
	565  -  MemoryUsage of job (MB)
	578548  -  ResidentSetSize of job (KB)
...
006 (208741.000.000) 01/27 10:25:09 Image size of job updated: 578592
	566  -  MemoryUsage of job (MB)
	578588  -  ResidentSetSize of job (KB)
...
006 (208741.000.000) 01/27 10:30:10 Image size of job updated: 579224
	566  -  MemoryUsage of job (MB)
	579220  -  ResidentSetSize of job (KB)
...
006 (208741.000.000) 01/27 10:35:11 Image size of job updated: 579852
	567  -  MemoryUsage of job (MB)
	579848  -  ResidentSetSize of job (KB)
...
006 (208741.000.000) 01/27 10:40:11 Image size of job updated: 580480
	567  -  MemoryUsage of job (MB)
	580476  -  ResidentSetSize of job (KB)
...
006 (208741.000.000) 01/27 10:45:11 Image size of job updated: 581108
	568  -  MemoryUsage of job (MB)
	581104  -  ResidentSetSize of job (KB)
...
006 (208741.000.000) 01/27 10:50:11 Image size of job updated: 581736
	569  -  MemoryUsage of job (MB)
	581732  -  ResidentSetSize of job (KB)
...
006 (208741.000.000) 01/27 10:55:12 Image size of job updated: 582368
	569  -  MemoryUsage of job (MB)
	582364  -  ResidentSetSize of job (KB)
...
006 (208741.000.000) 01/27 11:00:13 Image size of job updated: 582996
	570  -  MemoryUsage of job (MB)
	582992  -  ResidentSetSize of job (KB)
...
006 (208741.000.000) 01/27 11:05:13 Image size of job updated: 583624
	570  -  MemoryUsage of job (MB)
	583620  -  ResidentSetSize of job (KB)
...
006 (208741.000.000) 01/27 11:10:13 Image size of job updated: 584252
	571  -  MemoryUsage of job (MB)
	584248  -  ResidentSetSize of job (KB)
...
006 (208741.000.000) 01/27 11:15:14 Image size of job updated: 584880
	572  -  MemoryUsage of job (MB)
	584876  -  ResidentSetSize of job (KB)
...
006 (208741.000.000) 01/27 11:20:15 Image size of job updated: 585508
	572  -  MemoryUsage of job (MB)
	585504  -  ResidentSetSize of job (KB)
...
006 (208741.000.000) 01/27 11:25:15 Image size of job updated: 586140
	573  -  MemoryUsage of job (MB)
	586136  -  ResidentSetSize of job (KB)
...
006 (208741.000.000) 01/27 11:30:15 Image size of job updated: 586768
	574  -  MemoryUsage of job (MB)
	586764  -  ResidentSetSize of job (KB)
...
006 (208741.000.000) 01/27 11:35:15 Image size of job updated: 587396
	574  -  MemoryUsage of job (MB)
	587392  -  ResidentSetSize of job (KB)
...
006 (208741.000.000) 01/27 11:40:16 Image size of job updated: 588024
	575  -  MemoryUsage of job (MB)
	588020  -  ResidentSetSize of job (KB)
...
006 (208741.000.000) 01/27 11:45:16 Image size of job updated: 588652
	575  -  MemoryUsage of job (MB)
	588648  -  ResidentSetSize of job (KB)
...
006 (208741.000.000) 01/27 11:50:16 Image size of job updated: 589280
	576  -  MemoryUsage of job (MB)
	589276  -  ResidentSetSize of job (KB)
...
006 (208741.000.000) 01/27 11:55:17 Image size of job updated: 589908
	577  -  MemoryUsage of job (MB)
	589904  -  ResidentSetSize of job (KB)
...
006 (208741.000.000) 01/27 12:00:18 Image size of job updated: 590540
	577  -  MemoryUsage of job (MB)
	590536  -  ResidentSetSize of job (KB)
...
006 (208741.000.000) 01/27 12:05:18 Image size of job updated: 591168
	578  -  MemoryUsage of job (MB)
	591164  -  ResidentSetSize of job (KB)
...
006 (208741.000.000) 01/27 12:10:18 Image size of job updated: 591796
	578  -  MemoryUsage of job (MB)
	591792  -  ResidentSetSize of job (KB)
...
006 (208741.000.000) 01/27 12:15:19 Image size of job updated: 592424
	579  -  MemoryUsage of job (MB)
	592420  -  ResidentSetSize of job (KB)
...
006 (208741.000.000) 01/27 12:20:21 Image size of job updated: 593056
	580  -  MemoryUsage of job (MB)
	593052  -  ResidentSetSize of job (KB)
...
006 (208741.000.000) 01/27 12:25:21 Image size of job updated: 593684
	580  -  MemoryUsage of job (MB)
	593680  -  ResidentSetSize of job (KB)
...
006 (208741.000.000) 01/27 12:30:21 Image size of job updated: 594312
	581  -  MemoryUsage of job (MB)
	594308  -  ResidentSetSize of job (KB)
...
006 (208741.000.000) 01/27 12:35:22 Image size of job updated: 594944
	581  -  MemoryUsage of job (MB)
	594940  -  ResidentSetSize of job (KB)
...
006 (208741.000.000) 01/27 12:40:23 Image size of job updated: 595572
	582  -  MemoryUsage of job (MB)
	595568  -  ResidentSetSize of job (KB)
...
006 (208741.000.000) 01/27 12:45:23 Image size of job updated: 596200
	583  -  MemoryUsage of job (MB)
	596196  -  ResidentSetSize of job (KB)
...
006 (208741.000.000) 01/27 12:50:23 Image size of job updated: 596828
	583  -  MemoryUsage of job (MB)
	596824  -  ResidentSetSize of job (KB)
...
006 (208741.000.000) 01/27 12:55:24 Image size of job updated: 597456
	584  -  MemoryUsage of job (MB)
	597452  -  ResidentSetSize of job (KB)
...
006 (208741.000.000) 01/27 13:00:25 Image size of job updated: 598084
	585  -  MemoryUsage of job (MB)
	598080  -  ResidentSetSize of job (KB)
...
006 (208741.000.000) 01/27 13:05:25 Image size of job updated: 598716
	585  -  MemoryUsage of job (MB)
	598712  -  ResidentSetSize of job (KB)
...
006 (208741.000.000) 01/27 13:10:25 Image size of job updated: 599344
	586  -  MemoryUsage of job (MB)
	599340  -  ResidentSetSize of job (KB)
...
006 (208741.000.000) 01/27 13:15:26 Image size of job updated: 599972
	586  -  MemoryUsage of job (MB)
	599968  -  ResidentSetSize of job (KB)
...
006 (208741.000.000) 01/27 13:20:27 Image size of job updated: 600600
	587  -  MemoryUsage of job (MB)
	600596  -  ResidentSetSize of job (KB)
...
006 (208741.000.000) 01/27 13:25:27 Image size of job updated: 601228
	588  -  MemoryUsage of job (MB)
	601224  -  ResidentSetSize of job (KB)
...
006 (208741.000.000) 01/27 13:30:27 Image size of job updated: 601856
	588  -  MemoryUsage of job (MB)
	601852  -  ResidentSetSize of job (KB)
...
006 (208741.000.000) 01/27 13:35:28 Image size of job updated: 602488
	589  -  MemoryUsage of job (MB)
	602484  -  ResidentSetSize of job (KB)
...
006 (208741.000.000) 01/27 13:40:29 Image size of job updated: 603116
	589  -  MemoryUsage of job (MB)
	603112  -  ResidentSetSize of job (KB)
...
006 (208741.000.000) 01/27 13:45:29 Image size of job updated: 603744
	590  -  MemoryUsage of job (MB)
	603740  -  ResidentSetSize of job (KB)
...
006 (208741.000.000) 01/27 13:50:29 Image size of job updated: 604372
	591  -  MemoryUsage of job (MB)
	604368  -  ResidentSetSize of job (KB)
...
006 (208741.000.000) 01/27 13:55:30 Image size of job updated: 605000
	591  -  MemoryUsage of job (MB)
	604996  -  ResidentSetSize of job (KB)
...
006 (208741.000.000) 01/27 14:00:30 Image size of job updated: 605628
	592  -  MemoryUsage of job (MB)
	605624  -  ResidentSetSize of job (KB)
...
006 (208741.000.000) 01/27 14:05:30 Image size of job updated: 606256
	593  -  MemoryUsage of job (MB)
	606252  -  ResidentSetSize of job (KB)
...
006 (208741.000.000) 01/27 14:10:31 Image size of job updated: 606888
	593  -  MemoryUsage of job (MB)
	606884  -  ResidentSetSize of job (KB)
...
006 (208741.000.000) 01/27 14:15:32 Image size of job updated: 607516
	594  -  MemoryUsage of job (MB)
	607512  -  ResidentSetSize of job (KB)
...
006 (208741.000.000) 01/27 14:20:32 Image size of job updated: 608144
	594  -  MemoryUsage of job (MB)
	608140  -  ResidentSetSize of job (KB)
...
006 (208741.000.000) 01/27 14:25:32 Image size of job updated: 608772
	595  -  MemoryUsage of job (MB)
	608768  -  ResidentSetSize of job (KB)
...
006 (208741.000.000) 01/27 14:30:32 Image size of job updated: 609400
	596  -  MemoryUsage of job (MB)
	609396  -  ResidentSetSize of job (KB)
...
006 (208741.000.000) 01/27 14:35:33 Image size of job updated: 610028
	596  -  MemoryUsage of job (MB)
	610024  -  ResidentSetSize of job (KB)
...
006 (208741.000.000) 01/27 14:40:34 Image size of job updated: 610660
	597  -  MemoryUsage of job (MB)
	610656  -  ResidentSetSize of job (KB)
...
006 (208741.000.000) 01/27 14:45:34 Image size of job updated: 611288
	597  -  MemoryUsage of job (MB)
	611284  -  ResidentSetSize of job (KB)
...
006 (208741.000.000) 01/27 14:50:34 Image size of job updated: 611916
	598  -  MemoryUsage of job (MB)
	611912  -  ResidentSetSize of job (KB)
...
006 (208741.000.000) 01/27 14:55:35 Image size of job updated: 612548
	599  -  MemoryUsage of job (MB)
	612544  -  ResidentSetSize of job (KB)
...
006 (208741.000.000) 01/27 15:00:36 Image size of job updated: 613176
	599  -  MemoryUsage of job (MB)
	613172  -  ResidentSetSize of job (KB)
...
006 (208741.000.000) 01/27 15:05:37 Image size of job updated: 613804
	600  -  MemoryUsage of job (MB)
	613800  -  ResidentSetSize of job (KB)
...
006 (208741.000.000) 01/27 15:10:37 Image size of job updated: 614432
	601  -  MemoryUsage of job (MB)
	614428  -  ResidentSetSize of job (KB)
...
006 (208741.000.000) 01/27 15:15:37 Image size of job updated: 615060
	601  -  MemoryUsage of job (MB)
	615056  -  ResidentSetSize of job (KB)
...
006 (208741.000.000) 01/27 15:20:38 Image size of job updated: 615692
	602  -  MemoryUsage of job (MB)
	615688  -  ResidentSetSize of job (KB)
...
006 (208741.000.000) 01/27 15:25:39 Image size of job updated: 616320
	602  -  MemoryUsage of job (MB)
	616316  -  ResidentSetSize of job (KB)
...
006 (208741.000.000) 01/27 15:30:39 Image size of job updated: 616948
	603  -  MemoryUsage of job (MB)
	616944  -  ResidentSetSize of job (KB)
...
006 (208741.000.000) 01/27 15:35:40 Image size of job updated: 617580
	604  -  MemoryUsage of job (MB)
	617576  -  ResidentSetSize of job (KB)
...
006 (208741.000.000) 01/27 15:40:42 Image size of job updated: 618208
	604  -  MemoryUsage of job (MB)
	618204  -  ResidentSetSize of job (KB)
...
006 (208741.000.000) 01/27 15:45:42 Image size of job updated: 618836
	605  -  MemoryUsage of job (MB)
	618832  -  ResidentSetSize of job (KB)
...
006 (208741.000.000) 01/27 15:50:42 Image size of job updated: 619464
	605  -  MemoryUsage of job (MB)
	619460  -  ResidentSetSize of job (KB)
...
006 (208741.000.000) 01/27 15:55:43 Image size of job updated: 620096
	606  -  MemoryUsage of job (MB)
	620092  -  ResidentSetSize of job (KB)
...
006 (208741.000.000) 01/27 16:00:44 Image size of job updated: 620724
	607  -  MemoryUsage of job (MB)
	620720  -  ResidentSetSize of job (KB)
...
006 (208741.000.000) 01/27 16:05:44 Image size of job updated: 621352
	607  -  MemoryUsage of job (MB)
	621348  -  ResidentSetSize of job (KB)
...
006 (208741.000.000) 01/27 16:10:44 Image size of job updated: 621980
	608  -  MemoryUsage of job (MB)
	621976  -  ResidentSetSize of job (KB)
...
006 (208741.000.000) 01/27 16:15:45 Image size of job updated: 622612
	609  -  MemoryUsage of job (MB)
	622608  -  ResidentSetSize of job (KB)
...
006 (208741.000.000) 01/27 16:20:46 Image size of job updated: 623240
	609  -  MemoryUsage of job (MB)
	623236  -  ResidentSetSize of job (KB)
...
006 (208741.000.000) 01/27 16:25:46 Image size of job updated: 623868
	610  -  MemoryUsage of job (MB)
	623864  -  ResidentSetSize of job (KB)
...
006 (208741.000.000) 01/27 16:30:46 Image size of job updated: 624496
	610  -  MemoryUsage of job (MB)
	624492  -  ResidentSetSize of job (KB)
...
006 (208741.000.000) 01/27 16:35:47 Image size of job updated: 625124
	611  -  MemoryUsage of job (MB)
	625120  -  ResidentSetSize of job (KB)
...
006 (208741.000.000) 01/27 16:40:48 Image size of job updated: 625756
	612  -  MemoryUsage of job (MB)
	625752  -  ResidentSetSize of job (KB)
...
006 (208741.000.000) 01/27 16:45:48 Image size of job updated: 626384
	612  -  MemoryUsage of job (MB)
	626380  -  ResidentSetSize of job (KB)
...
006 (208741.000.000) 01/27 16:50:48 Image size of job updated: 627012
	613  -  MemoryUsage of job (MB)
	627008  -  ResidentSetSize of job (KB)
...
006 (208741.000.000) 01/27 16:55:49 Image size of job updated: 627640
	613  -  MemoryUsage of job (MB)
	627636  -  ResidentSetSize of job (KB)
...
006 (208741.000.000) 01/27 17:00:50 Image size of job updated: 628268
	614  -  MemoryUsage of job (MB)
	628264  -  ResidentSetSize of job (KB)
...
006 (208741.000.000) 01/27 17:05:50 Image size of job updated: 628896
	615  -  MemoryUsage of job (MB)
	628892  -  ResidentSetSize of job (KB)
...
006 (208741.000.000) 01/27 17:10:50 Image size of job updated: 629524
	615  -  MemoryUsage of job (MB)
	629520  -  ResidentSetSize of job (KB)
...
006 (208741.000.000) 01/27 17:15:51 Image size of job updated: 630156
	616  -  MemoryUsage of job (MB)
	630152  -  ResidentSetSize of job (KB)
...
006 (208741.000.000) 01/27 17:20:52 Image size of job updated: 630784
	616  -  MemoryUsage of job (MB)
	630780  -  ResidentSetSize of job (KB)
...
006 (208741.000.000) 01/27 17:25:52 Image size of job updated: 631412
	617  -  MemoryUsage of job (MB)
	631408  -  ResidentSetSize of job (KB)
...
006 (208741.000.000) 01/27 17:30:52 Image size of job updated: 632040
	618  -  MemoryUsage of job (MB)
	632036  -  ResidentSetSize of job (KB)
...
006 (208741.000.000) 01/27 17:35:53 Image size of job updated: 632672
	618  -  MemoryUsage of job (MB)
	632668  -  ResidentSetSize of job (KB)
...
006 (208741.000.000) 01/27 17:40:54 Image size of job updated: 633300
	619  -  MemoryUsage of job (MB)
	633296  -  ResidentSetSize of job (KB)
...
006 (208741.000.000) 01/27 17:45:54 Image size of job updated: 633928
	620  -  MemoryUsage of job (MB)
	633924  -  ResidentSetSize of job (KB)
...
006 (208741.000.000) 01/27 17:50:54 Image size of job updated: 634556
	620  -  MemoryUsage of job (MB)
	634552  -  ResidentSetSize of job (KB)
...
006 (208741.000.000) 01/27 17:55:55 Image size of job updated: 635184
	621  -  MemoryUsage of job (MB)
	635180  -  ResidentSetSize of job (KB)
...
006 (208741.000.000) 01/27 18:00:56 Image size of job updated: 635816
	621  -  MemoryUsage of job (MB)
	635812  -  ResidentSetSize of job (KB)
...
006 (208741.000.000) 01/27 18:05:57 Image size of job updated: 636444
	622  -  MemoryUsage of job (MB)
	636440  -  ResidentSetSize of job (KB)
...
006 (208741.000.000) 01/27 18:10:57 Image size of job updated: 637072
	623  -  MemoryUsage of job (MB)
	637068  -  ResidentSetSize of job (KB)
...
006 (208741.000.000) 01/27 18:15:57 Image size of job updated: 637700
	623  -  MemoryUsage of job (MB)
	637696  -  ResidentSetSize of job (KB)
...
006 (208741.000.000) 01/27 18:20:58 Image size of job updated: 638332
	624  -  MemoryUsage of job (MB)
	638328  -  ResidentSetSize of job (KB)
...
006 (208741.000.000) 01/27 18:25:59 Image size of job updated: 638956
	624  -  MemoryUsage of job (MB)
	638952  -  ResidentSetSize of job (KB)
...
006 (208741.000.000) 01/27 18:30:59 Image size of job updated: 639588
	625  -  MemoryUsage of job (MB)
	639584  -  ResidentSetSize of job (KB)
...
006 (208741.000.000) 01/27 18:35:59 Image size of job updated: 640216
	626  -  MemoryUsage of job (MB)
	640212  -  ResidentSetSize of job (KB)
...
006 (208741.000.000) 01/27 18:41:00 Image size of job updated: 640844
	626  -  MemoryUsage of job (MB)
	640840  -  ResidentSetSize of job (KB)
...
006 (208741.000.000) 01/27 18:46:01 Image size of job updated: 641476
	627  -  MemoryUsage of job (MB)
	641472  -  ResidentSetSize of job (KB)
...
006 (208741.000.000) 01/27 18:51:01 Image size of job updated: 642104
	628  -  MemoryUsage of job (MB)
	642100  -  ResidentSetSize of job (KB)
...
006 (208741.000.000) 01/27 18:56:01 Image size of job updated: 642732
	628  -  MemoryUsage of job (MB)
	642728  -  ResidentSetSize of job (KB)
...
006 (208741.000.000) 01/27 19:01:02 Image size of job updated: 643360
	629  -  MemoryUsage of job (MB)
	643356  -  ResidentSetSize of job (KB)
...
006 (208741.000.000) 01/27 19:06:03 Image size of job updated: 643988
	629  -  MemoryUsage of job (MB)
	643984  -  ResidentSetSize of job (KB)
...
006 (208741.000.000) 01/27 19:11:03 Image size of job updated: 644616
	630  -  MemoryUsage of job (MB)
	644612  -  ResidentSetSize of job (KB)
...
006 (208741.000.000) 01/27 19:16:03 Image size of job updated: 645244
	631  -  MemoryUsage of job (MB)
	645240  -  ResidentSetSize of job (KB)
...
006 (208741.000.000) 01/27 19:21:04 Image size of job updated: 645876
	631  -  MemoryUsage of job (MB)
	645872  -  ResidentSetSize of job (KB)
...
006 (208741.000.000) 01/27 19:26:05 Image size of job updated: 646504
	632  -  MemoryUsage of job (MB)
	646500  -  ResidentSetSize of job (KB)
...
006 (208741.000.000) 01/27 19:31:06 Image size of job updated: 647132
	632  -  MemoryUsage of job (MB)
	647128  -  ResidentSetSize of job (KB)
...
006 (208741.000.000) 01/27 19:36:06 Image size of job updated: 647760
	633  -  MemoryUsage of job (MB)
	647756  -  ResidentSetSize of job (KB)
...
006 (208741.000.000) 01/27 19:41:06 Image size of job updated: 648392
	634  -  MemoryUsage of job (MB)
	648388  -  ResidentSetSize of job (KB)
...
006 (208741.000.000) 01/27 19:46:07 Image size of job updated: 649020
	634  -  MemoryUsage of job (MB)
	649016  -  ResidentSetSize of job (KB)
...
006 (208741.000.000) 01/27 19:51:08 Image size of job updated: 649648
	635  -  MemoryUsage of job (MB)
	649644  -  ResidentSetSize of job (KB)
...
006 (208741.000.000) 01/27 19:56:08 Image size of job updated: 650276
	636  -  MemoryUsage of job (MB)
	650272  -  ResidentSetSize of job (KB)
...
006 (208741.000.000) 01/27 20:01:08 Image size of job updated: 650904
	636  -  MemoryUsage of job (MB)
	650900  -  ResidentSetSize of job (KB)
...
006 (208741.000.000) 01/27 20:06:09 Image size of job updated: 651536
	637  -  MemoryUsage of job (MB)
	651532  -  ResidentSetSize of job (KB)
...
006 (208741.000.000) 01/27 20:11:10 Image size of job updated: 652164
	637  -  MemoryUsage of job (MB)
	652160  -  ResidentSetSize of job (KB)
...
006 (208741.000.000) 01/27 20:16:10 Image size of job updated: 652792
	638  -  MemoryUsage of job (MB)
	652788  -  ResidentSetSize of job (KB)
...
006 (208741.000.000) 01/27 20:21:10 Image size of job updated: 653420
	639  -  MemoryUsage of job (MB)
	653416  -  ResidentSetSize of job (KB)
...
006 (208741.000.000) 01/27 20:26:11 Image size of job updated: 654052
	639  -  MemoryUsage of job (MB)
	654048  -  ResidentSetSize of job (KB)
...
006 (208741.000.000) 01/27 20:31:12 Image size of job updated: 654680
	640  -  MemoryUsage of job (MB)
	654676  -  ResidentSetSize of job (KB)
...
006 (208741.000.000) 01/27 20:36:12 Image size of job updated: 655308
	640  -  MemoryUsage of job (MB)
	655304  -  ResidentSetSize of job (KB)
...
006 (208741.000.000) 01/27 20:41:12 Image size of job updated: 655936
	641  -  MemoryUsage of job (MB)
	655932  -  ResidentSetSize of job (KB)
...
006 (208741.000.000) 01/27 20:46:13 Image size of job updated: 656568
	642  -  MemoryUsage of job (MB)
	656564  -  ResidentSetSize of job (KB)
...
006 (208741.000.000) 01/27 20:51:14 Image size of job updated: 657192
	642  -  MemoryUsage of job (MB)
	657188  -  ResidentSetSize of job (KB)
...
006 (208741.000.000) 01/27 20:56:14 Image size of job updated: 657824
	643  -  MemoryUsage of job (MB)
	657820  -  ResidentSetSize of job (KB)
...
006 (208741.000.000) 01/27 21:01:14 Image size of job updated: 658452
	644  -  MemoryUsage of job (MB)
	658448  -  ResidentSetSize of job (KB)
...
006 (208741.000.000) 01/27 21:06:15 Image size of job updated: 659080
	644  -  MemoryUsage of job (MB)
	659076  -  ResidentSetSize of job (KB)
...
006 (208741.000.000) 01/27 21:11:16 Image size of job updated: 659712
	645  -  MemoryUsage of job (MB)
	659708  -  ResidentSetSize of job (KB)
...
006 (208741.000.000) 01/27 21:16:17 Image size of job updated: 660340
	645  -  MemoryUsage of job (MB)
	660336  -  ResidentSetSize of job (KB)
...
006 (208741.000.000) 01/27 21:21:17 Image size of job updated: 660968
	646  -  MemoryUsage of job (MB)
	660964  -  ResidentSetSize of job (KB)
...
006 (208741.000.000) 01/27 21:26:17 Image size of job updated: 661596
	647  -  MemoryUsage of job (MB)
	661592  -  ResidentSetSize of job (KB)
...
006 (208741.000.000) 01/27 21:31:18 Image size of job updated: 662228
	647  -  MemoryUsage of job (MB)
	662224  -  ResidentSetSize of job (KB)
...
006 (208741.000.000) 01/27 21:36:19 Image size of job updated: 662856
	648  -  MemoryUsage of job (MB)
	662852  -  ResidentSetSize of job (KB)
...
006 (208741.000.000) 01/27 21:41:20 Image size of job updated: 663484
	648  -  MemoryUsage of job (MB)
	663480  -  ResidentSetSize of job (KB)
...
006 (208741.000.000) 01/27 21:46:21 Image size of job updated: 664112
	649  -  MemoryUsage of job (MB)
	664108  -  ResidentSetSize of job (KB)
...
006 (208741.000.000) 01/27 21:51:22 Image size of job updated: 664744
	650  -  MemoryUsage of job (MB)
	664740  -  ResidentSetSize of job (KB)
...
006 (208741.000.000) 01/27 21:56:22 Image size of job updated: 665372
	650  -  MemoryUsage of job (MB)
	665368  -  ResidentSetSize of job (KB)
...
006 (208741.000.000) 01/27 22:01:22 Image size of job updated: 666000
	651  -  MemoryUsage of job (MB)
	665996  -  ResidentSetSize of job (KB)
...
006 (208741.000.000) 01/27 22:06:23 Image size of job updated: 666628
	651  -  MemoryUsage of job (MB)
	666624  -  ResidentSetSize of job (KB)
...
006 (208741.000.000) 01/27 22:11:24 Image size of job updated: 667260
	652  -  MemoryUsage of job (MB)
	667256  -  ResidentSetSize of job (KB)
...
006 (208741.000.000) 01/27 22:16:25 Image size of job updated: 667884
	653  -  MemoryUsage of job (MB)
	667880  -  ResidentSetSize of job (KB)
...
006 (208741.000.000) 01/27 22:21:25 Image size of job updated: 668516
	653  -  MemoryUsage of job (MB)
	668512  -  ResidentSetSize of job (KB)
...
006 (208741.000.000) 01/27 22:26:26 Image size of job updated: 669148
	654  -  MemoryUsage of job (MB)
	669144  -  ResidentSetSize of job (KB)
...
006 (208741.000.000) 01/27 22:31:27 Image size of job updated: 669776
	655  -  MemoryUsage of job (MB)
	669772  -  ResidentSetSize of job (KB)
...
006 (208741.000.000) 01/27 22:36:27 Image size of job updated: 670404
	655  -  MemoryUsage of job (MB)
	670400  -  ResidentSetSize of job (KB)
...
006 (208741.000.000) 01/27 22:41:27 Image size of job updated: 671032
	656  -  MemoryUsage of job (MB)
	671028  -  ResidentSetSize of job (KB)
...
006 (208741.000.000) 01/27 22:46:27 Image size of job updated: 671660
	656  -  MemoryUsage of job (MB)
	671656  -  ResidentSetSize of job (KB)
...
006 (208741.000.000) 01/27 22:51:28 Image size of job updated: 672288
	657  -  MemoryUsage of job (MB)
	672284  -  ResidentSetSize of job (KB)
...
006 (208741.000.000) 01/27 22:56:30 Image size of job updated: 672920
	658  -  MemoryUsage of job (MB)
	672916  -  ResidentSetSize of job (KB)
...
006 (208741.000.000) 01/27 23:01:30 Image size of job updated: 673548
	658  -  MemoryUsage of job (MB)
	673544  -  ResidentSetSize of job (KB)
...
006 (208741.000.000) 01/27 23:06:30 Image size of job updated: 674176
	659  -  MemoryUsage of job (MB)
	674172  -  ResidentSetSize of job (KB)
...
006 (208741.000.000) 01/27 23:11:32 Image size of job updated: 674808
	659  -  MemoryUsage of job (MB)
	674804  -  ResidentSetSize of job (KB)
...
006 (208741.000.000) 01/27 23:16:32 Image size of job updated: 675436
	660  -  MemoryUsage of job (MB)
	675432  -  ResidentSetSize of job (KB)
...
006 (208741.000.000) 01/27 23:21:32 Image size of job updated: 676064
	661  -  MemoryUsage of job (MB)
	676060  -  ResidentSetSize of job (KB)
...
006 (208741.000.000) 01/27 23:26:32 Image size of job updated: 676692
	661  -  MemoryUsage of job (MB)
	676688  -  ResidentSetSize of job (KB)
...
006 (208741.000.000) 01/27 23:31:33 Image size of job updated: 677320
	662  -  MemoryUsage of job (MB)
	677316  -  ResidentSetSize of job (KB)
...
006 (208741.000.000) 01/27 23:36:34 Image size of job updated: 677952
	663  -  MemoryUsage of job (MB)
	677948  -  ResidentSetSize of job (KB)
...
006 (208741.000.000) 01/27 23:41:34 Image size of job updated: 678580
	663  -  MemoryUsage of job (MB)
	678576  -  ResidentSetSize of job (KB)
...
006 (208741.000.000) 01/27 23:46:34 Image size of job updated: 679208
	664  -  MemoryUsage of job (MB)
	679204  -  ResidentSetSize of job (KB)
...
006 (208741.000.000) 01/27 23:51:36 Image size of job updated: 679836
	664  -  MemoryUsage of job (MB)
	679832  -  ResidentSetSize of job (KB)
...
006 (208741.000.000) 01/27 23:56:36 Image size of job updated: 680464
	665  -  MemoryUsage of job (MB)
	680460  -  ResidentSetSize of job (KB)
...
006 (208741.000.000) 01/28 00:01:36 Image size of job updated: 681092
	666  -  MemoryUsage of job (MB)
	681088  -  ResidentSetSize of job (KB)
...
006 (208741.000.000) 01/28 00:06:36 Image size of job updated: 681720
	666  -  MemoryUsage of job (MB)
	681716  -  ResidentSetSize of job (KB)
...
006 (208741.000.000) 01/28 00:11:37 Image size of job updated: 682352
	667  -  MemoryUsage of job (MB)
	682348  -  ResidentSetSize of job (KB)
...
006 (208741.000.000) 01/28 00:16:38 Image size of job updated: 682980
	667  -  MemoryUsage of job (MB)
	682976  -  ResidentSetSize of job (KB)
...
006 (208741.000.000) 01/28 00:21:38 Image size of job updated: 683608
	668  -  MemoryUsage of job (MB)
	683604  -  ResidentSetSize of job (KB)
...
006 (208741.000.000) 01/28 00:26:38 Image size of job updated: 684236
	669  -  MemoryUsage of job (MB)
	684232  -  ResidentSetSize of job (KB)
...
006 (208741.000.000) 01/28 00:31:38 Image size of job updated: 684864
	669  -  MemoryUsage of job (MB)
	684860  -  ResidentSetSize of job (KB)
...
006 (208741.000.000) 01/28 00:36:39 Image size of job updated: 685496
	670  -  MemoryUsage of job (MB)
	685492  -  ResidentSetSize of job (KB)
...
006 (208741.000.000) 01/28 00:41:40 Image size of job updated: 686124
	671  -  MemoryUsage of job (MB)
	686120  -  ResidentSetSize of job (KB)
...
006 (208741.000.000) 01/28 00:46:40 Image size of job updated: 686752
	671  -  MemoryUsage of job (MB)
	686748  -  ResidentSetSize of job (KB)
...
006 (208741.000.000) 01/28 00:51:40 Image size of job updated: 687380
	672  -  MemoryUsage of job (MB)
	687376  -  ResidentSetSize of job (KB)
...
006 (208741.000.000) 01/28 00:56:41 Image size of job updated: 688008
	672  -  MemoryUsage of job (MB)
	688004  -  ResidentSetSize of job (KB)
...
006 (208741.000.000) 01/28 01:01:42 Image size of job updated: 688636
	673  -  MemoryUsage of job (MB)
	688632  -  ResidentSetSize of job (KB)
...
006 (208741.000.000) 01/28 01:06:42 Image size of job updated: 689264
	674  -  MemoryUsage of job (MB)
	689260  -  ResidentSetSize of job (KB)
...
006 (208741.000.000) 01/28 01:11:42 Image size of job updated: 689896
	674  -  MemoryUsage of job (MB)
	689892  -  ResidentSetSize of job (KB)
...
006 (208741.000.000) 01/28 01:16:43 Image size of job updated: 690524
	675  -  MemoryUsage of job (MB)
	690520  -  ResidentSetSize of job (KB)
...
006 (208741.000.000) 01/28 01:21:44 Image size of job updated: 691152
	675  -  MemoryUsage of job (MB)
	691148  -  ResidentSetSize of job (KB)
...
006 (208741.000.000) 01/28 01:26:44 Image size of job updated: 691780
	676  -  MemoryUsage of job (MB)
	691776  -  ResidentSetSize of job (KB)
...
006 (208741.000.000) 01/28 01:31:45 Image size of job updated: 692412
	677  -  MemoryUsage of job (MB)
	692408  -  ResidentSetSize of job (KB)
...
006 (208741.000.000) 01/28 01:36:47 Image size of job updated: 693040
	677  -  MemoryUsage of job (MB)
	693036  -  ResidentSetSize of job (KB)
...
006 (208741.000.000) 01/28 01:41:47 Image size of job updated: 693668
	678  -  MemoryUsage of job (MB)
	693664  -  ResidentSetSize of job (KB)
...
006 (208741.000.000) 01/28 01:46:47 Image size of job updated: 694296
	679  -  MemoryUsage of job (MB)
	694292  -  ResidentSetSize of job (KB)
...
006 (208741.000.000) 01/28 01:51:48 Image size of job updated: 694928
	679  -  MemoryUsage of job (MB)
	694924  -  ResidentSetSize of job (KB)
...
006 (208741.000.000) 01/28 01:56:49 Image size of job updated: 695556
	680  -  MemoryUsage of job (MB)
	695552  -  ResidentSetSize of job (KB)
...
006 (208741.000.000) 01/28 02:01:49 Image size of job updated: 696184
	680  -  MemoryUsage of job (MB)
	696180  -  ResidentSetSize of job (KB)
...
006 (208741.000.000) 01/28 02:06:49 Image size of job updated: 696812
	681  -  MemoryUsage of job (MB)
	696808  -  ResidentSetSize of job (KB)
...
006 (208741.000.000) 01/28 02:11:50 Image size of job updated: 697444
	682  -  MemoryUsage of job (MB)
	697440  -  ResidentSetSize of job (KB)
...
006 (208741.000.000) 01/28 02:16:51 Image size of job updated: 698072
	682  -  MemoryUsage of job (MB)
	698068  -  ResidentSetSize of job (KB)
...
006 (208741.000.000) 01/28 02:21:51 Image size of job updated: 698700
	683  -  MemoryUsage of job (MB)
	698696  -  ResidentSetSize of job (KB)
...
006 (208741.000.000) 01/28 02:26:51 Image size of job updated: 699328
	683  -  MemoryUsage of job (MB)
	699324  -  ResidentSetSize of job (KB)
...
006 (208741.000.000) 01/28 02:31:52 Image size of job updated: 699960
	684  -  MemoryUsage of job (MB)
	699956  -  ResidentSetSize of job (KB)
...
006 (208741.000.000) 01/28 02:36:53 Image size of job updated: 700588
	685  -  MemoryUsage of job (MB)
	700584  -  ResidentSetSize of job (KB)
...
006 (208741.000.000) 01/28 02:41:53 Image size of job updated: 701216
	685  -  MemoryUsage of job (MB)
	701212  -  ResidentSetSize of job (KB)
...
006 (208741.000.000) 01/28 02:46:53 Image size of job updated: 701844
	686  -  MemoryUsage of job (MB)
	701840  -  ResidentSetSize of job (KB)
...
006 (208741.000.000) 01/28 02:51:54 Image size of job updated: 702472
	687  -  MemoryUsage of job (MB)
	702468  -  ResidentSetSize of job (KB)
...
006 (208741.000.000) 01/28 02:56:55 Image size of job updated: 703100
	687  -  MemoryUsage of job (MB)
	703096  -  ResidentSetSize of job (KB)
...
006 (208741.000.000) 01/28 03:01:55 Image size of job updated: 703724
	688  -  MemoryUsage of job (MB)
	703720  -  ResidentSetSize of job (KB)
...
006 (208741.000.000) 01/28 03:06:55 Image size of job updated: 704356
	688  -  MemoryUsage of job (MB)
	704352  -  ResidentSetSize of job (KB)
...
006 (208741.000.000) 01/28 03:11:56 Image size of job updated: 704988
	689  -  MemoryUsage of job (MB)
	704984  -  ResidentSetSize of job (KB)
...
006 (208741.000.000) 01/28 03:16:57 Image size of job updated: 705616
	690  -  MemoryUsage of job (MB)
	705612  -  ResidentSetSize of job (KB)
...
006 (208741.000.000) 01/28 03:21:57 Image size of job updated: 706244
	690  -  MemoryUsage of job (MB)
	706240  -  ResidentSetSize of job (KB)
...
006 (208741.000.000) 01/28 03:26:57 Image size of job updated: 706872
	691  -  MemoryUsage of job (MB)
	706868  -  ResidentSetSize of job (KB)
...
006 (208741.000.000) 01/28 03:31:58 Image size of job updated: 707504
	691  -  MemoryUsage of job (MB)
	707500  -  ResidentSetSize of job (KB)
...
006 (208741.000.000) 01/28 03:36:59 Image size of job updated: 708132
	692  -  MemoryUsage of job (MB)
	708128  -  ResidentSetSize of job (KB)
...
006 (208741.000.000) 01/28 03:41:59 Image size of job updated: 708760
	693  -  MemoryUsage of job (MB)
	708756  -  ResidentSetSize of job (KB)
...
006 (208741.000.000) 01/28 03:46:59 Image size of job updated: 709388
	693  -  MemoryUsage of job (MB)
	709384  -  ResidentSetSize of job (KB)
...
006 (208741.000.000) 01/28 03:51:59 Image size of job updated: 710016
	694  -  MemoryUsage of job (MB)
	710012  -  ResidentSetSize of job (KB)
...
006 (208741.000.000) 01/28 03:57:00 Image size of job updated: 710644
	694  -  MemoryUsage of job (MB)
	710640  -  ResidentSetSize of job (KB)
...
006 (208741.000.000) 01/28 04:02:01 Image size of job updated: 711272
	695  -  MemoryUsage of job (MB)
	711268  -  ResidentSetSize of job (KB)
...
006 (208741.000.000) 01/28 04:07:01 Image size of job updated: 711904
	696  -  MemoryUsage of job (MB)
	711900  -  ResidentSetSize of job (KB)
...
006 (208741.000.000) 01/28 04:12:01 Image size of job updated: 712532
	696  -  MemoryUsage of job (MB)
	712528  -  ResidentSetSize of job (KB)
...
006 (208741.000.000) 01/28 04:17:03 Image size of job updated: 713160
	697  -  MemoryUsage of job (MB)
	713156  -  ResidentSetSize of job (KB)
...
006 (208741.000.000) 01/28 04:22:03 Image size of job updated: 713788
	698  -  MemoryUsage of job (MB)
	713784  -  ResidentSetSize of job (KB)
...
006 (208741.000.000) 01/28 04:27:03 Image size of job updated: 714416
	698  -  MemoryUsage of job (MB)
	714412  -  ResidentSetSize of job (KB)
...
006 (208741.000.000) 01/28 04:32:04 Image size of job updated: 715048
	699  -  MemoryUsage of job (MB)
	715044  -  ResidentSetSize of job (KB)
...
006 (208741.000.000) 01/28 04:37:05 Image size of job updated: 715676
	699  -  MemoryUsage of job (MB)
	715672  -  ResidentSetSize of job (KB)
...
006 (208741.000.000) 01/28 04:42:05 Image size of job updated: 716304
	700  -  MemoryUsage of job (MB)
	716300  -  ResidentSetSize of job (KB)
...
006 (208741.000.000) 01/28 04:47:05 Image size of job updated: 716932
	701  -  MemoryUsage of job (MB)
	716928  -  ResidentSetSize of job (KB)
...
006 (208741.000.000) 01/28 04:52:06 Image size of job updated: 717564
	701  -  MemoryUsage of job (MB)
	717560  -  ResidentSetSize of job (KB)
...
006 (208741.000.000) 01/28 04:57:07 Image size of job updated: 718192
	702  -  MemoryUsage of job (MB)
	718188  -  ResidentSetSize of job (KB)
...
006 (208741.000.000) 01/28 05:02:07 Image size of job updated: 718820
	702  -  MemoryUsage of job (MB)
	718816  -  ResidentSetSize of job (KB)
...
006 (208741.000.000) 01/28 05:07:07 Image size of job updated: 719448
	703  -  MemoryUsage of job (MB)
	719444  -  ResidentSetSize of job (KB)
...
006 (208741.000.000) 01/28 05:12:07 Image size of job updated: 720076
	704  -  MemoryUsage of job (MB)
	720072  -  ResidentSetSize of job (KB)
...
006 (208741.000.000) 01/28 05:17:08 Image size of job updated: 720704
	704  -  MemoryUsage of job (MB)
	720700  -  ResidentSetSize of job (KB)
...
006 (208741.000.000) 01/28 05:22:08 Image size of job updated: 721332
	705  -  MemoryUsage of job (MB)
	721328  -  ResidentSetSize of job (KB)
...
006 (208741.000.000) 01/28 05:27:08 Image size of job updated: 721960
	706  -  MemoryUsage of job (MB)
	721956  -  ResidentSetSize of job (KB)
...
006 (208741.000.000) 01/28 05:32:09 Image size of job updated: 722592
	706  -  MemoryUsage of job (MB)
	722588  -  ResidentSetSize of job (KB)
...
006 (208741.000.000) 01/28 05:37:10 Image size of job updated: 723220
	707  -  MemoryUsage of job (MB)
	723216  -  ResidentSetSize of job (KB)
...
006 (208741.000.000) 01/28 05:42:10 Image size of job updated: 723848
	707  -  MemoryUsage of job (MB)
	723844  -  ResidentSetSize of job (KB)
...
006 (208741.000.000) 01/28 05:47:10 Image size of job updated: 724476
	708  -  MemoryUsage of job (MB)
	724472  -  ResidentSetSize of job (KB)
...
006 (208741.000.000) 01/28 05:52:11 Image size of job updated: 725104
	709  -  MemoryUsage of job (MB)
	725100  -  ResidentSetSize of job (KB)
...
006 (208741.000.000) 01/28 05:57:12 Image size of job updated: 725732
	709  -  MemoryUsage of job (MB)
	725728  -  ResidentSetSize of job (KB)
...
006 (208741.000.000) 01/28 06:02:12 Image size of job updated: 726360
	710  -  MemoryUsage of job (MB)
	726356  -  ResidentSetSize of job (KB)
...
006 (208741.000.000) 01/28 06:07:12 Image size of job updated: 726988
	710  -  MemoryUsage of job (MB)
	726984  -  ResidentSetSize of job (KB)
...
006 (208741.000.000) 01/28 06:12:13 Image size of job updated: 727620
	711  -  MemoryUsage of job (MB)
	727616  -  ResidentSetSize of job (KB)
...
006 (208741.000.000) 01/28 06:17:14 Image size of job updated: 728248
	712  -  MemoryUsage of job (MB)
	728244  -  ResidentSetSize of job (KB)
...
006 (208741.000.000) 01/28 06:22:14 Image size of job updated: 728876
	712  -  MemoryUsage of job (MB)
	728872  -  ResidentSetSize of job (KB)
...
006 (208741.000.000) 01/28 06:27:14 Image size of job updated: 729504
	713  -  MemoryUsage of job (MB)
	729500  -  ResidentSetSize of job (KB)
...
006 (208741.000.000) 01/28 06:32:15 Image size of job updated: 730136
	714  -  MemoryUsage of job (MB)
	730132  -  ResidentSetSize of job (KB)
...
006 (208741.000.000) 01/28 06:37:16 Image size of job updated: 730764
	714  -  MemoryUsage of job (MB)
	730760  -  ResidentSetSize of job (KB)
...
006 (208741.000.000) 01/28 06:42:16 Image size of job updated: 731392
	715  -  MemoryUsage of job (MB)
	731388  -  ResidentSetSize of job (KB)
...
006 (208741.000.000) 01/28 06:47:16 Image size of job updated: 732020
	715  -  MemoryUsage of job (MB)
	732016  -  ResidentSetSize of job (KB)
...
006 (208741.000.000) 01/28 06:52:16 Image size of job updated: 732648
	716  -  MemoryUsage of job (MB)
	732644  -  ResidentSetSize of job (KB)
...
006 (208741.000.000) 01/28 06:57:17 Image size of job updated: 733276
	717  -  MemoryUsage of job (MB)
	733272  -  ResidentSetSize of job (KB)
...
006 (208741.000.000) 01/28 07:02:18 Image size of job updated: 733904
	717  -  MemoryUsage of job (MB)
	733900  -  ResidentSetSize of job (KB)
...
006 (208741.000.000) 01/28 07:07:18 Image size of job updated: 734532
	718  -  MemoryUsage of job (MB)
	734528  -  ResidentSetSize of job (KB)
...
006 (208741.000.000) 01/28 07:12:18 Image size of job updated: 735164
	718  -  MemoryUsage of job (MB)
	735160  -  ResidentSetSize of job (KB)
...
006 (208741.000.000) 01/28 07:17:19 Image size of job updated: 735792
	719  -  MemoryUsage of job (MB)
	735788  -  ResidentSetSize of job (KB)
...
006 (208741.000.000) 01/28 07:22:20 Image size of job updated: 736420
	720  -  MemoryUsage of job (MB)
	736416  -  ResidentSetSize of job (KB)
...
006 (208741.000.000) 01/28 07:27:20 Image size of job updated: 737048
	720  -  MemoryUsage of job (MB)
	737044  -  ResidentSetSize of job (KB)
...
006 (208741.000.000) 01/28 07:32:20 Image size of job updated: 737676
	721  -  MemoryUsage of job (MB)
	737672  -  ResidentSetSize of job (KB)
...
006 (208741.000.000) 01/28 07:37:21 Image size of job updated: 738308
	721  -  MemoryUsage of job (MB)
	738304  -  ResidentSetSize of job (KB)
...
006 (208741.000.000) 01/28 07:42:22 Image size of job updated: 738936
	722  -  MemoryUsage of job (MB)
	738932  -  ResidentSetSize of job (KB)
...
006 (208741.000.000) 01/28 07:47:22 Image size of job updated: 739564
	723  -  MemoryUsage of job (MB)
	739560  -  ResidentSetSize of job (KB)
...
006 (208741.000.000) 01/28 07:52:22 Image size of job updated: 740192
	723  -  MemoryUsage of job (MB)
	740188  -  ResidentSetSize of job (KB)
...
006 (208741.000.000) 01/28 07:57:24 Image size of job updated: 740824
	724  -  MemoryUsage of job (MB)
	740820  -  ResidentSetSize of job (KB)
...
006 (208741.000.000) 01/28 08:02:24 Image size of job updated: 741452
	725  -  MemoryUsage of job (MB)
	741448  -  ResidentSetSize of job (KB)
...
006 (208741.000.000) 01/28 08:05:17 Image size of job updated: 741812
	725  -  MemoryUsage of job (MB)
	741448  -  ResidentSetSize of job (KB)
...
004 (208741.000.000) 01/28 08:05:17 Job was evicted.
	(0) Job was not checkpointed.
		Usr 1 13:39:04, Sys 0 00:02:21  -  Run Remote Usage
		Usr 0 00:00:00, Sys 0 00:00:00  -  Run Local Usage
	0  -  Run Bytes Sent By Job
	0  -  Run Bytes Received By Job
	Partitionable Resources :    Usage  Request Allocated 
	   Cpus                 :     1.00        1         1 
	   Disk (KB)            : 15000       15000     44180 
	   Memory (MB)          :   725        5000      5120 
...
009 (208741.000.000) 01/28 08:05:17 Job was aborted by the user.
	via condor_rm (by user jmoondra3)
...
