000 (208746.000.000) 01/26 18:26:22 Job submitted from host: <130.207.91.92:9618?addrs=130.207.91.92-9618&noUDP&sock=1641_2b00_4>
...
001 (208746.000.000) 01/26 18:26:22 Job executing on host: <10.1.9.101:9618?addrs=10.1.9.101-9618&noUDP&sock=8769_6212_3>
...
006 (208746.000.000) 01/26 18:26:31 Image size of job updated: 57556
	57  -  MemoryUsage of job (MB)
	57552  -  ResidentSetSize of job (KB)
...
006 (208746.000.000) 01/26 18:31:32 Image size of job updated: 57812
	57  -  MemoryUsage of job (MB)
	57808  -  ResidentSetSize of job (KB)
...
006 (208746.000.000) 01/26 18:36:32 Image size of job updated: 57816
	57  -  MemoryUsage of job (MB)
	57812  -  ResidentSetSize of job (KB)
...
006 (208746.000.000) 01/26 18:41:32 Image size of job updated: 57832
	57  -  MemoryUsage of job (MB)
	57828  -  ResidentSetSize of job (KB)
...
006 (208746.000.000) 01/26 18:51:33 Image size of job updated: 57864
	57  -  MemoryUsage of job (MB)
	57860  -  ResidentSetSize of job (KB)
...
006 (208746.000.000) 01/26 18:56:33 Image size of job updated: 58996
	58  -  MemoryUsage of job (MB)
	58992  -  ResidentSetSize of job (KB)
...
006 (208746.000.000) 01/26 19:01:34 Image size of job updated: 59012
	58  -  MemoryUsage of job (MB)
	59008  -  ResidentSetSize of job (KB)
...
006 (208746.000.000) 01/26 19:06:34 Image size of job updated: 59136
	58  -  MemoryUsage of job (MB)
	59132  -  ResidentSetSize of job (KB)
...
006 (208746.000.000) 01/26 19:11:34 Image size of job updated: 130192
	128  -  MemoryUsage of job (MB)
	130188  -  ResidentSetSize of job (KB)
...
006 (208746.000.000) 01/26 19:16:35 Image size of job updated: 222372
	218  -  MemoryUsage of job (MB)
	222368  -  ResidentSetSize of job (KB)
...
006 (208746.000.000) 01/26 19:21:35 Image size of job updated: 322632
	316  -  MemoryUsage of job (MB)
	322628  -  ResidentSetSize of job (KB)
...
006 (208746.000.000) 01/26 19:26:35 Image size of job updated: 419572
	410  -  MemoryUsage of job (MB)
	419568  -  ResidentSetSize of job (KB)
...
006 (208746.000.000) 01/26 19:31:36 Image size of job updated: 516940
	505  -  MemoryUsage of job (MB)
	516936  -  ResidentSetSize of job (KB)
...
006 (208746.000.000) 01/26 19:36:36 Image size of job updated: 582244
	569  -  MemoryUsage of job (MB)
	582240  -  ResidentSetSize of job (KB)
...
006 (208746.000.000) 01/27 13:48:27 Image size of job updated: 582808
	570  -  MemoryUsage of job (MB)
	582804  -  ResidentSetSize of job (KB)
...
006 (208746.000.000) 01/27 13:53:27 Image size of job updated: 583416
	570  -  MemoryUsage of job (MB)
	583412  -  ResidentSetSize of job (KB)
...
006 (208746.000.000) 01/27 13:58:27 Image size of job updated: 584024
	571  -  MemoryUsage of job (MB)
	584020  -  ResidentSetSize of job (KB)
...
006 (208746.000.000) 01/27 14:03:28 Image size of job updated: 584632
	571  -  MemoryUsage of job (MB)
	584628  -  ResidentSetSize of job (KB)
...
006 (208746.000.000) 01/27 14:08:29 Image size of job updated: 585240
	572  -  MemoryUsage of job (MB)
	585236  -  ResidentSetSize of job (KB)
...
006 (208746.000.000) 01/27 14:13:29 Image size of job updated: 585848
	573  -  MemoryUsage of job (MB)
	585844  -  ResidentSetSize of job (KB)
...
006 (208746.000.000) 01/27 14:18:29 Image size of job updated: 586456
	573  -  MemoryUsage of job (MB)
	586452  -  ResidentSetSize of job (KB)
...
006 (208746.000.000) 01/27 14:23:30 Image size of job updated: 587060
	574  -  MemoryUsage of job (MB)
	587056  -  ResidentSetSize of job (KB)
...
006 (208746.000.000) 01/27 14:28:30 Image size of job updated: 587672
	574  -  MemoryUsage of job (MB)
	587668  -  ResidentSetSize of job (KB)
...
006 (208746.000.000) 01/27 14:33:30 Image size of job updated: 588276
	575  -  MemoryUsage of job (MB)
	588272  -  ResidentSetSize of job (KB)
...
006 (208746.000.000) 01/27 14:38:31 Image size of job updated: 588888
	576  -  MemoryUsage of job (MB)
	588884  -  ResidentSetSize of job (KB)
...
006 (208746.000.000) 01/27 14:43:32 Image size of job updated: 589496
	576  -  MemoryUsage of job (MB)
	589492  -  ResidentSetSize of job (KB)
...
006 (208746.000.000) 01/27 14:48:33 Image size of job updated: 590104
	577  -  MemoryUsage of job (MB)
	590100  -  ResidentSetSize of job (KB)
...
006 (208746.000.000) 01/27 14:53:33 Image size of job updated: 590712
	577  -  MemoryUsage of job (MB)
	590708  -  ResidentSetSize of job (KB)
...
006 (208746.000.000) 01/27 14:58:33 Image size of job updated: 591316
	578  -  MemoryUsage of job (MB)
	591312  -  ResidentSetSize of job (KB)
...
006 (208746.000.000) 01/27 15:03:34 Image size of job updated: 591924
	579  -  MemoryUsage of job (MB)
	591920  -  ResidentSetSize of job (KB)
...
006 (208746.000.000) 01/27 15:08:36 Image size of job updated: 592536
	579  -  MemoryUsage of job (MB)
	592532  -  ResidentSetSize of job (KB)
...
006 (208746.000.000) 01/27 15:13:36 Image size of job updated: 593144
	580  -  MemoryUsage of job (MB)
	593140  -  ResidentSetSize of job (KB)
...
006 (208746.000.000) 01/27 15:18:36 Image size of job updated: 593752
	580  -  MemoryUsage of job (MB)
	593748  -  ResidentSetSize of job (KB)
...
006 (208746.000.000) 01/27 15:23:36 Image size of job updated: 594356
	581  -  MemoryUsage of job (MB)
	594352  -  ResidentSetSize of job (KB)
...
006 (208746.000.000) 01/27 15:28:37 Image size of job updated: 594968
	582  -  MemoryUsage of job (MB)
	594964  -  ResidentSetSize of job (KB)
...
006 (208746.000.000) 01/27 15:33:38 Image size of job updated: 595572
	582  -  MemoryUsage of job (MB)
	595568  -  ResidentSetSize of job (KB)
...
006 (208746.000.000) 01/27 15:38:38 Image size of job updated: 596180
	583  -  MemoryUsage of job (MB)
	596176  -  ResidentSetSize of job (KB)
...
006 (208746.000.000) 01/27 15:43:38 Image size of job updated: 596788
	583  -  MemoryUsage of job (MB)
	596784  -  ResidentSetSize of job (KB)
...
006 (208746.000.000) 01/27 15:48:39 Image size of job updated: 597400
	584  -  MemoryUsage of job (MB)
	597396  -  ResidentSetSize of job (KB)
...
006 (208746.000.000) 01/27 15:53:40 Image size of job updated: 598004
	584  -  MemoryUsage of job (MB)
	598000  -  ResidentSetSize of job (KB)
...
006 (208746.000.000) 01/27 15:58:40 Image size of job updated: 598612
	585  -  MemoryUsage of job (MB)
	598608  -  ResidentSetSize of job (KB)
...
006 (208746.000.000) 01/27 16:03:40 Image size of job updated: 599220
	586  -  MemoryUsage of job (MB)
	599216  -  ResidentSetSize of job (KB)
...
006 (208746.000.000) 01/27 16:08:41 Image size of job updated: 599828
	586  -  MemoryUsage of job (MB)
	599824  -  ResidentSetSize of job (KB)
...
006 (208746.000.000) 01/27 16:13:42 Image size of job updated: 600436
	587  -  MemoryUsage of job (MB)
	600432  -  ResidentSetSize of job (KB)
...
006 (208746.000.000) 01/27 16:18:42 Image size of job updated: 601044
	587  -  MemoryUsage of job (MB)
	601040  -  ResidentSetSize of job (KB)
...
006 (208746.000.000) 01/27 16:23:43 Image size of job updated: 601656
	588  -  MemoryUsage of job (MB)
	601652  -  ResidentSetSize of job (KB)
...
006 (208746.000.000) 01/27 16:28:44 Image size of job updated: 602264
	589  -  MemoryUsage of job (MB)
	602260  -  ResidentSetSize of job (KB)
...
006 (208746.000.000) 01/27 16:33:44 Image size of job updated: 602872
	589  -  MemoryUsage of job (MB)
	602868  -  ResidentSetSize of job (KB)
...
006 (208746.000.000) 01/27 16:38:44 Image size of job updated: 603476
	590  -  MemoryUsage of job (MB)
	603472  -  ResidentSetSize of job (KB)
...
006 (208746.000.000) 01/27 16:43:45 Image size of job updated: 604088
	590  -  MemoryUsage of job (MB)
	604084  -  ResidentSetSize of job (KB)
...
006 (208746.000.000) 01/27 16:48:46 Image size of job updated: 604696
	591  -  MemoryUsage of job (MB)
	604692  -  ResidentSetSize of job (KB)
...
006 (208746.000.000) 01/27 16:53:46 Image size of job updated: 605304
	592  -  MemoryUsage of job (MB)
	605300  -  ResidentSetSize of job (KB)
...
006 (208746.000.000) 01/27 16:58:46 Image size of job updated: 605912
	592  -  MemoryUsage of job (MB)
	605908  -  ResidentSetSize of job (KB)
...
006 (208746.000.000) 01/27 17:03:47 Image size of job updated: 606520
	593  -  MemoryUsage of job (MB)
	606516  -  ResidentSetSize of job (KB)
...
006 (208746.000.000) 01/27 17:08:48 Image size of job updated: 607128
	593  -  MemoryUsage of job (MB)
	607124  -  ResidentSetSize of job (KB)
...
006 (208746.000.000) 01/27 17:13:48 Image size of job updated: 607736
	594  -  MemoryUsage of job (MB)
	607732  -  ResidentSetSize of job (KB)
...
006 (208746.000.000) 01/27 17:18:48 Image size of job updated: 608344
	595  -  MemoryUsage of job (MB)
	608340  -  ResidentSetSize of job (KB)
...
006 (208746.000.000) 01/27 17:23:49 Image size of job updated: 608956
	595  -  MemoryUsage of job (MB)
	608952  -  ResidentSetSize of job (KB)
...
006 (208746.000.000) 01/27 17:28:50 Image size of job updated: 609560
	596  -  MemoryUsage of job (MB)
	609556  -  ResidentSetSize of job (KB)
...
006 (208746.000.000) 01/27 17:33:50 Image size of job updated: 610168
	596  -  MemoryUsage of job (MB)
	610164  -  ResidentSetSize of job (KB)
...
006 (208746.000.000) 01/27 17:38:50 Image size of job updated: 610776
	597  -  MemoryUsage of job (MB)
	610772  -  ResidentSetSize of job (KB)
...
006 (208746.000.000) 01/27 17:43:51 Image size of job updated: 611384
	598  -  MemoryUsage of job (MB)
	611380  -  ResidentSetSize of job (KB)
...
006 (208746.000.000) 01/27 17:48:51 Image size of job updated: 611992
	598  -  MemoryUsage of job (MB)
	611988  -  ResidentSetSize of job (KB)
...
006 (208746.000.000) 01/27 17:53:51 Image size of job updated: 612600
	599  -  MemoryUsage of job (MB)
	612596  -  ResidentSetSize of job (KB)
...
006 (208746.000.000) 01/27 17:58:52 Image size of job updated: 613208
	599  -  MemoryUsage of job (MB)
	613204  -  ResidentSetSize of job (KB)
...
006 (208746.000.000) 01/27 18:03:53 Image size of job updated: 613816
	600  -  MemoryUsage of job (MB)
	613812  -  ResidentSetSize of job (KB)
...
006 (208746.000.000) 01/27 18:08:53 Image size of job updated: 614424
	601  -  MemoryUsage of job (MB)
	614420  -  ResidentSetSize of job (KB)
...
006 (208746.000.000) 01/27 18:13:54 Image size of job updated: 615036
	601  -  MemoryUsage of job (MB)
	615032  -  ResidentSetSize of job (KB)
...
006 (208746.000.000) 01/27 18:18:55 Image size of job updated: 615644
	602  -  MemoryUsage of job (MB)
	615640  -  ResidentSetSize of job (KB)
...
006 (208746.000.000) 01/27 18:23:55 Image size of job updated: 616252
	602  -  MemoryUsage of job (MB)
	616248  -  ResidentSetSize of job (KB)
...
006 (208746.000.000) 01/27 18:28:55 Image size of job updated: 616860
	603  -  MemoryUsage of job (MB)
	616856  -  ResidentSetSize of job (KB)
...
006 (208746.000.000) 01/27 18:33:56 Image size of job updated: 617472
	603  -  MemoryUsage of job (MB)
	617468  -  ResidentSetSize of job (KB)
...
006 (208746.000.000) 01/27 18:38:57 Image size of job updated: 618076
	604  -  MemoryUsage of job (MB)
	618072  -  ResidentSetSize of job (KB)
...
006 (208746.000.000) 01/27 18:43:57 Image size of job updated: 618684
	605  -  MemoryUsage of job (MB)
	618680  -  ResidentSetSize of job (KB)
...
006 (208746.000.000) 01/27 18:48:57 Image size of job updated: 619292
	605  -  MemoryUsage of job (MB)
	619288  -  ResidentSetSize of job (KB)
...
006 (208746.000.000) 01/27 18:53:57 Image size of job updated: 619900
	606  -  MemoryUsage of job (MB)
	619896  -  ResidentSetSize of job (KB)
...
006 (208746.000.000) 01/27 18:58:58 Image size of job updated: 620512
	606  -  MemoryUsage of job (MB)
	620508  -  ResidentSetSize of job (KB)
...
006 (208746.000.000) 01/27 19:03:59 Image size of job updated: 621120
	607  -  MemoryUsage of job (MB)
	621116  -  ResidentSetSize of job (KB)
...
006 (208746.000.000) 01/27 19:08:59 Image size of job updated: 621728
	608  -  MemoryUsage of job (MB)
	621724  -  ResidentSetSize of job (KB)
...
006 (208746.000.000) 01/27 19:13:59 Image size of job updated: 622336
	608  -  MemoryUsage of job (MB)
	622332  -  ResidentSetSize of job (KB)
...
006 (208746.000.000) 01/27 19:19:00 Image size of job updated: 622944
	609  -  MemoryUsage of job (MB)
	622940  -  ResidentSetSize of job (KB)
...
006 (208746.000.000) 01/27 19:24:01 Image size of job updated: 623552
	609  -  MemoryUsage of job (MB)
	623548  -  ResidentSetSize of job (KB)
...
006 (208746.000.000) 01/27 19:29:01 Image size of job updated: 624160
	610  -  MemoryUsage of job (MB)
	624156  -  ResidentSetSize of job (KB)
...
006 (208746.000.000) 01/27 19:34:01 Image size of job updated: 624768
	611  -  MemoryUsage of job (MB)
	624764  -  ResidentSetSize of job (KB)
...
006 (208746.000.000) 01/27 19:39:02 Image size of job updated: 625376
	611  -  MemoryUsage of job (MB)
	625372  -  ResidentSetSize of job (KB)
...
006 (208746.000.000) 01/27 19:44:04 Image size of job updated: 625984
	612  -  MemoryUsage of job (MB)
	625980  -  ResidentSetSize of job (KB)
...
006 (208746.000.000) 01/27 19:49:04 Image size of job updated: 626592
	612  -  MemoryUsage of job (MB)
	626588  -  ResidentSetSize of job (KB)
...
006 (208746.000.000) 01/27 19:54:04 Image size of job updated: 627200
	613  -  MemoryUsage of job (MB)
	627196  -  ResidentSetSize of job (KB)
...
006 (208746.000.000) 01/27 19:59:04 Image size of job updated: 627808
	614  -  MemoryUsage of job (MB)
	627804  -  ResidentSetSize of job (KB)
...
006 (208746.000.000) 01/27 20:04:05 Image size of job updated: 628420
	614  -  MemoryUsage of job (MB)
	628416  -  ResidentSetSize of job (KB)
...
006 (208746.000.000) 01/27 20:09:06 Image size of job updated: 629024
	615  -  MemoryUsage of job (MB)
	629020  -  ResidentSetSize of job (KB)
...
006 (208746.000.000) 01/27 20:14:06 Image size of job updated: 629636
	615  -  MemoryUsage of job (MB)
	629632  -  ResidentSetSize of job (KB)
...
006 (208746.000.000) 01/27 20:19:07 Image size of job updated: 630244
	616  -  MemoryUsage of job (MB)
	630240  -  ResidentSetSize of job (KB)
...
006 (208746.000.000) 01/27 20:24:08 Image size of job updated: 630852
	617  -  MemoryUsage of job (MB)
	630848  -  ResidentSetSize of job (KB)
...
006 (208746.000.000) 01/27 20:29:08 Image size of job updated: 631460
	617  -  MemoryUsage of job (MB)
	631456  -  ResidentSetSize of job (KB)
...
006 (208746.000.000) 01/27 20:34:08 Image size of job updated: 632068
	618  -  MemoryUsage of job (MB)
	632064  -  ResidentSetSize of job (KB)
...
006 (208746.000.000) 01/27 20:39:09 Image size of job updated: 632676
	618  -  MemoryUsage of job (MB)
	632672  -  ResidentSetSize of job (KB)
...
006 (208746.000.000) 01/27 20:44:10 Image size of job updated: 633288
	619  -  MemoryUsage of job (MB)
	633284  -  ResidentSetSize of job (KB)
...
006 (208746.000.000) 01/27 20:49:11 Image size of job updated: 633896
	620  -  MemoryUsage of job (MB)
	633892  -  ResidentSetSize of job (KB)
...
006 (208746.000.000) 01/27 20:54:11 Image size of job updated: 634504
	620  -  MemoryUsage of job (MB)
	634500  -  ResidentSetSize of job (KB)
...
006 (208746.000.000) 01/27 20:59:11 Image size of job updated: 635112
	621  -  MemoryUsage of job (MB)
	635108  -  ResidentSetSize of job (KB)
...
006 (208746.000.000) 01/27 21:04:12 Image size of job updated: 635720
	621  -  MemoryUsage of job (MB)
	635716  -  ResidentSetSize of job (KB)
...
006 (208746.000.000) 01/27 21:09:13 Image size of job updated: 636328
	622  -  MemoryUsage of job (MB)
	636324  -  ResidentSetSize of job (KB)
...
006 (208746.000.000) 01/27 21:14:13 Image size of job updated: 636936
	623  -  MemoryUsage of job (MB)
	636932  -  ResidentSetSize of job (KB)
...
006 (208746.000.000) 01/27 21:19:13 Image size of job updated: 637544
	623  -  MemoryUsage of job (MB)
	637540  -  ResidentSetSize of job (KB)
...
006 (208746.000.000) 01/27 21:24:14 Image size of job updated: 638156
	624  -  MemoryUsage of job (MB)
	638152  -  ResidentSetSize of job (KB)
...
006 (208746.000.000) 01/27 21:29:15 Image size of job updated: 638764
	624  -  MemoryUsage of job (MB)
	638760  -  ResidentSetSize of job (KB)
...
006 (208746.000.000) 01/27 21:34:15 Image size of job updated: 639372
	625  -  MemoryUsage of job (MB)
	639368  -  ResidentSetSize of job (KB)
...
006 (208746.000.000) 01/27 21:39:16 Image size of job updated: 639980
	625  -  MemoryUsage of job (MB)
	639976  -  ResidentSetSize of job (KB)
...
006 (208746.000.000) 01/27 21:44:16 Image size of job updated: 640588
	626  -  MemoryUsage of job (MB)
	640584  -  ResidentSetSize of job (KB)
...
006 (208746.000.000) 01/27 21:49:17 Image size of job updated: 641196
	627  -  MemoryUsage of job (MB)
	641192  -  ResidentSetSize of job (KB)
...
006 (208746.000.000) 01/27 21:54:17 Image size of job updated: 641804
	627  -  MemoryUsage of job (MB)
	641800  -  ResidentSetSize of job (KB)
...
006 (208746.000.000) 01/27 21:59:17 Image size of job updated: 642412
	628  -  MemoryUsage of job (MB)
	642408  -  ResidentSetSize of job (KB)
...
006 (208746.000.000) 01/27 22:04:18 Image size of job updated: 643020
	628  -  MemoryUsage of job (MB)
	643016  -  ResidentSetSize of job (KB)
...
006 (208746.000.000) 01/27 22:09:19 Image size of job updated: 643628
	629  -  MemoryUsage of job (MB)
	643624  -  ResidentSetSize of job (KB)
...
006 (208746.000.000) 01/27 22:14:19 Image size of job updated: 644236
	630  -  MemoryUsage of job (MB)
	644232  -  ResidentSetSize of job (KB)
...
006 (208746.000.000) 01/27 22:19:19 Image size of job updated: 644844
	630  -  MemoryUsage of job (MB)
	644840  -  ResidentSetSize of job (KB)
...
006 (208746.000.000) 01/27 22:24:19 Image size of job updated: 645452
	631  -  MemoryUsage of job (MB)
	645448  -  ResidentSetSize of job (KB)
...
006 (208746.000.000) 01/27 22:29:20 Image size of job updated: 646060
	631  -  MemoryUsage of job (MB)
	646056  -  ResidentSetSize of job (KB)
...
006 (208746.000.000) 01/27 22:34:20 Image size of job updated: 646668
	632  -  MemoryUsage of job (MB)
	646664  -  ResidentSetSize of job (KB)
...
006 (208746.000.000) 01/27 22:39:20 Image size of job updated: 647276
	633  -  MemoryUsage of job (MB)
	647272  -  ResidentSetSize of job (KB)
...
006 (208746.000.000) 01/27 22:44:20 Image size of job updated: 647884
	633  -  MemoryUsage of job (MB)
	647880  -  ResidentSetSize of job (KB)
...
006 (208746.000.000) 01/27 22:49:21 Image size of job updated: 648496
	634  -  MemoryUsage of job (MB)
	648492  -  ResidentSetSize of job (KB)
...
006 (208746.000.000) 01/27 22:54:22 Image size of job updated: 649104
	634  -  MemoryUsage of job (MB)
	649100  -  ResidentSetSize of job (KB)
...
006 (208746.000.000) 01/27 22:59:22 Image size of job updated: 649712
	635  -  MemoryUsage of job (MB)
	649708  -  ResidentSetSize of job (KB)
...
006 (208746.000.000) 01/27 23:04:22 Image size of job updated: 650320
	636  -  MemoryUsage of job (MB)
	650316  -  ResidentSetSize of job (KB)
...
006 (208746.000.000) 01/27 23:09:24 Image size of job updated: 650928
	636  -  MemoryUsage of job (MB)
	650924  -  ResidentSetSize of job (KB)
...
006 (208746.000.000) 01/27 23:14:24 Image size of job updated: 651536
	637  -  MemoryUsage of job (MB)
	651532  -  ResidentSetSize of job (KB)
...
006 (208746.000.000) 01/27 23:19:24 Image size of job updated: 652144
	637  -  MemoryUsage of job (MB)
	652140  -  ResidentSetSize of job (KB)
...
006 (208746.000.000) 01/27 23:24:24 Image size of job updated: 652752
	638  -  MemoryUsage of job (MB)
	652748  -  ResidentSetSize of job (KB)
...
006 (208746.000.000) 01/27 23:29:24 Image size of job updated: 653360
	639  -  MemoryUsage of job (MB)
	653356  -  ResidentSetSize of job (KB)
...
006 (208746.000.000) 01/27 23:34:25 Image size of job updated: 653968
	639  -  MemoryUsage of job (MB)
	653964  -  ResidentSetSize of job (KB)
...
006 (208746.000.000) 01/27 23:39:25 Image size of job updated: 654576
	640  -  MemoryUsage of job (MB)
	654572  -  ResidentSetSize of job (KB)
...
006 (208746.000.000) 01/27 23:44:25 Image size of job updated: 655184
	640  -  MemoryUsage of job (MB)
	655180  -  ResidentSetSize of job (KB)
...
006 (208746.000.000) 01/27 23:49:25 Image size of job updated: 655792
	641  -  MemoryUsage of job (MB)
	655788  -  ResidentSetSize of job (KB)
...
006 (208746.000.000) 01/27 23:54:27 Image size of job updated: 656404
	642  -  MemoryUsage of job (MB)
	656400  -  ResidentSetSize of job (KB)
...
006 (208746.000.000) 01/27 23:59:27 Image size of job updated: 657012
	642  -  MemoryUsage of job (MB)
	657008  -  ResidentSetSize of job (KB)
...
006 (208746.000.000) 01/28 00:04:27 Image size of job updated: 657620
	643  -  MemoryUsage of job (MB)
	657616  -  ResidentSetSize of job (KB)
...
006 (208746.000.000) 01/28 00:09:28 Image size of job updated: 658228
	643  -  MemoryUsage of job (MB)
	658224  -  ResidentSetSize of job (KB)
...
006 (208746.000.000) 01/28 00:14:29 Image size of job updated: 658840
	644  -  MemoryUsage of job (MB)
	658836  -  ResidentSetSize of job (KB)
...
006 (208746.000.000) 01/28 00:19:30 Image size of job updated: 659448
	644  -  MemoryUsage of job (MB)
	659444  -  ResidentSetSize of job (KB)
...
006 (208746.000.000) 01/28 00:24:30 Image size of job updated: 660056
	645  -  MemoryUsage of job (MB)
	660052  -  ResidentSetSize of job (KB)
...
006 (208746.000.000) 01/28 00:29:30 Image size of job updated: 660664
	646  -  MemoryUsage of job (MB)
	660660  -  ResidentSetSize of job (KB)
...
006 (208746.000.000) 01/28 00:34:31 Image size of job updated: 661276
	646  -  MemoryUsage of job (MB)
	661272  -  ResidentSetSize of job (KB)
...
006 (208746.000.000) 01/28 00:39:32 Image size of job updated: 661884
	647  -  MemoryUsage of job (MB)
	661880  -  ResidentSetSize of job (KB)
...
006 (208746.000.000) 01/28 00:44:32 Image size of job updated: 662492
	647  -  MemoryUsage of job (MB)
	662488  -  ResidentSetSize of job (KB)
...
006 (208746.000.000) 01/28 00:49:32 Image size of job updated: 663100
	648  -  MemoryUsage of job (MB)
	663096  -  ResidentSetSize of job (KB)
...
006 (208746.000.000) 01/28 00:54:33 Image size of job updated: 663708
	649  -  MemoryUsage of job (MB)
	663704  -  ResidentSetSize of job (KB)
...
006 (208746.000.000) 01/28 00:59:34 Image size of job updated: 664320
	649  -  MemoryUsage of job (MB)
	664316  -  ResidentSetSize of job (KB)
...
006 (208746.000.000) 01/28 01:04:34 Image size of job updated: 664924
	650  -  MemoryUsage of job (MB)
	664920  -  ResidentSetSize of job (KB)
...
006 (208746.000.000) 01/28 01:09:34 Image size of job updated: 665536
	650  -  MemoryUsage of job (MB)
	665532  -  ResidentSetSize of job (KB)
...
006 (208746.000.000) 01/28 01:14:34 Image size of job updated: 666140
	651  -  MemoryUsage of job (MB)
	666136  -  ResidentSetSize of job (KB)
...
006 (208746.000.000) 01/28 01:19:35 Image size of job updated: 666752
	652  -  MemoryUsage of job (MB)
	666748  -  ResidentSetSize of job (KB)
...
006 (208746.000.000) 01/28 01:24:36 Image size of job updated: 667360
	652  -  MemoryUsage of job (MB)
	667356  -  ResidentSetSize of job (KB)
...
006 (208746.000.000) 01/28 01:29:36 Image size of job updated: 667968
	653  -  MemoryUsage of job (MB)
	667964  -  ResidentSetSize of job (KB)
...
006 (208746.000.000) 01/28 01:34:36 Image size of job updated: 668576
	653  -  MemoryUsage of job (MB)
	668572  -  ResidentSetSize of job (KB)
...
006 (208746.000.000) 01/28 01:39:37 Image size of job updated: 669188
	654  -  MemoryUsage of job (MB)
	669184  -  ResidentSetSize of job (KB)
...
006 (208746.000.000) 01/28 01:44:38 Image size of job updated: 669796
	655  -  MemoryUsage of job (MB)
	669792  -  ResidentSetSize of job (KB)
...
006 (208746.000.000) 01/28 01:49:39 Image size of job updated: 670408
	655  -  MemoryUsage of job (MB)
	670404  -  ResidentSetSize of job (KB)
...
006 (208746.000.000) 01/28 01:54:39 Image size of job updated: 671016
	656  -  MemoryUsage of job (MB)
	671012  -  ResidentSetSize of job (KB)
...
006 (208746.000.000) 01/28 01:59:40 Image size of job updated: 671624
	656  -  MemoryUsage of job (MB)
	671620  -  ResidentSetSize of job (KB)
...
006 (208746.000.000) 01/28 02:04:41 Image size of job updated: 672236
	657  -  MemoryUsage of job (MB)
	672232  -  ResidentSetSize of job (KB)
...
006 (208746.000.000) 01/28 02:09:41 Image size of job updated: 672844
	658  -  MemoryUsage of job (MB)
	672840  -  ResidentSetSize of job (KB)
...
006 (208746.000.000) 01/28 02:14:41 Image size of job updated: 673452
	658  -  MemoryUsage of job (MB)
	673448  -  ResidentSetSize of job (KB)
...
006 (208746.000.000) 01/28 02:19:42 Image size of job updated: 674064
	659  -  MemoryUsage of job (MB)
	674060  -  ResidentSetSize of job (KB)
...
006 (208746.000.000) 01/28 02:24:43 Image size of job updated: 674672
	659  -  MemoryUsage of job (MB)
	674668  -  ResidentSetSize of job (KB)
...
006 (208746.000.000) 01/28 02:29:43 Image size of job updated: 675280
	660  -  MemoryUsage of job (MB)
	675276  -  ResidentSetSize of job (KB)
...
006 (208746.000.000) 01/28 02:34:43 Image size of job updated: 675888
	661  -  MemoryUsage of job (MB)
	675884  -  ResidentSetSize of job (KB)
...
006 (208746.000.000) 01/28 02:39:44 Image size of job updated: 676500
	661  -  MemoryUsage of job (MB)
	676496  -  ResidentSetSize of job (KB)
...
006 (208746.000.000) 01/28 02:44:45 Image size of job updated: 677108
	662  -  MemoryUsage of job (MB)
	677104  -  ResidentSetSize of job (KB)
...
006 (208746.000.000) 01/28 02:49:45 Image size of job updated: 677716
	662  -  MemoryUsage of job (MB)
	677712  -  ResidentSetSize of job (KB)
...
006 (208746.000.000) 01/28 02:54:45 Image size of job updated: 678328
	663  -  MemoryUsage of job (MB)
	678324  -  ResidentSetSize of job (KB)
...
006 (208746.000.000) 01/28 02:59:46 Image size of job updated: 678936
	664  -  MemoryUsage of job (MB)
	678932  -  ResidentSetSize of job (KB)
...
006 (208746.000.000) 01/28 03:04:47 Image size of job updated: 679544
	664  -  MemoryUsage of job (MB)
	679540  -  ResidentSetSize of job (KB)
...
006 (208746.000.000) 01/28 03:09:47 Image size of job updated: 680156
	665  -  MemoryUsage of job (MB)
	680152  -  ResidentSetSize of job (KB)
...
006 (208746.000.000) 01/28 03:14:47 Image size of job updated: 680764
	665  -  MemoryUsage of job (MB)
	680760  -  ResidentSetSize of job (KB)
...
006 (208746.000.000) 01/28 03:19:48 Image size of job updated: 681372
	666  -  MemoryUsage of job (MB)
	681368  -  ResidentSetSize of job (KB)
...
006 (208746.000.000) 01/28 03:24:49 Image size of job updated: 681980
	666  -  MemoryUsage of job (MB)
	681976  -  ResidentSetSize of job (KB)
...
006 (208746.000.000) 01/28 03:29:49 Image size of job updated: 682588
	667  -  MemoryUsage of job (MB)
	682584  -  ResidentSetSize of job (KB)
...
006 (208746.000.000) 01/28 03:34:49 Image size of job updated: 683200
	668  -  MemoryUsage of job (MB)
	683196  -  ResidentSetSize of job (KB)
...
006 (208746.000.000) 01/28 03:39:50 Image size of job updated: 683808
	668  -  MemoryUsage of job (MB)
	683804  -  ResidentSetSize of job (KB)
...
006 (208746.000.000) 01/28 03:44:51 Image size of job updated: 684416
	669  -  MemoryUsage of job (MB)
	684412  -  ResidentSetSize of job (KB)
...
006 (208746.000.000) 01/28 03:49:51 Image size of job updated: 685028
	669  -  MemoryUsage of job (MB)
	685024  -  ResidentSetSize of job (KB)
...
006 (208746.000.000) 01/28 03:54:51 Image size of job updated: 685636
	670  -  MemoryUsage of job (MB)
	685632  -  ResidentSetSize of job (KB)
...
006 (208746.000.000) 01/28 03:59:52 Image size of job updated: 686244
	671  -  MemoryUsage of job (MB)
	686240  -  ResidentSetSize of job (KB)
...
006 (208746.000.000) 01/28 04:04:52 Image size of job updated: 686852
	671  -  MemoryUsage of job (MB)
	686848  -  ResidentSetSize of job (KB)
...
006 (208746.000.000) 01/28 04:09:52 Image size of job updated: 687460
	672  -  MemoryUsage of job (MB)
	687456  -  ResidentSetSize of job (KB)
...
006 (208746.000.000) 01/28 04:14:53 Image size of job updated: 688068
	672  -  MemoryUsage of job (MB)
	688064  -  ResidentSetSize of job (KB)
...
006 (208746.000.000) 01/28 04:19:54 Image size of job updated: 688680
	673  -  MemoryUsage of job (MB)
	688676  -  ResidentSetSize of job (KB)
...
006 (208746.000.000) 01/28 04:24:54 Image size of job updated: 689288
	674  -  MemoryUsage of job (MB)
	689284  -  ResidentSetSize of job (KB)
...
006 (208746.000.000) 01/28 04:29:54 Image size of job updated: 689896
	674  -  MemoryUsage of job (MB)
	689892  -  ResidentSetSize of job (KB)
...
006 (208746.000.000) 01/28 04:34:55 Image size of job updated: 690504
	675  -  MemoryUsage of job (MB)
	690500  -  ResidentSetSize of job (KB)
...
006 (208746.000.000) 01/28 04:39:56 Image size of job updated: 691116
	675  -  MemoryUsage of job (MB)
	691112  -  ResidentSetSize of job (KB)
...
006 (208746.000.000) 01/28 04:44:56 Image size of job updated: 691724
	676  -  MemoryUsage of job (MB)
	691720  -  ResidentSetSize of job (KB)
...
006 (208746.000.000) 01/28 04:49:56 Image size of job updated: 692332
	677  -  MemoryUsage of job (MB)
	692328  -  ResidentSetSize of job (KB)
...
006 (208746.000.000) 01/28 04:54:57 Image size of job updated: 692944
	677  -  MemoryUsage of job (MB)
	692940  -  ResidentSetSize of job (KB)
...
006 (208746.000.000) 01/28 04:59:58 Image size of job updated: 693552
	678  -  MemoryUsage of job (MB)
	693548  -  ResidentSetSize of job (KB)
...
006 (208746.000.000) 01/28 05:04:58 Image size of job updated: 694160
	678  -  MemoryUsage of job (MB)
	694156  -  ResidentSetSize of job (KB)
...
006 (208746.000.000) 01/28 05:09:59 Image size of job updated: 694772
	679  -  MemoryUsage of job (MB)
	694768  -  ResidentSetSize of job (KB)
...
006 (208746.000.000) 01/28 05:15:00 Image size of job updated: 695380
	680  -  MemoryUsage of job (MB)
	695376  -  ResidentSetSize of job (KB)
...
006 (208746.000.000) 01/28 05:20:01 Image size of job updated: 695988
	680  -  MemoryUsage of job (MB)
	695984  -  ResidentSetSize of job (KB)
...
006 (208746.000.000) 01/28 05:25:01 Image size of job updated: 696600
	681  -  MemoryUsage of job (MB)
	696596  -  ResidentSetSize of job (KB)
...
006 (208746.000.000) 01/28 05:30:01 Image size of job updated: 697208
	681  -  MemoryUsage of job (MB)
	697204  -  ResidentSetSize of job (KB)
...
006 (208746.000.000) 01/28 05:35:02 Image size of job updated: 697816
	682  -  MemoryUsage of job (MB)
	697812  -  ResidentSetSize of job (KB)
...
006 (208746.000.000) 01/28 05:40:03 Image size of job updated: 698428
	683  -  MemoryUsage of job (MB)
	698424  -  ResidentSetSize of job (KB)
...
006 (208746.000.000) 01/28 05:45:04 Image size of job updated: 699036
	683  -  MemoryUsage of job (MB)
	699032  -  ResidentSetSize of job (KB)
...
006 (208746.000.000) 01/28 05:50:04 Image size of job updated: 699644
	684  -  MemoryUsage of job (MB)
	699640  -  ResidentSetSize of job (KB)
...
006 (208746.000.000) 01/28 05:55:05 Image size of job updated: 700252
	684  -  MemoryUsage of job (MB)
	700248  -  ResidentSetSize of job (KB)
...
006 (208746.000.000) 01/28 06:00:06 Image size of job updated: 700864
	685  -  MemoryUsage of job (MB)
	700860  -  ResidentSetSize of job (KB)
...
006 (208746.000.000) 01/28 06:05:06 Image size of job updated: 701472
	686  -  MemoryUsage of job (MB)
	701468  -  ResidentSetSize of job (KB)
...
006 (208746.000.000) 01/28 06:10:06 Image size of job updated: 702080
	686  -  MemoryUsage of job (MB)
	702076  -  ResidentSetSize of job (KB)
...
006 (208746.000.000) 01/28 06:15:07 Image size of job updated: 702688
	687  -  MemoryUsage of job (MB)
	702684  -  ResidentSetSize of job (KB)
...
006 (208746.000.000) 01/28 06:20:08 Image size of job updated: 703300
	687  -  MemoryUsage of job (MB)
	703296  -  ResidentSetSize of job (KB)
...
006 (208746.000.000) 01/28 06:25:08 Image size of job updated: 703908
	688  -  MemoryUsage of job (MB)
	703904  -  ResidentSetSize of job (KB)
...
006 (208746.000.000) 01/28 06:30:08 Image size of job updated: 704516
	688  -  MemoryUsage of job (MB)
	704512  -  ResidentSetSize of job (KB)
...
006 (208746.000.000) 01/28 06:35:09 Image size of job updated: 705128
	689  -  MemoryUsage of job (MB)
	705124  -  ResidentSetSize of job (KB)
...
006 (208746.000.000) 01/28 06:40:10 Image size of job updated: 705736
	690  -  MemoryUsage of job (MB)
	705732  -  ResidentSetSize of job (KB)
...
006 (208746.000.000) 01/28 06:45:10 Image size of job updated: 706344
	690  -  MemoryUsage of job (MB)
	706340  -  ResidentSetSize of job (KB)
...
006 (208746.000.000) 01/28 06:50:10 Image size of job updated: 706952
	691  -  MemoryUsage of job (MB)
	706948  -  ResidentSetSize of job (KB)
...
006 (208746.000.000) 01/28 06:55:11 Image size of job updated: 707564
	691  -  MemoryUsage of job (MB)
	707560  -  ResidentSetSize of job (KB)
...
006 (208746.000.000) 01/28 07:00:12 Image size of job updated: 708172
	692  -  MemoryUsage of job (MB)
	708168  -  ResidentSetSize of job (KB)
...
006 (208746.000.000) 01/28 07:05:12 Image size of job updated: 708780
	693  -  MemoryUsage of job (MB)
	708776  -  ResidentSetSize of job (KB)
...
006 (208746.000.000) 01/28 07:10:12 Image size of job updated: 709388
	693  -  MemoryUsage of job (MB)
	709384  -  ResidentSetSize of job (KB)
...
006 (208746.000.000) 01/28 07:15:13 Image size of job updated: 709996
	694  -  MemoryUsage of job (MB)
	709992  -  ResidentSetSize of job (KB)
...
006 (208746.000.000) 01/28 07:20:14 Image size of job updated: 710608
	694  -  MemoryUsage of job (MB)
	710604  -  ResidentSetSize of job (KB)
...
006 (208746.000.000) 01/28 07:25:14 Image size of job updated: 711216
	695  -  MemoryUsage of job (MB)
	711212  -  ResidentSetSize of job (KB)
...
006 (208746.000.000) 01/28 07:30:14 Image size of job updated: 711820
	696  -  MemoryUsage of job (MB)
	711816  -  ResidentSetSize of job (KB)
...
006 (208746.000.000) 01/28 07:35:15 Image size of job updated: 712432
	696  -  MemoryUsage of job (MB)
	712428  -  ResidentSetSize of job (KB)
...
006 (208746.000.000) 01/28 07:40:16 Image size of job updated: 713040
	697  -  MemoryUsage of job (MB)
	713036  -  ResidentSetSize of job (KB)
...
006 (208746.000.000) 01/28 07:45:16 Image size of job updated: 713652
	697  -  MemoryUsage of job (MB)
	713648  -  ResidentSetSize of job (KB)
...
006 (208746.000.000) 01/28 07:50:16 Image size of job updated: 714260
	698  -  MemoryUsage of job (MB)
	714256  -  ResidentSetSize of job (KB)
...
006 (208746.000.000) 01/28 07:55:18 Image size of job updated: 714868
	699  -  MemoryUsage of job (MB)
	714864  -  ResidentSetSize of job (KB)
...
006 (208746.000.000) 01/28 08:00:18 Image size of job updated: 715480
	699  -  MemoryUsage of job (MB)
	715476  -  ResidentSetSize of job (KB)
...
006 (208746.000.000) 01/28 08:05:05 Image size of job updated: 716052
	699  -  MemoryUsage of job (MB)
	715476  -  ResidentSetSize of job (KB)
...
004 (208746.000.000) 01/28 08:05:05 Job was evicted.
	(0) Job was not checkpointed.
		Usr 1 13:34:44, Sys 0 00:03:14  -  Run Remote Usage
		Usr 0 00:00:00, Sys 0 00:00:00  -  Run Local Usage
	0  -  Run Bytes Sent By Job
	0  -  Run Bytes Received By Job
	Partitionable Resources :    Usage  Request Allocated 
	   Cpus                 :     1.00        1         1 
	   Disk (KB)            : 15000       15000     44180 
	   Memory (MB)          :   699        5000      5120 
...
009 (208746.000.000) 01/28 08:05:06 Job was aborted by the user.
	via condor_rm (by user jmoondra3)
...
