000 (208745.000.000) 01/26 18:25:56 Job submitted from host: <130.207.91.92:9618?addrs=130.207.91.92-9618&noUDP&sock=1641_2b00_4>
...
001 (208745.000.000) 01/26 18:25:57 Job executing on host: <10.1.9.101:9618?addrs=10.1.9.101-9618&noUDP&sock=8769_6212_3>
...
006 (208745.000.000) 01/26 18:26:05 Image size of job updated: 57552
	57  -  MemoryUsage of job (MB)
	57548  -  ResidentSetSize of job (KB)
...
006 (208745.000.000) 01/26 18:31:05 Image size of job updated: 57792
	57  -  MemoryUsage of job (MB)
	57788  -  ResidentSetSize of job (KB)
...
006 (208745.000.000) 01/26 18:36:06 Image size of job updated: 57796
	57  -  MemoryUsage of job (MB)
	57792  -  ResidentSetSize of job (KB)
...
006 (208745.000.000) 01/26 18:41:06 Image size of job updated: 57804
	57  -  MemoryUsage of job (MB)
	57800  -  ResidentSetSize of job (KB)
...
006 (208745.000.000) 01/26 18:46:06 Image size of job updated: 57824
	57  -  MemoryUsage of job (MB)
	57820  -  ResidentSetSize of job (KB)
...
006 (208745.000.000) 01/26 18:51:07 Image size of job updated: 57852
	57  -  MemoryUsage of job (MB)
	57848  -  ResidentSetSize of job (KB)
...
006 (208745.000.000) 01/26 19:06:08 Image size of job updated: 57856
	57  -  MemoryUsage of job (MB)
	57852  -  ResidentSetSize of job (KB)
...
006 (208745.000.000) 01/26 19:11:08 Image size of job updated: 57888
	57  -  MemoryUsage of job (MB)
	57884  -  ResidentSetSize of job (KB)
...
006 (208745.000.000) 01/26 19:16:08 Image size of job updated: 57900
	57  -  MemoryUsage of job (MB)
	57896  -  ResidentSetSize of job (KB)
...
006 (208745.000.000) 01/26 19:21:09 Image size of job updated: 57908
	57  -  MemoryUsage of job (MB)
	57904  -  ResidentSetSize of job (KB)
...
006 (208745.000.000) 01/26 19:31:09 Image size of job updated: 59108
	58  -  MemoryUsage of job (MB)
	59104  -  ResidentSetSize of job (KB)
...
006 (208745.000.000) 01/26 19:36:10 Image size of job updated: 59144
	58  -  MemoryUsage of job (MB)
	59140  -  ResidentSetSize of job (KB)
...
006 (208745.000.000) 01/26 19:41:11 Image size of job updated: 59344
	58  -  MemoryUsage of job (MB)
	59340  -  ResidentSetSize of job (KB)
...
006 (208745.000.000) 01/26 19:46:11 Image size of job updated: 59476
	59  -  MemoryUsage of job (MB)
	59472  -  ResidentSetSize of job (KB)
...
006 (208745.000.000) 01/26 19:51:12 Image size of job updated: 59600
	59  -  MemoryUsage of job (MB)
	59596  -  ResidentSetSize of job (KB)
...
006 (208745.000.000) 01/26 19:56:13 Image size of job updated: 59664
	59  -  MemoryUsage of job (MB)
	59660  -  ResidentSetSize of job (KB)
...
006 (208745.000.000) 01/26 20:01:14 Image size of job updated: 59760
	59  -  MemoryUsage of job (MB)
	59756  -  ResidentSetSize of job (KB)
...
006 (208745.000.000) 01/26 20:06:15 Image size of job updated: 59772
	59  -  MemoryUsage of job (MB)
	59768  -  ResidentSetSize of job (KB)
...
006 (208745.000.000) 01/26 20:11:16 Image size of job updated: 96268
	95  -  MemoryUsage of job (MB)
	96264  -  ResidentSetSize of job (KB)
...
006 (208745.000.000) 01/26 20:16:16 Image size of job updated: 193928
	190  -  MemoryUsage of job (MB)
	193924  -  ResidentSetSize of job (KB)
...
006 (208745.000.000) 01/26 20:21:16 Image size of job updated: 287220
	281  -  MemoryUsage of job (MB)
	287216  -  ResidentSetSize of job (KB)
...
006 (208745.000.000) 01/26 20:26:16 Image size of job updated: 388152
	380  -  MemoryUsage of job (MB)
	388148  -  ResidentSetSize of job (KB)
...
006 (208745.000.000) 01/26 20:31:17 Image size of job updated: 479820
	469  -  MemoryUsage of job (MB)
	479816  -  ResidentSetSize of job (KB)
...
006 (208745.000.000) 01/26 20:36:18 Image size of job updated: 564788
	552  -  MemoryUsage of job (MB)
	564784  -  ResidentSetSize of job (KB)
...
006 (208745.000.000) 01/26 20:41:19 Image size of job updated: 581148
	568  -  MemoryUsage of job (MB)
	581144  -  ResidentSetSize of job (KB)
...
006 (208745.000.000) 01/27 10:17:41 Image size of job updated: 581404
	568  -  MemoryUsage of job (MB)
	581400  -  ResidentSetSize of job (KB)
...
006 (208745.000.000) 01/27 10:22:42 Image size of job updated: 582024
	569  -  MemoryUsage of job (MB)
	582020  -  ResidentSetSize of job (KB)
...
006 (208745.000.000) 01/27 10:27:43 Image size of job updated: 582640
	569  -  MemoryUsage of job (MB)
	582636  -  ResidentSetSize of job (KB)
...
006 (208745.000.000) 01/27 10:32:43 Image size of job updated: 583260
	570  -  MemoryUsage of job (MB)
	583256  -  ResidentSetSize of job (KB)
...
006 (208745.000.000) 01/27 10:37:43 Image size of job updated: 583876
	571  -  MemoryUsage of job (MB)
	583872  -  ResidentSetSize of job (KB)
...
006 (208745.000.000) 01/27 10:42:44 Image size of job updated: 584492
	571  -  MemoryUsage of job (MB)
	584488  -  ResidentSetSize of job (KB)
...
006 (208745.000.000) 01/27 10:47:45 Image size of job updated: 585112
	572  -  MemoryUsage of job (MB)
	585108  -  ResidentSetSize of job (KB)
...
006 (208745.000.000) 01/27 10:52:46 Image size of job updated: 585728
	572  -  MemoryUsage of job (MB)
	585724  -  ResidentSetSize of job (KB)
...
006 (208745.000.000) 01/27 10:57:46 Image size of job updated: 586344
	573  -  MemoryUsage of job (MB)
	586340  -  ResidentSetSize of job (KB)
...
006 (208745.000.000) 01/27 11:02:47 Image size of job updated: 586964
	574  -  MemoryUsage of job (MB)
	586960  -  ResidentSetSize of job (KB)
...
006 (208745.000.000) 01/27 11:07:48 Image size of job updated: 587580
	574  -  MemoryUsage of job (MB)
	587576  -  ResidentSetSize of job (KB)
...
006 (208745.000.000) 01/27 11:12:49 Image size of job updated: 588196
	575  -  MemoryUsage of job (MB)
	588192  -  ResidentSetSize of job (KB)
...
006 (208745.000.000) 01/27 11:17:49 Image size of job updated: 588812
	576  -  MemoryUsage of job (MB)
	588808  -  ResidentSetSize of job (KB)
...
006 (208745.000.000) 01/27 11:22:49 Image size of job updated: 589428
	576  -  MemoryUsage of job (MB)
	589424  -  ResidentSetSize of job (KB)
...
006 (208745.000.000) 01/27 11:27:50 Image size of job updated: 590048
	577  -  MemoryUsage of job (MB)
	590044  -  ResidentSetSize of job (KB)
...
006 (208745.000.000) 01/27 11:32:51 Image size of job updated: 590664
	577  -  MemoryUsage of job (MB)
	590660  -  ResidentSetSize of job (KB)
...
006 (208745.000.000) 01/27 11:37:51 Image size of job updated: 591280
	578  -  MemoryUsage of job (MB)
	591276  -  ResidentSetSize of job (KB)
...
006 (208745.000.000) 01/27 11:42:51 Image size of job updated: 591900
	579  -  MemoryUsage of job (MB)
	591896  -  ResidentSetSize of job (KB)
...
006 (208745.000.000) 01/27 11:47:53 Image size of job updated: 592516
	579  -  MemoryUsage of job (MB)
	592512  -  ResidentSetSize of job (KB)
...
006 (208745.000.000) 01/27 11:52:53 Image size of job updated: 593132
	580  -  MemoryUsage of job (MB)
	593128  -  ResidentSetSize of job (KB)
...
006 (208745.000.000) 01/27 11:57:53 Image size of job updated: 593748
	580  -  MemoryUsage of job (MB)
	593744  -  ResidentSetSize of job (KB)
...
006 (208745.000.000) 01/27 12:02:54 Image size of job updated: 594368
	581  -  MemoryUsage of job (MB)
	594364  -  ResidentSetSize of job (KB)
...
006 (208745.000.000) 01/27 12:07:55 Image size of job updated: 594984
	582  -  MemoryUsage of job (MB)
	594980  -  ResidentSetSize of job (KB)
...
006 (208745.000.000) 01/27 12:12:55 Image size of job updated: 595600
	582  -  MemoryUsage of job (MB)
	595596  -  ResidentSetSize of job (KB)
...
006 (208745.000.000) 01/27 12:17:55 Image size of job updated: 596216
	583  -  MemoryUsage of job (MB)
	596212  -  ResidentSetSize of job (KB)
...
006 (208745.000.000) 01/27 12:22:55 Image size of job updated: 596832
	583  -  MemoryUsage of job (MB)
	596828  -  ResidentSetSize of job (KB)
...
006 (208745.000.000) 01/27 12:27:56 Image size of job updated: 597452
	584  -  MemoryUsage of job (MB)
	597448  -  ResidentSetSize of job (KB)
...
006 (208745.000.000) 01/27 12:32:57 Image size of job updated: 598068
	585  -  MemoryUsage of job (MB)
	598064  -  ResidentSetSize of job (KB)
...
006 (208745.000.000) 01/27 12:37:57 Image size of job updated: 598684
	585  -  MemoryUsage of job (MB)
	598680  -  ResidentSetSize of job (KB)
...
006 (208745.000.000) 01/27 12:42:57 Image size of job updated: 599296
	586  -  MemoryUsage of job (MB)
	599292  -  ResidentSetSize of job (KB)
...
006 (208745.000.000) 01/27 12:47:58 Image size of job updated: 599920
	586  -  MemoryUsage of job (MB)
	599916  -  ResidentSetSize of job (KB)
...
006 (208745.000.000) 01/27 12:52:59 Image size of job updated: 600536
	587  -  MemoryUsage of job (MB)
	600532  -  ResidentSetSize of job (KB)
...
006 (208745.000.000) 01/27 12:57:59 Image size of job updated: 601152
	588  -  MemoryUsage of job (MB)
	601148  -  ResidentSetSize of job (KB)
...
006 (208745.000.000) 01/27 13:02:59 Image size of job updated: 601768
	588  -  MemoryUsage of job (MB)
	601764  -  ResidentSetSize of job (KB)
...
006 (208745.000.000) 01/27 13:08:00 Image size of job updated: 602388
	589  -  MemoryUsage of job (MB)
	602384  -  ResidentSetSize of job (KB)
...
006 (208745.000.000) 01/27 13:13:01 Image size of job updated: 603004
	589  -  MemoryUsage of job (MB)
	603000  -  ResidentSetSize of job (KB)
...
006 (208745.000.000) 01/27 13:18:01 Image size of job updated: 603620
	590  -  MemoryUsage of job (MB)
	603616  -  ResidentSetSize of job (KB)
...
006 (208745.000.000) 01/27 13:23:01 Image size of job updated: 604236
	591  -  MemoryUsage of job (MB)
	604232  -  ResidentSetSize of job (KB)
...
006 (208745.000.000) 01/27 13:28:02 Image size of job updated: 604856
	591  -  MemoryUsage of job (MB)
	604852  -  ResidentSetSize of job (KB)
...
006 (208745.000.000) 01/27 13:33:03 Image size of job updated: 605472
	592  -  MemoryUsage of job (MB)
	605468  -  ResidentSetSize of job (KB)
...
006 (208745.000.000) 01/27 13:38:03 Image size of job updated: 606088
	592  -  MemoryUsage of job (MB)
	606084  -  ResidentSetSize of job (KB)
...
006 (208745.000.000) 01/27 13:43:03 Image size of job updated: 606704
	593  -  MemoryUsage of job (MB)
	606700  -  ResidentSetSize of job (KB)
...
006 (208745.000.000) 01/27 13:48:04 Image size of job updated: 607324
	594  -  MemoryUsage of job (MB)
	607320  -  ResidentSetSize of job (KB)
...
006 (208745.000.000) 01/27 13:53:05 Image size of job updated: 607940
	594  -  MemoryUsage of job (MB)
	607936  -  ResidentSetSize of job (KB)
...
006 (208745.000.000) 01/27 13:58:05 Image size of job updated: 608556
	595  -  MemoryUsage of job (MB)
	608552  -  ResidentSetSize of job (KB)
...
006 (208745.000.000) 01/27 14:03:05 Image size of job updated: 609172
	595  -  MemoryUsage of job (MB)
	609168  -  ResidentSetSize of job (KB)
...
006 (208745.000.000) 01/27 14:08:06 Image size of job updated: 609788
	596  -  MemoryUsage of job (MB)
	609784  -  ResidentSetSize of job (KB)
...
006 (208745.000.000) 01/27 14:13:06 Image size of job updated: 610404
	597  -  MemoryUsage of job (MB)
	610400  -  ResidentSetSize of job (KB)
...
006 (208745.000.000) 01/27 14:18:06 Image size of job updated: 611020
	597  -  MemoryUsage of job (MB)
	611016  -  ResidentSetSize of job (KB)
...
006 (208745.000.000) 01/27 14:23:06 Image size of job updated: 611636
	598  -  MemoryUsage of job (MB)
	611632  -  ResidentSetSize of job (KB)
...
006 (208745.000.000) 01/27 14:28:07 Image size of job updated: 612256
	598  -  MemoryUsage of job (MB)
	612252  -  ResidentSetSize of job (KB)
...
006 (208745.000.000) 01/27 14:33:08 Image size of job updated: 612872
	599  -  MemoryUsage of job (MB)
	612868  -  ResidentSetSize of job (KB)
...
006 (208745.000.000) 01/27 14:38:08 Image size of job updated: 613488
	600  -  MemoryUsage of job (MB)
	613484  -  ResidentSetSize of job (KB)
...
006 (208745.000.000) 01/27 14:43:08 Image size of job updated: 614104
	600  -  MemoryUsage of job (MB)
	614100  -  ResidentSetSize of job (KB)
...
006 (208745.000.000) 01/27 14:48:09 Image size of job updated: 614724
	601  -  MemoryUsage of job (MB)
	614720  -  ResidentSetSize of job (KB)
...
006 (208745.000.000) 01/27 14:53:10 Image size of job updated: 615340
	601  -  MemoryUsage of job (MB)
	615336  -  ResidentSetSize of job (KB)
...
006 (208745.000.000) 01/27 14:58:10 Image size of job updated: 615952
	602  -  MemoryUsage of job (MB)
	615948  -  ResidentSetSize of job (KB)
...
006 (208745.000.000) 01/27 15:03:10 Image size of job updated: 616572
	603  -  MemoryUsage of job (MB)
	616568  -  ResidentSetSize of job (KB)
...
006 (208745.000.000) 01/27 15:08:11 Image size of job updated: 617188
	603  -  MemoryUsage of job (MB)
	617184  -  ResidentSetSize of job (KB)
...
006 (208745.000.000) 01/27 15:13:12 Image size of job updated: 617808
	604  -  MemoryUsage of job (MB)
	617804  -  ResidentSetSize of job (KB)
...
006 (208745.000.000) 01/27 15:18:12 Image size of job updated: 618424
	604  -  MemoryUsage of job (MB)
	618420  -  ResidentSetSize of job (KB)
...
006 (208745.000.000) 01/27 15:23:12 Image size of job updated: 619040
	605  -  MemoryUsage of job (MB)
	619036  -  ResidentSetSize of job (KB)
...
006 (208745.000.000) 01/27 15:28:13 Image size of job updated: 619656
	606  -  MemoryUsage of job (MB)
	619652  -  ResidentSetSize of job (KB)
...
006 (208745.000.000) 01/27 15:33:14 Image size of job updated: 620272
	606  -  MemoryUsage of job (MB)
	620268  -  ResidentSetSize of job (KB)
...
006 (208745.000.000) 01/27 15:38:14 Image size of job updated: 620892
	607  -  MemoryUsage of job (MB)
	620888  -  ResidentSetSize of job (KB)
...
006 (208745.000.000) 01/27 15:43:14 Image size of job updated: 621508
	607  -  MemoryUsage of job (MB)
	621504  -  ResidentSetSize of job (KB)
...
006 (208745.000.000) 01/27 15:48:15 Image size of job updated: 622128
	608  -  MemoryUsage of job (MB)
	622124  -  ResidentSetSize of job (KB)
...
006 (208745.000.000) 01/27 15:53:16 Image size of job updated: 622744
	609  -  MemoryUsage of job (MB)
	622740  -  ResidentSetSize of job (KB)
...
006 (208745.000.000) 01/27 15:58:16 Image size of job updated: 623360
	609  -  MemoryUsage of job (MB)
	623356  -  ResidentSetSize of job (KB)
...
006 (208745.000.000) 01/27 16:03:16 Image size of job updated: 623976
	610  -  MemoryUsage of job (MB)
	623972  -  ResidentSetSize of job (KB)
...
006 (208745.000.000) 01/27 16:08:17 Image size of job updated: 624596
	610  -  MemoryUsage of job (MB)
	624592  -  ResidentSetSize of job (KB)
...
006 (208745.000.000) 01/27 16:13:18 Image size of job updated: 625216
	611  -  MemoryUsage of job (MB)
	625212  -  ResidentSetSize of job (KB)
...
006 (208745.000.000) 01/27 16:18:18 Image size of job updated: 625832
	612  -  MemoryUsage of job (MB)
	625828  -  ResidentSetSize of job (KB)
...
006 (208745.000.000) 01/27 16:23:18 Image size of job updated: 626448
	612  -  MemoryUsage of job (MB)
	626444  -  ResidentSetSize of job (KB)
...
006 (208745.000.000) 01/27 16:28:19 Image size of job updated: 627068
	613  -  MemoryUsage of job (MB)
	627064  -  ResidentSetSize of job (KB)
...
006 (208745.000.000) 01/27 16:33:20 Image size of job updated: 627684
	613  -  MemoryUsage of job (MB)
	627680  -  ResidentSetSize of job (KB)
...
006 (208745.000.000) 01/27 16:38:20 Image size of job updated: 628300
	614  -  MemoryUsage of job (MB)
	628296  -  ResidentSetSize of job (KB)
...
006 (208745.000.000) 01/27 16:43:20 Image size of job updated: 628916
	615  -  MemoryUsage of job (MB)
	628912  -  ResidentSetSize of job (KB)
...
006 (208745.000.000) 01/27 16:48:21 Image size of job updated: 629536
	615  -  MemoryUsage of job (MB)
	629532  -  ResidentSetSize of job (KB)
...
006 (208745.000.000) 01/27 16:53:22 Image size of job updated: 630152
	616  -  MemoryUsage of job (MB)
	630148  -  ResidentSetSize of job (KB)
...
006 (208745.000.000) 01/27 16:58:22 Image size of job updated: 630768
	616  -  MemoryUsage of job (MB)
	630764  -  ResidentSetSize of job (KB)
...
006 (208745.000.000) 01/27 17:03:22 Image size of job updated: 631384
	617  -  MemoryUsage of job (MB)
	631380  -  ResidentSetSize of job (KB)
...
006 (208745.000.000) 01/27 17:08:23 Image size of job updated: 632004
	618  -  MemoryUsage of job (MB)
	632000  -  ResidentSetSize of job (KB)
...
006 (208745.000.000) 01/27 17:13:24 Image size of job updated: 632620
	618  -  MemoryUsage of job (MB)
	632616  -  ResidentSetSize of job (KB)
...
006 (208745.000.000) 01/27 17:18:24 Image size of job updated: 633236
	619  -  MemoryUsage of job (MB)
	633232  -  ResidentSetSize of job (KB)
...
006 (208745.000.000) 01/27 17:23:24 Image size of job updated: 633852
	619  -  MemoryUsage of job (MB)
	633848  -  ResidentSetSize of job (KB)
...
006 (208745.000.000) 01/27 17:28:25 Image size of job updated: 634472
	620  -  MemoryUsage of job (MB)
	634468  -  ResidentSetSize of job (KB)
...
006 (208745.000.000) 01/27 17:33:26 Image size of job updated: 635088
	621  -  MemoryUsage of job (MB)
	635084  -  ResidentSetSize of job (KB)
...
006 (208745.000.000) 01/27 17:38:26 Image size of job updated: 635704
	621  -  MemoryUsage of job (MB)
	635700  -  ResidentSetSize of job (KB)
...
006 (208745.000.000) 01/27 17:43:26 Image size of job updated: 636320
	622  -  MemoryUsage of job (MB)
	636316  -  ResidentSetSize of job (KB)
...
006 (208745.000.000) 01/27 17:48:27 Image size of job updated: 636936
	623  -  MemoryUsage of job (MB)
	636932  -  ResidentSetSize of job (KB)
...
006 (208745.000.000) 01/27 17:53:28 Image size of job updated: 637552
	623  -  MemoryUsage of job (MB)
	637548  -  ResidentSetSize of job (KB)
...
006 (208745.000.000) 01/27 17:58:28 Image size of job updated: 638168
	624  -  MemoryUsage of job (MB)
	638164  -  ResidentSetSize of job (KB)
...
006 (208745.000.000) 01/27 18:03:28 Image size of job updated: 638788
	624  -  MemoryUsage of job (MB)
	638784  -  ResidentSetSize of job (KB)
...
006 (208745.000.000) 01/27 18:08:29 Image size of job updated: 639404
	625  -  MemoryUsage of job (MB)
	639400  -  ResidentSetSize of job (KB)
...
006 (208745.000.000) 01/27 18:13:29 Image size of job updated: 640020
	626  -  MemoryUsage of job (MB)
	640016  -  ResidentSetSize of job (KB)
...
006 (208745.000.000) 01/27 18:18:29 Image size of job updated: 640636
	626  -  MemoryUsage of job (MB)
	640632  -  ResidentSetSize of job (KB)
...
006 (208745.000.000) 01/27 18:23:30 Image size of job updated: 641256
	627  -  MemoryUsage of job (MB)
	641252  -  ResidentSetSize of job (KB)
...
006 (208745.000.000) 01/27 18:28:31 Image size of job updated: 641876
	627  -  MemoryUsage of job (MB)
	641872  -  ResidentSetSize of job (KB)
...
006 (208745.000.000) 01/27 18:33:32 Image size of job updated: 642492
	628  -  MemoryUsage of job (MB)
	642488  -  ResidentSetSize of job (KB)
...
006 (208745.000.000) 01/27 18:38:32 Image size of job updated: 643108
	629  -  MemoryUsage of job (MB)
	643104  -  ResidentSetSize of job (KB)
...
006 (208745.000.000) 01/27 18:43:32 Image size of job updated: 643724
	629  -  MemoryUsage of job (MB)
	643720  -  ResidentSetSize of job (KB)
...
006 (208745.000.000) 01/27 18:48:33 Image size of job updated: 644344
	630  -  MemoryUsage of job (MB)
	644340  -  ResidentSetSize of job (KB)
...
006 (208745.000.000) 01/27 18:53:34 Image size of job updated: 644960
	630  -  MemoryUsage of job (MB)
	644956  -  ResidentSetSize of job (KB)
...
006 (208745.000.000) 01/27 18:58:34 Image size of job updated: 645576
	631  -  MemoryUsage of job (MB)
	645572  -  ResidentSetSize of job (KB)
...
006 (208745.000.000) 01/27 19:03:34 Image size of job updated: 646192
	632  -  MemoryUsage of job (MB)
	646188  -  ResidentSetSize of job (KB)
...
006 (208745.000.000) 01/27 19:08:35 Image size of job updated: 646812
	632  -  MemoryUsage of job (MB)
	646808  -  ResidentSetSize of job (KB)
...
006 (208745.000.000) 01/27 19:13:36 Image size of job updated: 647424
	633  -  MemoryUsage of job (MB)
	647420  -  ResidentSetSize of job (KB)
...
006 (208745.000.000) 01/27 19:18:36 Image size of job updated: 648044
	633  -  MemoryUsage of job (MB)
	648040  -  ResidentSetSize of job (KB)
...
006 (208745.000.000) 01/27 19:23:36 Image size of job updated: 648660
	634  -  MemoryUsage of job (MB)
	648656  -  ResidentSetSize of job (KB)
...
006 (208745.000.000) 01/27 19:28:37 Image size of job updated: 649280
	635  -  MemoryUsage of job (MB)
	649276  -  ResidentSetSize of job (KB)
...
006 (208745.000.000) 01/27 19:33:38 Image size of job updated: 649896
	635  -  MemoryUsage of job (MB)
	649892  -  ResidentSetSize of job (KB)
...
006 (208745.000.000) 01/27 19:38:38 Image size of job updated: 650512
	636  -  MemoryUsage of job (MB)
	650508  -  ResidentSetSize of job (KB)
...
006 (208745.000.000) 01/27 19:43:38 Image size of job updated: 651128
	636  -  MemoryUsage of job (MB)
	651124  -  ResidentSetSize of job (KB)
...
006 (208745.000.000) 01/27 19:48:39 Image size of job updated: 651748
	637  -  MemoryUsage of job (MB)
	651744  -  ResidentSetSize of job (KB)
...
006 (208745.000.000) 01/27 19:53:40 Image size of job updated: 652364
	638  -  MemoryUsage of job (MB)
	652360  -  ResidentSetSize of job (KB)
...
006 (208745.000.000) 01/27 19:58:40 Image size of job updated: 652980
	638  -  MemoryUsage of job (MB)
	652976  -  ResidentSetSize of job (KB)
...
006 (208745.000.000) 01/27 20:03:41 Image size of job updated: 653600
	639  -  MemoryUsage of job (MB)
	653596  -  ResidentSetSize of job (KB)
...
006 (208745.000.000) 01/27 20:08:42 Image size of job updated: 654216
	639  -  MemoryUsage of job (MB)
	654212  -  ResidentSetSize of job (KB)
...
006 (208745.000.000) 01/27 20:13:42 Image size of job updated: 654832
	640  -  MemoryUsage of job (MB)
	654828  -  ResidentSetSize of job (KB)
...
006 (208745.000.000) 01/27 20:18:42 Image size of job updated: 655448
	641  -  MemoryUsage of job (MB)
	655444  -  ResidentSetSize of job (KB)
...
006 (208745.000.000) 01/27 20:23:43 Image size of job updated: 656068
	641  -  MemoryUsage of job (MB)
	656064  -  ResidentSetSize of job (KB)
...
006 (208745.000.000) 01/27 20:28:44 Image size of job updated: 656684
	642  -  MemoryUsage of job (MB)
	656680  -  ResidentSetSize of job (KB)
...
006 (208745.000.000) 01/27 20:33:44 Image size of job updated: 657300
	642  -  MemoryUsage of job (MB)
	657296  -  ResidentSetSize of job (KB)
...
006 (208745.000.000) 01/27 20:38:44 Image size of job updated: 657916
	643  -  MemoryUsage of job (MB)
	657912  -  ResidentSetSize of job (KB)
...
006 (208745.000.000) 01/27 20:43:45 Image size of job updated: 658536
	644  -  MemoryUsage of job (MB)
	658532  -  ResidentSetSize of job (KB)
...
006 (208745.000.000) 01/27 20:48:46 Image size of job updated: 659152
	644  -  MemoryUsage of job (MB)
	659148  -  ResidentSetSize of job (KB)
...
006 (208745.000.000) 01/27 20:53:46 Image size of job updated: 659768
	645  -  MemoryUsage of job (MB)
	659764  -  ResidentSetSize of job (KB)
...
006 (208745.000.000) 01/27 20:58:46 Image size of job updated: 660384
	645  -  MemoryUsage of job (MB)
	660380  -  ResidentSetSize of job (KB)
...
006 (208745.000.000) 01/27 21:03:47 Image size of job updated: 661004
	646  -  MemoryUsage of job (MB)
	661000  -  ResidentSetSize of job (KB)
...
006 (208745.000.000) 01/27 21:08:48 Image size of job updated: 661620
	647  -  MemoryUsage of job (MB)
	661616  -  ResidentSetSize of job (KB)
...
006 (208745.000.000) 01/27 21:13:48 Image size of job updated: 662240
	647  -  MemoryUsage of job (MB)
	662236  -  ResidentSetSize of job (KB)
...
006 (208745.000.000) 01/27 21:18:48 Image size of job updated: 662856
	648  -  MemoryUsage of job (MB)
	662852  -  ResidentSetSize of job (KB)
...
006 (208745.000.000) 01/27 21:23:49 Image size of job updated: 663472
	648  -  MemoryUsage of job (MB)
	663468  -  ResidentSetSize of job (KB)
...
006 (208745.000.000) 01/27 21:28:50 Image size of job updated: 664088
	649  -  MemoryUsage of job (MB)
	664084  -  ResidentSetSize of job (KB)
...
006 (208745.000.000) 01/27 21:33:50 Image size of job updated: 664704
	650  -  MemoryUsage of job (MB)
	664700  -  ResidentSetSize of job (KB)
...
006 (208745.000.000) 01/27 21:38:51 Image size of job updated: 665324
	650  -  MemoryUsage of job (MB)
	665320  -  ResidentSetSize of job (KB)
...
006 (208745.000.000) 01/27 21:43:51 Image size of job updated: 665944
	651  -  MemoryUsage of job (MB)
	665940  -  ResidentSetSize of job (KB)
...
006 (208745.000.000) 01/27 21:48:53 Image size of job updated: 666560
	651  -  MemoryUsage of job (MB)
	666556  -  ResidentSetSize of job (KB)
...
006 (208745.000.000) 01/27 21:53:53 Image size of job updated: 667176
	652  -  MemoryUsage of job (MB)
	667172  -  ResidentSetSize of job (KB)
...
006 (208745.000.000) 01/27 21:58:53 Image size of job updated: 667796
	653  -  MemoryUsage of job (MB)
	667792  -  ResidentSetSize of job (KB)
...
006 (208745.000.000) 01/27 22:03:53 Image size of job updated: 668412
	653  -  MemoryUsage of job (MB)
	668408  -  ResidentSetSize of job (KB)
...
006 (208745.000.000) 01/27 22:08:54 Image size of job updated: 669032
	654  -  MemoryUsage of job (MB)
	669028  -  ResidentSetSize of job (KB)
...
006 (208745.000.000) 01/27 22:13:55 Image size of job updated: 669644
	654  -  MemoryUsage of job (MB)
	669640  -  ResidentSetSize of job (KB)
...
006 (208745.000.000) 01/27 22:18:55 Image size of job updated: 670264
	655  -  MemoryUsage of job (MB)
	670260  -  ResidentSetSize of job (KB)
...
006 (208745.000.000) 01/27 22:23:55 Image size of job updated: 670880
	656  -  MemoryUsage of job (MB)
	670876  -  ResidentSetSize of job (KB)
...
006 (208745.000.000) 01/27 22:28:55 Image size of job updated: 671496
	656  -  MemoryUsage of job (MB)
	671492  -  ResidentSetSize of job (KB)
...
006 (208745.000.000) 01/27 22:33:56 Image size of job updated: 672116
	657  -  MemoryUsage of job (MB)
	672112  -  ResidentSetSize of job (KB)
...
006 (208745.000.000) 01/27 22:38:57 Image size of job updated: 672732
	657  -  MemoryUsage of job (MB)
	672728  -  ResidentSetSize of job (KB)
...
006 (208745.000.000) 01/27 22:43:57 Image size of job updated: 673348
	658  -  MemoryUsage of job (MB)
	673344  -  ResidentSetSize of job (KB)
...
006 (208745.000.000) 01/27 22:48:57 Image size of job updated: 673964
	659  -  MemoryUsage of job (MB)
	673960  -  ResidentSetSize of job (KB)
...
006 (208745.000.000) 01/27 22:53:58 Image size of job updated: 674584
	659  -  MemoryUsage of job (MB)
	674580  -  ResidentSetSize of job (KB)
...
006 (208745.000.000) 01/27 22:58:59 Image size of job updated: 675200
	660  -  MemoryUsage of job (MB)
	675196  -  ResidentSetSize of job (KB)
...
006 (208745.000.000) 01/27 23:03:59 Image size of job updated: 675816
	660  -  MemoryUsage of job (MB)
	675812  -  ResidentSetSize of job (KB)
...
006 (208745.000.000) 01/27 23:09:00 Image size of job updated: 676436
	661  -  MemoryUsage of job (MB)
	676432  -  ResidentSetSize of job (KB)
...
006 (208745.000.000) 01/27 23:14:01 Image size of job updated: 677052
	662  -  MemoryUsage of job (MB)
	677048  -  ResidentSetSize of job (KB)
...
006 (208745.000.000) 01/27 23:19:01 Image size of job updated: 677672
	662  -  MemoryUsage of job (MB)
	677668  -  ResidentSetSize of job (KB)
...
006 (208745.000.000) 01/27 23:24:01 Image size of job updated: 678288
	663  -  MemoryUsage of job (MB)
	678284  -  ResidentSetSize of job (KB)
...
006 (208745.000.000) 01/27 23:29:01 Image size of job updated: 678904
	663  -  MemoryUsage of job (MB)
	678900  -  ResidentSetSize of job (KB)
...
006 (208745.000.000) 01/27 23:34:03 Image size of job updated: 679524
	664  -  MemoryUsage of job (MB)
	679520  -  ResidentSetSize of job (KB)
...
006 (208745.000.000) 01/27 23:39:03 Image size of job updated: 680140
	665  -  MemoryUsage of job (MB)
	680136  -  ResidentSetSize of job (KB)
...
006 (208745.000.000) 01/27 23:44:03 Image size of job updated: 680756
	665  -  MemoryUsage of job (MB)
	680752  -  ResidentSetSize of job (KB)
...
006 (208745.000.000) 01/27 23:49:04 Image size of job updated: 681376
	666  -  MemoryUsage of job (MB)
	681372  -  ResidentSetSize of job (KB)
...
006 (208745.000.000) 01/27 23:54:05 Image size of job updated: 681992
	667  -  MemoryUsage of job (MB)
	681988  -  ResidentSetSize of job (KB)
...
006 (208745.000.000) 01/27 23:59:05 Image size of job updated: 682608
	667  -  MemoryUsage of job (MB)
	682604  -  ResidentSetSize of job (KB)
...
006 (208745.000.000) 01/28 00:04:05 Image size of job updated: 683228
	668  -  MemoryUsage of job (MB)
	683224  -  ResidentSetSize of job (KB)
...
006 (208745.000.000) 01/28 00:09:06 Image size of job updated: 683844
	668  -  MemoryUsage of job (MB)
	683840  -  ResidentSetSize of job (KB)
...
006 (208745.000.000) 01/28 00:14:07 Image size of job updated: 684464
	669  -  MemoryUsage of job (MB)
	684460  -  ResidentSetSize of job (KB)
...
006 (208745.000.000) 01/28 00:19:07 Image size of job updated: 685080
	670  -  MemoryUsage of job (MB)
	685076  -  ResidentSetSize of job (KB)
...
006 (208745.000.000) 01/28 00:24:07 Image size of job updated: 685696
	670  -  MemoryUsage of job (MB)
	685692  -  ResidentSetSize of job (KB)
...
006 (208745.000.000) 01/28 00:29:08 Image size of job updated: 686316
	671  -  MemoryUsage of job (MB)
	686312  -  ResidentSetSize of job (KB)
...
006 (208745.000.000) 01/28 00:34:09 Image size of job updated: 686932
	671  -  MemoryUsage of job (MB)
	686928  -  ResidentSetSize of job (KB)
...
006 (208745.000.000) 01/28 00:39:09 Image size of job updated: 687548
	672  -  MemoryUsage of job (MB)
	687544  -  ResidentSetSize of job (KB)
...
006 (208745.000.000) 01/28 00:44:09 Image size of job updated: 688164
	673  -  MemoryUsage of job (MB)
	688160  -  ResidentSetSize of job (KB)
...
006 (208745.000.000) 01/28 00:49:10 Image size of job updated: 688784
	673  -  MemoryUsage of job (MB)
	688780  -  ResidentSetSize of job (KB)
...
006 (208745.000.000) 01/28 00:54:11 Image size of job updated: 689400
	674  -  MemoryUsage of job (MB)
	689396  -  ResidentSetSize of job (KB)
...
006 (208745.000.000) 01/28 00:59:11 Image size of job updated: 690020
	674  -  MemoryUsage of job (MB)
	690016  -  ResidentSetSize of job (KB)
...
006 (208745.000.000) 01/28 01:04:11 Image size of job updated: 690636
	675  -  MemoryUsage of job (MB)
	690632  -  ResidentSetSize of job (KB)
...
006 (208745.000.000) 01/28 01:09:12 Image size of job updated: 691256
	676  -  MemoryUsage of job (MB)
	691252  -  ResidentSetSize of job (KB)
...
006 (208745.000.000) 01/28 01:14:13 Image size of job updated: 691872
	676  -  MemoryUsage of job (MB)
	691868  -  ResidentSetSize of job (KB)
...
006 (208745.000.000) 01/28 01:19:13 Image size of job updated: 692488
	677  -  MemoryUsage of job (MB)
	692484  -  ResidentSetSize of job (KB)
...
006 (208745.000.000) 01/28 01:24:13 Image size of job updated: 693104
	677  -  MemoryUsage of job (MB)
	693100  -  ResidentSetSize of job (KB)
...
006 (208745.000.000) 01/28 01:29:14 Image size of job updated: 693728
	678  -  MemoryUsage of job (MB)
	693724  -  ResidentSetSize of job (KB)
...
006 (208745.000.000) 01/28 01:34:15 Image size of job updated: 694340
	679  -  MemoryUsage of job (MB)
	694336  -  ResidentSetSize of job (KB)
...
006 (208745.000.000) 01/28 01:39:15 Image size of job updated: 694956
	679  -  MemoryUsage of job (MB)
	694952  -  ResidentSetSize of job (KB)
...
006 (208745.000.000) 01/28 01:44:15 Image size of job updated: 695576
	680  -  MemoryUsage of job (MB)
	695572  -  ResidentSetSize of job (KB)
...
006 (208745.000.000) 01/28 01:49:16 Image size of job updated: 696196
	680  -  MemoryUsage of job (MB)
	696192  -  ResidentSetSize of job (KB)
...
006 (208745.000.000) 01/28 01:54:17 Image size of job updated: 696812
	681  -  MemoryUsage of job (MB)
	696808  -  ResidentSetSize of job (KB)
...
006 (208745.000.000) 01/28 01:59:17 Image size of job updated: 697432
	682  -  MemoryUsage of job (MB)
	697428  -  ResidentSetSize of job (KB)
...
006 (208745.000.000) 01/28 02:04:17 Image size of job updated: 698048
	682  -  MemoryUsage of job (MB)
	698044  -  ResidentSetSize of job (KB)
...
006 (208745.000.000) 01/28 02:09:18 Image size of job updated: 698668
	683  -  MemoryUsage of job (MB)
	698664  -  ResidentSetSize of job (KB)
...
006 (208745.000.000) 01/28 02:14:19 Image size of job updated: 699284
	683  -  MemoryUsage of job (MB)
	699280  -  ResidentSetSize of job (KB)
...
006 (208745.000.000) 01/28 02:19:19 Image size of job updated: 699904
	684  -  MemoryUsage of job (MB)
	699900  -  ResidentSetSize of job (KB)
...
006 (208745.000.000) 01/28 02:24:19 Image size of job updated: 700520
	685  -  MemoryUsage of job (MB)
	700516  -  ResidentSetSize of job (KB)
...
006 (208745.000.000) 01/28 02:29:19 Image size of job updated: 701140
	685  -  MemoryUsage of job (MB)
	701136  -  ResidentSetSize of job (KB)
...
006 (208745.000.000) 01/28 02:34:20 Image size of job updated: 701760
	686  -  MemoryUsage of job (MB)
	701756  -  ResidentSetSize of job (KB)
...
006 (208745.000.000) 01/28 02:39:21 Image size of job updated: 702376
	686  -  MemoryUsage of job (MB)
	702372  -  ResidentSetSize of job (KB)
...
006 (208745.000.000) 01/28 02:44:21 Image size of job updated: 702992
	687  -  MemoryUsage of job (MB)
	702988  -  ResidentSetSize of job (KB)
...
006 (208745.000.000) 01/28 02:49:21 Image size of job updated: 703612
	688  -  MemoryUsage of job (MB)
	703608  -  ResidentSetSize of job (KB)
...
006 (208745.000.000) 01/28 02:54:22 Image size of job updated: 704232
	688  -  MemoryUsage of job (MB)
	704228  -  ResidentSetSize of job (KB)
...
006 (208745.000.000) 01/28 02:59:23 Image size of job updated: 704848
	689  -  MemoryUsage of job (MB)
	704844  -  ResidentSetSize of job (KB)
...
006 (208745.000.000) 01/28 03:04:23 Image size of job updated: 705464
	689  -  MemoryUsage of job (MB)
	705460  -  ResidentSetSize of job (KB)
...
006 (208745.000.000) 01/28 03:09:23 Image size of job updated: 706084
	690  -  MemoryUsage of job (MB)
	706080  -  ResidentSetSize of job (KB)
...
006 (208745.000.000) 01/28 03:14:24 Image size of job updated: 706700
	691  -  MemoryUsage of job (MB)
	706696  -  ResidentSetSize of job (KB)
...
006 (208745.000.000) 01/28 03:19:25 Image size of job updated: 707320
	691  -  MemoryUsage of job (MB)
	707316  -  ResidentSetSize of job (KB)
...
006 (208745.000.000) 01/28 03:24:25 Image size of job updated: 707936
	692  -  MemoryUsage of job (MB)
	707932  -  ResidentSetSize of job (KB)
...
006 (208745.000.000) 01/28 03:29:25 Image size of job updated: 708552
	692  -  MemoryUsage of job (MB)
	708548  -  ResidentSetSize of job (KB)
...
006 (208745.000.000) 01/28 03:34:26 Image size of job updated: 709172
	693  -  MemoryUsage of job (MB)
	709168  -  ResidentSetSize of job (KB)
...
006 (208745.000.000) 01/28 03:39:27 Image size of job updated: 709792
	694  -  MemoryUsage of job (MB)
	709788  -  ResidentSetSize of job (KB)
...
006 (208745.000.000) 01/28 03:44:27 Image size of job updated: 710408
	694  -  MemoryUsage of job (MB)
	710404  -  ResidentSetSize of job (KB)
...
006 (208745.000.000) 01/28 03:49:27 Image size of job updated: 711024
	695  -  MemoryUsage of job (MB)
	711020  -  ResidentSetSize of job (KB)
...
006 (208745.000.000) 01/28 03:54:28 Image size of job updated: 711644
	695  -  MemoryUsage of job (MB)
	711640  -  ResidentSetSize of job (KB)
...
006 (208745.000.000) 01/28 03:59:29 Image size of job updated: 712264
	696  -  MemoryUsage of job (MB)
	712260  -  ResidentSetSize of job (KB)
...
006 (208745.000.000) 01/28 04:04:29 Image size of job updated: 712880
	697  -  MemoryUsage of job (MB)
	712876  -  ResidentSetSize of job (KB)
...
006 (208745.000.000) 01/28 04:09:29 Image size of job updated: 713496
	697  -  MemoryUsage of job (MB)
	713492  -  ResidentSetSize of job (KB)
...
006 (208745.000.000) 01/28 04:14:30 Image size of job updated: 714112
	698  -  MemoryUsage of job (MB)
	714108  -  ResidentSetSize of job (KB)
...
006 (208745.000.000) 01/28 04:19:31 Image size of job updated: 714732
	698  -  MemoryUsage of job (MB)
	714728  -  ResidentSetSize of job (KB)
...
006 (208745.000.000) 01/28 04:24:32 Image size of job updated: 715352
	699  -  MemoryUsage of job (MB)
	715348  -  ResidentSetSize of job (KB)
...
006 (208745.000.000) 01/28 04:29:33 Image size of job updated: 715972
	700  -  MemoryUsage of job (MB)
	715968  -  ResidentSetSize of job (KB)
...
006 (208745.000.000) 01/28 04:34:33 Image size of job updated: 716588
	700  -  MemoryUsage of job (MB)
	716584  -  ResidentSetSize of job (KB)
...
006 (208745.000.000) 01/28 04:39:33 Image size of job updated: 717208
	701  -  MemoryUsage of job (MB)
	717204  -  ResidentSetSize of job (KB)
...
006 (208745.000.000) 01/28 04:44:34 Image size of job updated: 717824
	701  -  MemoryUsage of job (MB)
	717820  -  ResidentSetSize of job (KB)
...
006 (208745.000.000) 01/28 04:49:35 Image size of job updated: 718444
	702  -  MemoryUsage of job (MB)
	718440  -  ResidentSetSize of job (KB)
...
006 (208745.000.000) 01/28 04:54:35 Image size of job updated: 719064
	703  -  MemoryUsage of job (MB)
	719060  -  ResidentSetSize of job (KB)
...
006 (208745.000.000) 01/28 04:59:35 Image size of job updated: 719680
	703  -  MemoryUsage of job (MB)
	719676  -  ResidentSetSize of job (KB)
...
006 (208745.000.000) 01/28 05:04:37 Image size of job updated: 720300
	704  -  MemoryUsage of job (MB)
	720296  -  ResidentSetSize of job (KB)
...
006 (208745.000.000) 01/28 05:09:37 Image size of job updated: 720916
	705  -  MemoryUsage of job (MB)
	720912  -  ResidentSetSize of job (KB)
...
006 (208745.000.000) 01/28 05:14:37 Image size of job updated: 721536
	705  -  MemoryUsage of job (MB)
	721532  -  ResidentSetSize of job (KB)
...
006 (208745.000.000) 01/28 05:19:37 Image size of job updated: 722152
	706  -  MemoryUsage of job (MB)
	722148  -  ResidentSetSize of job (KB)
...
006 (208745.000.000) 01/28 05:24:38 Image size of job updated: 722772
	706  -  MemoryUsage of job (MB)
	722768  -  ResidentSetSize of job (KB)
...
006 (208745.000.000) 01/28 05:29:39 Image size of job updated: 723388
	707  -  MemoryUsage of job (MB)
	723384  -  ResidentSetSize of job (KB)
...
006 (208745.000.000) 01/28 05:34:39 Image size of job updated: 724008
	708  -  MemoryUsage of job (MB)
	724004  -  ResidentSetSize of job (KB)
...
006 (208745.000.000) 01/28 05:39:39 Image size of job updated: 724624
	708  -  MemoryUsage of job (MB)
	724620  -  ResidentSetSize of job (KB)
...
006 (208745.000.000) 01/28 05:44:40 Image size of job updated: 725244
	709  -  MemoryUsage of job (MB)
	725240  -  ResidentSetSize of job (KB)
...
006 (208745.000.000) 01/28 05:49:41 Image size of job updated: 725864
	709  -  MemoryUsage of job (MB)
	725860  -  ResidentSetSize of job (KB)
...
006 (208745.000.000) 01/28 05:54:41 Image size of job updated: 726480
	710  -  MemoryUsage of job (MB)
	726476  -  ResidentSetSize of job (KB)
...
006 (208745.000.000) 01/28 05:59:41 Image size of job updated: 727096
	711  -  MemoryUsage of job (MB)
	727092  -  ResidentSetSize of job (KB)
...
006 (208745.000.000) 01/28 06:04:42 Image size of job updated: 727716
	711  -  MemoryUsage of job (MB)
	727712  -  ResidentSetSize of job (KB)
...
006 (208745.000.000) 01/28 06:09:43 Image size of job updated: 728336
	712  -  MemoryUsage of job (MB)
	728332  -  ResidentSetSize of job (KB)
...
006 (208745.000.000) 01/28 06:14:43 Image size of job updated: 728952
	712  -  MemoryUsage of job (MB)
	728948  -  ResidentSetSize of job (KB)
...
006 (208745.000.000) 01/28 06:19:43 Image size of job updated: 729572
	713  -  MemoryUsage of job (MB)
	729568  -  ResidentSetSize of job (KB)
...
006 (208745.000.000) 01/28 06:24:44 Image size of job updated: 730192
	714  -  MemoryUsage of job (MB)
	730188  -  ResidentSetSize of job (KB)
...
006 (208745.000.000) 01/28 06:29:45 Image size of job updated: 730808
	714  -  MemoryUsage of job (MB)
	730804  -  ResidentSetSize of job (KB)
...
006 (208745.000.000) 01/28 06:34:45 Image size of job updated: 731428
	715  -  MemoryUsage of job (MB)
	731424  -  ResidentSetSize of job (KB)
...
006 (208745.000.000) 01/28 06:39:45 Image size of job updated: 732044
	715  -  MemoryUsage of job (MB)
	732040  -  ResidentSetSize of job (KB)
...
006 (208745.000.000) 01/28 06:44:46 Image size of job updated: 732664
	716  -  MemoryUsage of job (MB)
	732660  -  ResidentSetSize of job (KB)
...
006 (208745.000.000) 01/28 06:49:47 Image size of job updated: 733284
	717  -  MemoryUsage of job (MB)
	733280  -  ResidentSetSize of job (KB)
...
006 (208745.000.000) 01/28 06:54:47 Image size of job updated: 733900
	717  -  MemoryUsage of job (MB)
	733896  -  ResidentSetSize of job (KB)
...
006 (208745.000.000) 01/28 06:59:47 Image size of job updated: 734520
	718  -  MemoryUsage of job (MB)
	734516  -  ResidentSetSize of job (KB)
...
006 (208745.000.000) 01/28 07:04:48 Image size of job updated: 735136
	718  -  MemoryUsage of job (MB)
	735132  -  ResidentSetSize of job (KB)
...
006 (208745.000.000) 01/28 07:09:49 Image size of job updated: 735756
	719  -  MemoryUsage of job (MB)
	735752  -  ResidentSetSize of job (KB)
...
006 (208745.000.000) 01/28 07:14:50 Image size of job updated: 736376
	720  -  MemoryUsage of job (MB)
	736372  -  ResidentSetSize of job (KB)
...
006 (208745.000.000) 01/28 07:19:50 Image size of job updated: 736992
	720  -  MemoryUsage of job (MB)
	736988  -  ResidentSetSize of job (KB)
...
006 (208745.000.000) 01/28 07:24:50 Image size of job updated: 737612
	721  -  MemoryUsage of job (MB)
	737608  -  ResidentSetSize of job (KB)
...
006 (208745.000.000) 01/28 07:29:51 Image size of job updated: 738228
	721  -  MemoryUsage of job (MB)
	738224  -  ResidentSetSize of job (KB)
...
006 (208745.000.000) 01/28 07:34:52 Image size of job updated: 738848
	722  -  MemoryUsage of job (MB)
	738844  -  ResidentSetSize of job (KB)
...
006 (208745.000.000) 01/28 07:39:52 Image size of job updated: 739464
	723  -  MemoryUsage of job (MB)
	739460  -  ResidentSetSize of job (KB)
...
006 (208745.000.000) 01/28 07:44:52 Image size of job updated: 740084
	723  -  MemoryUsage of job (MB)
	740080  -  ResidentSetSize of job (KB)
...
006 (208745.000.000) 01/28 07:49:53 Image size of job updated: 740700
	724  -  MemoryUsage of job (MB)
	740696  -  ResidentSetSize of job (KB)
...
006 (208745.000.000) 01/28 07:54:53 Image size of job updated: 741320
	724  -  MemoryUsage of job (MB)
	741316  -  ResidentSetSize of job (KB)
...
006 (208745.000.000) 01/28 07:59:53 Image size of job updated: 741936
	725  -  MemoryUsage of job (MB)
	741932  -  ResidentSetSize of job (KB)
...
006 (208745.000.000) 01/28 08:04:53 Image size of job updated: 742556
	726  -  MemoryUsage of job (MB)
	742552  -  ResidentSetSize of job (KB)
...
006 (208745.000.000) 01/28 08:05:05 Image size of job updated: 742572
	726  -  MemoryUsage of job (MB)
	742552  -  ResidentSetSize of job (KB)
...
004 (208745.000.000) 01/28 08:05:05 Job was evicted.
	(0) Job was not checkpointed.
		Usr 1 13:29:45, Sys 0 00:08:33  -  Run Remote Usage
		Usr 0 00:00:00, Sys 0 00:00:00  -  Run Local Usage
	0  -  Run Bytes Sent By Job
	0  -  Run Bytes Received By Job
	Partitionable Resources :    Usage  Request Allocated 
	   Cpus                 :     1.00        1         1 
	   Disk (KB)            : 15000       15000     44180 
	   Memory (MB)          :   726        5000      5120 
...
009 (208745.000.000) 01/28 08:05:06 Job was aborted by the user.
	via condor_rm (by user jmoondra3)
...
