000 (202799.000.000) 10/10 17:01:55 Job submitted from host: <130.207.91.92:9618?addrs=130.207.91.92-9618&noUDP&sock=1641_2b00_4>
...
001 (202799.000.000) 10/10 17:01:56 Job executing on host: <10.1.9.101:9618?addrs=10.1.9.101-9618&noUDP&sock=8769_6212_3>
...
006 (202799.000.000) 10/10 17:02:05 Image size of job updated: 56324
	55  -  MemoryUsage of job (MB)
	56320  -  ResidentSetSize of job (KB)
...
006 (202799.000.000) 10/10 17:07:06 Image size of job updated: 62936
	62  -  MemoryUsage of job (MB)
	62932  -  ResidentSetSize of job (KB)
...
006 (202799.000.000) 10/10 17:17:06 Image size of job updated: 131296
	128  -  MemoryUsage of job (MB)
	130712  -  ResidentSetSize of job (KB)
...
006 (202799.000.000) 10/10 17:27:08 Image size of job updated: 132336
	129  -  MemoryUsage of job (MB)
	131752  -  ResidentSetSize of job (KB)
...
006 (202799.000.000) 10/10 17:37:09 Image size of job updated: 132368
	129  -  MemoryUsage of job (MB)
	131756  -  ResidentSetSize of job (KB)
...
006 (202799.000.000) 10/10 17:42:10 Image size of job updated: 132568
	129  -  MemoryUsage of job (MB)
	131956  -  ResidentSetSize of job (KB)
...
006 (202799.000.000) 10/10 17:47:11 Image size of job updated: 132592
	129  -  MemoryUsage of job (MB)
	131980  -  ResidentSetSize of job (KB)
...
006 (202799.000.000) 10/10 18:32:15 Image size of job updated: 132604
	129  -  MemoryUsage of job (MB)
	131992  -  ResidentSetSize of job (KB)
...
005 (202799.000.000) 10/10 18:33:04 Job terminated.
	(1) Normal termination (return value 0)
		Usr 0 01:30:51, Sys 0 00:00:09  -  Run Remote Usage
		Usr 0 00:00:00, Sys 0 00:00:00  -  Run Local Usage
		Usr 0 01:30:51, Sys 0 00:00:09  -  Total Remote Usage
		Usr 0 00:00:00, Sys 0 00:00:00  -  Total Local Usage
	0  -  Run Bytes Sent By Job
	0  -  Run Bytes Received By Job
	0  -  Total Bytes Sent By Job
	0  -  Total Bytes Received By Job
	Partitionable Resources :    Usage  Request Allocated 
	   Cpus                 :     1.00        1         1 
	   Disk (KB)            : 15000       15000     44180 
	   Memory (MB)          :   129        5000      5120 
...
