000 (204401.000.000) 10/22 15:31:52 Job submitted from host: <130.207.91.92:9618?addrs=130.207.91.92-9618&noUDP&sock=1641_2b00_4>
...
001 (204401.000.000) 10/22 15:31:53 Job executing on host: <10.1.9.101:9618?addrs=10.1.9.101-9618&noUDP&sock=8769_6212_3>
...
006 (204401.000.000) 10/22 15:32:01 Image size of job updated: 56720
	56  -  MemoryUsage of job (MB)
	56716  -  ResidentSetSize of job (KB)
...
006 (204401.000.000) 10/22 15:37:01 Image size of job updated: 57928
	57  -  MemoryUsage of job (MB)
	57924  -  ResidentSetSize of job (KB)
...
006 (204401.000.000) 10/22 15:42:02 Image size of job updated: 58272
	57  -  MemoryUsage of job (MB)
	58268  -  ResidentSetSize of job (KB)
...
006 (204401.000.000) 10/22 15:52:03 Image size of job updated: 58360
	57  -  MemoryUsage of job (MB)
	58356  -  ResidentSetSize of job (KB)
...
006 (204401.000.000) 10/22 15:57:03 Image size of job updated: 58576
	58  -  MemoryUsage of job (MB)
	58572  -  ResidentSetSize of job (KB)
...
006 (204401.000.000) 10/22 16:02:04 Image size of job updated: 58632
	58  -  MemoryUsage of job (MB)
	58628  -  ResidentSetSize of job (KB)
...
006 (204401.000.000) 10/22 16:07:04 Image size of job updated: 61896
	61  -  MemoryUsage of job (MB)
	61892  -  ResidentSetSize of job (KB)
...
006 (204401.000.000) 10/22 16:12:04 Image size of job updated: 62940
	62  -  MemoryUsage of job (MB)
	62936  -  ResidentSetSize of job (KB)
...
006 (204401.000.000) 10/22 16:22:05 Image size of job updated: 64240
	63  -  MemoryUsage of job (MB)
	64236  -  ResidentSetSize of job (KB)
...
006 (204401.000.000) 10/22 16:47:08 Image size of job updated: 123804
	121  -  MemoryUsage of job (MB)
	123800  -  ResidentSetSize of job (KB)
...
006 (204401.000.000) 10/22 16:52:08 Image size of job updated: 123812
	121  -  MemoryUsage of job (MB)
	123808  -  ResidentSetSize of job (KB)
...
006 (204401.000.000) 10/22 20:42:31 Image size of job updated: 126164
	124  -  MemoryUsage of job (MB)
	126160  -  ResidentSetSize of job (KB)
...
006 (204401.000.000) 10/23 00:02:52 Image size of job updated: 126232
	124  -  MemoryUsage of job (MB)
	126228  -  ResidentSetSize of job (KB)
...
006 (204401.000.000) 10/23 00:03:53 Image size of job updated: 126244
	124  -  MemoryUsage of job (MB)
	126228  -  ResidentSetSize of job (KB)
...
005 (204401.000.000) 10/23 00:03:53 Job terminated.
	(1) Normal termination (return value 0)
		Usr 0 08:30:58, Sys 0 00:00:46  -  Run Remote Usage
		Usr 0 00:00:00, Sys 0 00:00:00  -  Run Local Usage
		Usr 0 08:30:58, Sys 0 00:00:46  -  Total Remote Usage
		Usr 0 00:00:00, Sys 0 00:00:00  -  Total Local Usage
	0  -  Run Bytes Sent By Job
	0  -  Run Bytes Received By Job
	0  -  Total Bytes Sent By Job
	0  -  Total Bytes Received By Job
	Partitionable Resources :    Usage  Request Allocated 
	   Cpus                 :     1.00        1         1 
	   Disk (KB)            : 15000       15000     44180 
	   Memory (MB)          :   124        5000      5120 
...
