000 (204400.000.000) 10/22 15:31:24 Job submitted from host: <130.207.91.92:9618?addrs=130.207.91.92-9618&noUDP&sock=1641_2b00_4>
...
001 (204400.000.000) 10/22 15:31:25 Job executing on host: <10.1.9.101:9618?addrs=10.1.9.101-9618&noUDP&sock=8769_6212_3>
...
006 (204400.000.000) 10/22 15:31:33 Image size of job updated: 56820
	56  -  MemoryUsage of job (MB)
	56816  -  ResidentSetSize of job (KB)
...
006 (204400.000.000) 10/22 15:36:33 Image size of job updated: 61456
	61  -  MemoryUsage of job (MB)
	61452  -  ResidentSetSize of job (KB)
...
006 (204400.000.000) 10/22 16:01:36 Image size of job updated: 61948
	61  -  MemoryUsage of job (MB)
	61944  -  ResidentSetSize of job (KB)
...
006 (204400.000.000) 10/22 16:06:37 Image size of job updated: 71780
	71  -  MemoryUsage of job (MB)
	71776  -  ResidentSetSize of job (KB)
...
006 (204400.000.000) 10/22 16:11:37 Image size of job updated: 75904
	75  -  MemoryUsage of job (MB)
	75900  -  ResidentSetSize of job (KB)
...
006 (204400.000.000) 10/22 16:21:39 Image size of job updated: 92508
	91  -  MemoryUsage of job (MB)
	92504  -  ResidentSetSize of job (KB)
...
006 (204400.000.000) 10/22 16:26:39 Image size of job updated: 128452
	126  -  MemoryUsage of job (MB)
	128448  -  ResidentSetSize of job (KB)
...
006 (204400.000.000) 10/22 17:36:46 Image size of job updated: 131248
	129  -  MemoryUsage of job (MB)
	131244  -  ResidentSetSize of job (KB)
...
006 (204400.000.000) 10/22 18:21:51 Image size of job updated: 132232
	130  -  MemoryUsage of job (MB)
	132228  -  ResidentSetSize of job (KB)
...
006 (204400.000.000) 10/22 19:55:27 Image size of job updated: 132264
	130  -  MemoryUsage of job (MB)
	132228  -  ResidentSetSize of job (KB)
...
005 (204400.000.000) 10/22 19:55:27 Job terminated.
	(1) Normal termination (return value 0)
		Usr 0 04:23:14, Sys 0 00:00:33  -  Run Remote Usage
		Usr 0 00:00:00, Sys 0 00:00:00  -  Run Local Usage
		Usr 0 04:23:14, Sys 0 00:00:33  -  Total Remote Usage
		Usr 0 00:00:00, Sys 0 00:00:00  -  Total Local Usage
	0  -  Run Bytes Sent By Job
	0  -  Run Bytes Received By Job
	0  -  Total Bytes Sent By Job
	0  -  Total Bytes Received By Job
	Partitionable Resources :    Usage  Request Allocated 
	   Cpus                 :     1.00        1         1 
	   Disk (KB)            : 15000       15000     44180 
	   Memory (MB)          :   130        5000      5120 
...
