000 (204383.000.000) 10/22 15:15:49 Job submitted from host: <130.207.91.92:9618?addrs=130.207.91.92-9618&noUDP&sock=1641_2b00_4>
...
001 (204383.000.000) 10/22 15:15:49 Job executing on host: <10.1.7.202:9618?addrs=10.1.7.202-9618&noUDP&sock=23121_a94e_89>
...
006 (204383.000.000) 10/22 15:15:58 Image size of job updated: 57132
	56  -  MemoryUsage of job (MB)
	56576  -  ResidentSetSize of job (KB)
...
006 (204383.000.000) 10/22 15:20:59 Image size of job updated: 605316
	61  -  MemoryUsage of job (MB)
	61448  -  ResidentSetSize of job (KB)
...
006 (204383.000.000) 10/22 15:25:59 Image size of job updated: 607288
	61  -  MemoryUsage of job (MB)
	61448  -  ResidentSetSize of job (KB)
...
006 (204383.000.000) 10/22 15:30:59 Image size of job updated: 607288
	61  -  MemoryUsage of job (MB)
	62192  -  ResidentSetSize of job (KB)
...
006 (204383.000.000) 10/22 15:36:00 Image size of job updated: 713636
	128  -  MemoryUsage of job (MB)
	130512  -  ResidentSetSize of job (KB)
...
006 (204383.000.000) 10/22 15:41:01 Image size of job updated: 713892
	128  -  MemoryUsage of job (MB)
	130580  -  ResidentSetSize of job (KB)
...
006 (204383.000.000) 10/22 15:51:01 Image size of job updated: 714720
	129  -  MemoryUsage of job (MB)
	131544  -  ResidentSetSize of job (KB)
...
006 (204383.000.000) 10/22 16:06:03 Image size of job updated: 714976
	129  -  MemoryUsage of job (MB)
	131664  -  ResidentSetSize of job (KB)
...
005 (204383.000.000) 10/22 16:10:52 Job terminated.
	(1) Normal termination (return value 0)
		Usr 0 00:54:48, Sys 0 00:00:09  -  Run Remote Usage
		Usr 0 00:00:00, Sys 0 00:00:00  -  Run Local Usage
		Usr 0 00:54:48, Sys 0 00:00:09  -  Total Remote Usage
		Usr 0 00:00:00, Sys 0 00:00:00  -  Total Local Usage
	0  -  Run Bytes Sent By Job
	0  -  Run Bytes Received By Job
	0  -  Total Bytes Sent By Job
	0  -  Total Bytes Received By Job
	Partitionable Resources :    Usage  Request Allocated 
	   Cpus                 :     1.00        1         1 
	   Disk (KB)            : 15000       15000     45841 
	   Memory (MB)          :   129        5000      5120 
...
