000 (204386.000.000) 10/22 15:18:20 Job submitted from host: <130.207.91.92:9618?addrs=130.207.91.92-9618&noUDP&sock=1641_2b00_4>
...
001 (204386.000.000) 10/22 15:18:21 Job executing on host: <10.1.7.202:9618?addrs=10.1.7.202-9618&noUDP&sock=23121_a94e_89>
...
006 (204386.000.000) 10/22 15:18:30 Image size of job updated: 60412
	56  -  MemoryUsage of job (MB)
	57052  -  ResidentSetSize of job (KB)
...
006 (204386.000.000) 10/22 15:23:31 Image size of job updated: 713812
	128  -  MemoryUsage of job (MB)
	130520  -  ResidentSetSize of job (KB)
...
006 (204386.000.000) 10/22 15:28:32 Image size of job updated: 714736
	129  -  MemoryUsage of job (MB)
	131512  -  ResidentSetSize of job (KB)
...
006 (204386.000.000) 10/22 15:33:32 Image size of job updated: 714868
	129  -  MemoryUsage of job (MB)
	131744  -  ResidentSetSize of job (KB)
...
006 (204386.000.000) 10/22 15:38:33 Image size of job updated: 714868
	129  -  MemoryUsage of job (MB)
	131800  -  ResidentSetSize of job (KB)
...
005 (204386.000.000) 10/22 15:39:20 Job terminated.
	(1) Normal termination (return value 0)
		Usr 0 00:20:56, Sys 0 00:00:03  -  Run Remote Usage
		Usr 0 00:00:00, Sys 0 00:00:00  -  Run Local Usage
		Usr 0 00:20:56, Sys 0 00:00:03  -  Total Remote Usage
		Usr 0 00:00:00, Sys 0 00:00:00  -  Total Local Usage
	0  -  Run Bytes Sent By Job
	0  -  Run Bytes Received By Job
	0  -  Total Bytes Sent By Job
	0  -  Total Bytes Received By Job
	Partitionable Resources :    Usage  Request Allocated 
	   Cpus                 :     1.00        1         1 
	   Disk (KB)            : 15000       15000     45841 
	   Memory (MB)          :   129        5000      5120 
...
