000 (204384.000.000) 10/22 15:16:44 Job submitted from host: <130.207.91.92:9618?addrs=130.207.91.92-9618&noUDP&sock=1641_2b00_4>
...
001 (204384.000.000) 10/22 15:16:45 Job executing on host: <10.1.7.202:9618?addrs=10.1.7.202-9618&noUDP&sock=23121_a94e_89>
...
006 (204384.000.000) 10/22 15:16:53 Image size of job updated: 600136
	56  -  MemoryUsage of job (MB)
	56720  -  ResidentSetSize of job (KB)
...
006 (204384.000.000) 10/22 15:21:53 Image size of job updated: 713724
	128  -  MemoryUsage of job (MB)
	130564  -  ResidentSetSize of job (KB)
...
006 (204384.000.000) 10/22 15:26:54 Image size of job updated: 713980
	128  -  MemoryUsage of job (MB)
	130680  -  ResidentSetSize of job (KB)
...
006 (204384.000.000) 10/22 15:46:56 Image size of job updated: 714792
	129  -  MemoryUsage of job (MB)
	131512  -  ResidentSetSize of job (KB)
...
006 (204384.000.000) 10/22 16:16:59 Image size of job updated: 780328
	129  -  MemoryUsage of job (MB)
	131608  -  ResidentSetSize of job (KB)
...
006 (204384.000.000) 10/22 16:21:59 Image size of job updated: 780328
	129  -  MemoryUsage of job (MB)
	131664  -  ResidentSetSize of job (KB)
...
006 (204384.000.000) 10/22 16:32:00 Image size of job updated: 780476
	129  -  MemoryUsage of job (MB)
	131932  -  ResidentSetSize of job (KB)
...
005 (204384.000.000) 10/22 16:33:55 Job terminated.
	(1) Normal termination (return value 0)
		Usr 0 01:17:02, Sys 0 00:00:07  -  Run Remote Usage
		Usr 0 00:00:00, Sys 0 00:00:00  -  Run Local Usage
		Usr 0 01:17:02, Sys 0 00:00:07  -  Total Remote Usage
		Usr 0 00:00:00, Sys 0 00:00:00  -  Total Local Usage
	0  -  Run Bytes Sent By Job
	0  -  Run Bytes Received By Job
	0  -  Total Bytes Sent By Job
	0  -  Total Bytes Received By Job
	Partitionable Resources :    Usage  Request Allocated 
	   Cpus                 :     1.00        1         1 
	   Disk (KB)            : 15000       15000     45841 
	   Memory (MB)          :   129        5000      5120 
...
