000 (202825.000.000) 10/11 13:00:43 Job submitted from host: <130.207.91.92:9618?addrs=130.207.91.92-9618&noUDP&sock=1641_2b00_4>
...
001 (202825.000.000) 10/11 13:00:45 Job executing on host: <10.1.7.202:9618?addrs=10.1.7.202-9618&noUDP&sock=23121_a94e_89>
...
006 (202825.000.000) 10/11 13:00:54 Image size of job updated: 300548
	49  -  MemoryUsage of job (MB)
	49836  -  ResidentSetSize of job (KB)
...
006 (202825.000.000) 10/11 13:05:55 Image size of job updated: 606512
	62  -  MemoryUsage of job (MB)
	62684  -  ResidentSetSize of job (KB)
...
006 (202825.000.000) 10/11 13:10:55 Image size of job updated: 607280
	62  -  MemoryUsage of job (MB)
	62684  -  ResidentSetSize of job (KB)
...
006 (202825.000.000) 10/11 13:25:57 Image size of job updated: 984128
	67  -  MemoryUsage of job (MB)
	67720  -  ResidentSetSize of job (KB)
...
006 (202825.000.000) 10/11 13:35:58 Image size of job updated: 1041772
	129  -  MemoryUsage of job (MB)
	131128  -  ResidentSetSize of job (KB)
...
006 (202825.000.000) 10/11 14:06:00 Image size of job updated: 1042872
	129  -  MemoryUsage of job (MB)
	131812  -  ResidentSetSize of job (KB)
...
006 (202825.000.000) 10/11 14:21:02 Image size of job updated: 1042872
	129  -  MemoryUsage of job (MB)
	131828  -  ResidentSetSize of job (KB)
...
006 (202825.000.000) 10/11 14:26:02 Image size of job updated: 1042872
	130  -  MemoryUsage of job (MB)
	132304  -  ResidentSetSize of job (KB)
...
006 (202825.000.000) 10/11 14:46:04 Image size of job updated: 1043004
	130  -  MemoryUsage of job (MB)
	132384  -  ResidentSetSize of job (KB)
...
006 (202825.000.000) 10/11 16:06:11 Image size of job updated: 1048040
	135  -  MemoryUsage of job (MB)
	137420  -  ResidentSetSize of job (KB)
...
005 (202825.000.000) 10/11 17:55:38 Job terminated.
	(1) Normal termination (return value 0)
		Usr 0 04:54:11, Sys 0 00:00:28  -  Run Remote Usage
		Usr 0 00:00:00, Sys 0 00:00:00  -  Run Local Usage
		Usr 0 04:54:11, Sys 0 00:00:28  -  Total Remote Usage
		Usr 0 00:00:00, Sys 0 00:00:00  -  Total Local Usage
	0  -  Run Bytes Sent By Job
	0  -  Run Bytes Received By Job
	0  -  Total Bytes Sent By Job
	0  -  Total Bytes Received By Job
	Partitionable Resources :    Usage  Request Allocated 
	   Cpus                 :     1.00        1         1 
	   Disk (KB)            : 15000       15000     45841 
	   Memory (MB)          :   135        5000      5120 
...
