000 (204257.000.000) 10/18 20:43:10 Job submitted from host: <130.207.91.92:9618?addrs=130.207.91.92-9618&noUDP&sock=1641_2b00_4>
...
001 (204257.000.000) 10/18 20:43:10 Job executing on host: <10.1.7.202:9618?addrs=10.1.7.202-9618&noUDP&sock=23121_a94e_89>
...
006 (204257.000.000) 10/18 20:43:19 Image size of job updated: 600388
	56  -  MemoryUsage of job (MB)
	56600  -  ResidentSetSize of job (KB)
...
006 (204257.000.000) 10/18 20:48:20 Image size of job updated: 602732
	58  -  MemoryUsage of job (MB)
	58372  -  ResidentSetSize of job (KB)
...
006 (204257.000.000) 10/18 21:03:22 Image size of job updated: 602732
	58  -  MemoryUsage of job (MB)
	58660  -  ResidentSetSize of job (KB)
...
006 (204257.000.000) 10/18 21:13:23 Image size of job updated: 780548
	63  -  MemoryUsage of job (MB)
	64184  -  ResidentSetSize of job (KB)
...
006 (204257.000.000) 10/18 21:23:24 Image size of job updated: 780548
	65  -  MemoryUsage of job (MB)
	66328  -  ResidentSetSize of job (KB)
...
006 (204257.000.000) 10/18 21:38:26 Image size of job updated: 842876
	124  -  MemoryUsage of job (MB)
	125956  -  ResidentSetSize of job (KB)
...
006 (204257.000.000) 10/18 22:33:32 Image size of job updated: 844924
	127  -  MemoryUsage of job (MB)
	129536  -  ResidentSetSize of job (KB)
...
006 (204257.000.000) 10/18 23:43:40 Image size of job updated: 845636
	128  -  MemoryUsage of job (MB)
	130284  -  ResidentSetSize of job (KB)
...
006 (204257.000.000) 10/19 01:23:50 Image size of job updated: 845636
	128  -  MemoryUsage of job (MB)
	130296  -  ResidentSetSize of job (KB)
...
006 (204257.000.000) 10/19 01:38:52 Image size of job updated: 845636
	128  -  MemoryUsage of job (MB)
	130308  -  ResidentSetSize of job (KB)
...
006 (204257.000.000) 10/19 01:43:52 Image size of job updated: 846404
	128  -  MemoryUsage of job (MB)
	130308  -  ResidentSetSize of job (KB)
...
006 (204257.000.000) 10/19 02:48:58 Image size of job updated: 846404
	128  -  MemoryUsage of job (MB)
	130428  -  ResidentSetSize of job (KB)
...
006 (204257.000.000) 10/19 03:59:07 Image size of job updated: 846404
	128  -  MemoryUsage of job (MB)
	130620  -  ResidentSetSize of job (KB)
...
006 (204257.000.000) 10/19 04:04:07 Image size of job updated: 846404
	128  -  MemoryUsage of job (MB)
	130916  -  ResidentSetSize of job (KB)
...
006 (204257.000.000) 10/19 05:14:14 Image size of job updated: 846404
	129  -  MemoryUsage of job (MB)
	131088  -  ResidentSetSize of job (KB)
...
005 (204257.000.000) 10/19 07:04:39 Job terminated.
	(1) Normal termination (return value 0)
		Usr 0 10:19:58, Sys 0 00:00:50  -  Run Remote Usage
		Usr 0 00:00:00, Sys 0 00:00:00  -  Run Local Usage
		Usr 0 10:19:58, Sys 0 00:00:50  -  Total Remote Usage
		Usr 0 00:00:00, Sys 0 00:00:00  -  Total Local Usage
	0  -  Run Bytes Sent By Job
	0  -  Run Bytes Received By Job
	0  -  Total Bytes Sent By Job
	0  -  Total Bytes Received By Job
	Partitionable Resources :    Usage  Request Allocated 
	   Cpus                 :     1.00        1         1 
	   Disk (KB)            : 15000       15000     45841 
	   Memory (MB)          :   129        5000      5120 
...
