000 (204248.000.000) 10/18 18:30:34 Job submitted from host: <130.207.91.92:9618?addrs=130.207.91.92-9618&noUDP&sock=1641_2b00_4>
...
001 (204248.000.000) 10/18 18:30:35 Job executing on host: <10.1.7.202:9618?addrs=10.1.7.202-9618&noUDP&sock=23121_a94e_89>
...
006 (204248.000.000) 10/18 18:30:44 Image size of job updated: 113276
	56  -  MemoryUsage of job (MB)
	56692  -  ResidentSetSize of job (KB)
...
006 (204248.000.000) 10/18 18:35:45 Image size of job updated: 605308
	60  -  MemoryUsage of job (MB)
	61440  -  ResidentSetSize of job (KB)
...
006 (204248.000.000) 10/18 18:40:45 Image size of job updated: 607284
	60  -  MemoryUsage of job (MB)
	61440  -  ResidentSetSize of job (KB)
...
006 (204248.000.000) 10/18 19:00:47 Image size of job updated: 607284
	61  -  MemoryUsage of job (MB)
	61672  -  ResidentSetSize of job (KB)
...
006 (204248.000.000) 10/18 19:05:47 Image size of job updated: 918436
	70  -  MemoryUsage of job (MB)
	71644  -  ResidentSetSize of job (KB)
...
006 (204248.000.000) 10/18 19:10:47 Image size of job updated: 923308
	74  -  MemoryUsage of job (MB)
	75172  -  ResidentSetSize of job (KB)
...
006 (204248.000.000) 10/18 19:25:49 Image size of job updated: 974788
	126  -  MemoryUsage of job (MB)
	128932  -  ResidentSetSize of job (KB)
...
006 (204248.000.000) 10/18 20:35:57 Image size of job updated: 976384
	129  -  MemoryUsage of job (MB)
	131404  -  ResidentSetSize of job (KB)
...
006 (204248.000.000) 10/18 20:40:58 Image size of job updated: 977540
	130  -  MemoryUsage of job (MB)
	132240  -  ResidentSetSize of job (KB)
...
006 (204248.000.000) 10/18 21:21:00 Image size of job updated: 977540
	130  -  MemoryUsage of job (MB)
	132456  -  ResidentSetSize of job (KB)
...
006 (204248.000.000) 10/18 21:46:03 Image size of job updated: 977540
	132  -  MemoryUsage of job (MB)
	135000  -  ResidentSetSize of job (KB)
...
006 (204248.000.000) 10/18 22:26:07 Image size of job updated: 977796
	132  -  MemoryUsage of job (MB)
	135000  -  ResidentSetSize of job (KB)
...
006 (204248.000.000) 10/19 04:11:41 Image size of job updated: 977796
	133  -  MemoryUsage of job (MB)
	135776  -  ResidentSetSize of job (KB)
...
005 (204248.000.000) 10/19 07:35:36 Job terminated.
	(1) Normal termination (return value 0)
		Usr 0 13:03:01, Sys 0 00:01:09  -  Run Remote Usage
		Usr 0 00:00:00, Sys 0 00:00:00  -  Run Local Usage
		Usr 0 13:03:01, Sys 0 00:01:09  -  Total Remote Usage
		Usr 0 00:00:00, Sys 0 00:00:00  -  Total Local Usage
	0  -  Run Bytes Sent By Job
	0  -  Run Bytes Received By Job
	0  -  Total Bytes Sent By Job
	0  -  Total Bytes Received By Job
	Partitionable Resources :    Usage  Request Allocated 
	   Cpus                 :     1.00        1         1 
	   Disk (KB)            : 15000       15000     45841 
	   Memory (MB)          :   133        5000      5120 
...
