000 (208757.000.000) 01/28 10:46:03 Job submitted from host: <130.207.91.92:9618?addrs=130.207.91.92-9618&noUDP&sock=1641_2b00_4>
...
001 (208757.000.000) 01/28 10:46:04 Job executing on host: <10.1.4.117:9618?addrs=10.1.4.117-9618&noUDP&sock=20561_b6db_3>
...
006 (208757.000.000) 01/28 10:46:12 Image size of job updated: 261684
	57  -  MemoryUsage of job (MB)
	57552  -  ResidentSetSize of job (KB)
...
006 (208757.000.000) 01/28 10:51:12 Image size of job updated: 603780
	57  -  MemoryUsage of job (MB)
	58052  -  ResidentSetSize of job (KB)
...
006 (208757.000.000) 01/28 11:51:18 Image size of job updated: 625740
	59  -  MemoryUsage of job (MB)
	59604  -  ResidentSetSize of job (KB)
...
006 (208757.000.000) 01/28 11:56:18 Image size of job updated: 625740
	59  -  MemoryUsage of job (MB)
	59608  -  ResidentSetSize of job (KB)
...
006 (208757.000.000) 01/28 12:01:18 Image size of job updated: 625740
	59  -  MemoryUsage of job (MB)
	59612  -  ResidentSetSize of job (KB)
...
006 (208757.000.000) 01/28 12:31:21 Image size of job updated: 625996
	61  -  MemoryUsage of job (MB)
	61796  -  ResidentSetSize of job (KB)
...
006 (208757.000.000) 01/28 12:36:22 Image size of job updated: 673800
	111  -  MemoryUsage of job (MB)
	112824  -  ResidentSetSize of job (KB)
...
006 (208757.000.000) 01/28 12:41:23 Image size of job updated: 725528
	163  -  MemoryUsage of job (MB)
	166016  -  ResidentSetSize of job (KB)
...
006 (208757.000.000) 01/28 12:46:23 Image size of job updated: 779880
	215  -  MemoryUsage of job (MB)
	219520  -  ResidentSetSize of job (KB)
...
006 (208757.000.000) 01/28 12:51:23 Image size of job updated: 829628
	263  -  MemoryUsage of job (MB)
	268956  -  ResidentSetSize of job (KB)
...
006 (208757.000.000) 01/28 12:56:24 Image size of job updated: 878376
	311  -  MemoryUsage of job (MB)
	318208  -  ResidentSetSize of job (KB)
...
006 (208757.000.000) 01/28 13:01:25 Image size of job updated: 928736
	361  -  MemoryUsage of job (MB)
	368948  -  ResidentSetSize of job (KB)
...
006 (208757.000.000) 01/28 13:06:26 Image size of job updated: 978192
	408  -  MemoryUsage of job (MB)
	417780  -  ResidentSetSize of job (KB)
...
006 (208757.000.000) 01/28 13:11:26 Image size of job updated: 1029480
	459  -  MemoryUsage of job (MB)
	469164  -  ResidentSetSize of job (KB)
...
006 (208757.000.000) 01/28 13:16:26 Image size of job updated: 1077172
	506  -  MemoryUsage of job (MB)
	517196  -  ResidentSetSize of job (KB)
...
006 (208757.000.000) 01/28 13:21:27 Image size of job updated: 1119996
	547  -  MemoryUsage of job (MB)
	559296  -  ResidentSetSize of job (KB)
...
006 (208757.000.000) 01/28 13:26:28 Image size of job updated: 1142772
	567  -  MemoryUsage of job (MB)
	579900  -  ResidentSetSize of job (KB)
...
006 (208757.000.000) 01/28 14:01:31 Image size of job updated: 1143648
	567  -  MemoryUsage of job (MB)
	579900  -  ResidentSetSize of job (KB)
...
006 (208757.000.000) 01/28 16:11:45 Image size of job updated: 1147376
	572  -  MemoryUsage of job (MB)
	585308  -  ResidentSetSize of job (KB)
...
005 (208757.000.000) 01/29 10:57:02 Job terminated.
	(1) Normal termination (return value 0)
		Usr 1 00:06:38, Sys 0 00:01:28  -  Run Remote Usage
		Usr 0 00:00:00, Sys 0 00:00:00  -  Run Local Usage
		Usr 1 00:06:38, Sys 0 00:01:28  -  Total Remote Usage
		Usr 0 00:00:00, Sys 0 00:00:00  -  Total Local Usage
	0  -  Run Bytes Sent By Job
	0  -  Run Bytes Received By Job
	0  -  Total Bytes Sent By Job
	0  -  Total Bytes Received By Job
	Partitionable Resources :    Usage  Request Allocated 
	   Cpus                 :     1.00        1         1 
	   Disk (KB)            : 15000       15000     43732 
	   Memory (MB)          :   572        5000      5120 
...
