000 (204394.000.000) 10/22 15:26:52 Job submitted from host: <130.207.91.92:9618?addrs=130.207.91.92-9618&noUDP&sock=1641_2b00_4>
...
001 (204394.000.000) 10/22 15:26:54 Job executing on host: <10.1.9.101:9618?addrs=10.1.9.101-9618&noUDP&sock=8769_6212_3>
...
006 (204394.000.000) 10/22 15:27:02 Image size of job updated: 56112
	55  -  MemoryUsage of job (MB)
	56108  -  ResidentSetSize of job (KB)
...
006 (204394.000.000) 10/22 15:32:02 Image size of job updated: 130296
	128  -  MemoryUsage of job (MB)
	130292  -  ResidentSetSize of job (KB)
...
006 (204394.000.000) 10/22 15:37:02 Image size of job updated: 131256
	129  -  MemoryUsage of job (MB)
	131252  -  ResidentSetSize of job (KB)
...
006 (204394.000.000) 10/22 15:42:03 Image size of job updated: 131404
	129  -  MemoryUsage of job (MB)
	131400  -  ResidentSetSize of job (KB)
...
006 (204394.000.000) 10/22 15:44:05 Image size of job updated: 691780
	129  -  MemoryUsage of job (MB)
	131400  -  ResidentSetSize of job (KB)
...
005 (204394.000.000) 10/22 15:44:05 Job terminated.
	(1) Normal termination (return value 0)
		Usr 0 00:17:09, Sys 0 00:00:01  -  Run Remote Usage
		Usr 0 00:00:00, Sys 0 00:00:00  -  Run Local Usage
		Usr 0 00:17:09, Sys 0 00:00:01  -  Total Remote Usage
		Usr 0 00:00:00, Sys 0 00:00:00  -  Total Local Usage
	0  -  Run Bytes Sent By Job
	0  -  Run Bytes Received By Job
	0  -  Total Bytes Sent By Job
	0  -  Total Bytes Received By Job
	Partitionable Resources :    Usage  Request Allocated 
	   Cpus                 :     1.00        1         1 
	   Disk (KB)            : 15000       15000     44180 
	   Memory (MB)          :   129        5000      5120 
...
