000 (204393.000.000) 10/22 15:25:54 Job submitted from host: <130.207.91.92:9618?addrs=130.207.91.92-9618&noUDP&sock=1641_2b00_4>
...
001 (204393.000.000) 10/22 15:25:56 Job executing on host: <10.1.9.101:9618?addrs=10.1.9.101-9618&noUDP&sock=8769_6212_3>
...
006 (204393.000.000) 10/22 15:26:04 Image size of job updated: 56108
	55  -  MemoryUsage of job (MB)
	56104  -  ResidentSetSize of job (KB)
...
006 (204393.000.000) 10/22 15:31:04 Image size of job updated: 130400
	128  -  MemoryUsage of job (MB)
	130396  -  ResidentSetSize of job (KB)
...
006 (204393.000.000) 10/22 15:36:06 Image size of job updated: 130936
	128  -  MemoryUsage of job (MB)
	130932  -  ResidentSetSize of job (KB)
...
006 (204393.000.000) 10/22 15:41:06 Image size of job updated: 131612
	129  -  MemoryUsage of job (MB)
	131608  -  ResidentSetSize of job (KB)
...
005 (204393.000.000) 10/22 15:41:58 Job terminated.
	(1) Normal termination (return value 0)
		Usr 0 00:15:58, Sys 0 00:00:01  -  Run Remote Usage
		Usr 0 00:00:00, Sys 0 00:00:00  -  Run Local Usage
		Usr 0 00:15:58, Sys 0 00:00:01  -  Total Remote Usage
		Usr 0 00:00:00, Sys 0 00:00:00  -  Total Local Usage
	0  -  Run Bytes Sent By Job
	0  -  Run Bytes Received By Job
	0  -  Total Bytes Sent By Job
	0  -  Total Bytes Received By Job
	Partitionable Resources :    Usage  Request Allocated 
	   Cpus                 :     0.99        1         1 
	   Disk (KB)            : 15000       15000     44180 
	   Memory (MB)          :   129        5000      5120 
...
