000 (204392.000.000) 10/22 15:25:07 Job submitted from host: <130.207.91.92:9618?addrs=130.207.91.92-9618&noUDP&sock=1641_2b00_4>
...
001 (204392.000.000) 10/22 15:25:08 Job executing on host: <10.1.9.101:9618?addrs=10.1.9.101-9618&noUDP&sock=8769_6212_3>
...
006 (204392.000.000) 10/22 15:25:16 Image size of job updated: 56088
	55  -  MemoryUsage of job (MB)
	56084  -  ResidentSetSize of job (KB)
...
006 (204392.000.000) 10/22 15:30:16 Image size of job updated: 130380
	128  -  MemoryUsage of job (MB)
	130376  -  ResidentSetSize of job (KB)
...
006 (204392.000.000) 10/22 15:35:17 Image size of job updated: 130820
	128  -  MemoryUsage of job (MB)
	130816  -  ResidentSetSize of job (KB)
...
006 (204392.000.000) 10/22 15:40:18 Image size of job updated: 131160
	129  -  MemoryUsage of job (MB)
	131156  -  ResidentSetSize of job (KB)
...
006 (204392.000.000) 10/22 15:41:59 Image size of job updated: 131428
	129  -  MemoryUsage of job (MB)
	131156  -  ResidentSetSize of job (KB)
...
005 (204392.000.000) 10/22 15:42:00 Job terminated.
	(1) Normal termination (return value 0)
		Usr 0 00:16:49, Sys 0 00:00:01  -  Run Remote Usage
		Usr 0 00:00:00, Sys 0 00:00:00  -  Run Local Usage
		Usr 0 00:16:49, Sys 0 00:00:01  -  Total Remote Usage
		Usr 0 00:00:00, Sys 0 00:00:00  -  Total Local Usage
	0  -  Run Bytes Sent By Job
	0  -  Run Bytes Received By Job
	0  -  Total Bytes Sent By Job
	0  -  Total Bytes Received By Job
	Partitionable Resources :    Usage  Request Allocated 
	   Cpus                 :     1.00        1         1 
	   Disk (KB)            : 15000       15000     44180 
	   Memory (MB)          :   129        5000      5120 
...
