000 (204391.000.000) 10/22 15:24:36 Job submitted from host: <130.207.91.92:9618?addrs=130.207.91.92-9618&noUDP&sock=1641_2b00_4>
...
001 (204391.000.000) 10/22 15:24:47 Job executing on host: <10.1.9.101:9618?addrs=10.1.9.101-9618&noUDP&sock=8769_6212_3>
...
006 (204391.000.000) 10/22 15:24:56 Image size of job updated: 56092
	55  -  MemoryUsage of job (MB)
	56088  -  ResidentSetSize of job (KB)
...
006 (204391.000.000) 10/22 15:29:57 Image size of job updated: 130340
	128  -  MemoryUsage of job (MB)
	130336  -  ResidentSetSize of job (KB)
...
006 (204391.000.000) 10/22 15:34:58 Image size of job updated: 131440
	129  -  MemoryUsage of job (MB)
	131436  -  ResidentSetSize of job (KB)
...
006 (204391.000.000) 10/22 15:39:58 Image size of job updated: 131624
	129  -  MemoryUsage of job (MB)
	131620  -  ResidentSetSize of job (KB)
...
005 (204391.000.000) 10/22 15:41:55 Job terminated.
	(1) Normal termination (return value 0)
		Usr 0 00:17:04, Sys 0 00:00:01  -  Run Remote Usage
		Usr 0 00:00:00, Sys 0 00:00:00  -  Run Local Usage
		Usr 0 00:17:04, Sys 0 00:00:01  -  Total Remote Usage
		Usr 0 00:00:00, Sys 0 00:00:00  -  Total Local Usage
	0  -  Run Bytes Sent By Job
	0  -  Run Bytes Received By Job
	0  -  Total Bytes Sent By Job
	0  -  Total Bytes Received By Job
	Partitionable Resources :    Usage  Request Allocated 
	   Cpus                 :     1.00        1         1 
	   Disk (KB)            : 15000       15000     44180 
	   Memory (MB)          :   129        5000      5120 
...
