000 (204246.000.000) 10/18 18:27:46 Job submitted from host: <130.207.91.92:9618?addrs=130.207.91.92-9618&noUDP&sock=1641_2b00_4>
...
001 (204246.000.000) 10/18 18:28:00 Job executing on host: <10.1.7.204:9618?addrs=10.1.7.204-9618&noUDP&sock=10163_8d18_131>
...
006 (204246.000.000) 10/18 18:28:09 Image size of job updated: 15000
	4  -  MemoryUsage of job (MB)
	3092  -  ResidentSetSize of job (KB)
...
006 (204246.000.000) 10/18 18:33:09 Image size of job updated: 327312
	32  -  MemoryUsage of job (MB)
	32248  -  ResidentSetSize of job (KB)
...
006 (204246.000.000) 10/18 18:38:09 Image size of job updated: 604168
	59  -  MemoryUsage of job (MB)
	60388  -  ResidentSetSize of job (KB)
...
006 (204246.000.000) 10/18 18:43:10 Image size of job updated: 606908
	62  -  MemoryUsage of job (MB)
	63208  -  ResidentSetSize of job (KB)
...
006 (204246.000.000) 10/18 18:48:11 Image size of job updated: 607164
	62  -  MemoryUsage of job (MB)
	63208  -  ResidentSetSize of job (KB)
...
006 (204246.000.000) 10/18 18:53:11 Image size of job updated: 988192
	89  -  MemoryUsage of job (MB)
	90204  -  ResidentSetSize of job (KB)
...
006 (204246.000.000) 10/18 18:58:11 Image size of job updated: 1040940
	128  -  MemoryUsage of job (MB)
	130724  -  ResidentSetSize of job (KB)
...
006 (204246.000.000) 10/18 19:08:13 Image size of job updated: 1041692
	129  -  MemoryUsage of job (MB)
	131688  -  ResidentSetSize of job (KB)
...
006 (204246.000.000) 10/18 19:23:15 Image size of job updated: 1041948
	129  -  MemoryUsage of job (MB)
	131828  -  ResidentSetSize of job (KB)
...
006 (204246.000.000) 10/18 19:28:15 Image size of job updated: 1041948
	129  -  MemoryUsage of job (MB)
	131964  -  ResidentSetSize of job (KB)
...
006 (204246.000.000) 10/18 19:33:15 Image size of job updated: 1041948
	129  -  MemoryUsage of job (MB)
	131996  -  ResidentSetSize of job (KB)
...
006 (204246.000.000) 10/18 19:38:16 Image size of job updated: 1041948
	132  -  MemoryUsage of job (MB)
	134244  -  ResidentSetSize of job (KB)
...
006 (204246.000.000) 10/18 19:48:16 Image size of job updated: 1041948
	135  -  MemoryUsage of job (MB)
	137896  -  ResidentSetSize of job (KB)
...
006 (204246.000.000) 10/18 19:53:17 Image size of job updated: 1046076
	135  -  MemoryUsage of job (MB)
	137896  -  ResidentSetSize of job (KB)
...
005 (204246.000.000) 10/18 20:34:35 Job terminated.
	(1) Normal termination (return value 0)
		Usr 0 01:58:54, Sys 0 00:00:12  -  Run Remote Usage
		Usr 0 00:00:00, Sys 0 00:00:00  -  Run Local Usage
		Usr 0 01:58:54, Sys 0 00:00:12  -  Total Remote Usage
		Usr 0 00:00:00, Sys 0 00:00:00  -  Total Local Usage
	0  -  Run Bytes Sent By Job
	0  -  Run Bytes Received By Job
	0  -  Total Bytes Sent By Job
	0  -  Total Bytes Received By Job
	Partitionable Resources :    Usage  Request Allocated 
	   Cpus                 :     1.00        1         1 
	   Disk (KB)            : 15000       15000     41836 
	   Memory (MB)          :   135        5000      5120 
...
