000 (204256.000.000) 10/18 20:41:16 Job submitted from host: <130.207.91.92:9618?addrs=130.207.91.92-9618&noUDP&sock=1641_2b00_4>
...
001 (204256.000.000) 10/18 20:41:18 Job executing on host: <10.1.7.202:9618?addrs=10.1.7.202-9618&noUDP&sock=23121_a94e_89>
...
006 (204256.000.000) 10/18 20:41:26 Image size of job updated: 70528
	56  -  MemoryUsage of job (MB)
	56524  -  ResidentSetSize of job (KB)
...
006 (204256.000.000) 10/18 20:46:26 Image size of job updated: 976016
	128  -  MemoryUsage of job (MB)
	130784  -  ResidentSetSize of job (KB)
...
006 (204256.000.000) 10/18 21:16:29 Image size of job updated: 977004
	129  -  MemoryUsage of job (MB)
	131756  -  ResidentSetSize of job (KB)
...
006 (204256.000.000) 10/18 21:21:29 Image size of job updated: 977004
	129  -  MemoryUsage of job (MB)
	131800  -  ResidentSetSize of job (KB)
...
006 (204256.000.000) 10/18 21:26:30 Image size of job updated: 977004
	129  -  MemoryUsage of job (MB)
	131956  -  ResidentSetSize of job (KB)
...
006 (204256.000.000) 10/18 21:41:32 Image size of job updated: 977004
	129  -  MemoryUsage of job (MB)
	131968  -  ResidentSetSize of job (KB)
...
005 (204256.000.000) 10/18 21:42:52 Job terminated.
	(1) Normal termination (return value 0)
		Usr 0 01:01:21, Sys 0 00:00:07  -  Run Remote Usage
		Usr 0 00:00:00, Sys 0 00:00:00  -  Run Local Usage
		Usr 0 01:01:21, Sys 0 00:00:07  -  Total Remote Usage
		Usr 0 00:00:00, Sys 0 00:00:00  -  Total Local Usage
	0  -  Run Bytes Sent By Job
	0  -  Run Bytes Received By Job
	0  -  Total Bytes Sent By Job
	0  -  Total Bytes Received By Job
	Partitionable Resources :    Usage  Request Allocated 
	   Cpus                 :     1.00        1         1 
	   Disk (KB)            : 15000       15000     45841 
	   Memory (MB)          :   129        5000      5120 
...
